May 31 16:52:18 bunny-VirtualBox sysmon[1895]: <Event><System><Provider Name="Linux-Sysmon" Guid="{ff032593-a8d3-4f13-b0d6-01fc615a0f97}"/><EventID>5</EventID><Version>3</Version><Level>4</Level><Task>5</Task><Opcode>0</Opcode><Keywords>0x8000000000000000</Keywords><TimeCreated SystemTime="2026-05-31T11:22:18.601043000Z"/><EventRecordID>21885</EventRecordID><Correlation/><Execution ProcessID="1895" ThreadID="1895"/><Channel>Linux-Sysmon/Operational</Channel><Computer>bunny-VirtualBox</Computer><Security UserId="0"/></System><EventData><Data Name="RuleName">ProcessTerminate</Data><Data Name="UtcTime">2026-05-31 11:22:16.823</Data><Data Name="ProcessGuid">{491e8a99-19e8-6a1c-a189-2bbeba5a0000}</Data><Data Name="ProcessId">6390</Data><Data Name="Image">/usr/bin/bash</Data><Data Name="User">bunny</Data></EventData></Event>
May 31 16:52:18 bunny-VirtualBox sysmon[1895]: <Event><System><Provider Name="Linux-Sysmon" Guid="{ff032593-a8d3-4f13-b0d6-01fc615a0f97}"/><EventID>1</EventID><Version>5</Version><Level>4</Level><Task>1</Task><Opcode>0</Opcode><Keywords>0x8000000000000000</Keywords><TimeCreated SystemTime="2026-05-31T11:22:18.629954000Z"/><EventRecordID>21886</EventRecordID><Correlation/><Execution ProcessID="1895" ThreadID="1895"/><Channel>Linux-Sysmon/Operational</Channel><Computer>bunny-VirtualBox</Computer><Security UserId="0"/></System><EventData><Data Name="RuleName">-</Data><Data Name="UtcTime">2026-05-31 11:22:16.809</Data><Data Name="ProcessGuid">{491e8a99-19e8-6a1c-bd56-7cd9c5630000}</Data><Data Name="ProcessId">6410</Data><Data Name="Image">/usr/lib/cargo/bin/coreutils/date</Data><Data Name="FileVersion">-</Data><Data Name="Description">-</Data><Data Name="Product">-</Data><Data Name="Company">-</Data><Data Name="OriginalFileName">-</Data><Data Name="CommandLine">date +%Y-%m-%d %H:%M:%S</Data><Data Name="CurrentDirectory">/home/bunny</Data><Data Name="User">bunny</Data><Data Name="LogonGuid">{491e8a99-0000-0000-e803-000001000000}</Data><Data Name="LogonId">1000</Data><Data Name="TerminalSessionId">3</Data><Data Name="IntegrityLevel">no level</Data><Data Name="Hashes">MD5=2d313ecc9fc058f6e0758abe00c0f6e8,SHA256=48893b0fb21436b54619db80486e83ef39dfccaf1aefe83dfa00c02d6146e8c0</Data><Data Name="ParentProcessGuid">{491e8a99-19e8-6a1c-a189-2bbeba5a0000}</Data><Data Name="ParentProcessId">6390</Data><Data Name="ParentImage">/usr/bin/bash</Data><Data Name="ParentCommandLine">/bin/bash</Data><Data Name="ParentUser">bunny</Data></EventData></Event>
May 31 16:52:18 bunny-VirtualBox sysmon[1895]: <Event><System><Provider Name="Linux-Sysmon" Guid="{ff032593-a8d3-4f13-b0d6-01fc615a0f97}"/><EventID>5</EventID><Version>3</Version><Level>4</Level><Task>5</Task><Opcode>0</Opcode><Keywords>0x8000000000000000</Keywords><TimeCreated SystemTime="2026-05-31T11:22:18.631163000Z"/><EventRecordID>21887</EventRecordID><Correlation/><Execution ProcessID="1895" ThreadID="1895"/><Channel>Linux-Sysmon/Operational</Channel><Computer>bunny-VirtualBox</Computer><Security UserId="0"/></System><EventData><Data Name="RuleName">ProcessTerminate</Data><Data Name="UtcTime">2026-05-31 11:22:16.820</Data><Data Name="ProcessGuid">{491e8a99-19e8-6a1c-bd56-7cd9c5630000}</Data><Data Name="ProcessId">6410</Data><Data Name="Image">/usr/lib/cargo/bin/coreutils/date</Data><Data Name="User">bunny</Data></EventData></Event>
May 31 16:52:18 bunny-VirtualBox sysmon[1895]: <Event><System><Provider Name="Linux-Sysmon" Guid="{ff032593-a8d3-4f13-b0d6-01fc615a0f97}"/><EventID>5</EventID><Version>3</Version><Level>4</Level><Task>5</Task><Opcode>0</Opcode><Keywords>0x8000000000000000</Keywords><TimeCreated SystemTime="2026-05-31T11:22:18.631216000Z"/><EventRecordID>21888</EventRecordID><Correlation/><Execution ProcessID="1895" ThreadID="1895"/><Channel>Linux-Sysmon/Operational</Channel><Computer>bunny-VirtualBox</Computer><Security UserId="0"/></System><EventData><Data Name="RuleName">ProcessTerminate</Data><Data Name="UtcTime">2026-05-31 11:22:16.830</Data><Data Name="ProcessGuid">{491e8a99-19e8-6a1c-8176-7a0000000000}</Data><Data Name="ProcessId">6385</Data><Data Name="Image">/usr/bin/python3.14</Data><Data Name="User">bunny</Data></EventData></Event>
May 31 16:52:18 bunny-VirtualBox sysmon[1895]: <Event><System><Provider Name="Linux-Sysmon" Guid="{ff032593-a8d3-4f13-b0d6-01fc615a0f97}"/><EventID>1</EventID><Version>5</Version><Level>4</Level><Task>1</Task><Opcode>0</Opcode><Keywords>0x8000000000000000</Keywords><TimeCreated SystemTime="2026-05-31T11:22:18.631352000Z"/><EventRecordID>21889</EventRecordID><Correlation/><Execution ProcessID="1895" ThreadID="1895"/><Channel>Linux-Sysmon/Operational</Channel><Computer>bunny-VirtualBox</Computer><Security UserId="0"/></System><EventData><Data Name="RuleName">-</Data><Data Name="UtcTime">2026-05-31 11:22:16.839</Data><Data Name="ProcessGuid">{491e8a99-19e8-6a1c-b922-e50f5a560000}</Data><Data Name="ProcessId">6411</Data><Data Name="Image">/usr/libexec/vte-urlencode-cwd</Data><Data Name="FileVersion">-</Data><Data Name="Description">-</Data><Data Name="Product">-</Data><Data Name="Company">-</Data><Data Name="OriginalFileName">-</Data><Data Name="CommandLine">/usr/libexec/vte-urlencode-cwd</Data><Data Name="CurrentDirectory">/home/bunny</Data><Data Name="User">bunny</Data><Data Name="LogonGuid">{491e8a99-0000-0000-e803-000001000000}</Data><Data Name="LogonId">1000</Data><Data Name="TerminalSessionId">3</Data><Data Name="IntegrityLevel">no level</Data><Data Name="Hashes">MD5=0a8eaf3d8534c4c31b78a3c99f4c06dd,SHA256=f84ab2db1e733a0f4ae51d718f2c78605955145e9e062bf5f173050987950dea</Data><Data Name="ParentProcessGuid">{00000000-0000-0000-0000-000000000000}</Data><Data Name="ParentProcessId">5047</Data><Data Name="ParentImage">-</Data><Data Name="ParentCommandLine">-</Data><Data Name="ParentUser">-</Data></EventData></Event>
May 31 16:52:18 bunny-VirtualBox sysmon[1895]: <Event><System><Provider Name="Linux-Sysmon" Guid="{ff032593-a8d3-4f13-b0d6-01fc615a0f97}"/><EventID>5</EventID><Version>3</Version><Level>4</Level><Task>5</Task><Opcode>0</Opcode><Keywords>0x8000000000000000</Keywords><TimeCreated SystemTime="2026-05-31T11:22:18.631387000Z"/><EventRecordID>21890</EventRecordID><Correlation/><Execution ProcessID="1895" ThreadID="1895"/><Channel>Linux-Sysmon/Operational</Channel><Computer>bunny-VirtualBox</Computer><Security UserId="0"/></System><EventData><Data Name="RuleName">ProcessTerminate</Data><Data Name="UtcTime">2026-05-31 11:22:16.844</Data><Data Name="ProcessGuid">{491e8a99-19e8-6a1c-b922-e50f5a560000}</Data><Data Name="ProcessId">6411</Data><Data Name="Image">/usr/libexec/vte-urlencode-cwd</Data><Data Name="User">bunny</Data></EventData></Event>
May 31 16:52:21 bunny-VirtualBox sysmon[1895]: <Event><System><Provider Name="Linux-Sysmon" Guid="{ff032593-a8d3-4f13-b0d6-01fc615a0f97}"/><EventID>1</EventID><Version>5</Version><Level>4</Level><Task>1</Task><Opcode>0</Opcode><Keywords>0x8000000000000000</Keywords><TimeCreated SystemTime="2026-05-31T11:22:21.183827000Z"/><EventRecordID>21891</EventRecordID><Correlation/><Execution ProcessID="1895" ThreadID="1895"/><Channel>Linux-Sysmon/Operational</Channel><Computer>bunny-VirtualBox</Computer><Security UserId="0"/></System><EventData><Data Name="RuleName">-</Data><Data Name="UtcTime">2026-05-31 11:22:19.753</Data><Data Name="ProcessGuid">{491e8a99-19eb-6a1c-bd36-9dd8995c0000}</Data><Data Name="ProcessId">6413</Data><Data Name="Image">/usr/lib/cargo/bin/coreutils/ls</Data><Data Name="FileVersion">-</Data><Data Name="Description">-</Data><Data Name="Product">-</Data><Data Name="Company">-</Data><Data Name="OriginalFileName">-</Data><Data Name="CommandLine">ls --color=auto -la /tmp/python_payload.sh</Data><Data Name="CurrentDirectory">/home/bunny/Detection-Engineering-Lab</Data><Data Name="User">bunny</Data><Data Name="LogonGuid">{491e8a99-0000-0000-e803-000000000000}</Data><Data Name="LogonId">1000</Data><Data Name="TerminalSessionId">3</Data><Data Name="IntegrityLevel">no level</Data><Data Name="Hashes">MD5=2d313ecc9fc058f6e0758abe00c0f6e8,SHA256=48893b0fb21436b54619db80486e83ef39dfccaf1aefe83dfa00c02d6146e8c0</Data><Data Name="ParentProcessGuid">{00000000-0000-0000-0000-000000000000}</Data><Data Name="ParentProcessId">4455</Data><Data Name="ParentImage">-</Data><Data Name="ParentCommandLine">-</Data><Data Name="ParentUser">-</Data></EventData></Event>
