May 31 16:52:17 bunny-VirtualBox sysmon[1895]: <Event><System><Provider Name="Linux-Sysmon" Guid="{ff032593-a8d3-4f13-b0d6-01fc615a0f97}"/><EventID>1</EventID><Version>5</Version><Level>4</Level><Task>1</Task><Opcode>0</Opcode><Keywords>0x8000000000000000</Keywords><TimeCreated SystemTime="2026-05-31T11:22:17.951229000Z"/><EventRecordID>21846</EventRecordID><Correlation/><Execution ProcessID="1895" ThreadID="1895"/><Channel>Linux-Sysmon/Operational</Channel><Computer>bunny-VirtualBox</Computer><Security UserId="0"/></System><EventData><Data Name="RuleName">-</Data><Data Name="UtcTime">2026-05-31 11:22:16.534</Data><Data Name="ProcessGuid">{491e8a99-19e8-6a1c-8176-7a0000000000}</Data><Data Name="ProcessId">6385</Data><Data Name="Image">/usr/bin/python3.14</Data><Data Name="FileVersion">-</Data><Data Name="Description">-</Data><Data Name="Product">-</Data><Data Name="Company">-</Data><Data Name="OriginalFileName">-</Data><Data Name="CommandLine">python3 /home/bunny/Detection-Engineering-Lab/scenarios/encoded-command-execution/python_decoder.py</Data><Data Name="CurrentDirectory">/home/bunny</Data><Data Name="User">bunny</Data><Data Name="LogonGuid">{491e8a99-0000-0000-e803-000001000000}</Data><Data Name="LogonId">1000</Data><Data Name="TerminalSessionId">3</Data><Data Name="IntegrityLevel">no level</Data><Data Name="Hashes">MD5=852e526b26d54d5727a66362048a9137,SHA256=fa9796cd3a30878e11a2f40372f773d3fcd913fff35e5bee8dd9a036e22e93ab</Data><Data Name="ParentProcessGuid">{00000000-0000-0000-0000-000000000000}</Data><Data Name="ParentProcessId">5047</Data><Data Name="ParentImage">-</Data><Data Name="ParentCommandLine">-</Data><Data Name="ParentUser">-</Data></EventData></Event>
May 31 16:52:18 bunny-VirtualBox sysmon[1895]: <Event><System><Provider Name="Linux-Sysmon" Guid="{ff032593-a8d3-4f13-b0d6-01fc615a0f97}"/><EventID>1</EventID><Version>5</Version><Level>4</Level><Task>1</Task><Opcode>0</Opcode><Keywords>0x8000000000000000</Keywords><TimeCreated SystemTime="2026-05-31T11:22:18.015661000Z"/><EventRecordID>21847</EventRecordID><Correlation/><Execution ProcessID="1895" ThreadID="1895"/><Channel>Linux-Sysmon/Operational</Channel><Computer>bunny-VirtualBox</Computer><Security UserId="0"/></System><EventData><Data Name="RuleName">-</Data><Data Name="UtcTime">2026-05-31 11:22:16.616</Data><Data Name="ProcessGuid">{491e8a99-19e8-6a1c-a189-2bbeba5a0000}</Data><Data Name="ProcessId">6390</Data><Data Name="Image">/usr/bin/bash</Data><Data Name="FileVersion">-</Data><Data Name="Description">-</Data><Data Name="Product">-</Data><Data Name="Company">-</Data><Data Name="OriginalFileName">-</Data><Data Name="CommandLine">/bin/bash /tmp/python_payload.sh</Data><Data Name="CurrentDirectory">/home/bunny</Data><Data Name="User">bunny</Data><Data Name="LogonGuid">{491e8a99-0000-0000-e803-000001000000}</Data><Data Name="LogonId">1000</Data><Data Name="TerminalSessionId">3</Data><Data Name="IntegrityLevel">no level</Data><Data Name="Hashes">MD5=28ca14308acd431aba3a2e17998191a6,SHA256=3efccc187bafa75ff1e37d246270ab3e7aa559f242c7a52bf3ec2a1b5450bdbd</Data><Data Name="ParentProcessGuid">{491e8a99-19e8-6a1c-8176-7a0000000000}</Data><Data Name="ParentProcessId">6385</Data><Data Name="ParentImage">/usr/bin/python3.14</Data><Data Name="ParentCommandLine">python3</Data><Data Name="ParentUser">bunny</Data></EventData></Event>
May 31 16:52:18 bunny-VirtualBox sysmon[1895]: <Event><System><Provider Name="Linux-Sysmon" Guid="{ff032593-a8d3-4f13-b0d6-01fc615a0f97}"/><EventID>1</EventID><Version>5</Version><Level>4</Level><Task>1</Task><Opcode>0</Opcode><Keywords>0x8000000000000000</Keywords><TimeCreated SystemTime="2026-05-31T11:22:18.051127000Z"/><EventRecordID>21848</EventRecordID><Correlation/><Execution ProcessID="1895" ThreadID="1895"/><Channel>Linux-Sysmon/Operational</Channel><Computer>bunny-VirtualBox</Computer><Security UserId="0"/></System><EventData><Data Name="RuleName">-</Data><Data Name="UtcTime">2026-05-31 11:22:16.623</Data><Data Name="ProcessGuid">{491e8a99-19e8-6a1c-bdc6-8db7cd5f0000}</Data><Data Name="ProcessId">6391</Data><Data Name="Image">/usr/lib/cargo/bin/coreutils/date</Data><Data Name="FileVersion">-</Data><Data Name="Description">-</Data><Data Name="Product">-</Data><Data Name="Company">-</Data><Data Name="OriginalFileName">-</Data><Data Name="CommandLine">date +%Y-%m-%d %H:%M:%S</Data><Data Name="CurrentDirectory">/home/bunny</Data><Data Name="User">bunny</Data><Data Name="LogonGuid">{491e8a99-0000-0000-e803-000001000000}</Data><Data Name="LogonId">1000</Data><Data Name="TerminalSessionId">3</Data><Data Name="IntegrityLevel">no level</Data><Data Name="Hashes">MD5=2d313ecc9fc058f6e0758abe00c0f6e8,SHA256=48893b0fb21436b54619db80486e83ef39dfccaf1aefe83dfa00c02d6146e8c0</Data><Data Name="ParentProcessGuid">{491e8a99-19e8-6a1c-a189-2bbeba5a0000}</Data><Data Name="ParentProcessId">6390</Data><Data Name="ParentImage">/usr/bin/bash</Data><Data Name="ParentCommandLine">/bin/bash</Data><Data Name="ParentUser">bunny</Data></EventData></Event>
May 31 16:52:18 bunny-VirtualBox sysmon[1895]: <Event><System><Provider Name="Linux-Sysmon" Guid="{ff032593-a8d3-4f13-b0d6-01fc615a0f97}"/><EventID>5</EventID><Version>3</Version><Level>4</Level><Task>5</Task><Opcode>0</Opcode><Keywords>0x8000000000000000</Keywords><TimeCreated SystemTime="2026-05-31T11:22:18.051676000Z"/><EventRecordID>21849</EventRecordID><Correlation/><Execution ProcessID="1895" ThreadID="1895"/><Channel>Linux-Sysmon/Operational</Channel><Computer>bunny-VirtualBox</Computer><Security UserId="0"/></System><EventData><Data Name="RuleName">ProcessTerminate</Data><Data Name="UtcTime">2026-05-31 11:22:16.637</Data><Data Name="ProcessGuid">{491e8a99-19e8-6a1c-bdc6-8db7cd5f0000}</Data><Data Name="ProcessId">6391</Data><Data Name="Image">/usr/lib/cargo/bin/coreutils/date</Data><Data Name="User">bunny</Data></EventData></Event>
May 31 16:52:18 bunny-VirtualBox sysmon[1895]: <Event><System><Provider Name="Linux-Sysmon" Guid="{ff032593-a8d3-4f13-b0d6-01fc615a0f97}"/><EventID>1</EventID><Version>5</Version><Level>4</Level><Task>1</Task><Opcode>0</Opcode><Keywords>0x8000000000000000</Keywords><TimeCreated SystemTime="2026-05-31T11:22:18.084598000Z"/><EventRecordID>21850</EventRecordID><Correlation/><Execution ProcessID="1895" ThreadID="1895"/><Channel>Linux-Sysmon/Operational</Channel><Computer>bunny-VirtualBox</Computer><Security UserId="0"/></System><EventData><Data Name="RuleName">-</Data><Data Name="UtcTime">2026-05-31 11:22:16.641</Data><Data Name="ProcessGuid">{491e8a99-19e8-6a1c-bd46-655912590000}</Data><Data Name="ProcessId">6392</Data><Data Name="Image">/usr/lib/cargo/bin/coreutils/date</Data><Data Name="FileVersion">-</Data><Data Name="Description">-</Data><Data Name="Product">-</Data><Data Name="Company">-</Data><Data Name="OriginalFileName">-</Data><Data Name="CommandLine">date +%Y-%m-%d %H:%M:%S</Data><Data Name="CurrentDirectory">/home/bunny</Data><Data Name="User">bunny</Data><Data Name="LogonGuid">{491e8a99-0000-0000-e803-000001000000}</Data><Data Name="LogonId">1000</Data><Data Name="TerminalSessionId">3</Data><Data Name="IntegrityLevel">no level</Data><Data Name="Hashes">MD5=2d313ecc9fc058f6e0758abe00c0f6e8,SHA256=48893b0fb21436b54619db80486e83ef39dfccaf1aefe83dfa00c02d6146e8c0</Data><Data Name="ParentProcessGuid">{491e8a99-19e8-6a1c-a189-2bbeba5a0000}</Data><Data Name="ParentProcessId">6390</Data><Data Name="ParentImage">/usr/bin/bash</Data><Data Name="ParentCommandLine">/bin/bash</Data><Data Name="ParentUser">bunny</Data></EventData></Event>
May 31 16:52:18 bunny-VirtualBox sysmon[1895]: <Event><System><Provider Name="Linux-Sysmon" Guid="{ff032593-a8d3-4f13-b0d6-01fc615a0f97}"/><EventID>5</EventID><Version>3</Version><Level>4</Level><Task>5</Task><Opcode>0</Opcode><Keywords>0x8000000000000000</Keywords><TimeCreated SystemTime="2026-05-31T11:22:18.085705000Z"/><EventRecordID>21851</EventRecordID><Correlation/><Execution ProcessID="1895" ThreadID="1895"/><Channel>Linux-Sysmon/Operational</Channel><Computer>bunny-VirtualBox</Computer><Security UserId="0"/></System><EventData><Data Name="RuleName">ProcessTerminate</Data><Data Name="UtcTime">2026-05-31 11:22:16.648</Data><Data Name="ProcessGuid">{491e8a99-19e8-6a1c-bd46-655912590000}</Data><Data Name="ProcessId">6392</Data><Data Name="Image">/usr/lib/cargo/bin/coreutils/date</Data><Data Name="User">bunny</Data></EventData></Event>
May 31 16:52:18 bunny-VirtualBox sysmon[1895]: <Event><System><Provider Name="Linux-Sysmon" Guid="{ff032593-a8d3-4f13-b0d6-01fc615a0f97}"/><EventID>1</EventID><Version>5</Version><Level>4</Level><Task>1</Task><Opcode>0</Opcode><Keywords>0x8000000000000000</Keywords><TimeCreated SystemTime="2026-05-31T11:22:18.111845000Z"/><EventRecordID>21852</EventRecordID><Correlation/><Execution ProcessID="1895" ThreadID="1895"/><Channel>Linux-Sysmon/Operational</Channel><Computer>bunny-VirtualBox</Computer><Security UserId="0"/></System><EventData><Data Name="RuleName">-</Data><Data Name="UtcTime">2026-05-31 11:22:16.650</Data><Data Name="ProcessGuid">{491e8a99-19e8-6a1c-bd86-508d665e0000}</Data><Data Name="ProcessId">6393</Data><Data Name="Image">/usr/lib/cargo/bin/coreutils/whoami</Data><Data Name="FileVersion">-</Data><Data Name="Description">-</Data><Data Name="Product">-</Data><Data Name="Company">-</Data><Data Name="OriginalFileName">-</Data><Data Name="CommandLine">whoami</Data><Data Name="CurrentDirectory">/home/bunny</Data><Data Name="User">bunny</Data><Data Name="LogonGuid">{491e8a99-0000-0000-e803-000001000000}</Data><Data Name="LogonId">1000</Data><Data Name="TerminalSessionId">3</Data><Data Name="IntegrityLevel">no level</Data><Data Name="Hashes">MD5=2d313ecc9fc058f6e0758abe00c0f6e8,SHA256=48893b0fb21436b54619db80486e83ef39dfccaf1aefe83dfa00c02d6146e8c0</Data><Data Name="ParentProcessGuid">{491e8a99-19e8-6a1c-a189-2bbeba5a0000}</Data><Data Name="ParentProcessId">6390</Data><Data Name="ParentImage">/usr/bin/bash</Data><Data Name="ParentCommandLine">/bin/bash</Data><Data Name="ParentUser">bunny</Data></EventData></Event>
May 31 16:52:18 bunny-VirtualBox sysmon[1895]: <Event><System><Provider Name="Linux-Sysmon" Guid="{ff032593-a8d3-4f13-b0d6-01fc615a0f97}"/><EventID>5</EventID><Version>3</Version><Level>4</Level><Task>5</Task><Opcode>0</Opcode><Keywords>0x8000000000000000</Keywords><TimeCreated SystemTime="2026-05-31T11:22:18.113344000Z"/><EventRecordID>21853</EventRecordID><Correlation/><Execution ProcessID="1895" ThreadID="1895"/><Channel>Linux-Sysmon/Operational</Channel><Computer>bunny-VirtualBox</Computer><Security UserId="0"/></System><EventData><Data Name="RuleName">ProcessTerminate</Data><Data Name="UtcTime">2026-05-31 11:22:16.655</Data><Data Name="ProcessGuid">{491e8a99-19e8-6a1c-bd86-508d665e0000}</Data><Data Name="ProcessId">6393</Data><Data Name="Image">/usr/lib/cargo/bin/coreutils/whoami</Data><Data Name="User">bunny</Data></EventData></Event>
May 31 16:52:18 bunny-VirtualBox sysmon[1895]: <Event><System><Provider Name="Linux-Sysmon" Guid="{ff032593-a8d3-4f13-b0d6-01fc615a0f97}"/><EventID>1</EventID><Version>5</Version><Level>4</Level><Task>1</Task><Opcode>0</Opcode><Keywords>0x8000000000000000</Keywords><TimeCreated SystemTime="2026-05-31T11:22:18.140568000Z"/><EventRecordID>21854</EventRecordID><Correlation/><Execution ProcessID="1895" ThreadID="1895"/><Channel>Linux-Sysmon/Operational</Channel><Computer>bunny-VirtualBox</Computer><Security UserId="0"/></System><EventData><Data Name="RuleName">-</Data><Data Name="UtcTime">2026-05-31 11:22:16.656</Data><Data Name="ProcessGuid">{491e8a99-19e8-6a1c-bd16-334d4c630000}</Data><Data Name="ProcessId">6394</Data><Data Name="Image">/usr/lib/cargo/bin/coreutils/id</Data><Data Name="FileVersion">-</Data><Data Name="Description">-</Data><Data Name="Product">-</Data><Data Name="Company">-</Data><Data Name="OriginalFileName">-</Data><Data Name="CommandLine">id</Data><Data Name="CurrentDirectory">/home/bunny</Data><Data Name="User">bunny</Data><Data Name="LogonGuid">{491e8a99-0000-0000-e803-000001000000}</Data><Data Name="LogonId">1000</Data><Data Name="TerminalSessionId">3</Data><Data Name="IntegrityLevel">no level</Data><Data Name="Hashes">MD5=2d313ecc9fc058f6e0758abe00c0f6e8,SHA256=48893b0fb21436b54619db80486e83ef39dfccaf1aefe83dfa00c02d6146e8c0</Data><Data Name="ParentProcessGuid">{491e8a99-19e8-6a1c-a189-2bbeba5a0000}</Data><Data Name="ParentProcessId">6390</Data><Data Name="ParentImage">/usr/bin/bash</Data><Data Name="ParentCommandLine">/bin/bash</Data><Data Name="ParentUser">bunny</Data></EventData></Event>
May 31 16:52:18 bunny-VirtualBox sysmon[1895]: <Event><System><Provider Name="Linux-Sysmon" Guid="{ff032593-a8d3-4f13-b0d6-01fc615a0f97}"/><EventID>5</EventID><Version>3</Version><Level>4</Level><Task>5</Task><Opcode>0</Opcode><Keywords>0x8000000000000000</Keywords><TimeCreated SystemTime="2026-05-31T11:22:18.142137000Z"/><EventRecordID>21855</EventRecordID><Correlation/><Execution ProcessID="1895" ThreadID="1895"/><Channel>Linux-Sysmon/Operational</Channel><Computer>bunny-VirtualBox</Computer><Security UserId="0"/></System><EventData><Data Name="RuleName">ProcessTerminate</Data><Data Name="UtcTime">2026-05-31 11:22:16.664</Data><Data Name="ProcessGuid">{491e8a99-19e8-6a1c-bd16-334d4c630000}</Data><Data Name="ProcessId">6394</Data><Data Name="Image">/usr/lib/cargo/bin/coreutils/id</Data><Data Name="User">bunny</Data></EventData></Event>
May 31 16:52:18 bunny-VirtualBox sysmon[1895]: <Event><System><Provider Name="Linux-Sysmon" Guid="{ff032593-a8d3-4f13-b0d6-01fc615a0f97}"/><EventID>1</EventID><Version>5</Version><Level>4</Level><Task>1</Task><Opcode>0</Opcode><Keywords>0x8000000000000000</Keywords><TimeCreated SystemTime="2026-05-31T11:22:18.169363000Z"/><EventRecordID>21856</EventRecordID><Correlation/><Execution ProcessID="1895" ThreadID="1895"/><Channel>Linux-Sysmon/Operational</Channel><Computer>bunny-VirtualBox</Computer><Security UserId="0"/></System><EventData><Data Name="RuleName">-</Data><Data Name="UtcTime">2026-05-31 11:22:16.664</Data><Data Name="ProcessGuid">{491e8a99-19e8-6a1c-bd26-6174595a0000}</Data><Data Name="ProcessId">6395</Data><Data Name="Image">/usr/lib/cargo/bin/coreutils/date</Data><Data Name="FileVersion">-</Data><Data Name="Description">-</Data><Data Name="Product">-</Data><Data Name="Company">-</Data><Data Name="OriginalFileName">-</Data><Data Name="CommandLine">date +%Y-%m-%d %H:%M:%S</Data><Data Name="CurrentDirectory">/home/bunny</Data><Data Name="User">bunny</Data><Data Name="LogonGuid">{491e8a99-0000-0000-e803-000001000000}</Data><Data Name="LogonId">1000</Data><Data Name="TerminalSessionId">3</Data><Data Name="IntegrityLevel">no level</Data><Data Name="Hashes">MD5=2d313ecc9fc058f6e0758abe00c0f6e8,SHA256=48893b0fb21436b54619db80486e83ef39dfccaf1aefe83dfa00c02d6146e8c0</Data><Data Name="ParentProcessGuid">{491e8a99-19e8-6a1c-a189-2bbeba5a0000}</Data><Data Name="ParentProcessId">6390</Data><Data Name="ParentImage">/usr/bin/bash</Data><Data Name="ParentCommandLine">/bin/bash</Data><Data Name="ParentUser">bunny</Data></EventData></Event>
May 31 16:52:18 bunny-VirtualBox sysmon[1895]: <Event><System><Provider Name="Linux-Sysmon" Guid="{ff032593-a8d3-4f13-b0d6-01fc615a0f97}"/><EventID>5</EventID><Version>3</Version><Level>4</Level><Task>5</Task><Opcode>0</Opcode><Keywords>0x8000000000000000</Keywords><TimeCreated SystemTime="2026-05-31T11:22:18.169834000Z"/><EventRecordID>21857</EventRecordID><Correlation/><Execution ProcessID="1895" ThreadID="1895"/><Channel>Linux-Sysmon/Operational</Channel><Computer>bunny-VirtualBox</Computer><Security UserId="0"/></System><EventData><Data Name="RuleName">ProcessTerminate</Data><Data Name="UtcTime">2026-05-31 11:22:16.670</Data><Data Name="ProcessGuid">{491e8a99-19e8-6a1c-bd26-6174595a0000}</Data><Data Name="ProcessId">6395</Data><Data Name="Image">/usr/lib/cargo/bin/coreutils/date</Data><Data Name="User">bunny</Data></EventData></Event>
May 31 16:52:18 bunny-VirtualBox sysmon[1895]: <Event><System><Provider Name="Linux-Sysmon" Guid="{ff032593-a8d3-4f13-b0d6-01fc615a0f97}"/><EventID>1</EventID><Version>5</Version><Level>4</Level><Task>1</Task><Opcode>0</Opcode><Keywords>0x8000000000000000</Keywords><TimeCreated SystemTime="2026-05-31T11:22:18.239239000Z"/><EventRecordID>21858</EventRecordID><Correlation/><Execution ProcessID="1895" ThreadID="1895"/><Channel>Linux-Sysmon/Operational</Channel><Computer>bunny-VirtualBox</Computer><Security UserId="0"/></System><EventData><Data Name="RuleName">-</Data><Data Name="UtcTime">2026-05-31 11:22:16.671</Data><Data Name="ProcessGuid">{491e8a99-19e8-6a1c-bdb6-4f4c26610000}</Data><Data Name="ProcessId">6396</Data><Data Name="Image">/usr/lib/cargo/bin/coreutils/date</Data><Data Name="FileVersion">-</Data><Data Name="Description">-</Data><Data Name="Product">-</Data><Data Name="Company">-</Data><Data Name="OriginalFileName">-</Data><Data Name="CommandLine">date +%Y-%m-%d %H:%M:%S</Data><Data Name="CurrentDirectory">/home/bunny</Data><Data Name="User">bunny</Data><Data Name="LogonGuid">{491e8a99-0000-0000-e803-000001000000}</Data><Data Name="LogonId">1000</Data><Data Name="TerminalSessionId">3</Data><Data Name="IntegrityLevel">no level</Data><Data Name="Hashes">MD5=2d313ecc9fc058f6e0758abe00c0f6e8,SHA256=48893b0fb21436b54619db80486e83ef39dfccaf1aefe83dfa00c02d6146e8c0</Data><Data Name="ParentProcessGuid">{491e8a99-19e8-6a1c-a189-2bbeba5a0000}</Data><Data Name="ParentProcessId">6390</Data><Data Name="ParentImage">/usr/bin/bash</Data><Data Name="ParentCommandLine">/bin/bash</Data><Data Name="ParentUser">bunny</Data></EventData></Event>
May 31 16:52:18 bunny-VirtualBox sysmon[1895]: <Event><System><Provider Name="Linux-Sysmon" Guid="{ff032593-a8d3-4f13-b0d6-01fc615a0f97}"/><EventID>5</EventID><Version>3</Version><Level>4</Level><Task>5</Task><Opcode>0</Opcode><Keywords>0x8000000000000000</Keywords><TimeCreated SystemTime="2026-05-31T11:22:18.239875000Z"/><EventRecordID>21859</EventRecordID><Correlation/><Execution ProcessID="1895" ThreadID="1895"/><Channel>Linux-Sysmon/Operational</Channel><Computer>bunny-VirtualBox</Computer><Security UserId="0"/></System><EventData><Data Name="RuleName">ProcessTerminate</Data><Data Name="UtcTime">2026-05-31 11:22:16.677</Data><Data Name="ProcessGuid">{491e8a99-19e8-6a1c-bdb6-4f4c26610000}</Data><Data Name="ProcessId">6396</Data><Data Name="Image">/usr/lib/cargo/bin/coreutils/date</Data><Data Name="User">bunny</Data></EventData></Event>
May 31 16:52:18 bunny-VirtualBox sysmon[1895]: <Event><System><Provider Name="Linux-Sysmon" Guid="{ff032593-a8d3-4f13-b0d6-01fc615a0f97}"/><EventID>1</EventID><Version>5</Version><Level>4</Level><Task>1</Task><Opcode>0</Opcode><Keywords>0x8000000000000000</Keywords><TimeCreated SystemTime="2026-05-31T11:22:18.240082000Z"/><EventRecordID>21860</EventRecordID><Correlation/><Execution ProcessID="1895" ThreadID="1895"/><Channel>Linux-Sysmon/Operational</Channel><Computer>bunny-VirtualBox</Computer><Security UserId="0"/></System><EventData><Data Name="RuleName">-</Data><Data Name="UtcTime">2026-05-31 11:22:16.680</Data><Data Name="ProcessGuid">{491e8a99-19e8-6a1c-2d31-6d84e85c0000}</Data><Data Name="ProcessId">6397</Data><Data Name="Image">/usr/bin/hostname</Data><Data Name="FileVersion">-</Data><Data Name="Description">-</Data><Data Name="Product">-</Data><Data Name="Company">-</Data><Data Name="OriginalFileName">-</Data><Data Name="CommandLine">hostname</Data><Data Name="CurrentDirectory">/home/bunny</Data><Data Name="User">bunny</Data><Data Name="LogonGuid">{491e8a99-0000-0000-e803-000001000000}</Data><Data Name="LogonId">1000</Data><Data Name="TerminalSessionId">3</Data><Data Name="IntegrityLevel">no level</Data><Data Name="Hashes">MD5=0142bf0082c648658943bf67b3cc0d0b,SHA256=4af127f59ae45b225999dfd9b319c8d90282304478df0aea631d20729b0dccea</Data><Data Name="ParentProcessGuid">{491e8a99-19e8-6a1c-a189-2bbeba5a0000}</Data><Data Name="ParentProcessId">6390</Data><Data Name="ParentImage">/usr/bin/bash</Data><Data Name="ParentCommandLine">/bin/bash</Data><Data Name="ParentUser">bunny</Data></EventData></Event>
May 31 16:52:18 bunny-VirtualBox sysmon[1895]: <Event><System><Provider Name="Linux-Sysmon" Guid="{ff032593-a8d3-4f13-b0d6-01fc615a0f97}"/><EventID>5</EventID><Version>3</Version><Level>4</Level><Task>5</Task><Opcode>0</Opcode><Keywords>0x8000000000000000</Keywords><TimeCreated SystemTime="2026-05-31T11:22:18.240116000Z"/><EventRecordID>21861</EventRecordID><Correlation/><Execution ProcessID="1895" ThreadID="1895"/><Channel>Linux-Sysmon/Operational</Channel><Computer>bunny-VirtualBox</Computer><Security UserId="0"/></System><EventData><Data Name="RuleName">ProcessTerminate</Data><Data Name="UtcTime">2026-05-31 11:22:16.683</Data><Data Name="ProcessGuid">{491e8a99-19e8-6a1c-2d31-6d84e85c0000}</Data><Data Name="ProcessId">6397</Data><Data Name="Image">/usr/bin/hostname</Data><Data Name="User">bunny</Data></EventData></Event>
May 31 16:52:18 bunny-VirtualBox sysmon[1895]: <Event><System><Provider Name="Linux-Sysmon" Guid="{ff032593-a8d3-4f13-b0d6-01fc615a0f97}"/><EventID>1</EventID><Version>5</Version><Level>4</Level><Task>1</Task><Opcode>0</Opcode><Keywords>0x8000000000000000</Keywords><TimeCreated SystemTime="2026-05-31T11:22:18.276015000Z"/><EventRecordID>21862</EventRecordID><Correlation/><Execution ProcessID="1895" ThreadID="1895"/><Channel>Linux-Sysmon/Operational</Channel><Computer>bunny-VirtualBox</Computer><Security UserId="0"/></System><EventData><Data Name="RuleName">-</Data><Data Name="UtcTime">2026-05-31 11:22:16.685</Data><Data Name="ProcessGuid">{491e8a99-19e8-6a1c-bda6-e5b0a4570000}</Data><Data Name="ProcessId">6398</Data><Data Name="Image">/usr/lib/cargo/bin/coreutils/uname</Data><Data Name="FileVersion">-</Data><Data Name="Description">-</Data><Data Name="Product">-</Data><Data Name="Company">-</Data><Data Name="OriginalFileName">-</Data><Data Name="CommandLine">uname -a</Data><Data Name="CurrentDirectory">/home/bunny</Data><Data Name="User">bunny</Data><Data Name="LogonGuid">{491e8a99-0000-0000-e803-000001000000}</Data><Data Name="LogonId">1000</Data><Data Name="TerminalSessionId">3</Data><Data Name="IntegrityLevel">no level</Data><Data Name="Hashes">MD5=2d313ecc9fc058f6e0758abe00c0f6e8,SHA256=48893b0fb21436b54619db80486e83ef39dfccaf1aefe83dfa00c02d6146e8c0</Data><Data Name="ParentProcessGuid">{491e8a99-19e8-6a1c-a189-2bbeba5a0000}</Data><Data Name="ParentProcessId">6390</Data><Data Name="ParentImage">/usr/bin/bash</Data><Data Name="ParentCommandLine">/bin/bash</Data><Data Name="ParentUser">bunny</Data></EventData></Event>
May 31 16:52:18 bunny-VirtualBox sysmon[1895]: <Event><System><Provider Name="Linux-Sysmon" Guid="{ff032593-a8d3-4f13-b0d6-01fc615a0f97}"/><EventID>5</EventID><Version>3</Version><Level>4</Level><Task>5</Task><Opcode>0</Opcode><Keywords>0x8000000000000000</Keywords><TimeCreated SystemTime="2026-05-31T11:22:18.276383000Z"/><EventRecordID>21863</EventRecordID><Correlation/><Execution ProcessID="1895" ThreadID="1895"/><Channel>Linux-Sysmon/Operational</Channel><Computer>bunny-VirtualBox</Computer><Security UserId="0"/></System><EventData><Data Name="RuleName">ProcessTerminate</Data><Data Name="UtcTime">2026-05-31 11:22:16.690</Data><Data Name="ProcessGuid">{491e8a99-19e8-6a1c-bda6-e5b0a4570000}</Data><Data Name="ProcessId">6398</Data><Data Name="Image">/usr/lib/cargo/bin/coreutils/uname</Data><Data Name="User">bunny</Data></EventData></Event>
May 31 16:52:18 bunny-VirtualBox sysmon[1895]: <Event><System><Provider Name="Linux-Sysmon" Guid="{ff032593-a8d3-4f13-b0d6-01fc615a0f97}"/><EventID>1</EventID><Version>5</Version><Level>4</Level><Task>1</Task><Opcode>0</Opcode><Keywords>0x8000000000000000</Keywords><TimeCreated SystemTime="2026-05-31T11:22:18.305696000Z"/><EventRecordID>21864</EventRecordID><Correlation/><Execution ProcessID="1895" ThreadID="1895"/><Channel>Linux-Sysmon/Operational</Channel><Computer>bunny-VirtualBox</Computer><Security UserId="0"/></System><EventData><Data Name="RuleName">-</Data><Data Name="UtcTime">2026-05-31 11:22:16.691</Data><Data Name="ProcessGuid">{491e8a99-19e8-6a1c-bd16-cdedb95f0000}</Data><Data Name="ProcessId">6399</Data><Data Name="Image">/usr/lib/cargo/bin/coreutils/date</Data><Data Name="FileVersion">-</Data><Data Name="Description">-</Data><Data Name="Product">-</Data><Data Name="Company">-</Data><Data Name="OriginalFileName">-</Data><Data Name="CommandLine">date +%Y-%m-%d %H:%M:%S</Data><Data Name="CurrentDirectory">/home/bunny</Data><Data Name="User">bunny</Data><Data Name="LogonGuid">{491e8a99-0000-0000-e803-000001000000}</Data><Data Name="LogonId">1000</Data><Data Name="TerminalSessionId">3</Data><Data Name="IntegrityLevel">no level</Data><Data Name="Hashes">MD5=2d313ecc9fc058f6e0758abe00c0f6e8,SHA256=48893b0fb21436b54619db80486e83ef39dfccaf1aefe83dfa00c02d6146e8c0</Data><Data Name="ParentProcessGuid">{491e8a99-19e8-6a1c-a189-2bbeba5a0000}</Data><Data Name="ParentProcessId">6390</Data><Data Name="ParentImage">/usr/bin/bash</Data><Data Name="ParentCommandLine">/bin/bash</Data><Data Name="ParentUser">bunny</Data></EventData></Event>
May 31 16:52:18 bunny-VirtualBox sysmon[1895]: <Event><System><Provider Name="Linux-Sysmon" Guid="{ff032593-a8d3-4f13-b0d6-01fc615a0f97}"/><EventID>5</EventID><Version>3</Version><Level>4</Level><Task>5</Task><Opcode>0</Opcode><Keywords>0x8000000000000000</Keywords><TimeCreated SystemTime="2026-05-31T11:22:18.306762000Z"/><EventRecordID>21865</EventRecordID><Correlation/><Execution ProcessID="1895" ThreadID="1895"/><Channel>Linux-Sysmon/Operational</Channel><Computer>bunny-VirtualBox</Computer><Security UserId="0"/></System><EventData><Data Name="RuleName">ProcessTerminate</Data><Data Name="UtcTime">2026-05-31 11:22:16.699</Data><Data Name="ProcessGuid">{491e8a99-19e8-6a1c-bd16-cdedb95f0000}</Data><Data Name="ProcessId">6399</Data><Data Name="Image">/usr/lib/cargo/bin/coreutils/date</Data><Data Name="User">bunny</Data></EventData></Event>
May 31 16:52:18 bunny-VirtualBox sysmon[1895]: <Event><System><Provider Name="Linux-Sysmon" Guid="{ff032593-a8d3-4f13-b0d6-01fc615a0f97}"/><EventID>1</EventID><Version>5</Version><Level>4</Level><Task>1</Task><Opcode>0</Opcode><Keywords>0x8000000000000000</Keywords><TimeCreated SystemTime="2026-05-31T11:22:18.344876000Z"/><EventRecordID>21866</EventRecordID><Correlation/><Execution ProcessID="1895" ThreadID="1895"/><Channel>Linux-Sysmon/Operational</Channel><Computer>bunny-VirtualBox</Computer><Security UserId="0"/></System><EventData><Data Name="RuleName">-</Data><Data Name="UtcTime">2026-05-31 11:22:16.700</Data><Data Name="ProcessGuid">{491e8a99-19e8-6a1c-bdb6-2885fd610000}</Data><Data Name="ProcessId">6400</Data><Data Name="Image">/usr/lib/cargo/bin/coreutils/date</Data><Data Name="FileVersion">-</Data><Data Name="Description">-</Data><Data Name="Product">-</Data><Data Name="Company">-</Data><Data Name="OriginalFileName">-</Data><Data Name="CommandLine">date +%Y-%m-%d %H:%M:%S</Data><Data Name="CurrentDirectory">/home/bunny</Data><Data Name="User">bunny</Data><Data Name="LogonGuid">{491e8a99-0000-0000-e803-000001000000}</Data><Data Name="LogonId">1000</Data><Data Name="TerminalSessionId">3</Data><Data Name="IntegrityLevel">no level</Data><Data Name="Hashes">MD5=2d313ecc9fc058f6e0758abe00c0f6e8,SHA256=48893b0fb21436b54619db80486e83ef39dfccaf1aefe83dfa00c02d6146e8c0</Data><Data Name="ParentProcessGuid">{491e8a99-19e8-6a1c-a189-2bbeba5a0000}</Data><Data Name="ParentProcessId">6390</Data><Data Name="ParentImage">/usr/bin/bash</Data><Data Name="ParentCommandLine">/bin/bash</Data><Data Name="ParentUser">bunny</Data></EventData></Event>
May 31 16:52:18 bunny-VirtualBox sysmon[1895]: <Event><System><Provider Name="Linux-Sysmon" Guid="{ff032593-a8d3-4f13-b0d6-01fc615a0f97}"/><EventID>5</EventID><Version>3</Version><Level>4</Level><Task>5</Task><Opcode>0</Opcode><Keywords>0x8000000000000000</Keywords><TimeCreated SystemTime="2026-05-31T11:22:18.346738000Z"/><EventRecordID>21867</EventRecordID><Correlation/><Execution ProcessID="1895" ThreadID="1895"/><Channel>Linux-Sysmon/Operational</Channel><Computer>bunny-VirtualBox</Computer><Security UserId="0"/></System><EventData><Data Name="RuleName">ProcessTerminate</Data><Data Name="UtcTime">2026-05-31 11:22:16.705</Data><Data Name="ProcessGuid">{491e8a99-19e8-6a1c-bdb6-2885fd610000}</Data><Data Name="ProcessId">6400</Data><Data Name="Image">/usr/lib/cargo/bin/coreutils/date</Data><Data Name="User">bunny</Data></EventData></Event>
May 31 16:52:18 bunny-VirtualBox sysmon[1895]: <Event><System><Provider Name="Linux-Sysmon" Guid="{ff032593-a8d3-4f13-b0d6-01fc615a0f97}"/><EventID>1</EventID><Version>5</Version><Level>4</Level><Task>1</Task><Opcode>0</Opcode><Keywords>0x8000000000000000</Keywords><TimeCreated SystemTime="2026-05-31T11:22:18.347876000Z"/><EventRecordID>21868</EventRecordID><Correlation/><Execution ProcessID="1895" ThreadID="1895"/><Channel>Linux-Sysmon/Operational</Channel><Computer>bunny-VirtualBox</Computer><Security UserId="0"/></System><EventData><Data Name="RuleName">-</Data><Data Name="UtcTime">2026-05-31 11:22:16.707</Data><Data Name="ProcessGuid">{491e8a99-19e8-6a1c-419f-b50dbe550000}</Data><Data Name="ProcessId">6401</Data><Data Name="Image">/usr/bin/ps</Data><Data Name="FileVersion">-</Data><Data Name="Description">-</Data><Data Name="Product">-</Data><Data Name="Company">-</Data><Data Name="OriginalFileName">-</Data><Data Name="CommandLine">ps aux</Data><Data Name="CurrentDirectory">/home/bunny</Data><Data Name="User">bunny</Data><Data Name="LogonGuid">{491e8a99-0000-0000-e803-000001000000}</Data><Data Name="LogonId">1000</Data><Data Name="TerminalSessionId">3</Data><Data Name="IntegrityLevel">no level</Data><Data Name="Hashes">MD5=824e10267aba361cb2d2e46a7ff5090e,SHA256=40b2b15f65edfaadc0e3f5d3644e6699db3bdf658399831901cc05c11642ea5c</Data><Data Name="ParentProcessGuid">{491e8a99-19e8-6a1c-a189-2bbeba5a0000}</Data><Data Name="ParentProcessId">6390</Data><Data Name="ParentImage">/usr/bin/bash</Data><Data Name="ParentCommandLine">/bin/bash</Data><Data Name="ParentUser">bunny</Data></EventData></Event>
May 31 16:52:18 bunny-VirtualBox sysmon[1895]: <Event><System><Provider Name="Linux-Sysmon" Guid="{ff032593-a8d3-4f13-b0d6-01fc615a0f97}"/><EventID>5</EventID><Version>3</Version><Level>4</Level><Task>5</Task><Opcode>0</Opcode><Keywords>0x8000000000000000</Keywords><TimeCreated SystemTime="2026-05-31T11:22:18.349058000Z"/><EventRecordID>21869</EventRecordID><Correlation/><Execution ProcessID="1895" ThreadID="1895"/><Channel>Linux-Sysmon/Operational</Channel><Computer>bunny-VirtualBox</Computer><Security UserId="0"/></System><EventData><Data Name="RuleName">ProcessTerminate</Data><Data Name="UtcTime">2026-05-31 11:22:16.729</Data><Data Name="ProcessGuid">{491e8a99-19e8-6a1c-419f-b50dbe550000}</Data><Data Name="ProcessId">6401</Data><Data Name="Image">/usr/bin/ps</Data><Data Name="User">bunny</Data></EventData></Event>
May 31 16:52:18 bunny-VirtualBox sysmon[1895]: <Event><System><Provider Name="Linux-Sysmon" Guid="{ff032593-a8d3-4f13-b0d6-01fc615a0f97}"/><EventID>1</EventID><Version>5</Version><Level>4</Level><Task>1</Task><Opcode>0</Opcode><Keywords>0x8000000000000000</Keywords><TimeCreated SystemTime="2026-05-31T11:22:18.389206000Z"/><EventRecordID>21870</EventRecordID><Correlation/><Execution ProcessID="1895" ThreadID="1895"/><Channel>Linux-Sysmon/Operational</Channel><Computer>bunny-VirtualBox</Computer><Security UserId="0"/></System><EventData><Data Name="RuleName">-</Data><Data Name="UtcTime">2026-05-31 11:22:16.730</Data><Data Name="ProcessGuid">{491e8a99-19e8-6a1c-bd66-10ed81590000}</Data><Data Name="ProcessId">6402</Data><Data Name="Image">/usr/lib/cargo/bin/coreutils/date</Data><Data Name="FileVersion">-</Data><Data Name="Description">-</Data><Data Name="Product">-</Data><Data Name="Company">-</Data><Data Name="OriginalFileName">-</Data><Data Name="CommandLine">date +%Y-%m-%d %H:%M:%S</Data><Data Name="CurrentDirectory">/home/bunny</Data><Data Name="User">bunny</Data><Data Name="LogonGuid">{491e8a99-0000-0000-e803-000001000000}</Data><Data Name="LogonId">1000</Data><Data Name="TerminalSessionId">3</Data><Data Name="IntegrityLevel">no level</Data><Data Name="Hashes">MD5=2d313ecc9fc058f6e0758abe00c0f6e8,SHA256=48893b0fb21436b54619db80486e83ef39dfccaf1aefe83dfa00c02d6146e8c0</Data><Data Name="ParentProcessGuid">{491e8a99-19e8-6a1c-a189-2bbeba5a0000}</Data><Data Name="ParentProcessId">6390</Data><Data Name="ParentImage">/usr/bin/bash</Data><Data Name="ParentCommandLine">/bin/bash</Data><Data Name="ParentUser">bunny</Data></EventData></Event>
May 31 16:52:18 bunny-VirtualBox sysmon[1895]: <Event><System><Provider Name="Linux-Sysmon" Guid="{ff032593-a8d3-4f13-b0d6-01fc615a0f97}"/><EventID>5</EventID><Version>3</Version><Level>4</Level><Task>5</Task><Opcode>0</Opcode><Keywords>0x8000000000000000</Keywords><TimeCreated SystemTime="2026-05-31T11:22:18.391365000Z"/><EventRecordID>21871</EventRecordID><Correlation/><Execution ProcessID="1895" ThreadID="1895"/><Channel>Linux-Sysmon/Operational</Channel><Computer>bunny-VirtualBox</Computer><Security UserId="0"/></System><EventData><Data Name="RuleName">ProcessTerminate</Data><Data Name="UtcTime">2026-05-31 11:22:16.737</Data><Data Name="ProcessGuid">{491e8a99-19e8-6a1c-bd66-10ed81590000}</Data><Data Name="ProcessId">6402</Data><Data Name="Image">/usr/lib/cargo/bin/coreutils/date</Data><Data Name="User">bunny</Data></EventData></Event>
May 31 16:52:18 bunny-VirtualBox sysmon[1895]: <Event><System><Provider Name="Linux-Sysmon" Guid="{ff032593-a8d3-4f13-b0d6-01fc615a0f97}"/><EventID>1</EventID><Version>5</Version><Level>4</Level><Task>1</Task><Opcode>0</Opcode><Keywords>0x8000000000000000</Keywords><TimeCreated SystemTime="2026-05-31T11:22:18.448936000Z"/><EventRecordID>21872</EventRecordID><Correlation/><Execution ProcessID="1895" ThreadID="1895"/><Channel>Linux-Sysmon/Operational</Channel><Computer>bunny-VirtualBox</Computer><Security UserId="0"/></System><EventData><Data Name="RuleName">-</Data><Data Name="UtcTime">2026-05-31 11:22:16.738</Data><Data Name="ProcessGuid">{491e8a99-19e8-6a1c-bd96-0c61ec550000}</Data><Data Name="ProcessId">6403</Data><Data Name="Image">/usr/lib/cargo/bin/coreutils/date</Data><Data Name="FileVersion">-</Data><Data Name="Description">-</Data><Data Name="Product">-</Data><Data Name="Company">-</Data><Data Name="OriginalFileName">-</Data><Data Name="CommandLine">date +%Y-%m-%d %H:%M:%S</Data><Data Name="CurrentDirectory">/home/bunny</Data><Data Name="User">bunny</Data><Data Name="LogonGuid">{491e8a99-0000-0000-e803-000001000000}</Data><Data Name="LogonId">1000</Data><Data Name="TerminalSessionId">3</Data><Data Name="IntegrityLevel">no level</Data><Data Name="Hashes">MD5=2d313ecc9fc058f6e0758abe00c0f6e8,SHA256=48893b0fb21436b54619db80486e83ef39dfccaf1aefe83dfa00c02d6146e8c0</Data><Data Name="ParentProcessGuid">{491e8a99-19e8-6a1c-a189-2bbeba5a0000}</Data><Data Name="ParentProcessId">6390</Data><Data Name="ParentImage">/usr/bin/bash</Data><Data Name="ParentCommandLine">/bin/bash</Data><Data Name="ParentUser">bunny</Data></EventData></Event>
May 31 16:52:18 bunny-VirtualBox sysmon[1895]: <Event><System><Provider Name="Linux-Sysmon" Guid="{ff032593-a8d3-4f13-b0d6-01fc615a0f97}"/><EventID>5</EventID><Version>3</Version><Level>4</Level><Task>5</Task><Opcode>0</Opcode><Keywords>0x8000000000000000</Keywords><TimeCreated SystemTime="2026-05-31T11:22:18.450484000Z"/><EventRecordID>21873</EventRecordID><Correlation/><Execution ProcessID="1895" ThreadID="1895"/><Channel>Linux-Sysmon/Operational</Channel><Computer>bunny-VirtualBox</Computer><Security UserId="0"/></System><EventData><Data Name="RuleName">ProcessTerminate</Data><Data Name="UtcTime">2026-05-31 11:22:16.743</Data><Data Name="ProcessGuid">{491e8a99-19e8-6a1c-bd96-0c61ec550000}</Data><Data Name="ProcessId">6403</Data><Data Name="Image">/usr/lib/cargo/bin/coreutils/date</Data><Data Name="User">bunny</Data></EventData></Event>
May 31 16:52:18 bunny-VirtualBox sysmon[1895]: <Event><System><Provider Name="Linux-Sysmon" Guid="{ff032593-a8d3-4f13-b0d6-01fc615a0f97}"/><EventID>1</EventID><Version>5</Version><Level>4</Level><Task>1</Task><Opcode>0</Opcode><Keywords>0x8000000000000000</Keywords><TimeCreated SystemTime="2026-05-31T11:22:18.485614000Z"/><EventRecordID>21874</EventRecordID><Correlation/><Execution ProcessID="1895" ThreadID="1895"/><Channel>Linux-Sysmon/Operational</Channel><Computer>bunny-VirtualBox</Computer><Security UserId="0"/></System><EventData><Data Name="RuleName">-</Data><Data Name="UtcTime">2026-05-31 11:22:16.745</Data><Data Name="ProcessGuid">{491e8a99-19e8-6a1c-bda6-7acf8f610000}</Data><Data Name="ProcessId">6404</Data><Data Name="Image">/usr/lib/cargo/bin/coreutils/touch</Data><Data Name="FileVersion">-</Data><Data Name="Description">-</Data><Data Name="Product">-</Data><Data Name="Company">-</Data><Data Name="OriginalFileName">-</Data><Data Name="CommandLine">touch /tmp/.enc_exec_marker</Data><Data Name="CurrentDirectory">/home/bunny</Data><Data Name="User">bunny</Data><Data Name="LogonGuid">{491e8a99-0000-0000-e803-000001000000}</Data><Data Name="LogonId">1000</Data><Data Name="TerminalSessionId">3</Data><Data Name="IntegrityLevel">no level</Data><Data Name="Hashes">MD5=2d313ecc9fc058f6e0758abe00c0f6e8,SHA256=48893b0fb21436b54619db80486e83ef39dfccaf1aefe83dfa00c02d6146e8c0</Data><Data Name="ParentProcessGuid">{491e8a99-19e8-6a1c-a189-2bbeba5a0000}</Data><Data Name="ParentProcessId">6390</Data><Data Name="ParentImage">/usr/bin/bash</Data><Data Name="ParentCommandLine">/bin/bash</Data><Data Name="ParentUser">bunny</Data></EventData></Event>
May 31 16:52:18 bunny-VirtualBox sysmon[1895]: <Event><System><Provider Name="Linux-Sysmon" Guid="{ff032593-a8d3-4f13-b0d6-01fc615a0f97}"/><EventID>5</EventID><Version>3</Version><Level>4</Level><Task>5</Task><Opcode>0</Opcode><Keywords>0x8000000000000000</Keywords><TimeCreated SystemTime="2026-05-31T11:22:18.486715000Z"/><EventRecordID>21875</EventRecordID><Correlation/><Execution ProcessID="1895" ThreadID="1895"/><Channel>Linux-Sysmon/Operational</Channel><Computer>bunny-VirtualBox</Computer><Security UserId="0"/></System><EventData><Data Name="RuleName">ProcessTerminate</Data><Data Name="UtcTime">2026-05-31 11:22:16.754</Data><Data Name="ProcessGuid">{491e8a99-19e8-6a1c-bda6-7acf8f610000}</Data><Data Name="ProcessId">6404</Data><Data Name="Image">/usr/lib/cargo/bin/coreutils/touch</Data><Data Name="User">bunny</Data></EventData></Event>
May 31 16:52:18 bunny-VirtualBox sysmon[1895]: <Event><System><Provider Name="Linux-Sysmon" Guid="{ff032593-a8d3-4f13-b0d6-01fc615a0f97}"/><EventID>1</EventID><Version>5</Version><Level>4</Level><Task>1</Task><Opcode>0</Opcode><Keywords>0x8000000000000000</Keywords><TimeCreated SystemTime="2026-05-31T11:22:18.514554000Z"/><EventRecordID>21876</EventRecordID><Correlation/><Execution ProcessID="1895" ThreadID="1895"/><Channel>Linux-Sysmon/Operational</Channel><Computer>bunny-VirtualBox</Computer><Security UserId="0"/></System><EventData><Data Name="RuleName">-</Data><Data Name="UtcTime">2026-05-31 11:22:16.755</Data><Data Name="ProcessGuid">{491e8a99-19e8-6a1c-bd56-be3862600000}</Data><Data Name="ProcessId">6405</Data><Data Name="Image">/usr/lib/cargo/bin/coreutils/date</Data><Data Name="FileVersion">-</Data><Data Name="Description">-</Data><Data Name="Product">-</Data><Data Name="Company">-</Data><Data Name="OriginalFileName">-</Data><Data Name="CommandLine">date +%Y-%m-%d %H:%M:%S</Data><Data Name="CurrentDirectory">/home/bunny</Data><Data Name="User">bunny</Data><Data Name="LogonGuid">{491e8a99-0000-0000-e803-000001000000}</Data><Data Name="LogonId">1000</Data><Data Name="TerminalSessionId">3</Data><Data Name="IntegrityLevel">no level</Data><Data Name="Hashes">MD5=2d313ecc9fc058f6e0758abe00c0f6e8,SHA256=48893b0fb21436b54619db80486e83ef39dfccaf1aefe83dfa00c02d6146e8c0</Data><Data Name="ParentProcessGuid">{491e8a99-19e8-6a1c-a189-2bbeba5a0000}</Data><Data Name="ParentProcessId">6390</Data><Data Name="ParentImage">/usr/bin/bash</Data><Data Name="ParentCommandLine">/bin/bash</Data><Data Name="ParentUser">bunny</Data></EventData></Event>
May 31 16:52:18 bunny-VirtualBox sysmon[1895]: <Event><System><Provider Name="Linux-Sysmon" Guid="{ff032593-a8d3-4f13-b0d6-01fc615a0f97}"/><EventID>5</EventID><Version>3</Version><Level>4</Level><Task>5</Task><Opcode>0</Opcode><Keywords>0x8000000000000000</Keywords><TimeCreated SystemTime="2026-05-31T11:22:18.515707000Z"/><EventRecordID>21877</EventRecordID><Correlation/><Execution ProcessID="1895" ThreadID="1895"/><Channel>Linux-Sysmon/Operational</Channel><Computer>bunny-VirtualBox</Computer><Security UserId="0"/></System><EventData><Data Name="RuleName">ProcessTerminate</Data><Data Name="UtcTime">2026-05-31 11:22:16.760</Data><Data Name="ProcessGuid">{491e8a99-19e8-6a1c-bd56-be3862600000}</Data><Data Name="ProcessId">6405</Data><Data Name="Image">/usr/lib/cargo/bin/coreutils/date</Data><Data Name="User">bunny</Data></EventData></Event>
May 31 16:52:18 bunny-VirtualBox sysmon[1895]: <Event><System><Provider Name="Linux-Sysmon" Guid="{ff032593-a8d3-4f13-b0d6-01fc615a0f97}"/><EventID>1</EventID><Version>5</Version><Level>4</Level><Task>1</Task><Opcode>0</Opcode><Keywords>0x8000000000000000</Keywords><TimeCreated SystemTime="2026-05-31T11:22:18.545200000Z"/><EventRecordID>21878</EventRecordID><Correlation/><Execution ProcessID="1895" ThreadID="1895"/><Channel>Linux-Sysmon/Operational</Channel><Computer>bunny-VirtualBox</Computer><Security UserId="0"/></System><EventData><Data Name="RuleName">-</Data><Data Name="UtcTime">2026-05-31 11:22:16.761</Data><Data Name="ProcessGuid">{491e8a99-19e8-6a1c-bd66-e5fdfb5e0000}</Data><Data Name="ProcessId">6406</Data><Data Name="Image">/usr/lib/cargo/bin/coreutils/date</Data><Data Name="FileVersion">-</Data><Data Name="Description">-</Data><Data Name="Product">-</Data><Data Name="Company">-</Data><Data Name="OriginalFileName">-</Data><Data Name="CommandLine">date +%Y-%m-%d %H:%M:%S</Data><Data Name="CurrentDirectory">/home/bunny</Data><Data Name="User">bunny</Data><Data Name="LogonGuid">{491e8a99-0000-0000-e803-000001000000}</Data><Data Name="LogonId">1000</Data><Data Name="TerminalSessionId">3</Data><Data Name="IntegrityLevel">no level</Data><Data Name="Hashes">MD5=2d313ecc9fc058f6e0758abe00c0f6e8,SHA256=48893b0fb21436b54619db80486e83ef39dfccaf1aefe83dfa00c02d6146e8c0</Data><Data Name="ParentProcessGuid">{491e8a99-19e8-6a1c-a189-2bbeba5a0000}</Data><Data Name="ParentProcessId">6390</Data><Data Name="ParentImage">/usr/bin/bash</Data><Data Name="ParentCommandLine">/bin/bash</Data><Data Name="ParentUser">bunny</Data></EventData></Event>
May 31 16:52:18 bunny-VirtualBox sysmon[1895]: <Event><System><Provider Name="Linux-Sysmon" Guid="{ff032593-a8d3-4f13-b0d6-01fc615a0f97}"/><EventID>5</EventID><Version>3</Version><Level>4</Level><Task>5</Task><Opcode>0</Opcode><Keywords>0x8000000000000000</Keywords><TimeCreated SystemTime="2026-05-31T11:22:18.545837000Z"/><EventRecordID>21879</EventRecordID><Correlation/><Execution ProcessID="1895" ThreadID="1895"/><Channel>Linux-Sysmon/Operational</Channel><Computer>bunny-VirtualBox</Computer><Security UserId="0"/></System><EventData><Data Name="RuleName">ProcessTerminate</Data><Data Name="UtcTime">2026-05-31 11:22:16.767</Data><Data Name="ProcessGuid">{491e8a99-19e8-6a1c-bd66-e5fdfb5e0000}</Data><Data Name="ProcessId">6406</Data><Data Name="Image">/usr/lib/cargo/bin/coreutils/date</Data><Data Name="User">bunny</Data></EventData></Event>
May 31 16:52:18 bunny-VirtualBox sysmon[1895]: <Event><System><Provider Name="Linux-Sysmon" Guid="{ff032593-a8d3-4f13-b0d6-01fc615a0f97}"/><EventID>1</EventID><Version>5</Version><Level>4</Level><Task>1</Task><Opcode>0</Opcode><Keywords>0x8000000000000000</Keywords><TimeCreated SystemTime="2026-05-31T11:22:18.549043000Z"/><EventRecordID>21880</EventRecordID><Correlation/><Execution ProcessID="1895" ThreadID="1895"/><Channel>Linux-Sysmon/Operational</Channel><Computer>bunny-VirtualBox</Computer><Security UserId="0"/></System><EventData><Data Name="RuleName">-</Data><Data Name="UtcTime">2026-05-31 11:22:16.768</Data><Data Name="ProcessGuid">{491e8a99-19e8-6a1c-f9aa-f9ba79610000}</Data><Data Name="ProcessId">6407</Data><Data Name="Image">/usr/bin/curl</Data><Data Name="FileVersion">-</Data><Data Name="Description">-</Data><Data Name="Product">-</Data><Data Name="Company">-</Data><Data Name="OriginalFileName">-</Data><Data Name="CommandLine">curl -s http://127.0.0.1:8080/ping</Data><Data Name="CurrentDirectory">/home/bunny</Data><Data Name="User">bunny</Data><Data Name="LogonGuid">{491e8a99-0000-0000-e803-000001000000}</Data><Data Name="LogonId">1000</Data><Data Name="TerminalSessionId">3</Data><Data Name="IntegrityLevel">no level</Data><Data Name="Hashes">MD5=a4339a556f449e6199132b81fbc95b24,SHA256=7eecf2e84049f1701376b5e450b69a7719ad7ed4031bc326f3634e27af61be6f</Data><Data Name="ParentProcessGuid">{491e8a99-19e8-6a1c-a189-2bbeba5a0000}</Data><Data Name="ParentProcessId">6390</Data><Data Name="ParentImage">/usr/bin/bash</Data><Data Name="ParentCommandLine">/bin/bash</Data><Data Name="ParentUser">bunny</Data></EventData></Event>
May 31 16:52:18 bunny-VirtualBox sysmon[1895]: <Event><System><Provider Name="Linux-Sysmon" Guid="{ff032593-a8d3-4f13-b0d6-01fc615a0f97}"/><EventID>5</EventID><Version>3</Version><Level>4</Level><Task>5</Task><Opcode>0</Opcode><Keywords>0x8000000000000000</Keywords><TimeCreated SystemTime="2026-05-31T11:22:18.549659000Z"/><EventRecordID>21881</EventRecordID><Correlation/><Execution ProcessID="1895" ThreadID="1895"/><Channel>Linux-Sysmon/Operational</Channel><Computer>bunny-VirtualBox</Computer><Security UserId="0"/></System><EventData><Data Name="RuleName">ProcessTerminate</Data><Data Name="UtcTime">2026-05-31 11:22:16.790</Data><Data Name="ProcessGuid">{491e8a99-19e8-6a1c-f9aa-f9ba79610000}</Data><Data Name="ProcessId">6407</Data><Data Name="Image">/usr/bin/curl</Data><Data Name="User">bunny</Data></EventData></Event>
May 31 16:52:18 bunny-VirtualBox sysmon[1895]: <Event><System><Provider Name="Linux-Sysmon" Guid="{ff032593-a8d3-4f13-b0d6-01fc615a0f97}"/><EventID>5</EventID><Version>3</Version><Level>4</Level><Task>5</Task><Opcode>0</Opcode><Keywords>0x8000000000000000</Keywords><TimeCreated SystemTime="2026-05-31T11:22:18.549702000Z"/><EventRecordID>21882</EventRecordID><Correlation/><Execution ProcessID="1895" ThreadID="1895"/><Channel>Linux-Sysmon/Operational</Channel><Computer>bunny-VirtualBox</Computer><Security UserId="0"/></System><EventData><Data Name="RuleName">ProcessTerminate</Data><Data Name="UtcTime">2026-05-31 11:22:16.791</Data><Data Name="ProcessGuid">{491e8a99-1845-6a1c-8176-7a0000000000}</Data><Data Name="ProcessId">6088</Data><Data Name="Image">/usr/bin/python3.14</Data><Data Name="User">bunny</Data></EventData></Event>
May 31 16:52:18 bunny-VirtualBox sysmon[1895]: <Event><System><Provider Name="Linux-Sysmon" Guid="{ff032593-a8d3-4f13-b0d6-01fc615a0f97}"/><EventID>1</EventID><Version>5</Version><Level>4</Level><Task>1</Task><Opcode>0</Opcode><Keywords>0x8000000000000000</Keywords><TimeCreated SystemTime="2026-05-31T11:22:18.599951000Z"/><EventRecordID>21883</EventRecordID><Correlation/><Execution ProcessID="1895" ThreadID="1895"/><Channel>Linux-Sysmon/Operational</Channel><Computer>bunny-VirtualBox</Computer><Security UserId="0"/></System><EventData><Data Name="RuleName">-</Data><Data Name="UtcTime">2026-05-31 11:22:16.793</Data><Data Name="ProcessGuid">{491e8a99-19e8-6a1c-bd06-73d2d85f0000}</Data><Data Name="ProcessId">6409</Data><Data Name="Image">/usr/lib/cargo/bin/coreutils/date</Data><Data Name="FileVersion">-</Data><Data Name="Description">-</Data><Data Name="Product">-</Data><Data Name="Company">-</Data><Data Name="OriginalFileName">-</Data><Data Name="CommandLine">date +%Y-%m-%d %H:%M:%S</Data><Data Name="CurrentDirectory">/home/bunny</Data><Data Name="User">bunny</Data><Data Name="LogonGuid">{491e8a99-0000-0000-e803-000001000000}</Data><Data Name="LogonId">1000</Data><Data Name="TerminalSessionId">3</Data><Data Name="IntegrityLevel">no level</Data><Data Name="Hashes">MD5=2d313ecc9fc058f6e0758abe00c0f6e8,SHA256=48893b0fb21436b54619db80486e83ef39dfccaf1aefe83dfa00c02d6146e8c0</Data><Data Name="ParentProcessGuid">{491e8a99-19e8-6a1c-a189-2bbeba5a0000}</Data><Data Name="ParentProcessId">6390</Data><Data Name="ParentImage">/usr/bin/bash</Data><Data Name="ParentCommandLine">/bin/bash</Data><Data Name="ParentUser">bunny</Data></EventData></Event>
May 31 16:52:18 bunny-VirtualBox sysmon[1895]: <Event><System><Provider Name="Linux-Sysmon" Guid="{ff032593-a8d3-4f13-b0d6-01fc615a0f97}"/><EventID>5</EventID><Version>3</Version><Level>4</Level><Task>5</Task><Opcode>0</Opcode><Keywords>0x8000000000000000</Keywords><TimeCreated SystemTime="2026-05-31T11:22:18.600989000Z"/><EventRecordID>21884</EventRecordID><Correlation/><Execution ProcessID="1895" ThreadID="1895"/><Channel>Linux-Sysmon/Operational</Channel><Computer>bunny-VirtualBox</Computer><Security UserId="0"/></System><EventData><Data Name="RuleName">ProcessTerminate</Data><Data Name="UtcTime">2026-05-31 11:22:16.800</Data><Data Name="ProcessGuid">{491e8a99-19e8-6a1c-bd06-73d2d85f0000}</Data><Data Name="ProcessId">6409</Data><Data Name="Image">/usr/lib/cargo/bin/coreutils/date</Data><Data Name="User">bunny</Data></EventData></Event>
