Jun 01 23:25:18 bunny-VirtualBox sysmon[1847]: <Event><System><Provider Name="Linux-Sysmon" Guid="{ff032593-a8d3-4f13-b0d6-01fc615a0f97}"/><EventID>5</EventID><Version>3</Version><Level>4</Level><Task>5</Task><Opcode>0</Opcode><Keywords>0x8000000000000000</Keywords><TimeCreated SystemTime="2026-06-01T17:55:18.160099000Z"/><EventRecordID>43533</EventRecordID><Correlation/><Execution ProcessID="1847" ThreadID="1847"/><Channel>Linux-Sysmon/Operational</Channel><Computer>bunny-VirtualBox</Computer><Security UserId="0"/></System><EventData><Data Name="RuleName">ProcessTerminate</Data><Data Name="UtcTime">2026-06-01 17:55:15.778</Data><Data Name="ProcessGuid">{491e8a99-c783-6a1d-a53f-42a0c3550000}</Data><Data Name="ProcessId">6346</Data><Data Name="Image">/newroot/usr/usr/libexec/glycin-loaders/2+/glycin-svg</Data><Data Name="User">bunny</Data></EventData></Event>
Jun 01 23:25:18 bunny-VirtualBox sysmon[1847]: <Event><System><Provider Name="Linux-Sysmon" Guid="{ff032593-a8d3-4f13-b0d6-01fc615a0f97}"/><EventID>5</EventID><Version>3</Version><Level>4</Level><Task>5</Task><Opcode>0</Opcode><Keywords>0x8000000000000000</Keywords><TimeCreated SystemTime="2026-06-01T17:55:18.165764000Z"/><EventRecordID>43534</EventRecordID><Correlation/><Execution ProcessID="1847" ThreadID="1847"/><Channel>Linux-Sysmon/Operational</Channel><Computer>bunny-VirtualBox</Computer><Security UserId="0"/></System><EventData><Data Name="RuleName">ProcessTerminate</Data><Data Name="UtcTime">2026-06-01 17:55:15.783</Data><Data Name="ProcessGuid">{491e8a99-c783-6a1d-a53f-42a0c3550000}</Data><Data Name="ProcessId">6346</Data><Data Name="Image">/newroot/usr/usr/libexec/glycin-loaders/2+/glycin-svg</Data><Data Name="User">bunny</Data></EventData></Event>
Jun 01 23:25:18 bunny-VirtualBox sysmon[1847]: <Event><System><Provider Name="Linux-Sysmon" Guid="{ff032593-a8d3-4f13-b0d6-01fc615a0f97}"/><EventID>5</EventID><Version>3</Version><Level>4</Level><Task>5</Task><Opcode>0</Opcode><Keywords>0x8000000000000000</Keywords><TimeCreated SystemTime="2026-06-01T17:55:18.167858000Z"/><EventRecordID>43535</EventRecordID><Correlation/><Execution ProcessID="1847" ThreadID="1847"/><Channel>Linux-Sysmon/Operational</Channel><Computer>bunny-VirtualBox</Computer><Security UserId="0"/></System><EventData><Data Name="RuleName">ProcessTerminate</Data><Data Name="UtcTime">2026-06-01 17:55:15.786</Data><Data Name="ProcessGuid">{491e8a99-c783-6a1d-a53f-42a0c3550000}</Data><Data Name="ProcessId">6346</Data><Data Name="Image">/newroot/usr/usr/libexec/glycin-loaders/2+/glycin-svg</Data><Data Name="User">bunny</Data></EventData></Event>
Jun 01 23:25:18 bunny-VirtualBox sysmon[1847]: <Event><System><Provider Name="Linux-Sysmon" Guid="{ff032593-a8d3-4f13-b0d6-01fc615a0f97}"/><EventID>5</EventID><Version>3</Version><Level>4</Level><Task>5</Task><Opcode>0</Opcode><Keywords>0x8000000000000000</Keywords><TimeCreated SystemTime="2026-06-01T17:55:18.188928000Z"/><EventRecordID>43536</EventRecordID><Correlation/><Execution ProcessID="1847" ThreadID="1847"/><Channel>Linux-Sysmon/Operational</Channel><Computer>bunny-VirtualBox</Computer><Security UserId="0"/></System><EventData><Data Name="RuleName">ProcessTerminate</Data><Data Name="UtcTime">2026-06-01 17:55:15.806</Data><Data Name="ProcessGuid">{491e8a99-c783-6a1d-a53f-42a0c3550000}</Data><Data Name="ProcessId">6346</Data><Data Name="Image">/newroot/usr/usr/libexec/glycin-loaders/2+/glycin-svg</Data><Data Name="User">bunny</Data></EventData></Event>
Jun 01 23:25:18 bunny-VirtualBox sysmon[1847]: <Event><System><Provider Name="Linux-Sysmon" Guid="{ff032593-a8d3-4f13-b0d6-01fc615a0f97}"/><EventID>5</EventID><Version>3</Version><Level>4</Level><Task>5</Task><Opcode>0</Opcode><Keywords>0x8000000000000000</Keywords><TimeCreated SystemTime="2026-06-01T17:55:18.205144000Z"/><EventRecordID>43537</EventRecordID><Correlation/><Execution ProcessID="1847" ThreadID="1847"/><Channel>Linux-Sysmon/Operational</Channel><Computer>bunny-VirtualBox</Computer><Security UserId="0"/></System><EventData><Data Name="RuleName">ProcessTerminate</Data><Data Name="UtcTime">2026-06-01 17:55:15.823</Data><Data Name="ProcessGuid">{491e8a99-c783-6a1d-a53f-42a0c3550000}</Data><Data Name="ProcessId">6346</Data><Data Name="Image">/newroot/usr/usr/libexec/glycin-loaders/2+/glycin-svg</Data><Data Name="User">bunny</Data></EventData></Event>
Jun 01 23:25:18 bunny-VirtualBox sysmon[1847]: <Event><System><Provider Name="Linux-Sysmon" Guid="{ff032593-a8d3-4f13-b0d6-01fc615a0f97}"/><EventID>5</EventID><Version>3</Version><Level>4</Level><Task>5</Task><Opcode>0</Opcode><Keywords>0x8000000000000000</Keywords><TimeCreated SystemTime="2026-06-01T17:55:18.212249000Z"/><EventRecordID>43538</EventRecordID><Correlation/><Execution ProcessID="1847" ThreadID="1847"/><Channel>Linux-Sysmon/Operational</Channel><Computer>bunny-VirtualBox</Computer><Security UserId="0"/></System><EventData><Data Name="RuleName">ProcessTerminate</Data><Data Name="UtcTime">2026-06-01 17:55:15.830</Data><Data Name="ProcessGuid">{491e8a99-c783-6a1d-a53f-42a0c3550000}</Data><Data Name="ProcessId">6346</Data><Data Name="Image">/newroot/usr/usr/libexec/glycin-loaders/2+/glycin-svg</Data><Data Name="User">bunny</Data></EventData></Event>
Jun 01 23:25:31 bunny-VirtualBox sysmon[1847]: <Event><System><Provider Name="Linux-Sysmon" Guid="{ff032593-a8d3-4f13-b0d6-01fc615a0f97}"/><EventID>5</EventID><Version>3</Version><Level>4</Level><Task>5</Task><Opcode>0</Opcode><Keywords>0x8000000000000000</Keywords><TimeCreated SystemTime="2026-06-01T17:55:31.322809000Z"/><EventRecordID>43539</EventRecordID><Correlation/><Execution ProcessID="1847" ThreadID="1847"/><Channel>Linux-Sysmon/Operational</Channel><Computer>bunny-VirtualBox</Computer><Security UserId="0"/></System><EventData><Data Name="RuleName">ProcessTerminate</Data><Data Name="UtcTime">2026-06-01 17:55:28.941</Data><Data Name="ProcessGuid">{491e8a99-c783-6a1d-a53f-42a0c3550000}</Data><Data Name="ProcessId">6346</Data><Data Name="Image">/newroot/usr/usr/libexec/glycin-loaders/2+/glycin-svg</Data><Data Name="User">bunny</Data></EventData></Event>
Jun 01 23:25:31 bunny-VirtualBox sysmon[1847]: <Event><System><Provider Name="Linux-Sysmon" Guid="{ff032593-a8d3-4f13-b0d6-01fc615a0f97}"/><EventID>5</EventID><Version>3</Version><Level>4</Level><Task>5</Task><Opcode>0</Opcode><Keywords>0x8000000000000000</Keywords><TimeCreated SystemTime="2026-06-01T17:55:31.345250000Z"/><EventRecordID>43540</EventRecordID><Correlation/><Execution ProcessID="1847" ThreadID="1847"/><Channel>Linux-Sysmon/Operational</Channel><Computer>bunny-VirtualBox</Computer><Security UserId="0"/></System><EventData><Data Name="RuleName">ProcessTerminate</Data><Data Name="UtcTime">2026-06-01 17:55:28.964</Data><Data Name="ProcessGuid">{491e8a99-c783-6a1d-a53f-42a0c3550000}</Data><Data Name="ProcessId">6346</Data><Data Name="Image">/newroot/usr/usr/libexec/glycin-loaders/2+/glycin-svg</Data><Data Name="User">bunny</Data></EventData></Event>
Jun 01 23:25:31 bunny-VirtualBox sysmon[1847]: <Event><System><Provider Name="Linux-Sysmon" Guid="{ff032593-a8d3-4f13-b0d6-01fc615a0f97}"/><EventID>5</EventID><Version>3</Version><Level>4</Level><Task>5</Task><Opcode>0</Opcode><Keywords>0x8000000000000000</Keywords><TimeCreated SystemTime="2026-06-01T17:55:31.845246000Z"/><EventRecordID>43541</EventRecordID><Correlation/><Execution ProcessID="1847" ThreadID="1847"/><Channel>Linux-Sysmon/Operational</Channel><Computer>bunny-VirtualBox</Computer><Security UserId="0"/></System><EventData><Data Name="RuleName">ProcessTerminate</Data><Data Name="UtcTime">2026-06-01 17:55:29.464</Data><Data Name="ProcessGuid">{491e8a99-c783-6a1d-a53f-42a0c3550000}</Data><Data Name="ProcessId">6346</Data><Data Name="Image">/newroot/usr/usr/libexec/glycin-loaders/2+/glycin-svg</Data><Data Name="User">bunny</Data></EventData></Event>
Jun 01 23:25:34 bunny-VirtualBox sysmon[1847]: <Event><System><Provider Name="Linux-Sysmon" Guid="{ff032593-a8d3-4f13-b0d6-01fc615a0f97}"/><EventID>1</EventID><Version>5</Version><Level>4</Level><Task>1</Task><Opcode>0</Opcode><Keywords>0x8000000000000000</Keywords><TimeCreated SystemTime="2026-06-01T17:55:34.952839000Z"/><EventRecordID>43542</EventRecordID><Correlation/><Execution ProcessID="1847" ThreadID="1847"/><Channel>Linux-Sysmon/Operational</Channel><Computer>bunny-VirtualBox</Computer><Security UserId="0"/></System><EventData><Data Name="RuleName">-</Data><Data Name="UtcTime">2026-06-01 17:55:32.559</Data><Data Name="ProcessGuid">{491e8a99-c794-6a1d-a9c9-9189b35e0000}</Data><Data Name="ProcessId">6432</Data><Data Name="Image">/usr/bin/bwrap</Data><Data Name="FileVersion">-</Data><Data Name="Description">-</Data><Data Name="Product">-</Data><Data Name="Company">-</Data><Data Name="OriginalFileName">-</Data><Data Name="CommandLine">bwrap --unshare-all --die-with-parent --chdir / --ro-bind /usr /usr --dev /dev --ro-bind-try /etc/ld.so.cache /etc/ld.so.cache --ro-bind-try /nix/store /nix/store --tmpfs /tmp-home --tmpfs /tmp-run --clearenv --setenv HOME /tmp-home --setenv XDG_RUNTIME_DIR /tmp-run --setenv XDG_RUNTIME_DIR /run/user/1000 --symlink /usr/lib64 /lib64 --symlink /usr/lib /lib --seccomp 82 /usr/libexec/glycin-loaders/2+/glycin-image-rs --dbus-fd 81</Data><Data Name="CurrentDirectory">/home/bunny</Data><Data Name="User">bunny</Data><Data Name="LogonGuid">{491e8a99-0000-0000-e803-000000000000}</Data><Data Name="LogonId">1000</Data><Data Name="TerminalSessionId">3</Data><Data Name="IntegrityLevel">no level</Data><Data Name="Hashes">MD5=53a276dc50504f38c37096444adfc132,SHA256=0abea81db798ebf6b4742ac0664802d97521547a353c2a0dbdc21d76cbbfd2c0</Data><Data Name="ParentProcessGuid">{00000000-0000-0000-0000-000000000000}</Data><Data Name="ParentProcessId">6431</Data><Data Name="ParentImage">-</Data><Data Name="ParentCommandLine">-</Data><Data Name="ParentUser">-</Data></EventData></Event>
Jun 01 23:25:35 bunny-VirtualBox sysmon[1847]: <Event><System><Provider Name="Linux-Sysmon" Guid="{ff032593-a8d3-4f13-b0d6-01fc615a0f97}"/><EventID>1</EventID><Version>5</Version><Level>4</Level><Task>1</Task><Opcode>0</Opcode><Keywords>0x8000000000000000</Keywords><TimeCreated SystemTime="2026-06-01T17:55:35.022140000Z"/><EventRecordID>43543</EventRecordID><Correlation/><Execution ProcessID="1847" ThreadID="1847"/><Channel>Linux-Sysmon/Operational</Channel><Computer>bunny-VirtualBox</Computer><Security UserId="0"/></System><EventData><Data Name="RuleName">-</Data><Data Name="UtcTime">2026-06-01 17:55:32.637</Data><Data Name="ProcessGuid">{491e8a99-c794-6a1d-71fd-9ab544650000}</Data><Data Name="ProcessId">6435</Data><Data Name="Image">/newroot/usr/usr/libexec/glycin-loaders/2+/glycin-image-rs</Data><Data Name="FileVersion">-</Data><Data Name="Description">-</Data><Data Name="Product">-</Data><Data Name="Company">-</Data><Data Name="OriginalFileName">-</Data><Data Name="CommandLine">/usr/libexec/glycin-loaders/2+/glycin-image-rs --dbus-fd 81</Data><Data Name="CurrentDirectory">/newroot</Data><Data Name="User">bunny</Data><Data Name="LogonGuid">{491e8a99-0000-0000-e803-000000000000}</Data><Data Name="LogonId">1000</Data><Data Name="TerminalSessionId">3</Data><Data Name="IntegrityLevel">no level</Data><Data Name="Hashes">-</Data><Data Name="ParentProcessGuid">{00000000-0000-0000-0000-000000000000}</Data><Data Name="ParentProcessId">6434</Data><Data Name="ParentImage">-</Data><Data Name="ParentCommandLine">-</Data><Data Name="ParentUser">-</Data></EventData></Event>
Jun 01 23:25:35 bunny-VirtualBox sysmon[1847]: <Event><System><Provider Name="Linux-Sysmon" Guid="{ff032593-a8d3-4f13-b0d6-01fc615a0f97}"/><EventID>5</EventID><Version>3</Version><Level>4</Level><Task>5</Task><Opcode>0</Opcode><Keywords>0x8000000000000000</Keywords><TimeCreated SystemTime="2026-06-01T17:55:35.184186000Z"/><EventRecordID>43544</EventRecordID><Correlation/><Execution ProcessID="1847" ThreadID="1847"/><Channel>Linux-Sysmon/Operational</Channel><Computer>bunny-VirtualBox</Computer><Security UserId="0"/></System><EventData><Data Name="RuleName">ProcessTerminate</Data><Data Name="UtcTime">2026-06-01 17:55:32.802</Data><Data Name="ProcessGuid">{491e8a99-c783-6a1d-a53f-42a0c3550000}</Data><Data Name="ProcessId">6346</Data><Data Name="Image">/newroot/usr/usr/libexec/glycin-loaders/2+/glycin-svg</Data><Data Name="User">bunny</Data></EventData></Event>
Jun 01 23:25:35 bunny-VirtualBox sysmon[1847]: <Event><System><Provider Name="Linux-Sysmon" Guid="{ff032593-a8d3-4f13-b0d6-01fc615a0f97}"/><EventID>5</EventID><Version>3</Version><Level>4</Level><Task>5</Task><Opcode>0</Opcode><Keywords>0x8000000000000000</Keywords><TimeCreated SystemTime="2026-06-01T17:55:35.503152000Z"/><EventRecordID>43545</EventRecordID><Correlation/><Execution ProcessID="1847" ThreadID="1847"/><Channel>Linux-Sysmon/Operational</Channel><Computer>bunny-VirtualBox</Computer><Security UserId="0"/></System><EventData><Data Name="RuleName">ProcessTerminate</Data><Data Name="UtcTime">2026-06-01 17:55:33.121</Data><Data Name="ProcessGuid">{491e8a99-c783-6a1d-a53f-42a0c3550000}</Data><Data Name="ProcessId">6346</Data><Data Name="Image">/newroot/usr/usr/libexec/glycin-loaders/2+/glycin-svg</Data><Data Name="User">bunny</Data></EventData></Event>
Jun 01 23:25:35 bunny-VirtualBox sysmon[1847]: <Event><System><Provider Name="Linux-Sysmon" Guid="{ff032593-a8d3-4f13-b0d6-01fc615a0f97}"/><EventID>5</EventID><Version>3</Version><Level>4</Level><Task>5</Task><Opcode>0</Opcode><Keywords>0x8000000000000000</Keywords><TimeCreated SystemTime="2026-06-01T17:55:35.986552000Z"/><EventRecordID>43546</EventRecordID><Correlation/><Execution ProcessID="1847" ThreadID="1847"/><Channel>Linux-Sysmon/Operational</Channel><Computer>bunny-VirtualBox</Computer><Security UserId="0"/></System><EventData><Data Name="RuleName">ProcessTerminate</Data><Data Name="UtcTime">2026-06-01 17:55:33.605</Data><Data Name="ProcessGuid">{491e8a99-c783-6a1d-a53f-42a0c3550000}</Data><Data Name="ProcessId">6346</Data><Data Name="Image">/newroot/usr/usr/libexec/glycin-loaders/2+/glycin-svg</Data><Data Name="User">bunny</Data></EventData></Event>
Jun 01 23:25:45 bunny-VirtualBox sysmon[1847]: <Event><System><Provider Name="Linux-Sysmon" Guid="{ff032593-a8d3-4f13-b0d6-01fc615a0f97}"/><EventID>1</EventID><Version>5</Version><Level>4</Level><Task>1</Task><Opcode>0</Opcode><Keywords>0x8000000000000000</Keywords><TimeCreated SystemTime="2026-06-01T17:55:45.189970000Z"/><EventRecordID>43547</EventRecordID><Correlation/><Execution ProcessID="1847" ThreadID="1847"/><Channel>Linux-Sysmon/Operational</Channel><Computer>bunny-VirtualBox</Computer><Security UserId="0"/></System><EventData><Data Name="RuleName">-</Data><Data Name="UtcTime">2026-06-01 17:55:42.806</Data><Data Name="ProcessGuid">{491e8a99-c79e-6a1d-c18d-5a56c65b0000}</Data><Data Name="ProcessId">6450</Data><Data Name="Image">/usr/libexec/localsearch-extractor-3</Data><Data Name="FileVersion">-</Data><Data Name="Description">-</Data><Data Name="Product">-</Data><Data Name="Company">-</Data><Data Name="OriginalFileName">-</Data><Data Name="CommandLine">/usr/libexec/localsearch-extractor-3 --socket-fd 3</Data><Data Name="CurrentDirectory">/home/bunny</Data><Data Name="User">bunny</Data><Data Name="LogonGuid">{491e8a99-0000-0000-e803-000000000000}</Data><Data Name="LogonId">1000</Data><Data Name="TerminalSessionId">3</Data><Data Name="IntegrityLevel">no level</Data><Data Name="Hashes">MD5=ff1c449aaae63b839439a808028e2711,SHA256=238b38af61828752dfa64c5962c84cca919531dbb171b3e71adbadf1f7ef8e58</Data><Data Name="ParentProcessGuid">{00000000-0000-0000-0000-000000000000}</Data><Data Name="ParentProcessId">3559</Data><Data Name="ParentImage">-</Data><Data Name="ParentCommandLine">-</Data><Data Name="ParentUser">-</Data></EventData></Event>
Jun 01 23:25:55 bunny-VirtualBox sysmon[1847]: <Event><System><Provider Name="Linux-Sysmon" Guid="{ff032593-a8d3-4f13-b0d6-01fc615a0f97}"/><EventID>5</EventID><Version>3</Version><Level>4</Level><Task>5</Task><Opcode>0</Opcode><Keywords>0x8000000000000000</Keywords><TimeCreated SystemTime="2026-06-01T17:55:55.677583000Z"/><EventRecordID>43548</EventRecordID><Correlation/><Execution ProcessID="1847" ThreadID="1847"/><Channel>Linux-Sysmon/Operational</Channel><Computer>bunny-VirtualBox</Computer><Security UserId="0"/></System><EventData><Data Name="RuleName">ProcessTerminate</Data><Data Name="UtcTime">2026-06-01 17:55:53.296</Data><Data Name="ProcessGuid">{491e8a99-c79e-6a1d-c18d-5a56c65b0000}</Data><Data Name="ProcessId">6450</Data><Data Name="Image">/usr/libexec/localsearch-extractor-3</Data><Data Name="User">bunny</Data></EventData></Event>
Jun 01 23:25:55 bunny-VirtualBox sysmon[1847]: <Event><System><Provider Name="Linux-Sysmon" Guid="{ff032593-a8d3-4f13-b0d6-01fc615a0f97}"/><EventID>5</EventID><Version>3</Version><Level>4</Level><Task>5</Task><Opcode>0</Opcode><Keywords>0x8000000000000000</Keywords><TimeCreated SystemTime="2026-06-01T17:55:55.680264000Z"/><EventRecordID>43549</EventRecordID><Correlation/><Execution ProcessID="1847" ThreadID="1847"/><Channel>Linux-Sysmon/Operational</Channel><Computer>bunny-VirtualBox</Computer><Security UserId="0"/></System><EventData><Data Name="RuleName">ProcessTerminate</Data><Data Name="UtcTime">2026-06-01 17:55:53.298</Data><Data Name="ProcessGuid">{491e8a99-c79e-6a1d-c18d-5a56c65b0000}</Data><Data Name="ProcessId">6450</Data><Data Name="Image">/usr/libexec/localsearch-extractor-3</Data><Data Name="User">bunny</Data></EventData></Event>
Jun 01 23:25:55 bunny-VirtualBox sysmon[1847]: <Event><System><Provider Name="Linux-Sysmon" Guid="{ff032593-a8d3-4f13-b0d6-01fc615a0f97}"/><EventID>5</EventID><Version>3</Version><Level>4</Level><Task>5</Task><Opcode>0</Opcode><Keywords>0x8000000000000000</Keywords><TimeCreated SystemTime="2026-06-01T17:55:55.680347000Z"/><EventRecordID>43550</EventRecordID><Correlation/><Execution ProcessID="1847" ThreadID="1847"/><Channel>Linux-Sysmon/Operational</Channel><Computer>bunny-VirtualBox</Computer><Security UserId="0"/></System><EventData><Data Name="RuleName">ProcessTerminate</Data><Data Name="UtcTime">2026-06-01 17:55:53.298</Data><Data Name="ProcessGuid">{491e8a99-c79e-6a1d-c18d-5a56c65b0000}</Data><Data Name="ProcessId">6450</Data><Data Name="Image">/usr/libexec/localsearch-extractor-3</Data><Data Name="User">bunny</Data></EventData></Event>
Jun 01 23:25:55 bunny-VirtualBox sysmon[1847]: <Event><System><Provider Name="Linux-Sysmon" Guid="{ff032593-a8d3-4f13-b0d6-01fc615a0f97}"/><EventID>5</EventID><Version>3</Version><Level>4</Level><Task>5</Task><Opcode>0</Opcode><Keywords>0x8000000000000000</Keywords><TimeCreated SystemTime="2026-06-01T17:55:55.680391000Z"/><EventRecordID>43551</EventRecordID><Correlation/><Execution ProcessID="1847" ThreadID="1847"/><Channel>Linux-Sysmon/Operational</Channel><Computer>bunny-VirtualBox</Computer><Security UserId="0"/></System><EventData><Data Name="RuleName">ProcessTerminate</Data><Data Name="UtcTime">2026-06-01 17:55:53.299</Data><Data Name="ProcessGuid">{491e8a99-c79e-6a1d-c18d-5a56c65b0000}</Data><Data Name="ProcessId">6450</Data><Data Name="Image">/usr/libexec/localsearch-extractor-3</Data><Data Name="User">bunny</Data></EventData></Event>
Jun 01 23:25:55 bunny-VirtualBox sysmon[1847]: <Event><System><Provider Name="Linux-Sysmon" Guid="{ff032593-a8d3-4f13-b0d6-01fc615a0f97}"/><EventID>5</EventID><Version>3</Version><Level>4</Level><Task>5</Task><Opcode>0</Opcode><Keywords>0x8000000000000000</Keywords><TimeCreated SystemTime="2026-06-01T17:55:55.680433000Z"/><EventRecordID>43552</EventRecordID><Correlation/><Execution ProcessID="1847" ThreadID="1847"/><Channel>Linux-Sysmon/Operational</Channel><Computer>bunny-VirtualBox</Computer><Security UserId="0"/></System><EventData><Data Name="RuleName">ProcessTerminate</Data><Data Name="UtcTime">2026-06-01 17:55:53.299</Data><Data Name="ProcessGuid">{491e8a99-c79e-6a1d-c18d-5a56c65b0000}</Data><Data Name="ProcessId">6450</Data><Data Name="Image">/usr/libexec/localsearch-extractor-3</Data><Data Name="User">bunny</Data></EventData></Event>
Jun 01 23:25:55 bunny-VirtualBox sysmon[1847]: <Event><System><Provider Name="Linux-Sysmon" Guid="{ff032593-a8d3-4f13-b0d6-01fc615a0f97}"/><EventID>5</EventID><Version>3</Version><Level>4</Level><Task>5</Task><Opcode>0</Opcode><Keywords>0x8000000000000000</Keywords><TimeCreated SystemTime="2026-06-01T17:55:55.680482000Z"/><EventRecordID>43553</EventRecordID><Correlation/><Execution ProcessID="1847" ThreadID="1847"/><Channel>Linux-Sysmon/Operational</Channel><Computer>bunny-VirtualBox</Computer><Security UserId="0"/></System><EventData><Data Name="RuleName">ProcessTerminate</Data><Data Name="UtcTime">2026-06-01 17:55:53.299</Data><Data Name="ProcessGuid">{491e8a99-c79e-6a1d-c18d-5a56c65b0000}</Data><Data Name="ProcessId">6450</Data><Data Name="Image">/usr/libexec/localsearch-extractor-3</Data><Data Name="User">bunny</Data></EventData></Event>
Jun 01 23:26:05 bunny-VirtualBox sysmon[1847]: <Event><System><Provider Name="Linux-Sysmon" Guid="{ff032593-a8d3-4f13-b0d6-01fc615a0f97}"/><EventID>5</EventID><Version>3</Version><Level>4</Level><Task>5</Task><Opcode>0</Opcode><Keywords>0x8000000000000000</Keywords><TimeCreated SystemTime="2026-06-01T17:56:05.507581000Z"/><EventRecordID>43554</EventRecordID><Correlation/><Execution ProcessID="1847" ThreadID="1847"/><Channel>Linux-Sysmon/Operational</Channel><Computer>bunny-VirtualBox</Computer><Security UserId="0"/></System><EventData><Data Name="RuleName">ProcessTerminate</Data><Data Name="UtcTime">2026-06-01 17:56:03.126</Data><Data Name="ProcessGuid">{491e8a99-c783-6a1d-a9d9-e55796600000}</Data><Data Name="ProcessId">6333</Data><Data Name="Image">/usr/bin/bwrap</Data><Data Name="User">bunny</Data></EventData></Event>
Jun 01 23:26:05 bunny-VirtualBox sysmon[1847]: <Event><System><Provider Name="Linux-Sysmon" Guid="{ff032593-a8d3-4f13-b0d6-01fc615a0f97}"/><EventID>5</EventID><Version>3</Version><Level>4</Level><Task>5</Task><Opcode>0</Opcode><Keywords>0x8000000000000000</Keywords><TimeCreated SystemTime="2026-06-01T17:56:05.509966000Z"/><EventRecordID>43555</EventRecordID><Correlation/><Execution ProcessID="1847" ThreadID="1847"/><Channel>Linux-Sysmon/Operational</Channel><Computer>bunny-VirtualBox</Computer><Security UserId="0"/></System><EventData><Data Name="RuleName">ProcessTerminate</Data><Data Name="UtcTime">2026-06-01 17:56:03.128</Data><Data Name="ProcessGuid">{491e8a99-c783-6a1d-a53f-42a0c3550000}</Data><Data Name="ProcessId">6346</Data><Data Name="Image">/newroot/usr/usr/libexec/glycin-loaders/2+/glycin-svg</Data><Data Name="User">bunny</Data></EventData></Event>
Jun 01 23:26:05 bunny-VirtualBox sysmon[1847]: <Event><System><Provider Name="Linux-Sysmon" Guid="{ff032593-a8d3-4f13-b0d6-01fc615a0f97}"/><EventID>5</EventID><Version>3</Version><Level>4</Level><Task>5</Task><Opcode>0</Opcode><Keywords>0x8000000000000000</Keywords><TimeCreated SystemTime="2026-06-01T17:56:05.510085000Z"/><EventRecordID>43556</EventRecordID><Correlation/><Execution ProcessID="1847" ThreadID="1847"/><Channel>Linux-Sysmon/Operational</Channel><Computer>bunny-VirtualBox</Computer><Security UserId="0"/></System><EventData><Data Name="RuleName">ProcessTerminate</Data><Data Name="UtcTime">2026-06-01 17:56:03.128</Data><Data Name="ProcessGuid">{491e8a99-c783-6a1d-a53f-42a0c3550000}</Data><Data Name="ProcessId">6346</Data><Data Name="Image">/newroot/usr/usr/libexec/glycin-loaders/2+/glycin-svg</Data><Data Name="User">bunny</Data></EventData></Event>
Jun 01 23:26:25 bunny-VirtualBox sysmon[1847]: <Event><System><Provider Name="Linux-Sysmon" Guid="{ff032593-a8d3-4f13-b0d6-01fc615a0f97}"/><EventID>1</EventID><Version>5</Version><Level>4</Level><Task>1</Task><Opcode>0</Opcode><Keywords>0x8000000000000000</Keywords><TimeCreated SystemTime="2026-06-01T17:56:25.146946000Z"/><EventRecordID>43557</EventRecordID><Correlation/><Execution ProcessID="1847" ThreadID="1847"/><Channel>Linux-Sysmon/Operational</Channel><Computer>bunny-VirtualBox</Computer><Security UserId="0"/></System><EventData><Data Name="RuleName">-</Data><Data Name="UtcTime">2026-06-01 17:56:22.715</Data><Data Name="ProcessGuid">{491e8a99-c7c6-6a1d-bd36-738fa95f0000}</Data><Data Name="ProcessId">6460</Data><Data Name="Image">/usr/lib/cargo/bin/coreutils/cat</Data><Data Name="FileVersion">-</Data><Data Name="Description">-</Data><Data Name="Product">-</Data><Data Name="Company">-</Data><Data Name="OriginalFileName">-</Data><Data Name="CommandLine">cat scenarios/rogue-http-server/updater.sh</Data><Data Name="CurrentDirectory">/home/bunny/Detection-Engineering-Lab</Data><Data Name="User">bunny</Data><Data Name="LogonGuid">{491e8a99-0000-0000-e803-000000000000}</Data><Data Name="LogonId">1000</Data><Data Name="TerminalSessionId">3</Data><Data Name="IntegrityLevel">no level</Data><Data Name="Hashes">MD5=2d313ecc9fc058f6e0758abe00c0f6e8,SHA256=48893b0fb21436b54619db80486e83ef39dfccaf1aefe83dfa00c02d6146e8c0</Data><Data Name="ParentProcessGuid">{00000000-0000-0000-0000-000000000000}</Data><Data Name="ParentProcessId">5227</Data><Data Name="ParentImage">-</Data><Data Name="ParentCommandLine">-</Data><Data Name="ParentUser">-</Data></EventData></Event>
Jun 01 23:26:25 bunny-VirtualBox sysmon[1847]: <Event><System><Provider Name="Linux-Sysmon" Guid="{ff032593-a8d3-4f13-b0d6-01fc615a0f97}"/><EventID>5</EventID><Version>3</Version><Level>4</Level><Task>5</Task><Opcode>0</Opcode><Keywords>0x8000000000000000</Keywords><TimeCreated SystemTime="2026-06-01T17:56:25.147545000Z"/><EventRecordID>43558</EventRecordID><Correlation/><Execution ProcessID="1847" ThreadID="1847"/><Channel>Linux-Sysmon/Operational</Channel><Computer>bunny-VirtualBox</Computer><Security UserId="0"/></System><EventData><Data Name="RuleName">ProcessTerminate</Data><Data Name="UtcTime">2026-06-01 17:56:22.723</Data><Data Name="ProcessGuid">{491e8a99-c7c6-6a1d-bd36-738fa95f0000}</Data><Data Name="ProcessId">6460</Data><Data Name="Image">/usr/lib/cargo/bin/coreutils/cat</Data><Data Name="User">bunny</Data></EventData></Event>
Jun 01 23:26:25 bunny-VirtualBox sysmon[1847]: <Event><System><Provider Name="Linux-Sysmon" Guid="{ff032593-a8d3-4f13-b0d6-01fc615a0f97}"/><EventID>1</EventID><Version>5</Version><Level>4</Level><Task>1</Task><Opcode>0</Opcode><Keywords>0x8000000000000000</Keywords><TimeCreated SystemTime="2026-06-01T17:56:25.147782000Z"/><EventRecordID>43559</EventRecordID><Correlation/><Execution ProcessID="1847" ThreadID="1847"/><Channel>Linux-Sysmon/Operational</Channel><Computer>bunny-VirtualBox</Computer><Security UserId="0"/></System><EventData><Data Name="RuleName">-</Data><Data Name="UtcTime">2026-06-01 17:56:22.726</Data><Data Name="ProcessGuid">{491e8a99-c7c6-6a1d-b9d2-3af163560000}</Data><Data Name="ProcessId">6461</Data><Data Name="Image">/usr/libexec/vte-urlencode-cwd</Data><Data Name="FileVersion">-</Data><Data Name="Description">-</Data><Data Name="Product">-</Data><Data Name="Company">-</Data><Data Name="OriginalFileName">-</Data><Data Name="CommandLine">/usr/libexec/vte-urlencode-cwd</Data><Data Name="CurrentDirectory">/home/bunny/Detection-Engineering-Lab</Data><Data Name="User">bunny</Data><Data Name="LogonGuid">{491e8a99-0000-0000-e803-000000000000}</Data><Data Name="LogonId">1000</Data><Data Name="TerminalSessionId">3</Data><Data Name="IntegrityLevel">no level</Data><Data Name="Hashes">MD5=0a8eaf3d8534c4c31b78a3c99f4c06dd,SHA256=f84ab2db1e733a0f4ae51d718f2c78605955145e9e062bf5f173050987950dea</Data><Data Name="ParentProcessGuid">{00000000-0000-0000-0000-000000000000}</Data><Data Name="ParentProcessId">5227</Data><Data Name="ParentImage">-</Data><Data Name="ParentCommandLine">-</Data><Data Name="ParentUser">-</Data></EventData></Event>
Jun 01 23:26:25 bunny-VirtualBox sysmon[1847]: <Event><System><Provider Name="Linux-Sysmon" Guid="{ff032593-a8d3-4f13-b0d6-01fc615a0f97}"/><EventID>5</EventID><Version>3</Version><Level>4</Level><Task>5</Task><Opcode>0</Opcode><Keywords>0x8000000000000000</Keywords><TimeCreated SystemTime="2026-06-01T17:56:25.147834000Z"/><EventRecordID>43560</EventRecordID><Correlation/><Execution ProcessID="1847" ThreadID="1847"/><Channel>Linux-Sysmon/Operational</Channel><Computer>bunny-VirtualBox</Computer><Security UserId="0"/></System><EventData><Data Name="RuleName">ProcessTerminate</Data><Data Name="UtcTime">2026-06-01 17:56:22.735</Data><Data Name="ProcessGuid">{491e8a99-c7c6-6a1d-b9d2-3af163560000}</Data><Data Name="ProcessId">6461</Data><Data Name="Image">/usr/libexec/vte-urlencode-cwd</Data><Data Name="User">bunny</Data></EventData></Event>
Jun 01 23:26:56 bunny-VirtualBox sysmon[1847]: <Event><System><Provider Name="Linux-Sysmon" Guid="{ff032593-a8d3-4f13-b0d6-01fc615a0f97}"/><EventID>1</EventID><Version>5</Version><Level>4</Level><Task>1</Task><Opcode>0</Opcode><Keywords>0x8000000000000000</Keywords><TimeCreated SystemTime="2026-06-01T17:56:56.171038000Z"/><EventRecordID>43561</EventRecordID><Correlation/><Execution ProcessID="1847" ThreadID="1847"/><Channel>Linux-Sysmon/Operational</Channel><Computer>bunny-VirtualBox</Computer><Security UserId="0"/></System><EventData><Data Name="RuleName">-</Data><Data Name="UtcTime">2026-06-01 17:56:53.783</Data><Data Name="ProcessGuid">{491e8a99-c7e5-6a1d-c11d-8f543c560000}</Data><Data Name="ProcessId">6465</Data><Data Name="Image">/usr/libexec/localsearch-extractor-3</Data><Data Name="FileVersion">-</Data><Data Name="Description">-</Data><Data Name="Product">-</Data><Data Name="Company">-</Data><Data Name="OriginalFileName">-</Data><Data Name="CommandLine">/usr/libexec/localsearch-extractor-3 --socket-fd 3</Data><Data Name="CurrentDirectory">/home/bunny</Data><Data Name="User">bunny</Data><Data Name="LogonGuid">{491e8a99-0000-0000-e803-000000000000}</Data><Data Name="LogonId">1000</Data><Data Name="TerminalSessionId">3</Data><Data Name="IntegrityLevel">no level</Data><Data Name="Hashes">MD5=ff1c449aaae63b839439a808028e2711,SHA256=238b38af61828752dfa64c5962c84cca919531dbb171b3e71adbadf1f7ef8e58</Data><Data Name="ParentProcessGuid">{00000000-0000-0000-0000-000000000000}</Data><Data Name="ParentProcessId">3559</Data><Data Name="ParentImage">-</Data><Data Name="ParentCommandLine">-</Data><Data Name="ParentUser">-</Data></EventData></Event>
Jun 01 23:27:06 bunny-VirtualBox sysmon[1847]: <Event><System><Provider Name="Linux-Sysmon" Guid="{ff032593-a8d3-4f13-b0d6-01fc615a0f97}"/><EventID>5</EventID><Version>3</Version><Level>4</Level><Task>5</Task><Opcode>0</Opcode><Keywords>0x8000000000000000</Keywords><TimeCreated SystemTime="2026-06-01T17:57:06.681888000Z"/><EventRecordID>43562</EventRecordID><Correlation/><Execution ProcessID="1847" ThreadID="1847"/><Channel>Linux-Sysmon/Operational</Channel><Computer>bunny-VirtualBox</Computer><Security UserId="0"/></System><EventData><Data Name="RuleName">ProcessTerminate</Data><Data Name="UtcTime">2026-06-01 17:57:04.300</Data><Data Name="ProcessGuid">{491e8a99-c7e5-6a1d-c11d-8f543c560000}</Data><Data Name="ProcessId">6465</Data><Data Name="Image">/usr/libexec/localsearch-extractor-3</Data><Data Name="User">bunny</Data></EventData></Event>
Jun 01 23:27:06 bunny-VirtualBox sysmon[1847]: <Event><System><Provider Name="Linux-Sysmon" Guid="{ff032593-a8d3-4f13-b0d6-01fc615a0f97}"/><EventID>5</EventID><Version>3</Version><Level>4</Level><Task>5</Task><Opcode>0</Opcode><Keywords>0x8000000000000000</Keywords><TimeCreated SystemTime="2026-06-01T17:57:06.683858000Z"/><EventRecordID>43563</EventRecordID><Correlation/><Execution ProcessID="1847" ThreadID="1847"/><Channel>Linux-Sysmon/Operational</Channel><Computer>bunny-VirtualBox</Computer><Security UserId="0"/></System><EventData><Data Name="RuleName">ProcessTerminate</Data><Data Name="UtcTime">2026-06-01 17:57:04.302</Data><Data Name="ProcessGuid">{491e8a99-c7e5-6a1d-c11d-8f543c560000}</Data><Data Name="ProcessId">6465</Data><Data Name="Image">/usr/libexec/localsearch-extractor-3</Data><Data Name="User">bunny</Data></EventData></Event>
Jun 01 23:27:06 bunny-VirtualBox sysmon[1847]: <Event><System><Provider Name="Linux-Sysmon" Guid="{ff032593-a8d3-4f13-b0d6-01fc615a0f97}"/><EventID>5</EventID><Version>3</Version><Level>4</Level><Task>5</Task><Opcode>0</Opcode><Keywords>0x8000000000000000</Keywords><TimeCreated SystemTime="2026-06-01T17:57:06.684027000Z"/><EventRecordID>43564</EventRecordID><Correlation/><Execution ProcessID="1847" ThreadID="1847"/><Channel>Linux-Sysmon/Operational</Channel><Computer>bunny-VirtualBox</Computer><Security UserId="0"/></System><EventData><Data Name="RuleName">ProcessTerminate</Data><Data Name="UtcTime">2026-06-01 17:57:04.302</Data><Data Name="ProcessGuid">{491e8a99-c7e5-6a1d-c11d-8f543c560000}</Data><Data Name="ProcessId">6465</Data><Data Name="Image">/usr/libexec/localsearch-extractor-3</Data><Data Name="User">bunny</Data></EventData></Event>
Jun 01 23:27:06 bunny-VirtualBox sysmon[1847]: <Event><System><Provider Name="Linux-Sysmon" Guid="{ff032593-a8d3-4f13-b0d6-01fc615a0f97}"/><EventID>5</EventID><Version>3</Version><Level>4</Level><Task>5</Task><Opcode>0</Opcode><Keywords>0x8000000000000000</Keywords><TimeCreated SystemTime="2026-06-01T17:57:06.684520000Z"/><EventRecordID>43565</EventRecordID><Correlation/><Execution ProcessID="1847" ThreadID="1847"/><Channel>Linux-Sysmon/Operational</Channel><Computer>bunny-VirtualBox</Computer><Security UserId="0"/></System><EventData><Data Name="RuleName">ProcessTerminate</Data><Data Name="UtcTime">2026-06-01 17:57:04.303</Data><Data Name="ProcessGuid">{491e8a99-c7e5-6a1d-c11d-8f543c560000}</Data><Data Name="ProcessId">6465</Data><Data Name="Image">/usr/libexec/localsearch-extractor-3</Data><Data Name="User">bunny</Data></EventData></Event>
Jun 01 23:27:06 bunny-VirtualBox sysmon[1847]: <Event><System><Provider Name="Linux-Sysmon" Guid="{ff032593-a8d3-4f13-b0d6-01fc615a0f97}"/><EventID>5</EventID><Version>3</Version><Level>4</Level><Task>5</Task><Opcode>0</Opcode><Keywords>0x8000000000000000</Keywords><TimeCreated SystemTime="2026-06-01T17:57:06.684773000Z"/><EventRecordID>43566</EventRecordID><Correlation/><Execution ProcessID="1847" ThreadID="1847"/><Channel>Linux-Sysmon/Operational</Channel><Computer>bunny-VirtualBox</Computer><Security UserId="0"/></System><EventData><Data Name="RuleName">ProcessTerminate</Data><Data Name="UtcTime">2026-06-01 17:57:04.303</Data><Data Name="ProcessGuid">{491e8a99-c7e5-6a1d-c11d-8f543c560000}</Data><Data Name="ProcessId">6465</Data><Data Name="Image">/usr/libexec/localsearch-extractor-3</Data><Data Name="User">bunny</Data></EventData></Event>
Jun 01 23:27:06 bunny-VirtualBox sysmon[1847]: <Event><System><Provider Name="Linux-Sysmon" Guid="{ff032593-a8d3-4f13-b0d6-01fc615a0f97}"/><EventID>5</EventID><Version>3</Version><Level>4</Level><Task>5</Task><Opcode>0</Opcode><Keywords>0x8000000000000000</Keywords><TimeCreated SystemTime="2026-06-01T17:57:06.685832000Z"/><EventRecordID>43567</EventRecordID><Correlation/><Execution ProcessID="1847" ThreadID="1847"/><Channel>Linux-Sysmon/Operational</Channel><Computer>bunny-VirtualBox</Computer><Security UserId="0"/></System><EventData><Data Name="RuleName">ProcessTerminate</Data><Data Name="UtcTime">2026-06-01 17:57:04.304</Data><Data Name="ProcessGuid">{491e8a99-c7e5-6a1d-c11d-8f543c560000}</Data><Data Name="ProcessId">6465</Data><Data Name="Image">/usr/libexec/localsearch-extractor-3</Data><Data Name="User">bunny</Data></EventData></Event>
Jun 01 23:27:48 bunny-VirtualBox sysmon[1847]: <Event><System><Provider Name="Linux-Sysmon" Guid="{ff032593-a8d3-4f13-b0d6-01fc615a0f97}"/><EventID>1</EventID><Version>5</Version><Level>4</Level><Task>1</Task><Opcode>0</Opcode><Keywords>0x8000000000000000</Keywords><TimeCreated SystemTime="2026-06-01T17:57:48.189711000Z"/><EventRecordID>43568</EventRecordID><Correlation/><Execution ProcessID="1847" ThreadID="1847"/><Channel>Linux-Sysmon/Operational</Channel><Computer>bunny-VirtualBox</Computer><Security UserId="0"/></System><EventData><Data Name="RuleName">-</Data><Data Name="UtcTime">2026-06-01 17:57:45.803</Data><Data Name="ProcessGuid">{491e8a99-c819-6a1d-c13d-9021175e0000}</Data><Data Name="ProcessId">6478</Data><Data Name="Image">/usr/libexec/localsearch-extractor-3</Data><Data Name="FileVersion">-</Data><Data Name="Description">-</Data><Data Name="Product">-</Data><Data Name="Company">-</Data><Data Name="OriginalFileName">-</Data><Data Name="CommandLine">/usr/libexec/localsearch-extractor-3 --socket-fd 3</Data><Data Name="CurrentDirectory">/home/bunny</Data><Data Name="User">bunny</Data><Data Name="LogonGuid">{491e8a99-0000-0000-e803-000000000000}</Data><Data Name="LogonId">1000</Data><Data Name="TerminalSessionId">3</Data><Data Name="IntegrityLevel">no level</Data><Data Name="Hashes">MD5=ff1c449aaae63b839439a808028e2711,SHA256=238b38af61828752dfa64c5962c84cca919531dbb171b3e71adbadf1f7ef8e58</Data><Data Name="ParentProcessGuid">{00000000-0000-0000-0000-000000000000}</Data><Data Name="ParentProcessId">3559</Data><Data Name="ParentImage">-</Data><Data Name="ParentCommandLine">-</Data><Data Name="ParentUser">-</Data></EventData></Event>
Jun 01 23:27:58 bunny-VirtualBox sysmon[1847]: <Event><System><Provider Name="Linux-Sysmon" Guid="{ff032593-a8d3-4f13-b0d6-01fc615a0f97}"/><EventID>5</EventID><Version>3</Version><Level>4</Level><Task>5</Task><Opcode>0</Opcode><Keywords>0x8000000000000000</Keywords><TimeCreated SystemTime="2026-06-01T17:57:58.658027000Z"/><EventRecordID>43569</EventRecordID><Correlation/><Execution ProcessID="1847" ThreadID="1847"/><Channel>Linux-Sysmon/Operational</Channel><Computer>bunny-VirtualBox</Computer><Security UserId="0"/></System><EventData><Data Name="RuleName">ProcessTerminate</Data><Data Name="UtcTime">2026-06-01 17:57:56.276</Data><Data Name="ProcessGuid">{491e8a99-c819-6a1d-c13d-9021175e0000}</Data><Data Name="ProcessId">6478</Data><Data Name="Image">/usr/libexec/localsearch-extractor-3</Data><Data Name="User">bunny</Data></EventData></Event>
Jun 01 23:27:58 bunny-VirtualBox sysmon[1847]: <Event><System><Provider Name="Linux-Sysmon" Guid="{ff032593-a8d3-4f13-b0d6-01fc615a0f97}"/><EventID>5</EventID><Version>3</Version><Level>4</Level><Task>5</Task><Opcode>0</Opcode><Keywords>0x8000000000000000</Keywords><TimeCreated SystemTime="2026-06-01T17:57:58.660531000Z"/><EventRecordID>43570</EventRecordID><Correlation/><Execution ProcessID="1847" ThreadID="1847"/><Channel>Linux-Sysmon/Operational</Channel><Computer>bunny-VirtualBox</Computer><Security UserId="0"/></System><EventData><Data Name="RuleName">ProcessTerminate</Data><Data Name="UtcTime">2026-06-01 17:57:56.278</Data><Data Name="ProcessGuid">{491e8a99-c819-6a1d-c13d-9021175e0000}</Data><Data Name="ProcessId">6478</Data><Data Name="Image">/usr/libexec/localsearch-extractor-3</Data><Data Name="User">bunny</Data></EventData></Event>
Jun 01 23:27:58 bunny-VirtualBox sysmon[1847]: <Event><System><Provider Name="Linux-Sysmon" Guid="{ff032593-a8d3-4f13-b0d6-01fc615a0f97}"/><EventID>5</EventID><Version>3</Version><Level>4</Level><Task>5</Task><Opcode>0</Opcode><Keywords>0x8000000000000000</Keywords><TimeCreated SystemTime="2026-06-01T17:57:58.660631000Z"/><EventRecordID>43571</EventRecordID><Correlation/><Execution ProcessID="1847" ThreadID="1847"/><Channel>Linux-Sysmon/Operational</Channel><Computer>bunny-VirtualBox</Computer><Security UserId="0"/></System><EventData><Data Name="RuleName">ProcessTerminate</Data><Data Name="UtcTime">2026-06-01 17:57:56.278</Data><Data Name="ProcessGuid">{491e8a99-c819-6a1d-c13d-9021175e0000}</Data><Data Name="ProcessId">6478</Data><Data Name="Image">/usr/libexec/localsearch-extractor-3</Data><Data Name="User">bunny</Data></EventData></Event>
Jun 01 23:27:58 bunny-VirtualBox sysmon[1847]: <Event><System><Provider Name="Linux-Sysmon" Guid="{ff032593-a8d3-4f13-b0d6-01fc615a0f97}"/><EventID>5</EventID><Version>3</Version><Level>4</Level><Task>5</Task><Opcode>0</Opcode><Keywords>0x8000000000000000</Keywords><TimeCreated SystemTime="2026-06-01T17:57:58.660678000Z"/><EventRecordID>43572</EventRecordID><Correlation/><Execution ProcessID="1847" ThreadID="1847"/><Channel>Linux-Sysmon/Operational</Channel><Computer>bunny-VirtualBox</Computer><Security UserId="0"/></System><EventData><Data Name="RuleName">ProcessTerminate</Data><Data Name="UtcTime">2026-06-01 17:57:56.278</Data><Data Name="ProcessGuid">{491e8a99-c819-6a1d-c13d-9021175e0000}</Data><Data Name="ProcessId">6478</Data><Data Name="Image">/usr/libexec/localsearch-extractor-3</Data><Data Name="User">bunny</Data></EventData></Event>
Jun 01 23:27:58 bunny-VirtualBox sysmon[1847]: <Event><System><Provider Name="Linux-Sysmon" Guid="{ff032593-a8d3-4f13-b0d6-01fc615a0f97}"/><EventID>5</EventID><Version>3</Version><Level>4</Level><Task>5</Task><Opcode>0</Opcode><Keywords>0x8000000000000000</Keywords><TimeCreated SystemTime="2026-06-01T17:57:58.660717000Z"/><EventRecordID>43573</EventRecordID><Correlation/><Execution ProcessID="1847" ThreadID="1847"/><Channel>Linux-Sysmon/Operational</Channel><Computer>bunny-VirtualBox</Computer><Security UserId="0"/></System><EventData><Data Name="RuleName">ProcessTerminate</Data><Data Name="UtcTime">2026-06-01 17:57:56.279</Data><Data Name="ProcessGuid">{491e8a99-c819-6a1d-c13d-9021175e0000}</Data><Data Name="ProcessId">6478</Data><Data Name="Image">/usr/libexec/localsearch-extractor-3</Data><Data Name="User">bunny</Data></EventData></Event>
Jun 01 23:27:58 bunny-VirtualBox sysmon[1847]: <Event><System><Provider Name="Linux-Sysmon" Guid="{ff032593-a8d3-4f13-b0d6-01fc615a0f97}"/><EventID>5</EventID><Version>3</Version><Level>4</Level><Task>5</Task><Opcode>0</Opcode><Keywords>0x8000000000000000</Keywords><TimeCreated SystemTime="2026-06-01T17:57:58.662016000Z"/><EventRecordID>43574</EventRecordID><Correlation/><Execution ProcessID="1847" ThreadID="1847"/><Channel>Linux-Sysmon/Operational</Channel><Computer>bunny-VirtualBox</Computer><Security UserId="0"/></System><EventData><Data Name="RuleName">ProcessTerminate</Data><Data Name="UtcTime">2026-06-01 17:57:56.280</Data><Data Name="ProcessGuid">{491e8a99-c819-6a1d-c13d-9021175e0000}</Data><Data Name="ProcessId">6478</Data><Data Name="Image">/usr/libexec/localsearch-extractor-3</Data><Data Name="User">bunny</Data></EventData></Event>
Jun 01 23:28:07 bunny-VirtualBox sysmon[1847]: <Event><System><Provider Name="Linux-Sysmon" Guid="{ff032593-a8d3-4f13-b0d6-01fc615a0f97}"/><EventID>1</EventID><Version>5</Version><Level>4</Level><Task>1</Task><Opcode>0</Opcode><Keywords>0x8000000000000000</Keywords><TimeCreated SystemTime="2026-06-01T17:58:07.796085000Z"/><EventRecordID>43575</EventRecordID><Correlation/><Execution ProcessID="1847" ThreadID="1847"/><Channel>Linux-Sysmon/Operational</Channel><Computer>bunny-VirtualBox</Computer><Security UserId="0"/></System><EventData><Data Name="RuleName">-</Data><Data Name="UtcTime">2026-06-01 17:58:05.342</Data><Data Name="ProcessGuid">{491e8a99-c82d-6a1d-bdd6-8fb85e5f0000}</Data><Data Name="ProcessId">6486</Data><Data Name="Image">/usr/lib/cargo/bin/coreutils/cat</Data><Data Name="FileVersion">-</Data><Data Name="Description">-</Data><Data Name="Product">-</Data><Data Name="Company">-</Data><Data Name="OriginalFileName">-</Data><Data Name="CommandLine">cat logs/rogue-http-server/listening_ports.txt</Data><Data Name="CurrentDirectory">/home/bunny/Detection-Engineering-Lab</Data><Data Name="User">bunny</Data><Data Name="LogonGuid">{491e8a99-0000-0000-e803-000000000000}</Data><Data Name="LogonId">1000</Data><Data Name="TerminalSessionId">3</Data><Data Name="IntegrityLevel">no level</Data><Data Name="Hashes">MD5=2d313ecc9fc058f6e0758abe00c0f6e8,SHA256=48893b0fb21436b54619db80486e83ef39dfccaf1aefe83dfa00c02d6146e8c0</Data><Data Name="ParentProcessGuid">{00000000-0000-0000-0000-000000000000}</Data><Data Name="ParentProcessId">5227</Data><Data Name="ParentImage">-</Data><Data Name="ParentCommandLine">-</Data><Data Name="ParentUser">-</Data></EventData></Event>
Jun 01 23:28:07 bunny-VirtualBox sysmon[1847]: <Event><System><Provider Name="Linux-Sysmon" Guid="{ff032593-a8d3-4f13-b0d6-01fc615a0f97}"/><EventID>5</EventID><Version>3</Version><Level>4</Level><Task>5</Task><Opcode>0</Opcode><Keywords>0x8000000000000000</Keywords><TimeCreated SystemTime="2026-06-01T17:58:07.804517000Z"/><EventRecordID>43576</EventRecordID><Correlation/><Execution ProcessID="1847" ThreadID="1847"/><Channel>Linux-Sysmon/Operational</Channel><Computer>bunny-VirtualBox</Computer><Security UserId="0"/></System><EventData><Data Name="RuleName">ProcessTerminate</Data><Data Name="UtcTime">2026-06-01 17:58:05.367</Data><Data Name="ProcessGuid">{491e8a99-c82d-6a1d-bdd6-8fb85e5f0000}</Data><Data Name="ProcessId">6486</Data><Data Name="Image">/usr/lib/cargo/bin/coreutils/cat</Data><Data Name="User">bunny</Data></EventData></Event>
Jun 01 23:28:07 bunny-VirtualBox sysmon[1847]: <Event><System><Provider Name="Linux-Sysmon" Guid="{ff032593-a8d3-4f13-b0d6-01fc615a0f97}"/><EventID>1</EventID><Version>5</Version><Level>4</Level><Task>1</Task><Opcode>0</Opcode><Keywords>0x8000000000000000</Keywords><TimeCreated SystemTime="2026-06-01T17:58:07.806045000Z"/><EventRecordID>43577</EventRecordID><Correlation/><Execution ProcessID="1847" ThreadID="1847"/><Channel>Linux-Sysmon/Operational</Channel><Computer>bunny-VirtualBox</Computer><Security UserId="0"/></System><EventData><Data Name="RuleName">-</Data><Data Name="UtcTime">2026-06-01 17:58:05.370</Data><Data Name="ProcessGuid">{491e8a99-c82d-6a1d-b9c2-8cb33f560000}</Data><Data Name="ProcessId">6487</Data><Data Name="Image">/usr/libexec/vte-urlencode-cwd</Data><Data Name="FileVersion">-</Data><Data Name="Description">-</Data><Data Name="Product">-</Data><Data Name="Company">-</Data><Data Name="OriginalFileName">-</Data><Data Name="CommandLine">/usr/libexec/vte-urlencode-cwd</Data><Data Name="CurrentDirectory">/home/bunny/Detection-Engineering-Lab</Data><Data Name="User">bunny</Data><Data Name="LogonGuid">{491e8a99-0000-0000-e803-000000000000}</Data><Data Name="LogonId">1000</Data><Data Name="TerminalSessionId">3</Data><Data Name="IntegrityLevel">no level</Data><Data Name="Hashes">MD5=0a8eaf3d8534c4c31b78a3c99f4c06dd,SHA256=f84ab2db1e733a0f4ae51d718f2c78605955145e9e062bf5f173050987950dea</Data><Data Name="ParentProcessGuid">{00000000-0000-0000-0000-000000000000}</Data><Data Name="ParentProcessId">5227</Data><Data Name="ParentImage">-</Data><Data Name="ParentCommandLine">-</Data><Data Name="ParentUser">-</Data></EventData></Event>
Jun 01 23:28:07 bunny-VirtualBox sysmon[1847]: <Event><System><Provider Name="Linux-Sysmon" Guid="{ff032593-a8d3-4f13-b0d6-01fc615a0f97}"/><EventID>5</EventID><Version>3</Version><Level>4</Level><Task>5</Task><Opcode>0</Opcode><Keywords>0x8000000000000000</Keywords><TimeCreated SystemTime="2026-06-01T17:58:07.806130000Z"/><EventRecordID>43578</EventRecordID><Correlation/><Execution ProcessID="1847" ThreadID="1847"/><Channel>Linux-Sysmon/Operational</Channel><Computer>bunny-VirtualBox</Computer><Security UserId="0"/></System><EventData><Data Name="RuleName">ProcessTerminate</Data><Data Name="UtcTime">2026-06-01 17:58:05.376</Data><Data Name="ProcessGuid">{491e8a99-c82d-6a1d-b9c2-8cb33f560000}</Data><Data Name="ProcessId">6487</Data><Data Name="Image">/usr/libexec/vte-urlencode-cwd</Data><Data Name="User">bunny</Data></EventData></Event>
Jun 01 23:28:32 bunny-VirtualBox sysmon[1847]: <Event><System><Provider Name="Linux-Sysmon" Guid="{ff032593-a8d3-4f13-b0d6-01fc615a0f97}"/><EventID>3</EventID><Version>5</Version><Level>4</Level><Task>3</Task><Opcode>0</Opcode><Keywords>0x8000000000000000</Keywords><TimeCreated SystemTime="2026-06-01T17:58:32.370962000Z"/><EventRecordID>43579</EventRecordID><Correlation/><Execution ProcessID="1847" ThreadID="1847"/><Channel>Linux-Sysmon/Operational</Channel><Computer>bunny-VirtualBox</Computer><Security UserId="0"/></System><EventData><Data Name="RuleName">-</Data><Data Name="UtcTime">2026-06-01 17:58:29.989</Data><Data Name="ProcessGuid">{491e8a99-b6e6-6a1d-4d83-3ab6c95f0000}</Data><Data Name="ProcessId">1432</Data><Data Name="Image">/usr/sbin/NetworkManager</Data><Data Name="User">root</Data><Data Name="Protocol">tcp</Data><Data Name="Initiated">true</Data><Data Name="SourceIsIpv6">false</Data><Data Name="SourceIp">10.0.2.15</Data><Data Name="SourceHostname">-</Data><Data Name="SourcePort">35390</Data><Data Name="SourcePortName">-</Data><Data Name="DestinationIsIpv6">false</Data><Data Name="DestinationIp">185.125.190.100</Data><Data Name="DestinationHostname">-</Data><Data Name="DestinationPort">80</Data><Data Name="DestinationPortName">-</Data></EventData></Event>
Jun 01 23:28:34 bunny-VirtualBox sysmon[1847]: <Event><System><Provider Name="Linux-Sysmon" Guid="{ff032593-a8d3-4f13-b0d6-01fc615a0f97}"/><EventID>3</EventID><Version>5</Version><Level>4</Level><Task>3</Task><Opcode>0</Opcode><Keywords>0x8000000000000000</Keywords><TimeCreated SystemTime="2026-06-01T17:58:34.828381000Z"/><EventRecordID>43580</EventRecordID><Correlation/><Execution ProcessID="1847" ThreadID="1847"/><Channel>Linux-Sysmon/Operational</Channel><Computer>bunny-VirtualBox</Computer><Security UserId="0"/></System><EventData><Data Name="RuleName">-</Data><Data Name="UtcTime">2026-06-01 17:58:32.446</Data><Data Name="ProcessGuid">{491e8a99-b6e6-6a1d-4d83-3ab6c95f0000}</Data><Data Name="ProcessId">1432</Data><Data Name="Image">/usr/sbin/NetworkManager</Data><Data Name="User">root</Data><Data Name="Protocol">tcp</Data><Data Name="Initiated">true</Data><Data Name="SourceIsIpv6">true</Data><Data Name="SourceIp">fd17:625c:f037:2:a00:27ff:fee9:32fd</Data><Data Name="SourceHostname">-</Data><Data Name="SourcePort">53678</Data><Data Name="SourcePortName">-</Data><Data Name="DestinationIsIpv6">true</Data><Data Name="DestinationIp">2620:2d:4002:1:0:0:0:198</Data><Data Name="DestinationHostname">-</Data><Data Name="DestinationPort">80</Data><Data Name="DestinationPortName">-</Data></EventData></Event>
