Jun 01 23:10:49 bunny-VirtualBox sysmon[1847]: <Event><System><Provider Name="Linux-Sysmon" Guid="{ff032593-a8d3-4f13-b0d6-01fc615a0f97}"/><EventID>5</EventID><Version>3</Version><Level>4</Level><Task>5</Task><Opcode>0</Opcode><Keywords>0x8000000000000000</Keywords><TimeCreated SystemTime="2026-06-01T17:40:49.507540000Z"/><EventRecordID>43317</EventRecordID><Correlation/><Execution ProcessID="1847" ThreadID="1847"/><Channel>Linux-Sysmon/Operational</Channel><Computer>bunny-VirtualBox</Computer><Security UserId="0"/></System><EventData><Data Name="RuleName">ProcessTerminate</Data><Data Name="UtcTime">2026-06-01 17:40:47.124</Data><Data Name="ProcessGuid">{491e8a99-c401-6a1d-a51f-49ec9c640000}</Data><Data Name="ProcessId">6026</Data><Data Name="Image">/newroot/usr/usr/libexec/glycin-loaders/2+/glycin-svg</Data><Data Name="User">bunny</Data></EventData></Event>
Jun 01 23:10:49 bunny-VirtualBox sysmon[1847]: <Event><System><Provider Name="Linux-Sysmon" Guid="{ff032593-a8d3-4f13-b0d6-01fc615a0f97}"/><EventID>5</EventID><Version>3</Version><Level>4</Level><Task>5</Task><Opcode>0</Opcode><Keywords>0x8000000000000000</Keywords><TimeCreated SystemTime="2026-06-01T17:40:49.507621000Z"/><EventRecordID>43318</EventRecordID><Correlation/><Execution ProcessID="1847" ThreadID="1847"/><Channel>Linux-Sysmon/Operational</Channel><Computer>bunny-VirtualBox</Computer><Security UserId="0"/></System><EventData><Data Name="RuleName">ProcessTerminate</Data><Data Name="UtcTime">2026-06-01 17:40:47.125</Data><Data Name="ProcessGuid">{491e8a99-c401-6a1d-a51f-49ec9c640000}</Data><Data Name="ProcessId">6026</Data><Data Name="Image">/newroot/usr/usr/libexec/glycin-loaders/2+/glycin-svg</Data><Data Name="User">bunny</Data></EventData></Event>
Jun 01 23:11:16 bunny-VirtualBox sysmon[1847]: <Event><System><Provider Name="Linux-Sysmon" Guid="{ff032593-a8d3-4f13-b0d6-01fc615a0f97}"/><EventID>1</EventID><Version>5</Version><Level>4</Level><Task>1</Task><Opcode>0</Opcode><Keywords>0x8000000000000000</Keywords><TimeCreated SystemTime="2026-06-01T17:41:16.949053000Z"/><EventRecordID>43319</EventRecordID><Correlation/><Execution ProcessID="1847" ThreadID="1847"/><Channel>Linux-Sysmon/Operational</Channel><Computer>bunny-VirtualBox</Computer><Security UserId="0"/></System><EventData><Data Name="RuleName">-</Data><Data Name="UtcTime">2026-06-01 17:41:14.541</Data><Data Name="ProcessGuid">{491e8a99-c43a-6a1d-8176-7a0000000000}</Data><Data Name="ProcessId">6039</Data><Data Name="Image">/usr/bin/python3.14</Data><Data Name="FileVersion">-</Data><Data Name="Description">-</Data><Data Name="Product">-</Data><Data Name="Company">-</Data><Data Name="OriginalFileName">-</Data><Data Name="CommandLine">python3 -m http.server 8000</Data><Data Name="CurrentDirectory">/home/bunny/Detection-Engineering-Lab/scenarios/rogue-http-server</Data><Data Name="User">bunny</Data><Data Name="LogonGuid">{491e8a99-0000-0000-e803-000001000000}</Data><Data Name="LogonId">1000</Data><Data Name="TerminalSessionId">3</Data><Data Name="IntegrityLevel">no level</Data><Data Name="Hashes">MD5=852e526b26d54d5727a66362048a9137,SHA256=fa9796cd3a30878e11a2f40372f773d3fcd913fff35e5bee8dd9a036e22e93ab</Data><Data Name="ParentProcessGuid">{00000000-0000-0000-0000-000000000000}</Data><Data Name="ParentProcessId">5862</Data><Data Name="ParentImage">-</Data><Data Name="ParentCommandLine">-</Data><Data Name="ParentUser">-</Data></EventData></Event>
Jun 01 23:11:44 bunny-VirtualBox sysmon[1847]: <Event><System><Provider Name="Linux-Sysmon" Guid="{ff032593-a8d3-4f13-b0d6-01fc615a0f97}"/><EventID>1</EventID><Version>5</Version><Level>4</Level><Task>1</Task><Opcode>0</Opcode><Keywords>0x8000000000000000</Keywords><TimeCreated SystemTime="2026-06-01T17:41:44.407553000Z"/><EventRecordID>43320</EventRecordID><Correlation/><Execution ProcessID="1847" ThreadID="1847"/><Channel>Linux-Sysmon/Operational</Channel><Computer>bunny-VirtualBox</Computer><Security UserId="0"/></System><EventData><Data Name="RuleName">-</Data><Data Name="UtcTime">2026-06-01 17:41:42.025</Data><Data Name="ProcessGuid">{491e8a99-c456-6a1d-a14c-995570640000}</Data><Data Name="ProcessId">6045</Data><Data Name="Image">/usr/bin/ss</Data><Data Name="FileVersion">-</Data><Data Name="Description">-</Data><Data Name="Product">-</Data><Data Name="Company">-</Data><Data Name="OriginalFileName">-</Data><Data Name="CommandLine">ss -lntp</Data><Data Name="CurrentDirectory">/home/bunny/Detection-Engineering-Lab</Data><Data Name="User">bunny</Data><Data Name="LogonGuid">{491e8a99-0000-0000-e803-000000000000}</Data><Data Name="LogonId">1000</Data><Data Name="TerminalSessionId">3</Data><Data Name="IntegrityLevel">no level</Data><Data Name="Hashes">MD5=5dcd97087e7ac61ccf68e1ef81cfd865,SHA256=f5ffd4dc63629851af8552ba7109189ecbaf98f73849bab724023a112cee32b4</Data><Data Name="ParentProcessGuid">{00000000-0000-0000-0000-000000000000}</Data><Data Name="ParentProcessId">5227</Data><Data Name="ParentImage">-</Data><Data Name="ParentCommandLine">-</Data><Data Name="ParentUser">-</Data></EventData></Event>
Jun 01 23:11:44 bunny-VirtualBox sysmon[1847]: <Event><System><Provider Name="Linux-Sysmon" Guid="{ff032593-a8d3-4f13-b0d6-01fc615a0f97}"/><EventID>5</EventID><Version>3</Version><Level>4</Level><Task>5</Task><Opcode>0</Opcode><Keywords>0x8000000000000000</Keywords><TimeCreated SystemTime="2026-06-01T17:41:44.424426000Z"/><EventRecordID>43321</EventRecordID><Correlation/><Execution ProcessID="1847" ThreadID="1847"/><Channel>Linux-Sysmon/Operational</Channel><Computer>bunny-VirtualBox</Computer><Security UserId="0"/></System><EventData><Data Name="RuleName">ProcessTerminate</Data><Data Name="UtcTime">2026-06-01 17:41:42.043</Data><Data Name="ProcessGuid">{491e8a99-c456-6a1d-a14c-995570640000}</Data><Data Name="ProcessId">6045</Data><Data Name="Image">/usr/bin/ss</Data><Data Name="User">bunny</Data></EventData></Event>
Jun 01 23:11:44 bunny-VirtualBox sysmon[1847]: <Event><System><Provider Name="Linux-Sysmon" Guid="{ff032593-a8d3-4f13-b0d6-01fc615a0f97}"/><EventID>1</EventID><Version>5</Version><Level>4</Level><Task>1</Task><Opcode>0</Opcode><Keywords>0x8000000000000000</Keywords><TimeCreated SystemTime="2026-06-01T17:41:44.426037000Z"/><EventRecordID>43322</EventRecordID><Correlation/><Execution ProcessID="1847" ThreadID="1847"/><Channel>Linux-Sysmon/Operational</Channel><Computer>bunny-VirtualBox</Computer><Security UserId="0"/></System><EventData><Data Name="RuleName">-</Data><Data Name="UtcTime">2026-06-01 17:41:42.043</Data><Data Name="ProcessGuid">{491e8a99-c456-6a1d-b982-d13319650000}</Data><Data Name="ProcessId">6046</Data><Data Name="Image">/usr/libexec/vte-urlencode-cwd</Data><Data Name="FileVersion">-</Data><Data Name="Description">-</Data><Data Name="Product">-</Data><Data Name="Company">-</Data><Data Name="OriginalFileName">-</Data><Data Name="CommandLine">/usr/libexec/vte-urlencode-cwd</Data><Data Name="CurrentDirectory">/home/bunny/Detection-Engineering-Lab</Data><Data Name="User">bunny</Data><Data Name="LogonGuid">{491e8a99-0000-0000-e803-000000000000}</Data><Data Name="LogonId">1000</Data><Data Name="TerminalSessionId">3</Data><Data Name="IntegrityLevel">no level</Data><Data Name="Hashes">MD5=0a8eaf3d8534c4c31b78a3c99f4c06dd,SHA256=f84ab2db1e733a0f4ae51d718f2c78605955145e9e062bf5f173050987950dea</Data><Data Name="ParentProcessGuid">{00000000-0000-0000-0000-000000000000}</Data><Data Name="ParentProcessId">5227</Data><Data Name="ParentImage">-</Data><Data Name="ParentCommandLine">-</Data><Data Name="ParentUser">-</Data></EventData></Event>
Jun 01 23:11:44 bunny-VirtualBox sysmon[1847]: <Event><System><Provider Name="Linux-Sysmon" Guid="{ff032593-a8d3-4f13-b0d6-01fc615a0f97}"/><EventID>5</EventID><Version>3</Version><Level>4</Level><Task>5</Task><Opcode>0</Opcode><Keywords>0x8000000000000000</Keywords><TimeCreated SystemTime="2026-06-01T17:41:44.427303000Z"/><EventRecordID>43323</EventRecordID><Correlation/><Execution ProcessID="1847" ThreadID="1847"/><Channel>Linux-Sysmon/Operational</Channel><Computer>bunny-VirtualBox</Computer><Security UserId="0"/></System><EventData><Data Name="RuleName">ProcessTerminate</Data><Data Name="UtcTime">2026-06-01 17:41:42.046</Data><Data Name="ProcessGuid">{491e8a99-c456-6a1d-b982-d13319650000}</Data><Data Name="ProcessId">6046</Data><Data Name="Image">/usr/libexec/vte-urlencode-cwd</Data><Data Name="User">bunny</Data></EventData></Event>
Jun 01 23:12:17 bunny-VirtualBox sysmon[1847]: <Event><System><Provider Name="Linux-Sysmon" Guid="{ff032593-a8d3-4f13-b0d6-01fc615a0f97}"/><EventID>1</EventID><Version>5</Version><Level>4</Level><Task>1</Task><Opcode>0</Opcode><Keywords>0x8000000000000000</Keywords><TimeCreated SystemTime="2026-06-01T17:42:17.763471000Z"/><EventRecordID>43324</EventRecordID><Correlation/><Execution ProcessID="1847" ThreadID="1847"/><Channel>Linux-Sysmon/Operational</Channel><Computer>bunny-VirtualBox</Computer><Security UserId="0"/></System><EventData><Data Name="RuleName">-</Data><Data Name="UtcTime">2026-06-01 17:42:15.380</Data><Data Name="ProcessGuid">{491e8a99-c477-6a1d-81f4-ac69395e0000}</Data><Data Name="ProcessId">6047</Data><Data Name="Image">/usr/bin/gnumv</Data><Data Name="FileVersion">-</Data><Data Name="Description">-</Data><Data Name="Product">-</Data><Data Name="Company">-</Data><Data Name="OriginalFileName">-</Data><Data Name="CommandLine">mv listening_ports.txt logs/rogue-http-server/listening_ports.txt</Data><Data Name="CurrentDirectory">/home/bunny/Detection-Engineering-Lab</Data><Data Name="User">bunny</Data><Data Name="LogonGuid">{491e8a99-0000-0000-e803-000000000000}</Data><Data Name="LogonId">1000</Data><Data Name="TerminalSessionId">3</Data><Data Name="IntegrityLevel">no level</Data><Data Name="Hashes">MD5=55e0f3b3a7d7f3e28e0c39a8028177be,SHA256=3a56b5e8f9b40ca7fb484bb00ba048c705f6520c7a9092b45394a9c916ba0b9b</Data><Data Name="ParentProcessGuid">{00000000-0000-0000-0000-000000000000}</Data><Data Name="ParentProcessId">5227</Data><Data Name="ParentImage">-</Data><Data Name="ParentCommandLine">-</Data><Data Name="ParentUser">-</Data></EventData></Event>
Jun 01 23:12:17 bunny-VirtualBox sysmon[1847]: <Event><System><Provider Name="Linux-Sysmon" Guid="{ff032593-a8d3-4f13-b0d6-01fc615a0f97}"/><EventID>5</EventID><Version>3</Version><Level>4</Level><Task>5</Task><Opcode>0</Opcode><Keywords>0x8000000000000000</Keywords><TimeCreated SystemTime="2026-06-01T17:42:17.765766000Z"/><EventRecordID>43325</EventRecordID><Correlation/><Execution ProcessID="1847" ThreadID="1847"/><Channel>Linux-Sysmon/Operational</Channel><Computer>bunny-VirtualBox</Computer><Security UserId="0"/></System><EventData><Data Name="RuleName">ProcessTerminate</Data><Data Name="UtcTime">2026-06-01 17:42:15.384</Data><Data Name="ProcessGuid">{491e8a99-c477-6a1d-81f4-ac69395e0000}</Data><Data Name="ProcessId">6047</Data><Data Name="Image">/usr/bin/gnumv</Data><Data Name="User">bunny</Data></EventData></Event>
Jun 01 23:12:17 bunny-VirtualBox sysmon[1847]: <Event><System><Provider Name="Linux-Sysmon" Guid="{ff032593-a8d3-4f13-b0d6-01fc615a0f97}"/><EventID>1</EventID><Version>5</Version><Level>4</Level><Task>1</Task><Opcode>0</Opcode><Keywords>0x8000000000000000</Keywords><TimeCreated SystemTime="2026-06-01T17:42:17.770014000Z"/><EventRecordID>43326</EventRecordID><Correlation/><Execution ProcessID="1847" ThreadID="1847"/><Channel>Linux-Sysmon/Operational</Channel><Computer>bunny-VirtualBox</Computer><Security UserId="0"/></System><EventData><Data Name="RuleName">-</Data><Data Name="UtcTime">2026-06-01 17:42:15.385</Data><Data Name="ProcessGuid">{491e8a99-c477-6a1d-b9f2-de46355b0000}</Data><Data Name="ProcessId">6048</Data><Data Name="Image">/usr/libexec/vte-urlencode-cwd</Data><Data Name="FileVersion">-</Data><Data Name="Description">-</Data><Data Name="Product">-</Data><Data Name="Company">-</Data><Data Name="OriginalFileName">-</Data><Data Name="CommandLine">/usr/libexec/vte-urlencode-cwd</Data><Data Name="CurrentDirectory">/home/bunny/Detection-Engineering-Lab</Data><Data Name="User">bunny</Data><Data Name="LogonGuid">{491e8a99-0000-0000-e803-000000000000}</Data><Data Name="LogonId">1000</Data><Data Name="TerminalSessionId">3</Data><Data Name="IntegrityLevel">no level</Data><Data Name="Hashes">MD5=0a8eaf3d8534c4c31b78a3c99f4c06dd,SHA256=f84ab2db1e733a0f4ae51d718f2c78605955145e9e062bf5f173050987950dea</Data><Data Name="ParentProcessGuid">{00000000-0000-0000-0000-000000000000}</Data><Data Name="ParentProcessId">5227</Data><Data Name="ParentImage">-</Data><Data Name="ParentCommandLine">-</Data><Data Name="ParentUser">-</Data></EventData></Event>
Jun 01 23:12:17 bunny-VirtualBox sysmon[1847]: <Event><System><Provider Name="Linux-Sysmon" Guid="{ff032593-a8d3-4f13-b0d6-01fc615a0f97}"/><EventID>5</EventID><Version>3</Version><Level>4</Level><Task>5</Task><Opcode>0</Opcode><Keywords>0x8000000000000000</Keywords><TimeCreated SystemTime="2026-06-01T17:42:17.775234000Z"/><EventRecordID>43327</EventRecordID><Correlation/><Execution ProcessID="1847" ThreadID="1847"/><Channel>Linux-Sysmon/Operational</Channel><Computer>bunny-VirtualBox</Computer><Security UserId="0"/></System><EventData><Data Name="RuleName">ProcessTerminate</Data><Data Name="UtcTime">2026-06-01 17:42:15.393</Data><Data Name="ProcessGuid">{491e8a99-c477-6a1d-b9f2-de46355b0000}</Data><Data Name="ProcessId">6048</Data><Data Name="Image">/usr/libexec/vte-urlencode-cwd</Data><Data Name="User">bunny</Data></EventData></Event>
Jun 01 23:13:00 bunny-VirtualBox sysmon[1847]: <Event><System><Provider Name="Linux-Sysmon" Guid="{ff032593-a8d3-4f13-b0d6-01fc615a0f97}"/><EventID>1</EventID><Version>5</Version><Level>4</Level><Task>1</Task><Opcode>0</Opcode><Keywords>0x8000000000000000</Keywords><TimeCreated SystemTime="2026-06-01T17:43:00.303668000Z"/><EventRecordID>43328</EventRecordID><Correlation/><Execution ProcessID="1847" ThreadID="1847"/><Channel>Linux-Sysmon/Operational</Channel><Computer>bunny-VirtualBox</Computer><Security UserId="0"/></System><EventData><Data Name="RuleName">-</Data><Data Name="UtcTime">2026-06-01 17:42:57.916</Data><Data Name="ProcessGuid">{491e8a99-c4a1-6a1d-696b-152ff5610000}</Data><Data Name="ProcessId">6053</Data><Data Name="Image">/usr/bin/lsof</Data><Data Name="FileVersion">-</Data><Data Name="Description">-</Data><Data Name="Product">-</Data><Data Name="Company">-</Data><Data Name="OriginalFileName">-</Data><Data Name="CommandLine">lsof -i :8000</Data><Data Name="CurrentDirectory">/home/bunny/Detection-Engineering-Lab</Data><Data Name="User">bunny</Data><Data Name="LogonGuid">{491e8a99-0000-0000-e803-000000000000}</Data><Data Name="LogonId">1000</Data><Data Name="TerminalSessionId">3</Data><Data Name="IntegrityLevel">no level</Data><Data Name="Hashes">MD5=5bad95b21736367e2c7c6ab92333309a,SHA256=89db9b9a7748dbc98a20d10fbfe29e4e5f59f095e6a7f700bf49220fa40d26e9</Data><Data Name="ParentProcessGuid">{00000000-0000-0000-0000-000000000000}</Data><Data Name="ParentProcessId">5227</Data><Data Name="ParentImage">-</Data><Data Name="ParentCommandLine">-</Data><Data Name="ParentUser">-</Data></EventData></Event>
Jun 01 23:13:00 bunny-VirtualBox sysmon[1847]: <Event><System><Provider Name="Linux-Sysmon" Guid="{ff032593-a8d3-4f13-b0d6-01fc615a0f97}"/><EventID>5</EventID><Version>3</Version><Level>4</Level><Task>5</Task><Opcode>0</Opcode><Keywords>0x8000000000000000</Keywords><TimeCreated SystemTime="2026-06-01T17:43:00.366426000Z"/><EventRecordID>43329</EventRecordID><Correlation/><Execution ProcessID="1847" ThreadID="1847"/><Channel>Linux-Sysmon/Operational</Channel><Computer>bunny-VirtualBox</Computer><Security UserId="0"/></System><EventData><Data Name="RuleName">ProcessTerminate</Data><Data Name="UtcTime">2026-06-01 17:42:57.984</Data><Data Name="ProcessGuid">{491e8a99-c4a1-6a1d-696b-152ff5610000}</Data><Data Name="ProcessId">6053</Data><Data Name="Image">/usr/bin/lsof</Data><Data Name="User">bunny</Data></EventData></Event>
Jun 01 23:13:00 bunny-VirtualBox sysmon[1847]: <Event><System><Provider Name="Linux-Sysmon" Guid="{ff032593-a8d3-4f13-b0d6-01fc615a0f97}"/><EventID>1</EventID><Version>5</Version><Level>4</Level><Task>1</Task><Opcode>0</Opcode><Keywords>0x8000000000000000</Keywords><TimeCreated SystemTime="2026-06-01T17:43:00.369137000Z"/><EventRecordID>43330</EventRecordID><Correlation/><Execution ProcessID="1847" ThreadID="1847"/><Channel>Linux-Sysmon/Operational</Channel><Computer>bunny-VirtualBox</Computer><Security UserId="0"/></System><EventData><Data Name="RuleName">-</Data><Data Name="UtcTime">2026-06-01 17:42:57.985</Data><Data Name="ProcessGuid">{491e8a99-c4a1-6a1d-b912-baabb3550000}</Data><Data Name="ProcessId">6058</Data><Data Name="Image">/usr/libexec/vte-urlencode-cwd</Data><Data Name="FileVersion">-</Data><Data Name="Description">-</Data><Data Name="Product">-</Data><Data Name="Company">-</Data><Data Name="OriginalFileName">-</Data><Data Name="CommandLine">/usr/libexec/vte-urlencode-cwd</Data><Data Name="CurrentDirectory">/home/bunny/Detection-Engineering-Lab</Data><Data Name="User">bunny</Data><Data Name="LogonGuid">{491e8a99-0000-0000-e803-000000000000}</Data><Data Name="LogonId">1000</Data><Data Name="TerminalSessionId">3</Data><Data Name="IntegrityLevel">no level</Data><Data Name="Hashes">MD5=0a8eaf3d8534c4c31b78a3c99f4c06dd,SHA256=f84ab2db1e733a0f4ae51d718f2c78605955145e9e062bf5f173050987950dea</Data><Data Name="ParentProcessGuid">{00000000-0000-0000-0000-000000000000}</Data><Data Name="ParentProcessId">5227</Data><Data Name="ParentImage">-</Data><Data Name="ParentCommandLine">-</Data><Data Name="ParentUser">-</Data></EventData></Event>
Jun 01 23:13:00 bunny-VirtualBox sysmon[1847]: <Event><System><Provider Name="Linux-Sysmon" Guid="{ff032593-a8d3-4f13-b0d6-01fc615a0f97}"/><EventID>5</EventID><Version>3</Version><Level>4</Level><Task>5</Task><Opcode>0</Opcode><Keywords>0x8000000000000000</Keywords><TimeCreated SystemTime="2026-06-01T17:43:00.373589000Z"/><EventRecordID>43331</EventRecordID><Correlation/><Execution ProcessID="1847" ThreadID="1847"/><Channel>Linux-Sysmon/Operational</Channel><Computer>bunny-VirtualBox</Computer><Security UserId="0"/></System><EventData><Data Name="RuleName">ProcessTerminate</Data><Data Name="UtcTime">2026-06-01 17:42:57.991</Data><Data Name="ProcessGuid">{491e8a99-c4a1-6a1d-b912-baabb3550000}</Data><Data Name="ProcessId">6058</Data><Data Name="Image">/usr/libexec/vte-urlencode-cwd</Data><Data Name="User">bunny</Data></EventData></Event>
Jun 01 23:13:16 bunny-VirtualBox sysmon[1847]: <Event><System><Provider Name="Linux-Sysmon" Guid="{ff032593-a8d3-4f13-b0d6-01fc615a0f97}"/><EventID>1</EventID><Version>5</Version><Level>4</Level><Task>1</Task><Opcode>0</Opcode><Keywords>0x8000000000000000</Keywords><TimeCreated SystemTime="2026-06-01T17:43:16.868981000Z"/><EventRecordID>43332</EventRecordID><Correlation/><Execution ProcessID="1847" ThreadID="1847"/><Channel>Linux-Sysmon/Operational</Channel><Computer>bunny-VirtualBox</Computer><Security UserId="0"/></System><EventData><Data Name="RuleName">-</Data><Data Name="UtcTime">2026-06-01 17:43:14.480</Data><Data Name="ProcessGuid">{491e8a99-c4b2-6a1d-41bf-394c0b5a0000}</Data><Data Name="ProcessId">6059</Data><Data Name="Image">/usr/bin/ps</Data><Data Name="FileVersion">-</Data><Data Name="Description">-</Data><Data Name="Product">-</Data><Data Name="Company">-</Data><Data Name="OriginalFileName">-</Data><Data Name="CommandLine">ps -ef</Data><Data Name="CurrentDirectory">/home/bunny/Detection-Engineering-Lab</Data><Data Name="User">bunny</Data><Data Name="LogonGuid">{491e8a99-0000-0000-e803-000000000000}</Data><Data Name="LogonId">1000</Data><Data Name="TerminalSessionId">3</Data><Data Name="IntegrityLevel">no level</Data><Data Name="Hashes">MD5=824e10267aba361cb2d2e46a7ff5090e,SHA256=40b2b15f65edfaadc0e3f5d3644e6699db3bdf658399831901cc05c11642ea5c</Data><Data Name="ParentProcessGuid">{00000000-0000-0000-0000-000000000000}</Data><Data Name="ParentProcessId">5227</Data><Data Name="ParentImage">-</Data><Data Name="ParentCommandLine">-</Data><Data Name="ParentUser">-</Data></EventData></Event>
Jun 01 23:13:16 bunny-VirtualBox sysmon[1847]: <Event><System><Provider Name="Linux-Sysmon" Guid="{ff032593-a8d3-4f13-b0d6-01fc615a0f97}"/><EventID>1</EventID><Version>5</Version><Level>4</Level><Task>1</Task><Opcode>0</Opcode><Keywords>0x8000000000000000</Keywords><TimeCreated SystemTime="2026-06-01T17:43:16.884669000Z"/><EventRecordID>43333</EventRecordID><Correlation/><Execution ProcessID="1847" ThreadID="1847"/><Channel>Linux-Sysmon/Operational</Channel><Computer>bunny-VirtualBox</Computer><Security UserId="0"/></System><EventData><Data Name="RuleName">-</Data><Data Name="UtcTime">2026-06-01 17:43:14.481</Data><Data Name="ProcessGuid">{491e8a99-c4b2-6a1d-51f1-c8f8ba580000}</Data><Data Name="ProcessId">6060</Data><Data Name="Image">/usr/bin/grep</Data><Data Name="FileVersion">-</Data><Data Name="Description">-</Data><Data Name="Product">-</Data><Data Name="Company">-</Data><Data Name="OriginalFileName">-</Data><Data Name="CommandLine">grep --color=auto http.server</Data><Data Name="CurrentDirectory">/home/bunny/Detection-Engineering-Lab</Data><Data Name="User">bunny</Data><Data Name="LogonGuid">{491e8a99-0000-0000-e803-000000000000}</Data><Data Name="LogonId">1000</Data><Data Name="TerminalSessionId">3</Data><Data Name="IntegrityLevel">no level</Data><Data Name="Hashes">MD5=3119c32ea31a2d338bacb8c5ca823021,SHA256=4874cbc734792ae29aa38cd7978aedf1e646563af9e8ee0d5dab59ecb6406417</Data><Data Name="ParentProcessGuid">{00000000-0000-0000-0000-000000000000}</Data><Data Name="ParentProcessId">5227</Data><Data Name="ParentImage">-</Data><Data Name="ParentCommandLine">-</Data><Data Name="ParentUser">-</Data></EventData></Event>
Jun 01 23:13:16 bunny-VirtualBox sysmon[1847]: <Event><System><Provider Name="Linux-Sysmon" Guid="{ff032593-a8d3-4f13-b0d6-01fc615a0f97}"/><EventID>5</EventID><Version>3</Version><Level>4</Level><Task>5</Task><Opcode>0</Opcode><Keywords>0x8000000000000000</Keywords><TimeCreated SystemTime="2026-06-01T17:43:16.919888000Z"/><EventRecordID>43334</EventRecordID><Correlation/><Execution ProcessID="1847" ThreadID="1847"/><Channel>Linux-Sysmon/Operational</Channel><Computer>bunny-VirtualBox</Computer><Security UserId="0"/></System><EventData><Data Name="RuleName">ProcessTerminate</Data><Data Name="UtcTime">2026-06-01 17:43:14.538</Data><Data Name="ProcessGuid">{491e8a99-c4b2-6a1d-41bf-394c0b5a0000}</Data><Data Name="ProcessId">6059</Data><Data Name="Image">/usr/bin/ps</Data><Data Name="User">bunny</Data></EventData></Event>
Jun 01 23:13:16 bunny-VirtualBox sysmon[1847]: <Event><System><Provider Name="Linux-Sysmon" Guid="{ff032593-a8d3-4f13-b0d6-01fc615a0f97}"/><EventID>5</EventID><Version>3</Version><Level>4</Level><Task>5</Task><Opcode>0</Opcode><Keywords>0x8000000000000000</Keywords><TimeCreated SystemTime="2026-06-01T17:43:16.934765000Z"/><EventRecordID>43335</EventRecordID><Correlation/><Execution ProcessID="1847" ThreadID="1847"/><Channel>Linux-Sysmon/Operational</Channel><Computer>bunny-VirtualBox</Computer><Security UserId="0"/></System><EventData><Data Name="RuleName">ProcessTerminate</Data><Data Name="UtcTime">2026-06-01 17:43:14.553</Data><Data Name="ProcessGuid">{491e8a99-c4b2-6a1d-51f1-c8f8ba580000}</Data><Data Name="ProcessId">6060</Data><Data Name="Image">/usr/bin/grep</Data><Data Name="User">bunny</Data></EventData></Event>
Jun 01 23:13:16 bunny-VirtualBox sysmon[1847]: <Event><System><Provider Name="Linux-Sysmon" Guid="{ff032593-a8d3-4f13-b0d6-01fc615a0f97}"/><EventID>1</EventID><Version>5</Version><Level>4</Level><Task>1</Task><Opcode>0</Opcode><Keywords>0x8000000000000000</Keywords><TimeCreated SystemTime="2026-06-01T17:43:16.937031000Z"/><EventRecordID>43336</EventRecordID><Correlation/><Execution ProcessID="1847" ThreadID="1847"/><Channel>Linux-Sysmon/Operational</Channel><Computer>bunny-VirtualBox</Computer><Security UserId="0"/></System><EventData><Data Name="RuleName">-</Data><Data Name="UtcTime">2026-06-01 17:43:14.555</Data><Data Name="ProcessGuid">{491e8a99-c4b2-6a1d-b932-407c6f560000}</Data><Data Name="ProcessId">6065</Data><Data Name="Image">/usr/libexec/vte-urlencode-cwd</Data><Data Name="FileVersion">-</Data><Data Name="Description">-</Data><Data Name="Product">-</Data><Data Name="Company">-</Data><Data Name="OriginalFileName">-</Data><Data Name="CommandLine">/usr/libexec/vte-urlencode-cwd</Data><Data Name="CurrentDirectory">/home/bunny/Detection-Engineering-Lab</Data><Data Name="User">bunny</Data><Data Name="LogonGuid">{491e8a99-0000-0000-e803-000000000000}</Data><Data Name="LogonId">1000</Data><Data Name="TerminalSessionId">3</Data><Data Name="IntegrityLevel">no level</Data><Data Name="Hashes">MD5=0a8eaf3d8534c4c31b78a3c99f4c06dd,SHA256=f84ab2db1e733a0f4ae51d718f2c78605955145e9e062bf5f173050987950dea</Data><Data Name="ParentProcessGuid">{00000000-0000-0000-0000-000000000000}</Data><Data Name="ParentProcessId">5227</Data><Data Name="ParentImage">-</Data><Data Name="ParentCommandLine">-</Data><Data Name="ParentUser">-</Data></EventData></Event>
Jun 01 23:13:16 bunny-VirtualBox sysmon[1847]: <Event><System><Provider Name="Linux-Sysmon" Guid="{ff032593-a8d3-4f13-b0d6-01fc615a0f97}"/><EventID>5</EventID><Version>3</Version><Level>4</Level><Task>5</Task><Opcode>0</Opcode><Keywords>0x8000000000000000</Keywords><TimeCreated SystemTime="2026-06-01T17:43:16.939110000Z"/><EventRecordID>43337</EventRecordID><Correlation/><Execution ProcessID="1847" ThreadID="1847"/><Channel>Linux-Sysmon/Operational</Channel><Computer>bunny-VirtualBox</Computer><Security UserId="0"/></System><EventData><Data Name="RuleName">ProcessTerminate</Data><Data Name="UtcTime">2026-06-01 17:43:14.557</Data><Data Name="ProcessGuid">{491e8a99-c4b2-6a1d-b932-407c6f560000}</Data><Data Name="ProcessId">6065</Data><Data Name="Image">/usr/libexec/vte-urlencode-cwd</Data><Data Name="User">bunny</Data></EventData></Event>
Jun 01 23:13:32 bunny-VirtualBox sysmon[1847]: <Event><System><Provider Name="Linux-Sysmon" Guid="{ff032593-a8d3-4f13-b0d6-01fc615a0f97}"/><EventID>3</EventID><Version>5</Version><Level>4</Level><Task>3</Task><Opcode>0</Opcode><Keywords>0x8000000000000000</Keywords><TimeCreated SystemTime="2026-06-01T17:43:32.466326000Z"/><EventRecordID>43338</EventRecordID><Correlation/><Execution ProcessID="1847" ThreadID="1847"/><Channel>Linux-Sysmon/Operational</Channel><Computer>bunny-VirtualBox</Computer><Security UserId="0"/></System><EventData><Data Name="RuleName">-</Data><Data Name="UtcTime">2026-06-01 17:43:30.084</Data><Data Name="ProcessGuid">{491e8a99-b6e6-6a1d-4d83-3ab6c95f0000}</Data><Data Name="ProcessId">1432</Data><Data Name="Image">/usr/sbin/NetworkManager</Data><Data Name="User">root</Data><Data Name="Protocol">tcp</Data><Data Name="Initiated">true</Data><Data Name="SourceIsIpv6">false</Data><Data Name="SourceIp">10.0.2.15</Data><Data Name="SourceHostname">-</Data><Data Name="SourcePort">56978</Data><Data Name="SourcePortName">-</Data><Data Name="DestinationIsIpv6">false</Data><Data Name="DestinationIp">91.189.91.98</Data><Data Name="DestinationHostname">-</Data><Data Name="DestinationPort">80</Data><Data Name="DestinationPortName">-</Data></EventData></Event>
Jun 01 23:13:34 bunny-VirtualBox sysmon[1847]: <Event><System><Provider Name="Linux-Sysmon" Guid="{ff032593-a8d3-4f13-b0d6-01fc615a0f97}"/><EventID>3</EventID><Version>5</Version><Level>4</Level><Task>3</Task><Opcode>0</Opcode><Keywords>0x8000000000000000</Keywords><TimeCreated SystemTime="2026-06-01T17:43:34.702023000Z"/><EventRecordID>43339</EventRecordID><Correlation/><Execution ProcessID="1847" ThreadID="1847"/><Channel>Linux-Sysmon/Operational</Channel><Computer>bunny-VirtualBox</Computer><Security UserId="0"/></System><EventData><Data Name="RuleName">-</Data><Data Name="UtcTime">2026-06-01 17:43:32.320</Data><Data Name="ProcessGuid">{491e8a99-b6e6-6a1d-4d83-3ab6c95f0000}</Data><Data Name="ProcessId">1432</Data><Data Name="Image">/usr/sbin/NetworkManager</Data><Data Name="User">root</Data><Data Name="Protocol">tcp</Data><Data Name="Initiated">true</Data><Data Name="SourceIsIpv6">true</Data><Data Name="SourceIp">fd17:625c:f037:2:a00:27ff:fee9:32fd</Data><Data Name="SourceHostname">-</Data><Data Name="SourcePort">44058</Data><Data Name="SourcePortName">-</Data><Data Name="DestinationIsIpv6">true</Data><Data Name="DestinationIp">2620:2d:4000:1:0:0:0:1101</Data><Data Name="DestinationHostname">-</Data><Data Name="DestinationPort">80</Data><Data Name="DestinationPortName">-</Data></EventData></Event>
Jun 01 23:13:40 bunny-VirtualBox sysmon[1847]: <Event><System><Provider Name="Linux-Sysmon" Guid="{ff032593-a8d3-4f13-b0d6-01fc615a0f97}"/><EventID>1</EventID><Version>5</Version><Level>4</Level><Task>1</Task><Opcode>0</Opcode><Keywords>0x8000000000000000</Keywords><TimeCreated SystemTime="2026-06-01T17:43:40.402584000Z"/><EventRecordID>43340</EventRecordID><Correlation/><Execution ProcessID="1847" ThreadID="1847"/><Channel>Linux-Sysmon/Operational</Channel><Computer>bunny-VirtualBox</Computer><Security UserId="0"/></System><EventData><Data Name="RuleName">-</Data><Data Name="UtcTime">2026-06-01 17:43:38.016</Data><Data Name="ProcessGuid">{491e8a99-c4ca-6a1d-412f-b3ce16650000}</Data><Data Name="ProcessId">6068</Data><Data Name="Image">/usr/bin/ps</Data><Data Name="FileVersion">-</Data><Data Name="Description">-</Data><Data Name="Product">-</Data><Data Name="Company">-</Data><Data Name="OriginalFileName">-</Data><Data Name="CommandLine">ps -ef --forest</Data><Data Name="CurrentDirectory">/home/bunny/Detection-Engineering-Lab</Data><Data Name="User">bunny</Data><Data Name="LogonGuid">{491e8a99-0000-0000-e803-000000000000}</Data><Data Name="LogonId">1000</Data><Data Name="TerminalSessionId">3</Data><Data Name="IntegrityLevel">no level</Data><Data Name="Hashes">MD5=824e10267aba361cb2d2e46a7ff5090e,SHA256=40b2b15f65edfaadc0e3f5d3644e6699db3bdf658399831901cc05c11642ea5c</Data><Data Name="ParentProcessGuid">{00000000-0000-0000-0000-000000000000}</Data><Data Name="ParentProcessId">5227</Data><Data Name="ParentImage">-</Data><Data Name="ParentCommandLine">-</Data><Data Name="ParentUser">-</Data></EventData></Event>
Jun 01 23:13:40 bunny-VirtualBox sysmon[1847]: <Event><System><Provider Name="Linux-Sysmon" Guid="{ff032593-a8d3-4f13-b0d6-01fc615a0f97}"/><EventID>5</EventID><Version>3</Version><Level>4</Level><Task>5</Task><Opcode>0</Opcode><Keywords>0x8000000000000000</Keywords><TimeCreated SystemTime="2026-06-01T17:43:40.431660000Z"/><EventRecordID>43341</EventRecordID><Correlation/><Execution ProcessID="1847" ThreadID="1847"/><Channel>Linux-Sysmon/Operational</Channel><Computer>bunny-VirtualBox</Computer><Security UserId="0"/></System><EventData><Data Name="RuleName">ProcessTerminate</Data><Data Name="UtcTime">2026-06-01 17:43:38.050</Data><Data Name="ProcessGuid">{491e8a99-c4ca-6a1d-412f-b3ce16650000}</Data><Data Name="ProcessId">6068</Data><Data Name="Image">/usr/bin/ps</Data><Data Name="User">bunny</Data></EventData></Event>
Jun 01 23:13:40 bunny-VirtualBox sysmon[1847]: <Event><System><Provider Name="Linux-Sysmon" Guid="{ff032593-a8d3-4f13-b0d6-01fc615a0f97}"/><EventID>1</EventID><Version>5</Version><Level>4</Level><Task>1</Task><Opcode>0</Opcode><Keywords>0x8000000000000000</Keywords><TimeCreated SystemTime="2026-06-01T17:43:40.436577000Z"/><EventRecordID>43342</EventRecordID><Correlation/><Execution ProcessID="1847" ThreadID="1847"/><Channel>Linux-Sysmon/Operational</Channel><Computer>bunny-VirtualBox</Computer><Security UserId="0"/></System><EventData><Data Name="RuleName">-</Data><Data Name="UtcTime">2026-06-01 17:43:38.052</Data><Data Name="ProcessGuid">{491e8a99-c4ca-6a1d-b932-32398a5f0000}</Data><Data Name="ProcessId">6069</Data><Data Name="Image">/usr/libexec/vte-urlencode-cwd</Data><Data Name="FileVersion">-</Data><Data Name="Description">-</Data><Data Name="Product">-</Data><Data Name="Company">-</Data><Data Name="OriginalFileName">-</Data><Data Name="CommandLine">/usr/libexec/vte-urlencode-cwd</Data><Data Name="CurrentDirectory">/home/bunny/Detection-Engineering-Lab</Data><Data Name="User">bunny</Data><Data Name="LogonGuid">{491e8a99-0000-0000-e803-000000000000}</Data><Data Name="LogonId">1000</Data><Data Name="TerminalSessionId">3</Data><Data Name="IntegrityLevel">no level</Data><Data Name="Hashes">MD5=0a8eaf3d8534c4c31b78a3c99f4c06dd,SHA256=f84ab2db1e733a0f4ae51d718f2c78605955145e9e062bf5f173050987950dea</Data><Data Name="ParentProcessGuid">{00000000-0000-0000-0000-000000000000}</Data><Data Name="ParentProcessId">5227</Data><Data Name="ParentImage">-</Data><Data Name="ParentCommandLine">-</Data><Data Name="ParentUser">-</Data></EventData></Event>
Jun 01 23:13:40 bunny-VirtualBox sysmon[1847]: <Event><System><Provider Name="Linux-Sysmon" Guid="{ff032593-a8d3-4f13-b0d6-01fc615a0f97}"/><EventID>5</EventID><Version>3</Version><Level>4</Level><Task>5</Task><Opcode>0</Opcode><Keywords>0x8000000000000000</Keywords><TimeCreated SystemTime="2026-06-01T17:43:40.441367000Z"/><EventRecordID>43343</EventRecordID><Correlation/><Execution ProcessID="1847" ThreadID="1847"/><Channel>Linux-Sysmon/Operational</Channel><Computer>bunny-VirtualBox</Computer><Security UserId="0"/></System><EventData><Data Name="RuleName">ProcessTerminate</Data><Data Name="UtcTime">2026-06-01 17:43:38.060</Data><Data Name="ProcessGuid">{491e8a99-c4ca-6a1d-b932-32398a5f0000}</Data><Data Name="ProcessId">6069</Data><Data Name="Image">/usr/libexec/vte-urlencode-cwd</Data><Data Name="User">bunny</Data></EventData></Event>
Jun 01 23:14:18 bunny-VirtualBox sysmon[1847]: <Event><System><Provider Name="Linux-Sysmon" Guid="{ff032593-a8d3-4f13-b0d6-01fc615a0f97}"/><EventID>1</EventID><Version>5</Version><Level>4</Level><Task>1</Task><Opcode>0</Opcode><Keywords>0x8000000000000000</Keywords><TimeCreated SystemTime="2026-06-01T17:44:18.740034000Z"/><EventRecordID>43344</EventRecordID><Correlation/><Execution ProcessID="1847" ThreadID="1847"/><Channel>Linux-Sysmon/Operational</Channel><Computer>bunny-VirtualBox</Computer><Security UserId="0"/></System><EventData><Data Name="RuleName">-</Data><Data Name="UtcTime">2026-06-01 17:44:16.356</Data><Data Name="ProcessGuid">{491e8a99-c4f0-6a1d-414f-31048e5d0000}</Data><Data Name="ProcessId">6070</Data><Data Name="Image">/usr/bin/ps</Data><Data Name="FileVersion">-</Data><Data Name="Description">-</Data><Data Name="Product">-</Data><Data Name="Company">-</Data><Data Name="OriginalFileName">-</Data><Data Name="CommandLine">ps -ef --forest</Data><Data Name="CurrentDirectory">/home/bunny/Detection-Engineering-Lab</Data><Data Name="User">bunny</Data><Data Name="LogonGuid">{491e8a99-0000-0000-e803-000000000000}</Data><Data Name="LogonId">1000</Data><Data Name="TerminalSessionId">3</Data><Data Name="IntegrityLevel">no level</Data><Data Name="Hashes">MD5=824e10267aba361cb2d2e46a7ff5090e,SHA256=40b2b15f65edfaadc0e3f5d3644e6699db3bdf658399831901cc05c11642ea5c</Data><Data Name="ParentProcessGuid">{00000000-0000-0000-0000-000000000000}</Data><Data Name="ParentProcessId">5227</Data><Data Name="ParentImage">-</Data><Data Name="ParentCommandLine">-</Data><Data Name="ParentUser">-</Data></EventData></Event>
Jun 01 23:14:18 bunny-VirtualBox sysmon[1847]: <Event><System><Provider Name="Linux-Sysmon" Guid="{ff032593-a8d3-4f13-b0d6-01fc615a0f97}"/><EventID>5</EventID><Version>3</Version><Level>4</Level><Task>5</Task><Opcode>0</Opcode><Keywords>0x8000000000000000</Keywords><TimeCreated SystemTime="2026-06-01T17:44:18.755485000Z"/><EventRecordID>43345</EventRecordID><Correlation/><Execution ProcessID="1847" ThreadID="1847"/><Channel>Linux-Sysmon/Operational</Channel><Computer>bunny-VirtualBox</Computer><Security UserId="0"/></System><EventData><Data Name="RuleName">ProcessTerminate</Data><Data Name="UtcTime">2026-06-01 17:44:16.373</Data><Data Name="ProcessGuid">{491e8a99-c4f0-6a1d-414f-31048e5d0000}</Data><Data Name="ProcessId">6070</Data><Data Name="Image">/usr/bin/ps</Data><Data Name="User">bunny</Data></EventData></Event>
Jun 01 23:14:18 bunny-VirtualBox sysmon[1847]: <Event><System><Provider Name="Linux-Sysmon" Guid="{ff032593-a8d3-4f13-b0d6-01fc615a0f97}"/><EventID>1</EventID><Version>5</Version><Level>4</Level><Task>1</Task><Opcode>0</Opcode><Keywords>0x8000000000000000</Keywords><TimeCreated SystemTime="2026-06-01T17:44:18.758016000Z"/><EventRecordID>43346</EventRecordID><Correlation/><Execution ProcessID="1847" ThreadID="1847"/><Channel>Linux-Sysmon/Operational</Channel><Computer>bunny-VirtualBox</Computer><Security UserId="0"/></System><EventData><Data Name="RuleName">-</Data><Data Name="UtcTime">2026-06-01 17:44:16.375</Data><Data Name="ProcessGuid">{491e8a99-c4f0-6a1d-b902-5b8dea5a0000}</Data><Data Name="ProcessId">6071</Data><Data Name="Image">/usr/libexec/vte-urlencode-cwd</Data><Data Name="FileVersion">-</Data><Data Name="Description">-</Data><Data Name="Product">-</Data><Data Name="Company">-</Data><Data Name="OriginalFileName">-</Data><Data Name="CommandLine">/usr/libexec/vte-urlencode-cwd</Data><Data Name="CurrentDirectory">/home/bunny/Detection-Engineering-Lab</Data><Data Name="User">bunny</Data><Data Name="LogonGuid">{491e8a99-0000-0000-e803-000000000000}</Data><Data Name="LogonId">1000</Data><Data Name="TerminalSessionId">3</Data><Data Name="IntegrityLevel">no level</Data><Data Name="Hashes">MD5=0a8eaf3d8534c4c31b78a3c99f4c06dd,SHA256=f84ab2db1e733a0f4ae51d718f2c78605955145e9e062bf5f173050987950dea</Data><Data Name="ParentProcessGuid">{00000000-0000-0000-0000-000000000000}</Data><Data Name="ParentProcessId">5227</Data><Data Name="ParentImage">-</Data><Data Name="ParentCommandLine">-</Data><Data Name="ParentUser">-</Data></EventData></Event>
Jun 01 23:14:18 bunny-VirtualBox sysmon[1847]: <Event><System><Provider Name="Linux-Sysmon" Guid="{ff032593-a8d3-4f13-b0d6-01fc615a0f97}"/><EventID>5</EventID><Version>3</Version><Level>4</Level><Task>5</Task><Opcode>0</Opcode><Keywords>0x8000000000000000</Keywords><TimeCreated SystemTime="2026-06-01T17:44:18.760251000Z"/><EventRecordID>43347</EventRecordID><Correlation/><Execution ProcessID="1847" ThreadID="1847"/><Channel>Linux-Sysmon/Operational</Channel><Computer>bunny-VirtualBox</Computer><Security UserId="0"/></System><EventData><Data Name="RuleName">ProcessTerminate</Data><Data Name="UtcTime">2026-06-01 17:44:16.379</Data><Data Name="ProcessGuid">{491e8a99-c4f0-6a1d-b902-5b8dea5a0000}</Data><Data Name="ProcessId">6071</Data><Data Name="Image">/usr/libexec/vte-urlencode-cwd</Data><Data Name="User">bunny</Data></EventData></Event>
Jun 01 23:14:29 bunny-VirtualBox sysmon[1847]: <Event><System><Provider Name="Linux-Sysmon" Guid="{ff032593-a8d3-4f13-b0d6-01fc615a0f97}"/><EventID>1</EventID><Version>5</Version><Level>4</Level><Task>1</Task><Opcode>0</Opcode><Keywords>0x8000000000000000</Keywords><TimeCreated SystemTime="2026-06-01T17:44:29.492223000Z"/><EventRecordID>43348</EventRecordID><Correlation/><Execution ProcessID="1847" ThreadID="1847"/><Channel>Linux-Sysmon/Operational</Channel><Computer>bunny-VirtualBox</Computer><Security UserId="0"/></System><EventData><Data Name="RuleName">-</Data><Data Name="UtcTime">2026-06-01 17:44:27.103</Data><Data Name="ProcessGuid">{491e8a99-c4fb-6a1d-adee-06be40590000}</Data><Data Name="ProcessId">6074</Data><Data Name="Image">/usr/bin/dash</Data><Data Name="FileVersion">-</Data><Data Name="Description">-</Data><Data Name="Product">-</Data><Data Name="Company">-</Data><Data Name="OriginalFileName">-</Data><Data Name="CommandLine">/bin/sh /usr/bin/xdg-open logs/rogue-http-server/rogue_http_server.txt</Data><Data Name="CurrentDirectory">/home/bunny/Detection-Engineering-Lab</Data><Data Name="User">bunny</Data><Data Name="LogonGuid">{491e8a99-0000-0000-e803-000000000000}</Data><Data Name="LogonId">1000</Data><Data Name="TerminalSessionId">3</Data><Data Name="IntegrityLevel">no level</Data><Data Name="Hashes">MD5=c9f2b666550e3e64b27d033b4bd86751,SHA256=c626229526bb58ec2d0f585f3c3ae1412e6f973b4353385042d11c38d8426917</Data><Data Name="ParentProcessGuid">{00000000-0000-0000-0000-000000000000}</Data><Data Name="ParentProcessId">5227</Data><Data Name="ParentImage">-</Data><Data Name="ParentCommandLine">-</Data><Data Name="ParentUser">-</Data></EventData></Event>
Jun 01 23:14:29 bunny-VirtualBox sysmon[1847]: <Event><System><Provider Name="Linux-Sysmon" Guid="{ff032593-a8d3-4f13-b0d6-01fc615a0f97}"/><EventID>1</EventID><Version>5</Version><Level>4</Level><Task>1</Task><Opcode>0</Opcode><Keywords>0x8000000000000000</Keywords><TimeCreated SystemTime="2026-06-01T17:44:29.500781000Z"/><EventRecordID>43349</EventRecordID><Correlation/><Execution ProcessID="1847" ThreadID="1847"/><Channel>Linux-Sysmon/Operational</Channel><Computer>bunny-VirtualBox</Computer><Security UserId="0"/></System><EventData><Data Name="RuleName">-</Data><Data Name="UtcTime">2026-06-01 17:44:27.116</Data><Data Name="ProcessGuid">{491e8a99-c4fb-6a1d-3554-582dab610000}</Data><Data Name="ProcessId">6075</Data><Data Name="Image">/usr/bin/gio</Data><Data Name="FileVersion">-</Data><Data Name="Description">-</Data><Data Name="Product">-</Data><Data Name="Company">-</Data><Data Name="OriginalFileName">-</Data><Data Name="CommandLine">gio help open</Data><Data Name="CurrentDirectory">/home/bunny/Detection-Engineering-Lab</Data><Data Name="User">bunny</Data><Data Name="LogonGuid">{491e8a99-0000-0000-e803-000000000000}</Data><Data Name="LogonId">1000</Data><Data Name="TerminalSessionId">3</Data><Data Name="IntegrityLevel">no level</Data><Data Name="Hashes">MD5=f4fd55ef9bb9e5a4bb9ba762ec2608a0,SHA256=6ea761c3b0d88c96b90fa4c6d2d61b577154a815b77ce1da0017dae3d7d48bd4</Data><Data Name="ParentProcessGuid">{491e8a99-c4fb-6a1d-adee-06be40590000}</Data><Data Name="ParentProcessId">6074</Data><Data Name="ParentImage">/usr/bin/dash</Data><Data Name="ParentCommandLine">/bin/sh</Data><Data Name="ParentUser">bunny</Data></EventData></Event>
Jun 01 23:14:29 bunny-VirtualBox sysmon[1847]: <Event><System><Provider Name="Linux-Sysmon" Guid="{ff032593-a8d3-4f13-b0d6-01fc615a0f97}"/><EventID>5</EventID><Version>3</Version><Level>4</Level><Task>5</Task><Opcode>0</Opcode><Keywords>0x8000000000000000</Keywords><TimeCreated SystemTime="2026-06-01T17:44:29.504890000Z"/><EventRecordID>43350</EventRecordID><Correlation/><Execution ProcessID="1847" ThreadID="1847"/><Channel>Linux-Sysmon/Operational</Channel><Computer>bunny-VirtualBox</Computer><Security UserId="0"/></System><EventData><Data Name="RuleName">ProcessTerminate</Data><Data Name="UtcTime">2026-06-01 17:44:27.123</Data><Data Name="ProcessGuid">{491e8a99-c4fb-6a1d-3554-582dab610000}</Data><Data Name="ProcessId">6075</Data><Data Name="Image">/usr/bin/gio</Data><Data Name="User">bunny</Data></EventData></Event>
Jun 01 23:14:29 bunny-VirtualBox sysmon[1847]: <Event><System><Provider Name="Linux-Sysmon" Guid="{ff032593-a8d3-4f13-b0d6-01fc615a0f97}"/><EventID>1</EventID><Version>5</Version><Level>4</Level><Task>1</Task><Opcode>0</Opcode><Keywords>0x8000000000000000</Keywords><TimeCreated SystemTime="2026-06-01T17:44:29.506497000Z"/><EventRecordID>43351</EventRecordID><Correlation/><Execution ProcessID="1847" ThreadID="1847"/><Channel>Linux-Sysmon/Operational</Channel><Computer>bunny-VirtualBox</Computer><Security UserId="0"/></System><EventData><Data Name="RuleName">-</Data><Data Name="UtcTime">2026-06-01 17:44:27.124</Data><Data Name="ProcessGuid">{491e8a99-c4fb-6a1d-3564-04a506590000}</Data><Data Name="ProcessId">6076</Data><Data Name="Image">/usr/bin/gio</Data><Data Name="FileVersion">-</Data><Data Name="Description">-</Data><Data Name="Product">-</Data><Data Name="Company">-</Data><Data Name="OriginalFileName">-</Data><Data Name="CommandLine">gio open logs/rogue-http-server/rogue_http_server.txt</Data><Data Name="CurrentDirectory">/home/bunny/Detection-Engineering-Lab</Data><Data Name="User">bunny</Data><Data Name="LogonGuid">{491e8a99-0000-0000-e803-000000000000}</Data><Data Name="LogonId">1000</Data><Data Name="TerminalSessionId">3</Data><Data Name="IntegrityLevel">no level</Data><Data Name="Hashes">MD5=f4fd55ef9bb9e5a4bb9ba762ec2608a0,SHA256=6ea761c3b0d88c96b90fa4c6d2d61b577154a815b77ce1da0017dae3d7d48bd4</Data><Data Name="ParentProcessGuid">{491e8a99-c4fb-6a1d-adee-06be40590000}</Data><Data Name="ParentProcessId">6074</Data><Data Name="ParentImage">/usr/bin/dash</Data><Data Name="ParentCommandLine">/bin/sh</Data><Data Name="ParentUser">bunny</Data></EventData></Event>
Jun 01 23:14:29 bunny-VirtualBox sysmon[1847]: <Event><System><Provider Name="Linux-Sysmon" Guid="{ff032593-a8d3-4f13-b0d6-01fc615a0f97}"/><EventID>1</EventID><Version>5</Version><Level>4</Level><Task>1</Task><Opcode>0</Opcode><Keywords>0x8000000000000000</Keywords><TimeCreated SystemTime="2026-06-01T17:44:29.542006000Z"/><EventRecordID>43352</EventRecordID><Correlation/><Execution ProcessID="1847" ThreadID="1847"/><Channel>Linux-Sysmon/Operational</Channel><Computer>bunny-VirtualBox</Computer><Security UserId="0"/></System><EventData><Data Name="RuleName">-</Data><Data Name="UtcTime">2026-06-01 17:44:27.153</Data><Data Name="ProcessGuid">{491e8a99-c4fb-6a1d-4dff-2de6e25d0000}</Data><Data Name="ProcessId">6084</Data><Data Name="Image">/usr/bin/gnome-text-editor</Data><Data Name="FileVersion">-</Data><Data Name="Description">-</Data><Data Name="Product">-</Data><Data Name="Company">-</Data><Data Name="OriginalFileName">-</Data><Data Name="CommandLine">/usr/bin/gnome-text-editor --gapplication-service</Data><Data Name="CurrentDirectory">/home/bunny</Data><Data Name="User">bunny</Data><Data Name="LogonGuid">{491e8a99-0000-0000-e803-000000000000}</Data><Data Name="LogonId">1000</Data><Data Name="TerminalSessionId">3</Data><Data Name="IntegrityLevel">no level</Data><Data Name="Hashes">MD5=f23872c5826203b36b1e1fbd4c320534,SHA256=fa52993c6c3039e6ff3cd2557ec48a4dc361cb2d816862c45b9b98ac2483888f</Data><Data Name="ParentProcessGuid">{00000000-0000-0000-0000-000000000000}</Data><Data Name="ParentProcessId">6083</Data><Data Name="ParentImage">-</Data><Data Name="ParentCommandLine">-</Data><Data Name="ParentUser">-</Data></EventData></Event>
Jun 01 23:14:29 bunny-VirtualBox sysmon[1847]: <Event><System><Provider Name="Linux-Sysmon" Guid="{ff032593-a8d3-4f13-b0d6-01fc615a0f97}"/><EventID>1</EventID><Version>5</Version><Level>4</Level><Task>1</Task><Opcode>0</Opcode><Keywords>0x8000000000000000</Keywords><TimeCreated SystemTime="2026-06-01T17:44:29.556174000Z"/><EventRecordID>43353</EventRecordID><Correlation/><Execution ProcessID="1847" ThreadID="1847"/><Channel>Linux-Sysmon/Operational</Channel><Computer>bunny-VirtualBox</Computer><Security UserId="0"/></System><EventData><Data Name="RuleName">-</Data><Data Name="UtcTime">2026-06-01 17:44:27.167</Data><Data Name="ProcessGuid">{491e8a99-c4fb-6a1d-813b-9939105a0000}</Data><Data Name="ProcessId">6085</Data><Data Name="Image">/usr/lib/systemd/systemd-executor</Data><Data Name="FileVersion">-</Data><Data Name="Description">-</Data><Data Name="Product">-</Data><Data Name="Company">-</Data><Data Name="OriginalFileName">-</Data><Data Name="CommandLine">/usr/lib/systemd/systemd-executor --deserialize 147 --log-level info --log-target journal-or-kmsg</Data><Data Name="CurrentDirectory">/</Data><Data Name="User">root</Data><Data Name="LogonGuid">{491e8a99-0000-0000-0000-000000000000}</Data><Data Name="LogonId">0</Data><Data Name="TerminalSessionId">4294967295</Data><Data Name="IntegrityLevel">no level</Data><Data Name="Hashes">MD5=140c5dda36db68a8e1cb066599075b5b,SHA256=d254a2e199cec12e63188f78bd073bafe89dc29fbe3c860c2d626fce2563bbf5</Data><Data Name="ParentProcessGuid">{491e8a99-b6db-6a1d-1d27-569ef95e0000}</Data><Data Name="ParentProcessId">1</Data><Data Name="ParentImage">/usr/lib/systemd/systemd</Data><Data Name="ParentCommandLine">/usr/lib/systemd/systemd --switched-root --system --deserialize=52 splash</Data><Data Name="ParentUser">root</Data></EventData></Event>
Jun 01 23:14:29 bunny-VirtualBox sysmon[1847]: <Event><System><Provider Name="Linux-Sysmon" Guid="{ff032593-a8d3-4f13-b0d6-01fc615a0f97}"/><EventID>1</EventID><Version>5</Version><Level>4</Level><Task>1</Task><Opcode>0</Opcode><Keywords>0x8000000000000000</Keywords><TimeCreated SystemTime="2026-06-01T17:44:29.610579000Z"/><EventRecordID>43354</EventRecordID><Correlation/><Execution ProcessID="1847" ThreadID="1847"/><Channel>Linux-Sysmon/Operational</Channel><Computer>bunny-VirtualBox</Computer><Security UserId="0"/></System><EventData><Data Name="RuleName">-</Data><Data Name="UtcTime">2026-06-01 17:44:27.167</Data><Data Name="ProcessGuid">{491e8a99-c4fb-6a1d-8176-7a0000000000}</Data><Data Name="ProcessId">6085</Data><Data Name="Image">/usr/bin/python3.14</Data><Data Name="FileVersion">-</Data><Data Name="Description">-</Data><Data Name="Product">-</Data><Data Name="Company">-</Data><Data Name="OriginalFileName">-</Data><Data Name="CommandLine">/usr/bin/python3 /usr/share/apport/whoopsie-upload-all --timeout 20</Data><Data Name="CurrentDirectory">/</Data><Data Name="User">root</Data><Data Name="LogonGuid">{491e8a99-0000-0000-0000-000000000000}</Data><Data Name="LogonId">0</Data><Data Name="TerminalSessionId">4294967295</Data><Data Name="IntegrityLevel">no level</Data><Data Name="Hashes">MD5=852e526b26d54d5727a66362048a9137,SHA256=fa9796cd3a30878e11a2f40372f773d3fcd913fff35e5bee8dd9a036e22e93ab</Data><Data Name="ParentProcessGuid">{491e8a99-b6db-6a1d-1d27-569ef95e0000}</Data><Data Name="ParentProcessId">1</Data><Data Name="ParentImage">/usr/lib/systemd/systemd</Data><Data Name="ParentCommandLine">/usr/lib/systemd/systemd --switched-root --system --deserialize=52 splash</Data><Data Name="ParentUser">root</Data></EventData></Event>
