Jun 01 23:40:57 bunny-VirtualBox sysmon[1847]: <Event><System><Provider Name="Linux-Sysmon" Guid="{ff032593-a8d3-4f13-b0d6-01fc615a0f97}"/><EventID>5</EventID><Version>3</Version><Level>4</Level><Task>5</Task><Opcode>0</Opcode><Keywords>0x8000000000000000</Keywords><TimeCreated SystemTime="2026-06-01T18:10:57.390151000Z"/><EventRecordID>43713</EventRecordID><Correlation/><Execution ProcessID="1847" ThreadID="1847"/><Channel>Linux-Sysmon/Operational</Channel><Computer>bunny-VirtualBox</Computer><Security UserId="0"/></System><EventData><Data Name="RuleName">ProcessTerminate</Data><Data Name="UtcTime">2026-06-01 18:10:55.008</Data><Data Name="ProcessGuid">{491e8a99-cb20-6a1d-4d5f-3890cb610000}</Data><Data Name="ProcessId">6682</Data><Data Name="Image">/usr/bin/gnome-text-editor</Data><Data Name="User">bunny</Data></EventData></Event>
Jun 01 23:40:57 bunny-VirtualBox sysmon[1847]: <Event><System><Provider Name="Linux-Sysmon" Guid="{ff032593-a8d3-4f13-b0d6-01fc615a0f97}"/><EventID>5</EventID><Version>3</Version><Level>4</Level><Task>5</Task><Opcode>0</Opcode><Keywords>0x8000000000000000</Keywords><TimeCreated SystemTime="2026-06-01T18:10:57.391498000Z"/><EventRecordID>43714</EventRecordID><Correlation/><Execution ProcessID="1847" ThreadID="1847"/><Channel>Linux-Sysmon/Operational</Channel><Computer>bunny-VirtualBox</Computer><Security UserId="0"/></System><EventData><Data Name="RuleName">ProcessTerminate</Data><Data Name="UtcTime">2026-06-01 18:10:55.009</Data><Data Name="ProcessGuid">{491e8a99-cb20-6a1d-4d5f-3890cb610000}</Data><Data Name="ProcessId">6682</Data><Data Name="Image">/usr/bin/gnome-text-editor</Data><Data Name="User">bunny</Data></EventData></Event>
Jun 01 23:40:57 bunny-VirtualBox sysmon[1847]: <Event><System><Provider Name="Linux-Sysmon" Guid="{ff032593-a8d3-4f13-b0d6-01fc615a0f97}"/><EventID>5</EventID><Version>3</Version><Level>4</Level><Task>5</Task><Opcode>0</Opcode><Keywords>0x8000000000000000</Keywords><TimeCreated SystemTime="2026-06-01T18:10:57.391593000Z"/><EventRecordID>43715</EventRecordID><Correlation/><Execution ProcessID="1847" ThreadID="1847"/><Channel>Linux-Sysmon/Operational</Channel><Computer>bunny-VirtualBox</Computer><Security UserId="0"/></System><EventData><Data Name="RuleName">ProcessTerminate</Data><Data Name="UtcTime">2026-06-01 18:10:55.009</Data><Data Name="ProcessGuid">{491e8a99-cb20-6a1d-4d5f-3890cb610000}</Data><Data Name="ProcessId">6682</Data><Data Name="Image">/usr/bin/gnome-text-editor</Data><Data Name="User">bunny</Data></EventData></Event>
Jun 01 23:40:57 bunny-VirtualBox sysmon[1847]: <Event><System><Provider Name="Linux-Sysmon" Guid="{ff032593-a8d3-4f13-b0d6-01fc615a0f97}"/><EventID>5</EventID><Version>3</Version><Level>4</Level><Task>5</Task><Opcode>0</Opcode><Keywords>0x8000000000000000</Keywords><TimeCreated SystemTime="2026-06-01T18:10:57.391651000Z"/><EventRecordID>43716</EventRecordID><Correlation/><Execution ProcessID="1847" ThreadID="1847"/><Channel>Linux-Sysmon/Operational</Channel><Computer>bunny-VirtualBox</Computer><Security UserId="0"/></System><EventData><Data Name="RuleName">ProcessTerminate</Data><Data Name="UtcTime">2026-06-01 18:10:55.010</Data><Data Name="ProcessGuid">{491e8a99-cb20-6a1d-4d5f-3890cb610000}</Data><Data Name="ProcessId">6682</Data><Data Name="Image">/usr/bin/gnome-text-editor</Data><Data Name="User">bunny</Data></EventData></Event>
Jun 01 23:40:57 bunny-VirtualBox sysmon[1847]: <Event><System><Provider Name="Linux-Sysmon" Guid="{ff032593-a8d3-4f13-b0d6-01fc615a0f97}"/><EventID>5</EventID><Version>3</Version><Level>4</Level><Task>5</Task><Opcode>0</Opcode><Keywords>0x8000000000000000</Keywords><TimeCreated SystemTime="2026-06-01T18:10:57.391702000Z"/><EventRecordID>43717</EventRecordID><Correlation/><Execution ProcessID="1847" ThreadID="1847"/><Channel>Linux-Sysmon/Operational</Channel><Computer>bunny-VirtualBox</Computer><Security UserId="0"/></System><EventData><Data Name="RuleName">ProcessTerminate</Data><Data Name="UtcTime">2026-06-01 18:10:55.010</Data><Data Name="ProcessGuid">{491e8a99-cb20-6a1d-4d5f-3890cb610000}</Data><Data Name="ProcessId">6682</Data><Data Name="Image">/usr/bin/gnome-text-editor</Data><Data Name="User">bunny</Data></EventData></Event>
Jun 01 23:40:57 bunny-VirtualBox sysmon[1847]: <Event><System><Provider Name="Linux-Sysmon" Guid="{ff032593-a8d3-4f13-b0d6-01fc615a0f97}"/><EventID>5</EventID><Version>3</Version><Level>4</Level><Task>5</Task><Opcode>0</Opcode><Keywords>0x8000000000000000</Keywords><TimeCreated SystemTime="2026-06-01T18:10:57.391767000Z"/><EventRecordID>43718</EventRecordID><Correlation/><Execution ProcessID="1847" ThreadID="1847"/><Channel>Linux-Sysmon/Operational</Channel><Computer>bunny-VirtualBox</Computer><Security UserId="0"/></System><EventData><Data Name="RuleName">ProcessTerminate</Data><Data Name="UtcTime">2026-06-01 18:10:55.010</Data><Data Name="ProcessGuid">{491e8a99-cb20-6a1d-4d5f-3890cb610000}</Data><Data Name="ProcessId">6682</Data><Data Name="Image">/usr/bin/gnome-text-editor</Data><Data Name="User">bunny</Data></EventData></Event>
Jun 01 23:40:57 bunny-VirtualBox sysmon[1847]: <Event><System><Provider Name="Linux-Sysmon" Guid="{ff032593-a8d3-4f13-b0d6-01fc615a0f97}"/><EventID>5</EventID><Version>3</Version><Level>4</Level><Task>5</Task><Opcode>0</Opcode><Keywords>0x8000000000000000</Keywords><TimeCreated SystemTime="2026-06-01T18:10:57.391818000Z"/><EventRecordID>43719</EventRecordID><Correlation/><Execution ProcessID="1847" ThreadID="1847"/><Channel>Linux-Sysmon/Operational</Channel><Computer>bunny-VirtualBox</Computer><Security UserId="0"/></System><EventData><Data Name="RuleName">ProcessTerminate</Data><Data Name="UtcTime">2026-06-01 18:10:55.010</Data><Data Name="ProcessGuid">{491e8a99-cb20-6a1d-4d5f-3890cb610000}</Data><Data Name="ProcessId">6682</Data><Data Name="Image">/usr/bin/gnome-text-editor</Data><Data Name="User">bunny</Data></EventData></Event>
Jun 01 23:40:57 bunny-VirtualBox sysmon[1847]: <Event><System><Provider Name="Linux-Sysmon" Guid="{ff032593-a8d3-4f13-b0d6-01fc615a0f97}"/><EventID>5</EventID><Version>3</Version><Level>4</Level><Task>5</Task><Opcode>0</Opcode><Keywords>0x8000000000000000</Keywords><TimeCreated SystemTime="2026-06-01T18:10:57.392379000Z"/><EventRecordID>43720</EventRecordID><Correlation/><Execution ProcessID="1847" ThreadID="1847"/><Channel>Linux-Sysmon/Operational</Channel><Computer>bunny-VirtualBox</Computer><Security UserId="0"/></System><EventData><Data Name="RuleName">ProcessTerminate</Data><Data Name="UtcTime">2026-06-01 18:10:55.011</Data><Data Name="ProcessGuid">{491e8a99-cb20-6a1d-4d5f-3890cb610000}</Data><Data Name="ProcessId">6682</Data><Data Name="Image">/usr/bin/gnome-text-editor</Data><Data Name="User">bunny</Data></EventData></Event>
Jun 01 23:40:57 bunny-VirtualBox sysmon[1847]: <Event><System><Provider Name="Linux-Sysmon" Guid="{ff032593-a8d3-4f13-b0d6-01fc615a0f97}"/><EventID>5</EventID><Version>3</Version><Level>4</Level><Task>5</Task><Opcode>0</Opcode><Keywords>0x8000000000000000</Keywords><TimeCreated SystemTime="2026-06-01T18:10:57.392622000Z"/><EventRecordID>43721</EventRecordID><Correlation/><Execution ProcessID="1847" ThreadID="1847"/><Channel>Linux-Sysmon/Operational</Channel><Computer>bunny-VirtualBox</Computer><Security UserId="0"/></System><EventData><Data Name="RuleName">ProcessTerminate</Data><Data Name="UtcTime">2026-06-01 18:10:55.011</Data><Data Name="ProcessGuid">{491e8a99-cb20-6a1d-4d5f-3890cb610000}</Data><Data Name="ProcessId">6682</Data><Data Name="Image">/usr/bin/gnome-text-editor</Data><Data Name="User">bunny</Data></EventData></Event>
Jun 01 23:40:57 bunny-VirtualBox sysmon[1847]: <Event><System><Provider Name="Linux-Sysmon" Guid="{ff032593-a8d3-4f13-b0d6-01fc615a0f97}"/><EventID>5</EventID><Version>3</Version><Level>4</Level><Task>5</Task><Opcode>0</Opcode><Keywords>0x8000000000000000</Keywords><TimeCreated SystemTime="2026-06-01T18:10:57.392872000Z"/><EventRecordID>43722</EventRecordID><Correlation/><Execution ProcessID="1847" ThreadID="1847"/><Channel>Linux-Sysmon/Operational</Channel><Computer>bunny-VirtualBox</Computer><Security UserId="0"/></System><EventData><Data Name="RuleName">ProcessTerminate</Data><Data Name="UtcTime">2026-06-01 18:10:55.011</Data><Data Name="ProcessGuid">{491e8a99-cb20-6a1d-4d5f-3890cb610000}</Data><Data Name="ProcessId">6682</Data><Data Name="Image">/usr/bin/gnome-text-editor</Data><Data Name="User">bunny</Data></EventData></Event>
Jun 01 23:40:57 bunny-VirtualBox sysmon[1847]: <Event><System><Provider Name="Linux-Sysmon" Guid="{ff032593-a8d3-4f13-b0d6-01fc615a0f97}"/><EventID>5</EventID><Version>3</Version><Level>4</Level><Task>5</Task><Opcode>0</Opcode><Keywords>0x8000000000000000</Keywords><TimeCreated SystemTime="2026-06-01T18:10:57.394504000Z"/><EventRecordID>43723</EventRecordID><Correlation/><Execution ProcessID="1847" ThreadID="1847"/><Channel>Linux-Sysmon/Operational</Channel><Computer>bunny-VirtualBox</Computer><Security UserId="0"/></System><EventData><Data Name="RuleName">ProcessTerminate</Data><Data Name="UtcTime">2026-06-01 18:10:55.013</Data><Data Name="ProcessGuid">{491e8a99-cb20-6a1d-4d5f-3890cb610000}</Data><Data Name="ProcessId">6682</Data><Data Name="Image">/usr/bin/gnome-text-editor</Data><Data Name="User">bunny</Data></EventData></Event>
Jun 01 23:40:57 bunny-VirtualBox sysmon[1847]: <Event><System><Provider Name="Linux-Sysmon" Guid="{ff032593-a8d3-4f13-b0d6-01fc615a0f97}"/><EventID>5</EventID><Version>3</Version><Level>4</Level><Task>5</Task><Opcode>0</Opcode><Keywords>0x8000000000000000</Keywords><TimeCreated SystemTime="2026-06-01T18:10:57.394638000Z"/><EventRecordID>43724</EventRecordID><Correlation/><Execution ProcessID="1847" ThreadID="1847"/><Channel>Linux-Sysmon/Operational</Channel><Computer>bunny-VirtualBox</Computer><Security UserId="0"/></System><EventData><Data Name="RuleName">ProcessTerminate</Data><Data Name="UtcTime">2026-06-01 18:10:55.013</Data><Data Name="ProcessGuid">{491e8a99-cb20-6a1d-4d5f-3890cb610000}</Data><Data Name="ProcessId">6682</Data><Data Name="Image">/usr/bin/gnome-text-editor</Data><Data Name="User">bunny</Data></EventData></Event>
Jun 01 23:40:57 bunny-VirtualBox sysmon[1847]: <Event><System><Provider Name="Linux-Sysmon" Guid="{ff032593-a8d3-4f13-b0d6-01fc615a0f97}"/><EventID>5</EventID><Version>3</Version><Level>4</Level><Task>5</Task><Opcode>0</Opcode><Keywords>0x8000000000000000</Keywords><TimeCreated SystemTime="2026-06-01T18:10:57.394681000Z"/><EventRecordID>43725</EventRecordID><Correlation/><Execution ProcessID="1847" ThreadID="1847"/><Channel>Linux-Sysmon/Operational</Channel><Computer>bunny-VirtualBox</Computer><Security UserId="0"/></System><EventData><Data Name="RuleName">ProcessTerminate</Data><Data Name="UtcTime">2026-06-01 18:10:55.013</Data><Data Name="ProcessGuid">{491e8a99-cb20-6a1d-4d5f-3890cb610000}</Data><Data Name="ProcessId">6682</Data><Data Name="Image">/usr/bin/gnome-text-editor</Data><Data Name="User">bunny</Data></EventData></Event>
Jun 01 23:40:57 bunny-VirtualBox sysmon[1847]: <Event><System><Provider Name="Linux-Sysmon" Guid="{ff032593-a8d3-4f13-b0d6-01fc615a0f97}"/><EventID>5</EventID><Version>3</Version><Level>4</Level><Task>5</Task><Opcode>0</Opcode><Keywords>0x8000000000000000</Keywords><TimeCreated SystemTime="2026-06-01T18:10:57.395700000Z"/><EventRecordID>43726</EventRecordID><Correlation/><Execution ProcessID="1847" ThreadID="1847"/><Channel>Linux-Sysmon/Operational</Channel><Computer>bunny-VirtualBox</Computer><Security UserId="0"/></System><EventData><Data Name="RuleName">ProcessTerminate</Data><Data Name="UtcTime">2026-06-01 18:10:55.014</Data><Data Name="ProcessGuid">{491e8a99-cb20-6a1d-4d5f-3890cb610000}</Data><Data Name="ProcessId">6682</Data><Data Name="Image">/usr/bin/gnome-text-editor</Data><Data Name="User">bunny</Data></EventData></Event>
Jun 01 23:40:57 bunny-VirtualBox sysmon[1847]: <Event><System><Provider Name="Linux-Sysmon" Guid="{ff032593-a8d3-4f13-b0d6-01fc615a0f97}"/><EventID>5</EventID><Version>3</Version><Level>4</Level><Task>5</Task><Opcode>0</Opcode><Keywords>0x8000000000000000</Keywords><TimeCreated SystemTime="2026-06-01T18:10:57.395747000Z"/><EventRecordID>43727</EventRecordID><Correlation/><Execution ProcessID="1847" ThreadID="1847"/><Channel>Linux-Sysmon/Operational</Channel><Computer>bunny-VirtualBox</Computer><Security UserId="0"/></System><EventData><Data Name="RuleName">ProcessTerminate</Data><Data Name="UtcTime">2026-06-01 18:10:55.014</Data><Data Name="ProcessGuid">{491e8a99-cb20-6a1d-4d5f-3890cb610000}</Data><Data Name="ProcessId">6682</Data><Data Name="Image">/usr/bin/gnome-text-editor</Data><Data Name="User">bunny</Data></EventData></Event>
Jun 01 23:40:57 bunny-VirtualBox sysmon[1847]: <Event><System><Provider Name="Linux-Sysmon" Guid="{ff032593-a8d3-4f13-b0d6-01fc615a0f97}"/><EventID>5</EventID><Version>3</Version><Level>4</Level><Task>5</Task><Opcode>0</Opcode><Keywords>0x8000000000000000</Keywords><TimeCreated SystemTime="2026-06-01T18:10:57.395779000Z"/><EventRecordID>43728</EventRecordID><Correlation/><Execution ProcessID="1847" ThreadID="1847"/><Channel>Linux-Sysmon/Operational</Channel><Computer>bunny-VirtualBox</Computer><Security UserId="0"/></System><EventData><Data Name="RuleName">ProcessTerminate</Data><Data Name="UtcTime">2026-06-01 18:10:55.014</Data><Data Name="ProcessGuid">{491e8a99-cb20-6a1d-4d5f-3890cb610000}</Data><Data Name="ProcessId">6682</Data><Data Name="Image">/usr/bin/gnome-text-editor</Data><Data Name="User">bunny</Data></EventData></Event>
Jun 01 23:40:57 bunny-VirtualBox sysmon[1847]: <Event><System><Provider Name="Linux-Sysmon" Guid="{ff032593-a8d3-4f13-b0d6-01fc615a0f97}"/><EventID>5</EventID><Version>3</Version><Level>4</Level><Task>5</Task><Opcode>0</Opcode><Keywords>0x8000000000000000</Keywords><TimeCreated SystemTime="2026-06-01T18:10:57.396680000Z"/><EventRecordID>43729</EventRecordID><Correlation/><Execution ProcessID="1847" ThreadID="1847"/><Channel>Linux-Sysmon/Operational</Channel><Computer>bunny-VirtualBox</Computer><Security UserId="0"/></System><EventData><Data Name="RuleName">ProcessTerminate</Data><Data Name="UtcTime">2026-06-01 18:10:55.015</Data><Data Name="ProcessGuid">{491e8a99-cb20-6a1d-4d5f-3890cb610000}</Data><Data Name="ProcessId">6682</Data><Data Name="Image">/usr/bin/gnome-text-editor</Data><Data Name="User">bunny</Data></EventData></Event>
Jun 01 23:43:34 bunny-VirtualBox sysmon[1847]: <Event><System><Provider Name="Linux-Sysmon" Guid="{ff032593-a8d3-4f13-b0d6-01fc615a0f97}"/><EventID>3</EventID><Version>5</Version><Level>4</Level><Task>3</Task><Opcode>0</Opcode><Keywords>0x8000000000000000</Keywords><TimeCreated SystemTime="2026-06-01T18:13:34.680566000Z"/><EventRecordID>43730</EventRecordID><Correlation/><Execution ProcessID="1847" ThreadID="1847"/><Channel>Linux-Sysmon/Operational</Channel><Computer>bunny-VirtualBox</Computer><Security UserId="0"/></System><EventData><Data Name="RuleName">-</Data><Data Name="UtcTime">2026-06-01 18:13:32.298</Data><Data Name="ProcessGuid">{491e8a99-b6e6-6a1d-4d83-3ab6c95f0000}</Data><Data Name="ProcessId">1432</Data><Data Name="Image">/usr/sbin/NetworkManager</Data><Data Name="User">root</Data><Data Name="Protocol">tcp</Data><Data Name="Initiated">true</Data><Data Name="SourceIsIpv6">true</Data><Data Name="SourceIp">fd17:625c:f037:2:a00:27ff:fee9:32fd</Data><Data Name="SourceHostname">-</Data><Data Name="SourcePort">49022</Data><Data Name="SourcePortName">-</Data><Data Name="DestinationIsIpv6">true</Data><Data Name="DestinationIp">2620:2d:4000:1:0:0:0:1099</Data><Data Name="DestinationHostname">-</Data><Data Name="DestinationPort">80</Data><Data Name="DestinationPortName">-</Data></EventData></Event>
Jun 01 23:43:49 bunny-VirtualBox sysmon[1847]: <Event><System><Provider Name="Linux-Sysmon" Guid="{ff032593-a8d3-4f13-b0d6-01fc615a0f97}"/><EventID>1</EventID><Version>5</Version><Level>4</Level><Task>1</Task><Opcode>0</Opcode><Keywords>0x8000000000000000</Keywords><TimeCreated SystemTime="2026-06-01T18:13:49.486215000Z"/><EventRecordID>43731</EventRecordID><Correlation/><Execution ProcessID="1847" ThreadID="1847"/><Channel>Linux-Sysmon/Operational</Channel><Computer>bunny-VirtualBox</Computer><Security UserId="0"/></System><EventData><Data Name="RuleName">-</Data><Data Name="UtcTime">2026-06-01 18:13:47.072</Data><Data Name="ProcessGuid">{491e8a99-cbdb-6a1d-a959-40fcce620000}</Data><Data Name="ProcessId">6748</Data><Data Name="Image">/usr/bin/bwrap</Data><Data Name="FileVersion">-</Data><Data Name="Description">-</Data><Data Name="Product">-</Data><Data Name="Company">-</Data><Data Name="OriginalFileName">-</Data><Data Name="CommandLine">bwrap --unshare-all --die-with-parent --chdir / --ro-bind /usr /usr --dev /dev --ro-bind-try /etc/ld.so.cache /etc/ld.so.cache --ro-bind-try /nix/store /nix/store --tmpfs /tmp-home --tmpfs /tmp-run --clearenv --setenv HOME /tmp-home --setenv XDG_RUNTIME_DIR /tmp-run --setenv XDG_RUNTIME_DIR /run/user/1000 --symlink /usr/lib64 /lib64 --symlink /usr/lib /lib --ro-bind-try /etc/fonts/conf.d /etc/fonts/conf.d --ro-bind-try /etc/fonts/fonts.conf /etc/fonts/fonts.conf --ro-bind-try /var/cache/fontconfig /var/cache/fontconfig --bind-try /home/bunny/.cache/glycin/usr/libexec/glycin-loaders/2+/glycin-svg /home/bunny/.cache/glycin/usr/libexec/glycin-loaders/2+/glycin-svg --setenv XDG_CACHE_HOME /home/bunny/.cache/glycin/usr/libexec/glycin-loaders/2+/glycin-svg --seccomp 117 /usr/libexec/glycin-loaders/2+/glycin-svg --dbus-fd 116</Data><Data Name="CurrentDirectory">/home/bunny</Data><Data Name="User">bunny</Data><Data Name="LogonGuid">{491e8a99-0000-0000-e803-000000000000}</Data><Data Name="LogonId">1000</Data><Data Name="TerminalSessionId">3</Data><Data Name="IntegrityLevel">no level</Data><Data Name="Hashes">MD5=53a276dc50504f38c37096444adfc132,SHA256=0abea81db798ebf6b4742ac0664802d97521547a353c2a0dbdc21d76cbbfd2c0</Data><Data Name="ParentProcessGuid">{00000000-0000-0000-0000-000000000000}</Data><Data Name="ParentProcessId">6747</Data><Data Name="ParentImage">-</Data><Data Name="ParentCommandLine">-</Data><Data Name="ParentUser">-</Data></EventData></Event>
Jun 01 23:43:49 bunny-VirtualBox sysmon[1847]: <Event><System><Provider Name="Linux-Sysmon" Guid="{ff032593-a8d3-4f13-b0d6-01fc615a0f97}"/><EventID>1</EventID><Version>5</Version><Level>4</Level><Task>1</Task><Opcode>0</Opcode><Keywords>0x8000000000000000</Keywords><TimeCreated SystemTime="2026-06-01T18:13:49.525467000Z"/><EventRecordID>43732</EventRecordID><Correlation/><Execution ProcessID="1847" ThreadID="1847"/><Channel>Linux-Sysmon/Operational</Channel><Computer>bunny-VirtualBox</Computer><Security UserId="0"/></System><EventData><Data Name="RuleName">-</Data><Data Name="UtcTime">2026-06-01 18:13:47.139</Data><Data Name="ProcessGuid">{491e8a99-cbdb-6a1d-a5bf-a894da550000}</Data><Data Name="ProcessId">6751</Data><Data Name="Image">/newroot/usr/usr/libexec/glycin-loaders/2+/glycin-svg</Data><Data Name="FileVersion">-</Data><Data Name="Description">-</Data><Data Name="Product">-</Data><Data Name="Company">-</Data><Data Name="OriginalFileName">-</Data><Data Name="CommandLine">/usr/libexec/glycin-loaders/2+/glycin-svg --dbus-fd 116</Data><Data Name="CurrentDirectory">/newroot</Data><Data Name="User">bunny</Data><Data Name="LogonGuid">{491e8a99-0000-0000-e803-000000000000}</Data><Data Name="LogonId">1000</Data><Data Name="TerminalSessionId">3</Data><Data Name="IntegrityLevel">no level</Data><Data Name="Hashes">-</Data><Data Name="ParentProcessGuid">{00000000-0000-0000-0000-000000000000}</Data><Data Name="ParentProcessId">6749</Data><Data Name="ParentImage">-</Data><Data Name="ParentCommandLine">-</Data><Data Name="ParentUser">-</Data></EventData></Event>
Jun 01 23:43:49 bunny-VirtualBox sysmon[1847]: <Event><System><Provider Name="Linux-Sysmon" Guid="{ff032593-a8d3-4f13-b0d6-01fc615a0f97}"/><EventID>5</EventID><Version>3</Version><Level>4</Level><Task>5</Task><Opcode>0</Opcode><Keywords>0x8000000000000000</Keywords><TimeCreated SystemTime="2026-06-01T18:13:49.595762000Z"/><EventRecordID>43733</EventRecordID><Correlation/><Execution ProcessID="1847" ThreadID="1847"/><Channel>Linux-Sysmon/Operational</Channel><Computer>bunny-VirtualBox</Computer><Security UserId="0"/></System><EventData><Data Name="RuleName">ProcessTerminate</Data><Data Name="UtcTime">2026-06-01 18:13:47.214</Data><Data Name="ProcessGuid">{491e8a99-cbdb-6a1d-a5bf-a894da550000}</Data><Data Name="ProcessId">6751</Data><Data Name="Image">/newroot/usr/usr/libexec/glycin-loaders/2+/glycin-svg</Data><Data Name="User">bunny</Data></EventData></Event>
Jun 01 23:43:49 bunny-VirtualBox sysmon[1847]: <Event><System><Provider Name="Linux-Sysmon" Guid="{ff032593-a8d3-4f13-b0d6-01fc615a0f97}"/><EventID>5</EventID><Version>3</Version><Level>4</Level><Task>5</Task><Opcode>0</Opcode><Keywords>0x8000000000000000</Keywords><TimeCreated SystemTime="2026-06-01T18:13:49.596926000Z"/><EventRecordID>43734</EventRecordID><Correlation/><Execution ProcessID="1847" ThreadID="1847"/><Channel>Linux-Sysmon/Operational</Channel><Computer>bunny-VirtualBox</Computer><Security UserId="0"/></System><EventData><Data Name="RuleName">ProcessTerminate</Data><Data Name="UtcTime">2026-06-01 18:13:47.215</Data><Data Name="ProcessGuid">{491e8a99-cbdb-6a1d-a5bf-a894da550000}</Data><Data Name="ProcessId">6751</Data><Data Name="Image">/newroot/usr/usr/libexec/glycin-loaders/2+/glycin-svg</Data><Data Name="User">bunny</Data></EventData></Event>
Jun 01 23:43:49 bunny-VirtualBox sysmon[1847]: <Event><System><Provider Name="Linux-Sysmon" Guid="{ff032593-a8d3-4f13-b0d6-01fc615a0f97}"/><EventID>5</EventID><Version>3</Version><Level>4</Level><Task>5</Task><Opcode>0</Opcode><Keywords>0x8000000000000000</Keywords><TimeCreated SystemTime="2026-06-01T18:13:49.640968000Z"/><EventRecordID>43735</EventRecordID><Correlation/><Execution ProcessID="1847" ThreadID="1847"/><Channel>Linux-Sysmon/Operational</Channel><Computer>bunny-VirtualBox</Computer><Security UserId="0"/></System><EventData><Data Name="RuleName">ProcessTerminate</Data><Data Name="UtcTime">2026-06-01 18:13:47.259</Data><Data Name="ProcessGuid">{491e8a99-cbdb-6a1d-a5bf-a894da550000}</Data><Data Name="ProcessId">6751</Data><Data Name="Image">/newroot/usr/usr/libexec/glycin-loaders/2+/glycin-svg</Data><Data Name="User">bunny</Data></EventData></Event>
Jun 01 23:43:49 bunny-VirtualBox sysmon[1847]: <Event><System><Provider Name="Linux-Sysmon" Guid="{ff032593-a8d3-4f13-b0d6-01fc615a0f97}"/><EventID>5</EventID><Version>3</Version><Level>4</Level><Task>5</Task><Opcode>0</Opcode><Keywords>0x8000000000000000</Keywords><TimeCreated SystemTime="2026-06-01T18:13:49.645258000Z"/><EventRecordID>43736</EventRecordID><Correlation/><Execution ProcessID="1847" ThreadID="1847"/><Channel>Linux-Sysmon/Operational</Channel><Computer>bunny-VirtualBox</Computer><Security UserId="0"/></System><EventData><Data Name="RuleName">ProcessTerminate</Data><Data Name="UtcTime">2026-06-01 18:13:47.263</Data><Data Name="ProcessGuid">{491e8a99-cbdb-6a1d-a5bf-a894da550000}</Data><Data Name="ProcessId">6751</Data><Data Name="Image">/newroot/usr/usr/libexec/glycin-loaders/2+/glycin-svg</Data><Data Name="User">bunny</Data></EventData></Event>
Jun 01 23:43:49 bunny-VirtualBox sysmon[1847]: <Event><System><Provider Name="Linux-Sysmon" Guid="{ff032593-a8d3-4f13-b0d6-01fc615a0f97}"/><EventID>5</EventID><Version>3</Version><Level>4</Level><Task>5</Task><Opcode>0</Opcode><Keywords>0x8000000000000000</Keywords><TimeCreated SystemTime="2026-06-01T18:13:49.663216000Z"/><EventRecordID>43737</EventRecordID><Correlation/><Execution ProcessID="1847" ThreadID="1847"/><Channel>Linux-Sysmon/Operational</Channel><Computer>bunny-VirtualBox</Computer><Security UserId="0"/></System><EventData><Data Name="RuleName">ProcessTerminate</Data><Data Name="UtcTime">2026-06-01 18:13:47.280</Data><Data Name="ProcessGuid">{491e8a99-cbdb-6a1d-a5bf-a894da550000}</Data><Data Name="ProcessId">6751</Data><Data Name="Image">/newroot/usr/usr/libexec/glycin-loaders/2+/glycin-svg</Data><Data Name="User">bunny</Data></EventData></Event>
Jun 01 23:43:49 bunny-VirtualBox sysmon[1847]: <Event><System><Provider Name="Linux-Sysmon" Guid="{ff032593-a8d3-4f13-b0d6-01fc615a0f97}"/><EventID>5</EventID><Version>3</Version><Level>4</Level><Task>5</Task><Opcode>0</Opcode><Keywords>0x8000000000000000</Keywords><TimeCreated SystemTime="2026-06-01T18:13:49.664254000Z"/><EventRecordID>43738</EventRecordID><Correlation/><Execution ProcessID="1847" ThreadID="1847"/><Channel>Linux-Sysmon/Operational</Channel><Computer>bunny-VirtualBox</Computer><Security UserId="0"/></System><EventData><Data Name="RuleName">ProcessTerminate</Data><Data Name="UtcTime">2026-06-01 18:13:47.283</Data><Data Name="ProcessGuid">{491e8a99-cbdb-6a1d-a5bf-a894da550000}</Data><Data Name="ProcessId">6751</Data><Data Name="Image">/newroot/usr/usr/libexec/glycin-loaders/2+/glycin-svg</Data><Data Name="User">bunny</Data></EventData></Event>
Jun 01 23:43:49 bunny-VirtualBox sysmon[1847]: <Event><System><Provider Name="Linux-Sysmon" Guid="{ff032593-a8d3-4f13-b0d6-01fc615a0f97}"/><EventID>5</EventID><Version>3</Version><Level>4</Level><Task>5</Task><Opcode>0</Opcode><Keywords>0x8000000000000000</Keywords><TimeCreated SystemTime="2026-06-01T18:13:49.698655000Z"/><EventRecordID>43739</EventRecordID><Correlation/><Execution ProcessID="1847" ThreadID="1847"/><Channel>Linux-Sysmon/Operational</Channel><Computer>bunny-VirtualBox</Computer><Security UserId="0"/></System><EventData><Data Name="RuleName">ProcessTerminate</Data><Data Name="UtcTime">2026-06-01 18:13:47.317</Data><Data Name="ProcessGuid">{491e8a99-cbdb-6a1d-a5bf-a894da550000}</Data><Data Name="ProcessId">6751</Data><Data Name="Image">/newroot/usr/usr/libexec/glycin-loaders/2+/glycin-svg</Data><Data Name="User">bunny</Data></EventData></Event>
Jun 01 23:43:49 bunny-VirtualBox sysmon[1847]: <Event><System><Provider Name="Linux-Sysmon" Guid="{ff032593-a8d3-4f13-b0d6-01fc615a0f97}"/><EventID>5</EventID><Version>3</Version><Level>4</Level><Task>5</Task><Opcode>0</Opcode><Keywords>0x8000000000000000</Keywords><TimeCreated SystemTime="2026-06-01T18:13:49.711050000Z"/><EventRecordID>43740</EventRecordID><Correlation/><Execution ProcessID="1847" ThreadID="1847"/><Channel>Linux-Sysmon/Operational</Channel><Computer>bunny-VirtualBox</Computer><Security UserId="0"/></System><EventData><Data Name="RuleName">ProcessTerminate</Data><Data Name="UtcTime">2026-06-01 18:13:47.329</Data><Data Name="ProcessGuid">{491e8a99-cbdb-6a1d-a5bf-a894da550000}</Data><Data Name="ProcessId">6751</Data><Data Name="Image">/newroot/usr/usr/libexec/glycin-loaders/2+/glycin-svg</Data><Data Name="User">bunny</Data></EventData></Event>
Jun 01 23:43:49 bunny-VirtualBox sysmon[1847]: <Event><System><Provider Name="Linux-Sysmon" Guid="{ff032593-a8d3-4f13-b0d6-01fc615a0f97}"/><EventID>5</EventID><Version>3</Version><Level>4</Level><Task>5</Task><Opcode>0</Opcode><Keywords>0x8000000000000000</Keywords><TimeCreated SystemTime="2026-06-01T18:13:49.720695000Z"/><EventRecordID>43741</EventRecordID><Correlation/><Execution ProcessID="1847" ThreadID="1847"/><Channel>Linux-Sysmon/Operational</Channel><Computer>bunny-VirtualBox</Computer><Security UserId="0"/></System><EventData><Data Name="RuleName">ProcessTerminate</Data><Data Name="UtcTime">2026-06-01 18:13:47.339</Data><Data Name="ProcessGuid">{491e8a99-cbdb-6a1d-a5bf-a894da550000}</Data><Data Name="ProcessId">6751</Data><Data Name="Image">/newroot/usr/usr/libexec/glycin-loaders/2+/glycin-svg</Data><Data Name="User">bunny</Data></EventData></Event>
Jun 01 23:43:50 bunny-VirtualBox sysmon[1847]: <Event><System><Provider Name="Linux-Sysmon" Guid="{ff032593-a8d3-4f13-b0d6-01fc615a0f97}"/><EventID>5</EventID><Version>3</Version><Level>4</Level><Task>5</Task><Opcode>0</Opcode><Keywords>0x8000000000000000</Keywords><TimeCreated SystemTime="2026-06-01T18:13:50.012737000Z"/><EventRecordID>43742</EventRecordID><Correlation/><Execution ProcessID="1847" ThreadID="1847"/><Channel>Linux-Sysmon/Operational</Channel><Computer>bunny-VirtualBox</Computer><Security UserId="0"/></System><EventData><Data Name="RuleName">ProcessTerminate</Data><Data Name="UtcTime">2026-06-01 18:13:47.631</Data><Data Name="ProcessGuid">{491e8a99-cbdb-6a1d-a5bf-a894da550000}</Data><Data Name="ProcessId">6751</Data><Data Name="Image">/newroot/usr/usr/libexec/glycin-loaders/2+/glycin-svg</Data><Data Name="User">bunny</Data></EventData></Event>
Jun 01 23:43:50 bunny-VirtualBox sysmon[1847]: <Event><System><Provider Name="Linux-Sysmon" Guid="{ff032593-a8d3-4f13-b0d6-01fc615a0f97}"/><EventID>5</EventID><Version>3</Version><Level>4</Level><Task>5</Task><Opcode>0</Opcode><Keywords>0x8000000000000000</Keywords><TimeCreated SystemTime="2026-06-01T18:13:50.038012000Z"/><EventRecordID>43743</EventRecordID><Correlation/><Execution ProcessID="1847" ThreadID="1847"/><Channel>Linux-Sysmon/Operational</Channel><Computer>bunny-VirtualBox</Computer><Security UserId="0"/></System><EventData><Data Name="RuleName">ProcessTerminate</Data><Data Name="UtcTime">2026-06-01 18:13:47.656</Data><Data Name="ProcessGuid">{491e8a99-cbdb-6a1d-a5bf-a894da550000}</Data><Data Name="ProcessId">6751</Data><Data Name="Image">/newroot/usr/usr/libexec/glycin-loaders/2+/glycin-svg</Data><Data Name="User">bunny</Data></EventData></Event>
Jun 01 23:43:50 bunny-VirtualBox sysmon[1847]: <Event><System><Provider Name="Linux-Sysmon" Guid="{ff032593-a8d3-4f13-b0d6-01fc615a0f97}"/><EventID>5</EventID><Version>3</Version><Level>4</Level><Task>5</Task><Opcode>0</Opcode><Keywords>0x8000000000000000</Keywords><TimeCreated SystemTime="2026-06-01T18:13:50.056992000Z"/><EventRecordID>43744</EventRecordID><Correlation/><Execution ProcessID="1847" ThreadID="1847"/><Channel>Linux-Sysmon/Operational</Channel><Computer>bunny-VirtualBox</Computer><Security UserId="0"/></System><EventData><Data Name="RuleName">ProcessTerminate</Data><Data Name="UtcTime">2026-06-01 18:13:47.675</Data><Data Name="ProcessGuid">{491e8a99-cbdb-6a1d-a5bf-a894da550000}</Data><Data Name="ProcessId">6751</Data><Data Name="Image">/newroot/usr/usr/libexec/glycin-loaders/2+/glycin-svg</Data><Data Name="User">bunny</Data></EventData></Event>
Jun 01 23:43:50 bunny-VirtualBox sysmon[1847]: <Event><System><Provider Name="Linux-Sysmon" Guid="{ff032593-a8d3-4f13-b0d6-01fc615a0f97}"/><EventID>5</EventID><Version>3</Version><Level>4</Level><Task>5</Task><Opcode>0</Opcode><Keywords>0x8000000000000000</Keywords><TimeCreated SystemTime="2026-06-01T18:13:50.529832000Z"/><EventRecordID>43745</EventRecordID><Correlation/><Execution ProcessID="1847" ThreadID="1847"/><Channel>Linux-Sysmon/Operational</Channel><Computer>bunny-VirtualBox</Computer><Security UserId="0"/></System><EventData><Data Name="RuleName">ProcessTerminate</Data><Data Name="UtcTime">2026-06-01 18:13:48.148</Data><Data Name="ProcessGuid">{491e8a99-cbdb-6a1d-a5bf-a894da550000}</Data><Data Name="ProcessId">6751</Data><Data Name="Image">/newroot/usr/usr/libexec/glycin-loaders/2+/glycin-svg</Data><Data Name="User">bunny</Data></EventData></Event>
Jun 01 23:43:50 bunny-VirtualBox sysmon[1847]: <Event><System><Provider Name="Linux-Sysmon" Guid="{ff032593-a8d3-4f13-b0d6-01fc615a0f97}"/><EventID>5</EventID><Version>3</Version><Level>4</Level><Task>5</Task><Opcode>0</Opcode><Keywords>0x8000000000000000</Keywords><TimeCreated SystemTime="2026-06-01T18:13:50.542183000Z"/><EventRecordID>43746</EventRecordID><Correlation/><Execution ProcessID="1847" ThreadID="1847"/><Channel>Linux-Sysmon/Operational</Channel><Computer>bunny-VirtualBox</Computer><Security UserId="0"/></System><EventData><Data Name="RuleName">ProcessTerminate</Data><Data Name="UtcTime">2026-06-01 18:13:48.160</Data><Data Name="ProcessGuid">{491e8a99-cbdb-6a1d-a5bf-a894da550000}</Data><Data Name="ProcessId">6751</Data><Data Name="Image">/newroot/usr/usr/libexec/glycin-loaders/2+/glycin-svg</Data><Data Name="User">bunny</Data></EventData></Event>
Jun 01 23:44:19 bunny-VirtualBox sysmon[1847]: <Event><System><Provider Name="Linux-Sysmon" Guid="{ff032593-a8d3-4f13-b0d6-01fc615a0f97}"/><EventID>1</EventID><Version>5</Version><Level>4</Level><Task>1</Task><Opcode>0</Opcode><Keywords>0x8000000000000000</Keywords><TimeCreated SystemTime="2026-06-01T18:14:19.353139000Z"/><EventRecordID>43747</EventRecordID><Correlation/><Execution ProcessID="1847" ThreadID="1847"/><Channel>Linux-Sysmon/Operational</Channel><Computer>bunny-VirtualBox</Computer><Security UserId="0"/></System><EventData><Data Name="RuleName">-</Data><Data Name="UtcTime">2026-06-01 18:14:16.968</Data><Data Name="ProcessGuid">{491e8a99-cbf8-6a1d-c13d-9ceb66630000}</Data><Data Name="ProcessId">6795</Data><Data Name="Image">/usr/libexec/localsearch-extractor-3</Data><Data Name="FileVersion">-</Data><Data Name="Description">-</Data><Data Name="Product">-</Data><Data Name="Company">-</Data><Data Name="OriginalFileName">-</Data><Data Name="CommandLine">/usr/libexec/localsearch-extractor-3 --socket-fd 3</Data><Data Name="CurrentDirectory">/home/bunny</Data><Data Name="User">bunny</Data><Data Name="LogonGuid">{491e8a99-0000-0000-e803-000000000000}</Data><Data Name="LogonId">1000</Data><Data Name="TerminalSessionId">3</Data><Data Name="IntegrityLevel">no level</Data><Data Name="Hashes">MD5=ff1c449aaae63b839439a808028e2711,SHA256=238b38af61828752dfa64c5962c84cca919531dbb171b3e71adbadf1f7ef8e58</Data><Data Name="ParentProcessGuid">{00000000-0000-0000-0000-000000000000}</Data><Data Name="ParentProcessId">3559</Data><Data Name="ParentImage">-</Data><Data Name="ParentCommandLine">-</Data><Data Name="ParentUser">-</Data></EventData></Event>
Jun 01 23:44:19 bunny-VirtualBox sysmon[1847]: <Event><System><Provider Name="Linux-Sysmon" Guid="{ff032593-a8d3-4f13-b0d6-01fc615a0f97}"/><EventID>5</EventID><Version>3</Version><Level>4</Level><Task>5</Task><Opcode>0</Opcode><Keywords>0x8000000000000000</Keywords><TimeCreated SystemTime="2026-06-01T18:14:19.407677000Z"/><EventRecordID>43748</EventRecordID><Correlation/><Execution ProcessID="1847" ThreadID="1847"/><Channel>Linux-Sysmon/Operational</Channel><Computer>bunny-VirtualBox</Computer><Security UserId="0"/></System><EventData><Data Name="RuleName">ProcessTerminate</Data><Data Name="UtcTime">2026-06-01 18:14:17.026</Data><Data Name="ProcessGuid">{491e8a99-cbdb-6a1d-a5bf-a894da550000}</Data><Data Name="ProcessId">6751</Data><Data Name="Image">/newroot/usr/usr/libexec/glycin-loaders/2+/glycin-svg</Data><Data Name="User">bunny</Data></EventData></Event>
Jun 01 23:44:19 bunny-VirtualBox sysmon[1847]: <Event><System><Provider Name="Linux-Sysmon" Guid="{ff032593-a8d3-4f13-b0d6-01fc615a0f97}"/><EventID>5</EventID><Version>3</Version><Level>4</Level><Task>5</Task><Opcode>0</Opcode><Keywords>0x8000000000000000</Keywords><TimeCreated SystemTime="2026-06-01T18:14:19.412384000Z"/><EventRecordID>43749</EventRecordID><Correlation/><Execution ProcessID="1847" ThreadID="1847"/><Channel>Linux-Sysmon/Operational</Channel><Computer>bunny-VirtualBox</Computer><Security UserId="0"/></System><EventData><Data Name="RuleName">ProcessTerminate</Data><Data Name="UtcTime">2026-06-01 18:14:17.031</Data><Data Name="ProcessGuid">{491e8a99-cbdb-6a1d-a5bf-a894da550000}</Data><Data Name="ProcessId">6751</Data><Data Name="Image">/newroot/usr/usr/libexec/glycin-loaders/2+/glycin-svg</Data><Data Name="User">bunny</Data></EventData></Event>
Jun 01 23:44:19 bunny-VirtualBox sysmon[1847]: <Event><System><Provider Name="Linux-Sysmon" Guid="{ff032593-a8d3-4f13-b0d6-01fc615a0f97}"/><EventID>5</EventID><Version>3</Version><Level>4</Level><Task>5</Task><Opcode>0</Opcode><Keywords>0x8000000000000000</Keywords><TimeCreated SystemTime="2026-06-01T18:14:19.434622000Z"/><EventRecordID>43750</EventRecordID><Correlation/><Execution ProcessID="1847" ThreadID="1847"/><Channel>Linux-Sysmon/Operational</Channel><Computer>bunny-VirtualBox</Computer><Security UserId="0"/></System><EventData><Data Name="RuleName">ProcessTerminate</Data><Data Name="UtcTime">2026-06-01 18:14:17.053</Data><Data Name="ProcessGuid">{491e8a99-cbdb-6a1d-a5bf-a894da550000}</Data><Data Name="ProcessId">6751</Data><Data Name="Image">/newroot/usr/usr/libexec/glycin-loaders/2+/glycin-svg</Data><Data Name="User">bunny</Data></EventData></Event>
Jun 01 23:44:19 bunny-VirtualBox sysmon[1847]: <Event><System><Provider Name="Linux-Sysmon" Guid="{ff032593-a8d3-4f13-b0d6-01fc615a0f97}"/><EventID>5</EventID><Version>3</Version><Level>4</Level><Task>5</Task><Opcode>0</Opcode><Keywords>0x8000000000000000</Keywords><TimeCreated SystemTime="2026-06-01T18:14:19.439515000Z"/><EventRecordID>43751</EventRecordID><Correlation/><Execution ProcessID="1847" ThreadID="1847"/><Channel>Linux-Sysmon/Operational</Channel><Computer>bunny-VirtualBox</Computer><Security UserId="0"/></System><EventData><Data Name="RuleName">ProcessTerminate</Data><Data Name="UtcTime">2026-06-01 18:14:17.058</Data><Data Name="ProcessGuid">{491e8a99-cbdb-6a1d-a5bf-a894da550000}</Data><Data Name="ProcessId">6751</Data><Data Name="Image">/newroot/usr/usr/libexec/glycin-loaders/2+/glycin-svg</Data><Data Name="User">bunny</Data></EventData></Event>
Jun 01 23:44:19 bunny-VirtualBox sysmon[1847]: <Event><System><Provider Name="Linux-Sysmon" Guid="{ff032593-a8d3-4f13-b0d6-01fc615a0f97}"/><EventID>5</EventID><Version>3</Version><Level>4</Level><Task>5</Task><Opcode>0</Opcode><Keywords>0x8000000000000000</Keywords><TimeCreated SystemTime="2026-06-01T18:14:19.445290000Z"/><EventRecordID>43752</EventRecordID><Correlation/><Execution ProcessID="1847" ThreadID="1847"/><Channel>Linux-Sysmon/Operational</Channel><Computer>bunny-VirtualBox</Computer><Security UserId="0"/></System><EventData><Data Name="RuleName">ProcessTerminate</Data><Data Name="UtcTime">2026-06-01 18:14:17.063</Data><Data Name="ProcessGuid">{491e8a99-cbdb-6a1d-a5bf-a894da550000}</Data><Data Name="ProcessId">6751</Data><Data Name="Image">/newroot/usr/usr/libexec/glycin-loaders/2+/glycin-svg</Data><Data Name="User">bunny</Data></EventData></Event>
Jun 01 23:44:19 bunny-VirtualBox sysmon[1847]: <Event><System><Provider Name="Linux-Sysmon" Guid="{ff032593-a8d3-4f13-b0d6-01fc615a0f97}"/><EventID>5</EventID><Version>3</Version><Level>4</Level><Task>5</Task><Opcode>0</Opcode><Keywords>0x8000000000000000</Keywords><TimeCreated SystemTime="2026-06-01T18:14:19.930245000Z"/><EventRecordID>43753</EventRecordID><Correlation/><Execution ProcessID="1847" ThreadID="1847"/><Channel>Linux-Sysmon/Operational</Channel><Computer>bunny-VirtualBox</Computer><Security UserId="0"/></System><EventData><Data Name="RuleName">ProcessTerminate</Data><Data Name="UtcTime">2026-06-01 18:14:17.548</Data><Data Name="ProcessGuid">{491e8a99-cbdb-6a1d-a5bf-a894da550000}</Data><Data Name="ProcessId">6751</Data><Data Name="Image">/newroot/usr/usr/libexec/glycin-loaders/2+/glycin-svg</Data><Data Name="User">bunny</Data></EventData></Event>
Jun 01 23:44:19 bunny-VirtualBox sysmon[1847]: <Event><System><Provider Name="Linux-Sysmon" Guid="{ff032593-a8d3-4f13-b0d6-01fc615a0f97}"/><EventID>5</EventID><Version>3</Version><Level>4</Level><Task>5</Task><Opcode>0</Opcode><Keywords>0x8000000000000000</Keywords><TimeCreated SystemTime="2026-06-01T18:14:19.944003000Z"/><EventRecordID>43754</EventRecordID><Correlation/><Execution ProcessID="1847" ThreadID="1847"/><Channel>Linux-Sysmon/Operational</Channel><Computer>bunny-VirtualBox</Computer><Security UserId="0"/></System><EventData><Data Name="RuleName">ProcessTerminate</Data><Data Name="UtcTime">2026-06-01 18:14:17.562</Data><Data Name="ProcessGuid">{491e8a99-cbdb-6a1d-a5bf-a894da550000}</Data><Data Name="ProcessId">6751</Data><Data Name="Image">/newroot/usr/usr/libexec/glycin-loaders/2+/glycin-svg</Data><Data Name="User">bunny</Data></EventData></Event>
Jun 01 23:44:29 bunny-VirtualBox sysmon[1847]: <Event><System><Provider Name="Linux-Sysmon" Guid="{ff032593-a8d3-4f13-b0d6-01fc615a0f97}"/><EventID>5</EventID><Version>3</Version><Level>4</Level><Task>5</Task><Opcode>0</Opcode><Keywords>0x8000000000000000</Keywords><TimeCreated SystemTime="2026-06-01T18:14:29.686040000Z"/><EventRecordID>43755</EventRecordID><Correlation/><Execution ProcessID="1847" ThreadID="1847"/><Channel>Linux-Sysmon/Operational</Channel><Computer>bunny-VirtualBox</Computer><Security UserId="0"/></System><EventData><Data Name="RuleName">ProcessTerminate</Data><Data Name="UtcTime">2026-06-01 18:14:27.304</Data><Data Name="ProcessGuid">{491e8a99-cbf8-6a1d-c13d-9ceb66630000}</Data><Data Name="ProcessId">6795</Data><Data Name="Image">/usr/libexec/localsearch-extractor-3</Data><Data Name="User">bunny</Data></EventData></Event>
Jun 01 23:44:29 bunny-VirtualBox sysmon[1847]: <Event><System><Provider Name="Linux-Sysmon" Guid="{ff032593-a8d3-4f13-b0d6-01fc615a0f97}"/><EventID>5</EventID><Version>3</Version><Level>4</Level><Task>5</Task><Opcode>0</Opcode><Keywords>0x8000000000000000</Keywords><TimeCreated SystemTime="2026-06-01T18:14:29.686424000Z"/><EventRecordID>43756</EventRecordID><Correlation/><Execution ProcessID="1847" ThreadID="1847"/><Channel>Linux-Sysmon/Operational</Channel><Computer>bunny-VirtualBox</Computer><Security UserId="0"/></System><EventData><Data Name="RuleName">ProcessTerminate</Data><Data Name="UtcTime">2026-06-01 18:14:27.305</Data><Data Name="ProcessGuid">{491e8a99-cbf8-6a1d-c13d-9ceb66630000}</Data><Data Name="ProcessId">6795</Data><Data Name="Image">/usr/libexec/localsearch-extractor-3</Data><Data Name="User">bunny</Data></EventData></Event>
Jun 01 23:44:29 bunny-VirtualBox sysmon[1847]: <Event><System><Provider Name="Linux-Sysmon" Guid="{ff032593-a8d3-4f13-b0d6-01fc615a0f97}"/><EventID>5</EventID><Version>3</Version><Level>4</Level><Task>5</Task><Opcode>0</Opcode><Keywords>0x8000000000000000</Keywords><TimeCreated SystemTime="2026-06-01T18:14:29.686473000Z"/><EventRecordID>43757</EventRecordID><Correlation/><Execution ProcessID="1847" ThreadID="1847"/><Channel>Linux-Sysmon/Operational</Channel><Computer>bunny-VirtualBox</Computer><Security UserId="0"/></System><EventData><Data Name="RuleName">ProcessTerminate</Data><Data Name="UtcTime">2026-06-01 18:14:27.305</Data><Data Name="ProcessGuid">{491e8a99-cbf8-6a1d-c13d-9ceb66630000}</Data><Data Name="ProcessId">6795</Data><Data Name="Image">/usr/libexec/localsearch-extractor-3</Data><Data Name="User">bunny</Data></EventData></Event>
Jun 01 23:44:29 bunny-VirtualBox sysmon[1847]: <Event><System><Provider Name="Linux-Sysmon" Guid="{ff032593-a8d3-4f13-b0d6-01fc615a0f97}"/><EventID>5</EventID><Version>3</Version><Level>4</Level><Task>5</Task><Opcode>0</Opcode><Keywords>0x8000000000000000</Keywords><TimeCreated SystemTime="2026-06-01T18:14:29.688469000Z"/><EventRecordID>43758</EventRecordID><Correlation/><Execution ProcessID="1847" ThreadID="1847"/><Channel>Linux-Sysmon/Operational</Channel><Computer>bunny-VirtualBox</Computer><Security UserId="0"/></System><EventData><Data Name="RuleName">ProcessTerminate</Data><Data Name="UtcTime">2026-06-01 18:14:27.305</Data><Data Name="ProcessGuid">{491e8a99-cbf8-6a1d-c13d-9ceb66630000}</Data><Data Name="ProcessId">6795</Data><Data Name="Image">/usr/libexec/localsearch-extractor-3</Data><Data Name="User">bunny</Data></EventData></Event>
Jun 01 23:44:49 bunny-VirtualBox sysmon[1847]: <Event><System><Provider Name="Linux-Sysmon" Guid="{ff032593-a8d3-4f13-b0d6-01fc615a0f97}"/><EventID>5</EventID><Version>3</Version><Level>4</Level><Task>5</Task><Opcode>0</Opcode><Keywords>0x8000000000000000</Keywords><TimeCreated SystemTime="2026-06-01T18:14:49.448553000Z"/><EventRecordID>43759</EventRecordID><Correlation/><Execution ProcessID="1847" ThreadID="1847"/><Channel>Linux-Sysmon/Operational</Channel><Computer>bunny-VirtualBox</Computer><Security UserId="0"/></System><EventData><Data Name="RuleName">ProcessTerminate</Data><Data Name="UtcTime">2026-06-01 18:14:47.067</Data><Data Name="ProcessGuid">{491e8a99-cbdb-6a1d-a959-40fcce620000}</Data><Data Name="ProcessId">6748</Data><Data Name="Image">/usr/bin/bwrap</Data><Data Name="User">bunny</Data></EventData></Event>
Jun 01 23:44:49 bunny-VirtualBox sysmon[1847]: <Event><System><Provider Name="Linux-Sysmon" Guid="{ff032593-a8d3-4f13-b0d6-01fc615a0f97}"/><EventID>5</EventID><Version>3</Version><Level>4</Level><Task>5</Task><Opcode>0</Opcode><Keywords>0x8000000000000000</Keywords><TimeCreated SystemTime="2026-06-01T18:14:49.452703000Z"/><EventRecordID>43760</EventRecordID><Correlation/><Execution ProcessID="1847" ThreadID="1847"/><Channel>Linux-Sysmon/Operational</Channel><Computer>bunny-VirtualBox</Computer><Security UserId="0"/></System><EventData><Data Name="RuleName">ProcessTerminate</Data><Data Name="UtcTime">2026-06-01 18:14:47.068</Data><Data Name="ProcessGuid">{491e8a99-cbdb-6a1d-a5bf-a894da550000}</Data><Data Name="ProcessId">6751</Data><Data Name="Image">/newroot/usr/usr/libexec/glycin-loaders/2+/glycin-svg</Data><Data Name="User">bunny</Data></EventData></Event>
Jun 01 23:44:49 bunny-VirtualBox sysmon[1847]: <Event><System><Provider Name="Linux-Sysmon" Guid="{ff032593-a8d3-4f13-b0d6-01fc615a0f97}"/><EventID>5</EventID><Version>3</Version><Level>4</Level><Task>5</Task><Opcode>0</Opcode><Keywords>0x8000000000000000</Keywords><TimeCreated SystemTime="2026-06-01T18:14:49.452795000Z"/><EventRecordID>43761</EventRecordID><Correlation/><Execution ProcessID="1847" ThreadID="1847"/><Channel>Linux-Sysmon/Operational</Channel><Computer>bunny-VirtualBox</Computer><Security UserId="0"/></System><EventData><Data Name="RuleName">ProcessTerminate</Data><Data Name="UtcTime">2026-06-01 18:14:47.070</Data><Data Name="ProcessGuid">{491e8a99-cbdb-6a1d-a5bf-a894da550000}</Data><Data Name="ProcessId">6751</Data><Data Name="Image">/newroot/usr/usr/libexec/glycin-loaders/2+/glycin-svg</Data><Data Name="User">bunny</Data></EventData></Event>
Jun 01 23:48:34 bunny-VirtualBox sysmon[1847]: <Event><System><Provider Name="Linux-Sysmon" Guid="{ff032593-a8d3-4f13-b0d6-01fc615a0f97}"/><EventID>3</EventID><Version>5</Version><Level>4</Level><Task>3</Task><Opcode>0</Opcode><Keywords>0x8000000000000000</Keywords><TimeCreated SystemTime="2026-06-01T18:18:34.766738000Z"/><EventRecordID>43762</EventRecordID><Correlation/><Execution ProcessID="1847" ThreadID="1847"/><Channel>Linux-Sysmon/Operational</Channel><Computer>bunny-VirtualBox</Computer><Security UserId="0"/></System><EventData><Data Name="RuleName">-</Data><Data Name="UtcTime">2026-06-01 18:18:32.385</Data><Data Name="ProcessGuid">{491e8a99-b6e6-6a1d-4d83-3ab6c95f0000}</Data><Data Name="ProcessId">1432</Data><Data Name="Image">/usr/sbin/NetworkManager</Data><Data Name="User">root</Data><Data Name="Protocol">tcp</Data><Data Name="Initiated">true</Data><Data Name="SourceIsIpv6">true</Data><Data Name="SourceIp">fd17:625c:f037:2:a00:27ff:fee9:32fd</Data><Data Name="SourceHostname">-</Data><Data Name="SourcePort">58714</Data><Data Name="SourcePortName">-</Data><Data Name="DestinationIsIpv6">true</Data><Data Name="DestinationIp">2620:2d:4002:1:0:0:0:196</Data><Data Name="DestinationHostname">-</Data><Data Name="DestinationPort">80</Data><Data Name="DestinationPortName">-</Data></EventData></Event>
Jun 01 23:50:12 bunny-VirtualBox sysmon[1847]: <Event><System><Provider Name="Linux-Sysmon" Guid="{ff032593-a8d3-4f13-b0d6-01fc615a0f97}"/><EventID>1</EventID><Version>5</Version><Level>4</Level><Task>1</Task><Opcode>0</Opcode><Keywords>0x8000000000000000</Keywords><TimeCreated SystemTime="2026-06-01T18:20:12.564290000Z"/><EventRecordID>43763</EventRecordID><Correlation/><Execution ProcessID="1847" ThreadID="1847"/><Channel>Linux-Sysmon/Operational</Channel><Computer>bunny-VirtualBox</Computer><Security UserId="0"/></System><EventData><Data Name="RuleName">-</Data><Data Name="UtcTime">2026-06-01 18:20:10.178</Data><Data Name="ProcessGuid">{491e8a99-cd5a-6a1d-818b-f57bce620000}</Data><Data Name="ProcessId">6831</Data><Data Name="Image">/usr/lib/systemd/systemd-executor</Data><Data Name="FileVersion">-</Data><Data Name="Description">-</Data><Data Name="Product">-</Data><Data Name="Company">-</Data><Data Name="OriginalFileName">-</Data><Data Name="CommandLine">/usr/lib/systemd/systemd-executor --deserialize 83 --log-level info --log-target journal-or-kmsg</Data><Data Name="CurrentDirectory">/</Data><Data Name="User">root</Data><Data Name="LogonGuid">{491e8a99-0000-0000-0000-000000000000}</Data><Data Name="LogonId">0</Data><Data Name="TerminalSessionId">4294967295</Data><Data Name="IntegrityLevel">no level</Data><Data Name="Hashes">MD5=140c5dda36db68a8e1cb066599075b5b,SHA256=d254a2e199cec12e63188f78bd073bafe89dc29fbe3c860c2d626fce2563bbf5</Data><Data Name="ParentProcessGuid">{491e8a99-b6db-6a1d-1d27-569ef95e0000}</Data><Data Name="ParentProcessId">1</Data><Data Name="ParentImage">/usr/lib/systemd/systemd</Data><Data Name="ParentCommandLine">/usr/lib/systemd/systemd --switched-root --system --deserialize=52 splash</Data><Data Name="ParentUser">root</Data></EventData></Event>
