Jun 01 23:00:02 bunny-VirtualBox sysmon[1847]: <Event><System><Provider Name="Linux-Sysmon" Guid="{ff032593-a8d3-4f13-b0d6-01fc615a0f97}"/><EventID>1</EventID><Version>5</Version><Level>4</Level><Task>1</Task><Opcode>0</Opcode><Keywords>0x8000000000000000</Keywords><TimeCreated SystemTime="2026-06-01T17:30:02.762313000Z"/><EventRecordID>43150</EventRecordID><Correlation/><Execution ProcessID="1847" ThreadID="1847"/><Channel>Linux-Sysmon/Operational</Channel><Computer>bunny-VirtualBox</Computer><Security UserId="0"/></System><EventData><Data Name="RuleName">-</Data><Data Name="UtcTime">2026-06-01 17:30:00.378</Data><Data Name="ProcessGuid">{491e8a99-c198-6a1d-c53a-422b54570000}</Data><Data Name="ProcessId">5811</Data><Data Name="Image">/usr/bin/nano</Data><Data Name="FileVersion">-</Data><Data Name="Description">-</Data><Data Name="Product">-</Data><Data Name="Company">-</Data><Data Name="OriginalFileName">-</Data><Data Name="CommandLine">nano logs/rogue-http-server/baseline_ports.txt</Data><Data Name="CurrentDirectory">/home/bunny/Detection-Engineering-Lab</Data><Data Name="User">bunny</Data><Data Name="LogonGuid">{491e8a99-0000-0000-e803-000000000000}</Data><Data Name="LogonId">1000</Data><Data Name="TerminalSessionId">3</Data><Data Name="IntegrityLevel">no level</Data><Data Name="Hashes">MD5=bddcc8c92f3986f61123366f5280b971,SHA256=412ce57cc4a1120de5a1f222bdc144b7a81d99292cb139744918d81fae0796b2</Data><Data Name="ParentProcessGuid">{00000000-0000-0000-0000-000000000000}</Data><Data Name="ParentProcessId">5227</Data><Data Name="ParentImage">-</Data><Data Name="ParentCommandLine">-</Data><Data Name="ParentUser">-</Data></EventData></Event>
Jun 01 23:00:02 bunny-VirtualBox sysmon[1847]: <Event><System><Provider Name="Linux-Sysmon" Guid="{ff032593-a8d3-4f13-b0d6-01fc615a0f97}"/><EventID>1</EventID><Version>5</Version><Level>4</Level><Task>1</Task><Opcode>0</Opcode><Keywords>0x8000000000000000</Keywords><TimeCreated SystemTime="2026-06-01T17:30:02.824649000Z"/><EventRecordID>43151</EventRecordID><Correlation/><Execution ProcessID="1847" ThreadID="1847"/><Channel>Linux-Sysmon/Operational</Channel><Computer>bunny-VirtualBox</Computer><Security UserId="0"/></System><EventData><Data Name="RuleName">-</Data><Data Name="UtcTime">2026-06-01 17:30:00.441</Data><Data Name="ProcessGuid">{491e8a99-c198-6a1d-81fb-ab4aa95e0000}</Data><Data Name="ProcessId">5817</Data><Data Name="Image">/usr/lib/systemd/systemd-executor</Data><Data Name="FileVersion">-</Data><Data Name="Description">-</Data><Data Name="Product">-</Data><Data Name="Company">-</Data><Data Name="OriginalFileName">-</Data><Data Name="CommandLine">/usr/lib/systemd/systemd-executor --deserialize 83 --log-level info --log-target journal-or-kmsg</Data><Data Name="CurrentDirectory">/</Data><Data Name="User">root</Data><Data Name="LogonGuid">{491e8a99-0000-0000-0000-000000000000}</Data><Data Name="LogonId">0</Data><Data Name="TerminalSessionId">4294967295</Data><Data Name="IntegrityLevel">no level</Data><Data Name="Hashes">MD5=140c5dda36db68a8e1cb066599075b5b,SHA256=d254a2e199cec12e63188f78bd073bafe89dc29fbe3c860c2d626fce2563bbf5</Data><Data Name="ParentProcessGuid">{491e8a99-b6db-6a1d-1d27-569ef95e0000}</Data><Data Name="ParentProcessId">1</Data><Data Name="ParentImage">/usr/lib/systemd/systemd</Data><Data Name="ParentCommandLine">/usr/lib/systemd/systemd --switched-root --system --deserialize=52 splash</Data><Data Name="ParentUser">root</Data></EventData></Event>
Jun 01 23:00:02 bunny-VirtualBox sysmon[1847]: <Event><System><Provider Name="Linux-Sysmon" Guid="{ff032593-a8d3-4f13-b0d6-01fc615a0f97}"/><EventID>1</EventID><Version>5</Version><Level>4</Level><Task>1</Task><Opcode>0</Opcode><Keywords>0x8000000000000000</Keywords><TimeCreated SystemTime="2026-06-01T17:30:02.868653000Z"/><EventRecordID>43152</EventRecordID><Correlation/><Execution ProcessID="1847" ThreadID="1847"/><Channel>Linux-Sysmon/Operational</Channel><Computer>bunny-VirtualBox</Computer><Security UserId="0"/></System><EventData><Data Name="RuleName">-</Data><Data Name="UtcTime">2026-06-01 17:30:00.441</Data><Data Name="ProcessGuid">{491e8a99-c198-6a1d-ad1e-618a275e0000}</Data><Data Name="ProcessId">5817</Data><Data Name="Image">/usr/bin/dash</Data><Data Name="FileVersion">-</Data><Data Name="Description">-</Data><Data Name="Product">-</Data><Data Name="Company">-</Data><Data Name="OriginalFileName">-</Data><Data Name="CommandLine">sh -c ENABLED=false; [ -r /etc/default/sysstat ] &amp;&amp; . /etc/default/sysstat; test "${ENABLED}" = "true"</Data><Data Name="CurrentDirectory">/</Data><Data Name="User">root</Data><Data Name="LogonGuid">{491e8a99-0000-0000-0000-000000000000}</Data><Data Name="LogonId">0</Data><Data Name="TerminalSessionId">4294967295</Data><Data Name="IntegrityLevel">no level</Data><Data Name="Hashes">MD5=c9f2b666550e3e64b27d033b4bd86751,SHA256=c626229526bb58ec2d0f585f3c3ae1412e6f973b4353385042d11c38d8426917</Data><Data Name="ParentProcessGuid">{491e8a99-b6db-6a1d-1d27-569ef95e0000}</Data><Data Name="ParentProcessId">1</Data><Data Name="ParentImage">/usr/lib/systemd/systemd</Data><Data Name="ParentCommandLine">/usr/lib/systemd/systemd --switched-root --system --deserialize=52 splash</Data><Data Name="ParentUser">root</Data></EventData></Event>
Jun 01 23:00:02 bunny-VirtualBox sysmon[1847]: <Event><System><Provider Name="Linux-Sysmon" Guid="{ff032593-a8d3-4f13-b0d6-01fc615a0f97}"/><EventID>5</EventID><Version>3</Version><Level>4</Level><Task>5</Task><Opcode>0</Opcode><Keywords>0x8000000000000000</Keywords><TimeCreated SystemTime="2026-06-01T17:30:02.881287000Z"/><EventRecordID>43153</EventRecordID><Correlation/><Execution ProcessID="1847" ThreadID="1847"/><Channel>Linux-Sysmon/Operational</Channel><Computer>bunny-VirtualBox</Computer><Security UserId="0"/></System><EventData><Data Name="RuleName">ProcessTerminate</Data><Data Name="UtcTime">2026-06-01 17:30:00.500</Data><Data Name="ProcessGuid">{491e8a99-c198-6a1d-81fb-ab4aa95e0000}</Data><Data Name="ProcessId">5817</Data><Data Name="Image">/usr/lib/systemd/systemd-executor</Data><Data Name="User">-</Data></EventData></Event>
Jun 01 23:00:02 bunny-VirtualBox sysmon[1847]: <Event><System><Provider Name="Linux-Sysmon" Guid="{ff032593-a8d3-4f13-b0d6-01fc615a0f97}"/><EventID>1</EventID><Version>5</Version><Level>4</Level><Task>1</Task><Opcode>0</Opcode><Keywords>0x8000000000000000</Keywords><TimeCreated SystemTime="2026-06-01T17:30:02.885730000Z"/><EventRecordID>43154</EventRecordID><Correlation/><Execution ProcessID="1847" ThreadID="1847"/><Channel>Linux-Sysmon/Operational</Channel><Computer>bunny-VirtualBox</Computer><Security UserId="0"/></System><EventData><Data Name="RuleName">-</Data><Data Name="UtcTime">2026-06-01 17:30:00.501</Data><Data Name="ProcessGuid">{491e8a99-c198-6a1d-814b-f72faa5e0000}</Data><Data Name="ProcessId">5818</Data><Data Name="Image">/usr/lib/systemd/systemd-executor</Data><Data Name="FileVersion">-</Data><Data Name="Description">-</Data><Data Name="Product">-</Data><Data Name="Company">-</Data><Data Name="OriginalFileName">-</Data><Data Name="CommandLine">/usr/lib/systemd/systemd-executor --deserialize 83 --log-level info --log-target journal-or-kmsg</Data><Data Name="CurrentDirectory">/</Data><Data Name="User">root</Data><Data Name="LogonGuid">{491e8a99-0000-0000-0000-000000000000}</Data><Data Name="LogonId">0</Data><Data Name="TerminalSessionId">4294967295</Data><Data Name="IntegrityLevel">no level</Data><Data Name="Hashes">MD5=140c5dda36db68a8e1cb066599075b5b,SHA256=d254a2e199cec12e63188f78bd073bafe89dc29fbe3c860c2d626fce2563bbf5</Data><Data Name="ParentProcessGuid">{491e8a99-b6db-6a1d-1d27-569ef95e0000}</Data><Data Name="ParentProcessId">1</Data><Data Name="ParentImage">/usr/lib/systemd/systemd</Data><Data Name="ParentCommandLine">/usr/lib/systemd/systemd --switched-root --system --deserialize=52 splash</Data><Data Name="ParentUser">root</Data></EventData></Event>
Jun 01 23:00:02 bunny-VirtualBox sysmon[1847]: <Event><System><Provider Name="Linux-Sysmon" Guid="{ff032593-a8d3-4f13-b0d6-01fc615a0f97}"/><EventID>1</EventID><Version>5</Version><Level>4</Level><Task>1</Task><Opcode>0</Opcode><Keywords>0x8000000000000000</Keywords><TimeCreated SystemTime="2026-06-01T17:30:02.898822000Z"/><EventRecordID>43155</EventRecordID><Correlation/><Execution ProcessID="1847" ThreadID="1847"/><Channel>Linux-Sysmon/Operational</Channel><Computer>bunny-VirtualBox</Computer><Security UserId="0"/></System><EventData><Data Name="RuleName">-</Data><Data Name="UtcTime">2026-06-01 17:30:00.501</Data><Data Name="ProcessGuid">{491e8a99-c198-6a1d-ad6e-41dc1c560000}</Data><Data Name="ProcessId">5818</Data><Data Name="Image">/usr/bin/dash</Data><Data Name="FileVersion">-</Data><Data Name="Description">-</Data><Data Name="Product">-</Data><Data Name="Company">-</Data><Data Name="OriginalFileName">-</Data><Data Name="CommandLine">/bin/sh /usr/libexec/sysstat/sa1 1 1</Data><Data Name="CurrentDirectory">/</Data><Data Name="User">root</Data><Data Name="LogonGuid">{491e8a99-0000-0000-0000-000000000000}</Data><Data Name="LogonId">0</Data><Data Name="TerminalSessionId">4294967295</Data><Data Name="IntegrityLevel">no level</Data><Data Name="Hashes">MD5=c9f2b666550e3e64b27d033b4bd86751,SHA256=c626229526bb58ec2d0f585f3c3ae1412e6f973b4353385042d11c38d8426917</Data><Data Name="ParentProcessGuid">{491e8a99-b6db-6a1d-1d27-569ef95e0000}</Data><Data Name="ParentProcessId">1</Data><Data Name="ParentImage">/usr/lib/systemd/systemd</Data><Data Name="ParentCommandLine">/usr/lib/systemd/systemd --switched-root --system --deserialize=52 splash</Data><Data Name="ParentUser">root</Data></EventData></Event>
Jun 01 23:00:02 bunny-VirtualBox sysmon[1847]: <Event><System><Provider Name="Linux-Sysmon" Guid="{ff032593-a8d3-4f13-b0d6-01fc615a0f97}"/><EventID>1</EventID><Version>5</Version><Level>4</Level><Task>1</Task><Opcode>0</Opcode><Keywords>0x8000000000000000</Keywords><TimeCreated SystemTime="2026-06-01T17:30:02.905860000Z"/><EventRecordID>43156</EventRecordID><Correlation/><Execution ProcessID="1847" ThreadID="1847"/><Channel>Linux-Sysmon/Operational</Channel><Computer>bunny-VirtualBox</Computer><Security UserId="0"/></System><EventData><Data Name="RuleName">-</Data><Data Name="UtcTime">2026-06-01 17:30:00.501</Data><Data Name="ProcessGuid">{491e8a99-c198-6a1d-c9e0-2177f3630000}</Data><Data Name="ProcessId">5818</Data><Data Name="Image">/usr/libexec/sysstat/sadc</Data><Data Name="FileVersion">-</Data><Data Name="Description">-</Data><Data Name="Product">-</Data><Data Name="Company">-</Data><Data Name="OriginalFileName">-</Data><Data Name="CommandLine">/usr/libexec/sysstat/sadc -F -L -S DISK 1 1 /var/log/sysstat</Data><Data Name="CurrentDirectory">/usr/libexec/sysstat</Data><Data Name="User">root</Data><Data Name="LogonGuid">{491e8a99-0000-0000-0000-000000000000}</Data><Data Name="LogonId">0</Data><Data Name="TerminalSessionId">4294967295</Data><Data Name="IntegrityLevel">no level</Data><Data Name="Hashes">MD5=b7a61df03e66fb5450b182ee7dd9597a,SHA256=f1f693757b78fbb6c22e5e0be3aaed9aac052f376b1e682bace8c064042cb568</Data><Data Name="ParentProcessGuid">{491e8a99-b6db-6a1d-1d27-569ef95e0000}</Data><Data Name="ParentProcessId">1</Data><Data Name="ParentImage">/usr/lib/systemd/systemd</Data><Data Name="ParentCommandLine">/usr/lib/systemd/systemd --switched-root --system --deserialize=52 splash</Data><Data Name="ParentUser">root</Data></EventData></Event>
Jun 01 23:00:02 bunny-VirtualBox sysmon[1847]: <Event><System><Provider Name="Linux-Sysmon" Guid="{ff032593-a8d3-4f13-b0d6-01fc615a0f97}"/><EventID>5</EventID><Version>3</Version><Level>4</Level><Task>5</Task><Opcode>0</Opcode><Keywords>0x8000000000000000</Keywords><TimeCreated SystemTime="2026-06-01T17:30:02.916021000Z"/><EventRecordID>43157</EventRecordID><Correlation/><Execution ProcessID="1847" ThreadID="1847"/><Channel>Linux-Sysmon/Operational</Channel><Computer>bunny-VirtualBox</Computer><Security UserId="0"/></System><EventData><Data Name="RuleName">ProcessTerminate</Data><Data Name="UtcTime">2026-06-01 17:30:00.534</Data><Data Name="ProcessGuid">{491e8a99-c198-6a1d-ad6e-41dc1c560000}</Data><Data Name="ProcessId">5818</Data><Data Name="Image">/usr/bin/dash</Data><Data Name="User">-</Data></EventData></Event>
Jun 01 23:00:10 bunny-VirtualBox sysmon[1847]: <Event><System><Provider Name="Linux-Sysmon" Guid="{ff032593-a8d3-4f13-b0d6-01fc615a0f97}"/><EventID>5</EventID><Version>3</Version><Level>4</Level><Task>5</Task><Opcode>0</Opcode><Keywords>0x8000000000000000</Keywords><TimeCreated SystemTime="2026-06-01T17:30:10.666060000Z"/><EventRecordID>43158</EventRecordID><Correlation/><Execution ProcessID="1847" ThreadID="1847"/><Channel>Linux-Sysmon/Operational</Channel><Computer>bunny-VirtualBox</Computer><Security UserId="0"/></System><EventData><Data Name="RuleName">ProcessTerminate</Data><Data Name="UtcTime">2026-06-01 17:30:08.284</Data><Data Name="ProcessGuid">{491e8a99-c198-6a1d-c53a-422b54570000}</Data><Data Name="ProcessId">5811</Data><Data Name="Image">/usr/bin/nano</Data><Data Name="User">bunny</Data></EventData></Event>
Jun 01 23:00:10 bunny-VirtualBox sysmon[1847]: <Event><System><Provider Name="Linux-Sysmon" Guid="{ff032593-a8d3-4f13-b0d6-01fc615a0f97}"/><EventID>1</EventID><Version>5</Version><Level>4</Level><Task>1</Task><Opcode>0</Opcode><Keywords>0x8000000000000000</Keywords><TimeCreated SystemTime="2026-06-01T17:30:10.673858000Z"/><EventRecordID>43159</EventRecordID><Correlation/><Execution ProcessID="1847" ThreadID="1847"/><Channel>Linux-Sysmon/Operational</Channel><Computer>bunny-VirtualBox</Computer><Security UserId="0"/></System><EventData><Data Name="RuleName">-</Data><Data Name="UtcTime">2026-06-01 17:30:08.287</Data><Data Name="ProcessGuid">{491e8a99-c1a0-6a1d-b932-4e5778590000}</Data><Data Name="ProcessId">5821</Data><Data Name="Image">/usr/libexec/vte-urlencode-cwd</Data><Data Name="FileVersion">-</Data><Data Name="Description">-</Data><Data Name="Product">-</Data><Data Name="Company">-</Data><Data Name="OriginalFileName">-</Data><Data Name="CommandLine">/usr/libexec/vte-urlencode-cwd</Data><Data Name="CurrentDirectory">/home/bunny/Detection-Engineering-Lab</Data><Data Name="User">bunny</Data><Data Name="LogonGuid">{491e8a99-0000-0000-e803-000000000000}</Data><Data Name="LogonId">1000</Data><Data Name="TerminalSessionId">3</Data><Data Name="IntegrityLevel">no level</Data><Data Name="Hashes">MD5=0a8eaf3d8534c4c31b78a3c99f4c06dd,SHA256=f84ab2db1e733a0f4ae51d718f2c78605955145e9e062bf5f173050987950dea</Data><Data Name="ParentProcessGuid">{00000000-0000-0000-0000-000000000000}</Data><Data Name="ParentProcessId">5227</Data><Data Name="ParentImage">-</Data><Data Name="ParentCommandLine">-</Data><Data Name="ParentUser">-</Data></EventData></Event>
Jun 01 23:00:10 bunny-VirtualBox sysmon[1847]: <Event><System><Provider Name="Linux-Sysmon" Guid="{ff032593-a8d3-4f13-b0d6-01fc615a0f97}"/><EventID>5</EventID><Version>3</Version><Level>4</Level><Task>5</Task><Opcode>0</Opcode><Keywords>0x8000000000000000</Keywords><TimeCreated SystemTime="2026-06-01T17:30:10.678846000Z"/><EventRecordID>43160</EventRecordID><Correlation/><Execution ProcessID="1847" ThreadID="1847"/><Channel>Linux-Sysmon/Operational</Channel><Computer>bunny-VirtualBox</Computer><Security UserId="0"/></System><EventData><Data Name="RuleName">ProcessTerminate</Data><Data Name="UtcTime">2026-06-01 17:30:08.297</Data><Data Name="ProcessGuid">{491e8a99-c1a0-6a1d-b932-4e5778590000}</Data><Data Name="ProcessId">5821</Data><Data Name="Image">/usr/libexec/vte-urlencode-cwd</Data><Data Name="User">bunny</Data></EventData></Event>
Jun 01 23:00:42 bunny-VirtualBox sysmon[1847]: <Event><System><Provider Name="Linux-Sysmon" Guid="{ff032593-a8d3-4f13-b0d6-01fc615a0f97}"/><EventID>1</EventID><Version>5</Version><Level>4</Level><Task>1</Task><Opcode>0</Opcode><Keywords>0x8000000000000000</Keywords><TimeCreated SystemTime="2026-06-01T17:30:42.059114000Z"/><EventRecordID>43161</EventRecordID><Correlation/><Execution ProcessID="1847" ThreadID="1847"/><Channel>Linux-Sysmon/Operational</Channel><Computer>bunny-VirtualBox</Computer><Security UserId="0"/></System><EventData><Data Name="RuleName">-</Data><Data Name="UtcTime">2026-06-01 17:30:39.675</Data><Data Name="ProcessGuid">{491e8a99-c1bf-6a1d-a13c-29f2905d0000}</Data><Data Name="ProcessId">5823</Data><Data Name="Image">/usr/bin/ss</Data><Data Name="FileVersion">-</Data><Data Name="Description">-</Data><Data Name="Product">-</Data><Data Name="Company">-</Data><Data Name="OriginalFileName">-</Data><Data Name="CommandLine">ss -antp</Data><Data Name="CurrentDirectory">/home/bunny/Detection-Engineering-Lab</Data><Data Name="User">bunny</Data><Data Name="LogonGuid">{491e8a99-0000-0000-e803-000000000000}</Data><Data Name="LogonId">1000</Data><Data Name="TerminalSessionId">3</Data><Data Name="IntegrityLevel">no level</Data><Data Name="Hashes">MD5=5dcd97087e7ac61ccf68e1ef81cfd865,SHA256=f5ffd4dc63629851af8552ba7109189ecbaf98f73849bab724023a112cee32b4</Data><Data Name="ParentProcessGuid">{00000000-0000-0000-0000-000000000000}</Data><Data Name="ParentProcessId">5227</Data><Data Name="ParentImage">-</Data><Data Name="ParentCommandLine">-</Data><Data Name="ParentUser">-</Data></EventData></Event>
Jun 01 23:00:42 bunny-VirtualBox sysmon[1847]: <Event><System><Provider Name="Linux-Sysmon" Guid="{ff032593-a8d3-4f13-b0d6-01fc615a0f97}"/><EventID>5</EventID><Version>3</Version><Level>4</Level><Task>5</Task><Opcode>0</Opcode><Keywords>0x8000000000000000</Keywords><TimeCreated SystemTime="2026-06-01T17:30:42.098540000Z"/><EventRecordID>43162</EventRecordID><Correlation/><Execution ProcessID="1847" ThreadID="1847"/><Channel>Linux-Sysmon/Operational</Channel><Computer>bunny-VirtualBox</Computer><Security UserId="0"/></System><EventData><Data Name="RuleName">ProcessTerminate</Data><Data Name="UtcTime">2026-06-01 17:30:39.717</Data><Data Name="ProcessGuid">{491e8a99-c1bf-6a1d-a13c-29f2905d0000}</Data><Data Name="ProcessId">5823</Data><Data Name="Image">/usr/bin/ss</Data><Data Name="User">bunny</Data></EventData></Event>
Jun 01 23:00:42 bunny-VirtualBox sysmon[1847]: <Event><System><Provider Name="Linux-Sysmon" Guid="{ff032593-a8d3-4f13-b0d6-01fc615a0f97}"/><EventID>1</EventID><Version>5</Version><Level>4</Level><Task>1</Task><Opcode>0</Opcode><Keywords>0x8000000000000000</Keywords><TimeCreated SystemTime="2026-06-01T17:30:42.101161000Z"/><EventRecordID>43163</EventRecordID><Correlation/><Execution ProcessID="1847" ThreadID="1847"/><Channel>Linux-Sysmon/Operational</Channel><Computer>bunny-VirtualBox</Computer><Security UserId="0"/></System><EventData><Data Name="RuleName">-</Data><Data Name="UtcTime">2026-06-01 17:30:39.718</Data><Data Name="ProcessGuid">{491e8a99-c1bf-6a1d-b9a2-72e2fb5a0000}</Data><Data Name="ProcessId">5827</Data><Data Name="Image">/usr/libexec/vte-urlencode-cwd</Data><Data Name="FileVersion">-</Data><Data Name="Description">-</Data><Data Name="Product">-</Data><Data Name="Company">-</Data><Data Name="OriginalFileName">-</Data><Data Name="CommandLine">/usr/libexec/vte-urlencode-cwd</Data><Data Name="CurrentDirectory">/home/bunny/Detection-Engineering-Lab</Data><Data Name="User">bunny</Data><Data Name="LogonGuid">{491e8a99-0000-0000-e803-000000000000}</Data><Data Name="LogonId">1000</Data><Data Name="TerminalSessionId">3</Data><Data Name="IntegrityLevel">no level</Data><Data Name="Hashes">MD5=0a8eaf3d8534c4c31b78a3c99f4c06dd,SHA256=f84ab2db1e733a0f4ae51d718f2c78605955145e9e062bf5f173050987950dea</Data><Data Name="ParentProcessGuid">{00000000-0000-0000-0000-000000000000}</Data><Data Name="ParentProcessId">5227</Data><Data Name="ParentImage">-</Data><Data Name="ParentCommandLine">-</Data><Data Name="ParentUser">-</Data></EventData></Event>
Jun 01 23:00:42 bunny-VirtualBox sysmon[1847]: <Event><System><Provider Name="Linux-Sysmon" Guid="{ff032593-a8d3-4f13-b0d6-01fc615a0f97}"/><EventID>5</EventID><Version>3</Version><Level>4</Level><Task>5</Task><Opcode>0</Opcode><Keywords>0x8000000000000000</Keywords><TimeCreated SystemTime="2026-06-01T17:30:42.103609000Z"/><EventRecordID>43164</EventRecordID><Correlation/><Execution ProcessID="1847" ThreadID="1847"/><Channel>Linux-Sysmon/Operational</Channel><Computer>bunny-VirtualBox</Computer><Security UserId="0"/></System><EventData><Data Name="RuleName">ProcessTerminate</Data><Data Name="UtcTime">2026-06-01 17:30:39.722</Data><Data Name="ProcessGuid">{491e8a99-c1bf-6a1d-b9a2-72e2fb5a0000}</Data><Data Name="ProcessId">5827</Data><Data Name="Image">/usr/libexec/vte-urlencode-cwd</Data><Data Name="User">bunny</Data></EventData></Event>
Jun 01 23:01:12 bunny-VirtualBox sysmon[1847]: <Event><System><Provider Name="Linux-Sysmon" Guid="{ff032593-a8d3-4f13-b0d6-01fc615a0f97}"/><EventID>1</EventID><Version>5</Version><Level>4</Level><Task>1</Task><Opcode>0</Opcode><Keywords>0x8000000000000000</Keywords><TimeCreated SystemTime="2026-06-01T17:31:12.521066000Z"/><EventRecordID>43165</EventRecordID><Correlation/><Execution ProcessID="1847" ThreadID="1847"/><Channel>Linux-Sysmon/Operational</Channel><Computer>bunny-VirtualBox</Computer><Security UserId="0"/></System><EventData><Data Name="RuleName">-</Data><Data Name="UtcTime">2026-06-01 17:31:10.137</Data><Data Name="ProcessGuid">{491e8a99-c1de-6a1d-8114-9376015b0000}</Data><Data Name="ProcessId">5831</Data><Data Name="Image">/usr/bin/gnumv</Data><Data Name="FileVersion">-</Data><Data Name="Description">-</Data><Data Name="Product">-</Data><Data Name="Company">-</Data><Data Name="OriginalFileName">-</Data><Data Name="CommandLine">mv baseline_connections.txt logs/rogue-http-server/baseline_connections.txt</Data><Data Name="CurrentDirectory">/home/bunny/Detection-Engineering-Lab</Data><Data Name="User">bunny</Data><Data Name="LogonGuid">{491e8a99-0000-0000-e803-000000000000}</Data><Data Name="LogonId">1000</Data><Data Name="TerminalSessionId">3</Data><Data Name="IntegrityLevel">no level</Data><Data Name="Hashes">MD5=55e0f3b3a7d7f3e28e0c39a8028177be,SHA256=3a56b5e8f9b40ca7fb484bb00ba048c705f6520c7a9092b45394a9c916ba0b9b</Data><Data Name="ParentProcessGuid">{00000000-0000-0000-0000-000000000000}</Data><Data Name="ParentProcessId">5227</Data><Data Name="ParentImage">-</Data><Data Name="ParentCommandLine">-</Data><Data Name="ParentUser">-</Data></EventData></Event>
Jun 01 23:01:12 bunny-VirtualBox sysmon[1847]: <Event><System><Provider Name="Linux-Sysmon" Guid="{ff032593-a8d3-4f13-b0d6-01fc615a0f97}"/><EventID>5</EventID><Version>3</Version><Level>4</Level><Task>5</Task><Opcode>0</Opcode><Keywords>0x8000000000000000</Keywords><TimeCreated SystemTime="2026-06-01T17:31:12.533555000Z"/><EventRecordID>43166</EventRecordID><Correlation/><Execution ProcessID="1847" ThreadID="1847"/><Channel>Linux-Sysmon/Operational</Channel><Computer>bunny-VirtualBox</Computer><Security UserId="0"/></System><EventData><Data Name="RuleName">ProcessTerminate</Data><Data Name="UtcTime">2026-06-01 17:31:10.152</Data><Data Name="ProcessGuid">{491e8a99-c1de-6a1d-8114-9376015b0000}</Data><Data Name="ProcessId">5831</Data><Data Name="Image">/usr/bin/gnumv</Data><Data Name="User">bunny</Data></EventData></Event>
Jun 01 23:01:12 bunny-VirtualBox sysmon[1847]: <Event><System><Provider Name="Linux-Sysmon" Guid="{ff032593-a8d3-4f13-b0d6-01fc615a0f97}"/><EventID>1</EventID><Version>5</Version><Level>4</Level><Task>1</Task><Opcode>0</Opcode><Keywords>0x8000000000000000</Keywords><TimeCreated SystemTime="2026-06-01T17:31:12.538934000Z"/><EventRecordID>43167</EventRecordID><Correlation/><Execution ProcessID="1847" ThreadID="1847"/><Channel>Linux-Sysmon/Operational</Channel><Computer>bunny-VirtualBox</Computer><Security UserId="0"/></System><EventData><Data Name="RuleName">-</Data><Data Name="UtcTime">2026-06-01 17:31:10.154</Data><Data Name="ProcessGuid">{491e8a99-c1de-6a1d-b9a2-9b7f69610000}</Data><Data Name="ProcessId">5832</Data><Data Name="Image">/usr/libexec/vte-urlencode-cwd</Data><Data Name="FileVersion">-</Data><Data Name="Description">-</Data><Data Name="Product">-</Data><Data Name="Company">-</Data><Data Name="OriginalFileName">-</Data><Data Name="CommandLine">/usr/libexec/vte-urlencode-cwd</Data><Data Name="CurrentDirectory">/home/bunny/Detection-Engineering-Lab</Data><Data Name="User">bunny</Data><Data Name="LogonGuid">{491e8a99-0000-0000-e803-000000000000}</Data><Data Name="LogonId">1000</Data><Data Name="TerminalSessionId">3</Data><Data Name="IntegrityLevel">no level</Data><Data Name="Hashes">MD5=0a8eaf3d8534c4c31b78a3c99f4c06dd,SHA256=f84ab2db1e733a0f4ae51d718f2c78605955145e9e062bf5f173050987950dea</Data><Data Name="ParentProcessGuid">{00000000-0000-0000-0000-000000000000}</Data><Data Name="ParentProcessId">5227</Data><Data Name="ParentImage">-</Data><Data Name="ParentCommandLine">-</Data><Data Name="ParentUser">-</Data></EventData></Event>
Jun 01 23:01:12 bunny-VirtualBox sysmon[1847]: <Event><System><Provider Name="Linux-Sysmon" Guid="{ff032593-a8d3-4f13-b0d6-01fc615a0f97}"/><EventID>5</EventID><Version>3</Version><Level>4</Level><Task>5</Task><Opcode>0</Opcode><Keywords>0x8000000000000000</Keywords><TimeCreated SystemTime="2026-06-01T17:31:12.542415000Z"/><EventRecordID>43168</EventRecordID><Correlation/><Execution ProcessID="1847" ThreadID="1847"/><Channel>Linux-Sysmon/Operational</Channel><Computer>bunny-VirtualBox</Computer><Security UserId="0"/></System><EventData><Data Name="RuleName">ProcessTerminate</Data><Data Name="UtcTime">2026-06-01 17:31:10.161</Data><Data Name="ProcessGuid">{491e8a99-c1de-6a1d-b9a2-9b7f69610000}</Data><Data Name="ProcessId">5832</Data><Data Name="Image">/usr/libexec/vte-urlencode-cwd</Data><Data Name="User">bunny</Data></EventData></Event>
Jun 01 23:01:25 bunny-VirtualBox sysmon[1847]: <Event><System><Provider Name="Linux-Sysmon" Guid="{ff032593-a8d3-4f13-b0d6-01fc615a0f97}"/><EventID>1</EventID><Version>5</Version><Level>4</Level><Task>1</Task><Opcode>0</Opcode><Keywords>0x8000000000000000</Keywords><TimeCreated SystemTime="2026-06-01T17:31:25.354873000Z"/><EventRecordID>43169</EventRecordID><Correlation/><Execution ProcessID="1847" ThreadID="1847"/><Channel>Linux-Sysmon/Operational</Channel><Computer>bunny-VirtualBox</Computer><Security UserId="0"/></System><EventData><Data Name="RuleName">-</Data><Data Name="UtcTime">2026-06-01 17:31:22.969</Data><Data Name="ProcessGuid">{491e8a99-c1ea-6a1d-c53a-dddc09650000}</Data><Data Name="ProcessId">5834</Data><Data Name="Image">/usr/bin/nano</Data><Data Name="FileVersion">-</Data><Data Name="Description">-</Data><Data Name="Product">-</Data><Data Name="Company">-</Data><Data Name="OriginalFileName">-</Data><Data Name="CommandLine">nano logs/rogue-http-server/baseline_connections.txt</Data><Data Name="CurrentDirectory">/home/bunny/Detection-Engineering-Lab</Data><Data Name="User">bunny</Data><Data Name="LogonGuid">{491e8a99-0000-0000-e803-000000000000}</Data><Data Name="LogonId">1000</Data><Data Name="TerminalSessionId">3</Data><Data Name="IntegrityLevel">no level</Data><Data Name="Hashes">MD5=bddcc8c92f3986f61123366f5280b971,SHA256=412ce57cc4a1120de5a1f222bdc144b7a81d99292cb139744918d81fae0796b2</Data><Data Name="ParentProcessGuid">{00000000-0000-0000-0000-000000000000}</Data><Data Name="ParentProcessId">5227</Data><Data Name="ParentImage">-</Data><Data Name="ParentCommandLine">-</Data><Data Name="ParentUser">-</Data></EventData></Event>
Jun 01 23:01:33 bunny-VirtualBox sysmon[1847]: <Event><System><Provider Name="Linux-Sysmon" Guid="{ff032593-a8d3-4f13-b0d6-01fc615a0f97}"/><EventID>5</EventID><Version>3</Version><Level>4</Level><Task>5</Task><Opcode>0</Opcode><Keywords>0x8000000000000000</Keywords><TimeCreated SystemTime="2026-06-01T17:31:33.206737000Z"/><EventRecordID>43170</EventRecordID><Correlation/><Execution ProcessID="1847" ThreadID="1847"/><Channel>Linux-Sysmon/Operational</Channel><Computer>bunny-VirtualBox</Computer><Security UserId="0"/></System><EventData><Data Name="RuleName">ProcessTerminate</Data><Data Name="UtcTime">2026-06-01 17:31:30.825</Data><Data Name="ProcessGuid">{491e8a99-c1ea-6a1d-c53a-dddc09650000}</Data><Data Name="ProcessId">5834</Data><Data Name="Image">/usr/bin/nano</Data><Data Name="User">bunny</Data></EventData></Event>
Jun 01 23:01:33 bunny-VirtualBox sysmon[1847]: <Event><System><Provider Name="Linux-Sysmon" Guid="{ff032593-a8d3-4f13-b0d6-01fc615a0f97}"/><EventID>1</EventID><Version>5</Version><Level>4</Level><Task>1</Task><Opcode>0</Opcode><Keywords>0x8000000000000000</Keywords><TimeCreated SystemTime="2026-06-01T17:31:33.209042000Z"/><EventRecordID>43171</EventRecordID><Correlation/><Execution ProcessID="1847" ThreadID="1847"/><Channel>Linux-Sysmon/Operational</Channel><Computer>bunny-VirtualBox</Computer><Security UserId="0"/></System><EventData><Data Name="RuleName">-</Data><Data Name="UtcTime">2026-06-01 17:31:30.826</Data><Data Name="ProcessGuid">{491e8a99-c1f2-6a1d-b972-70dbc6550000}</Data><Data Name="ProcessId">5840</Data><Data Name="Image">/usr/libexec/vte-urlencode-cwd</Data><Data Name="FileVersion">-</Data><Data Name="Description">-</Data><Data Name="Product">-</Data><Data Name="Company">-</Data><Data Name="OriginalFileName">-</Data><Data Name="CommandLine">/usr/libexec/vte-urlencode-cwd</Data><Data Name="CurrentDirectory">/home/bunny/Detection-Engineering-Lab</Data><Data Name="User">bunny</Data><Data Name="LogonGuid">{491e8a99-0000-0000-e803-000000000000}</Data><Data Name="LogonId">1000</Data><Data Name="TerminalSessionId">3</Data><Data Name="IntegrityLevel">no level</Data><Data Name="Hashes">MD5=0a8eaf3d8534c4c31b78a3c99f4c06dd,SHA256=f84ab2db1e733a0f4ae51d718f2c78605955145e9e062bf5f173050987950dea</Data><Data Name="ParentProcessGuid">{00000000-0000-0000-0000-000000000000}</Data><Data Name="ParentProcessId">5227</Data><Data Name="ParentImage">-</Data><Data Name="ParentCommandLine">-</Data><Data Name="ParentUser">-</Data></EventData></Event>
Jun 01 23:01:33 bunny-VirtualBox sysmon[1847]: <Event><System><Provider Name="Linux-Sysmon" Guid="{ff032593-a8d3-4f13-b0d6-01fc615a0f97}"/><EventID>5</EventID><Version>3</Version><Level>4</Level><Task>5</Task><Opcode>0</Opcode><Keywords>0x8000000000000000</Keywords><TimeCreated SystemTime="2026-06-01T17:31:33.210598000Z"/><EventRecordID>43172</EventRecordID><Correlation/><Execution ProcessID="1847" ThreadID="1847"/><Channel>Linux-Sysmon/Operational</Channel><Computer>bunny-VirtualBox</Computer><Security UserId="0"/></System><EventData><Data Name="RuleName">ProcessTerminate</Data><Data Name="UtcTime">2026-06-01 17:31:30.829</Data><Data Name="ProcessGuid">{491e8a99-c1f2-6a1d-b972-70dbc6550000}</Data><Data Name="ProcessId">5840</Data><Data Name="Image">/usr/libexec/vte-urlencode-cwd</Data><Data Name="User">bunny</Data></EventData></Event>
Jun 01 23:02:32 bunny-VirtualBox sysmon[1847]: <Event><System><Provider Name="Linux-Sysmon" Guid="{ff032593-a8d3-4f13-b0d6-01fc615a0f97}"/><EventID>1</EventID><Version>5</Version><Level>4</Level><Task>1</Task><Opcode>0</Opcode><Keywords>0x8000000000000000</Keywords><TimeCreated SystemTime="2026-06-01T17:32:32.963109000Z"/><EventRecordID>43173</EventRecordID><Correlation/><Execution ProcessID="1847" ThreadID="1847"/><Channel>Linux-Sysmon/Operational</Channel><Computer>bunny-VirtualBox</Computer><Security UserId="0"/></System><EventData><Data Name="RuleName">-</Data><Data Name="UtcTime">2026-06-01 17:32:30.580</Data><Data Name="ProcessGuid">{491e8a99-c22e-6a1d-9998-ac8c33590000}</Data><Data Name="ProcessId">5843</Data><Data Name="Image">/usr/lib/x86_64-linux-gnu/glib-2.0/gio-launch-desktop</Data><Data Name="FileVersion">-</Data><Data Name="Description">-</Data><Data Name="Product">-</Data><Data Name="Company">-</Data><Data Name="OriginalFileName">-</Data><Data Name="CommandLine">/usr/lib/x86_64-linux-gnu/glib-2.0/gio-launch-desktop /usr/bin/xdg-terminal-exec</Data><Data Name="CurrentDirectory">/home/bunny</Data><Data Name="User">bunny</Data><Data Name="LogonGuid">{491e8a99-0000-0000-e803-000000000000}</Data><Data Name="LogonId">1000</Data><Data Name="TerminalSessionId">3</Data><Data Name="IntegrityLevel">no level</Data><Data Name="Hashes">MD5=fc57a7c96ad5a798d918c6c83a565f1c,SHA256=d7bcf5e57bf9eb07ef1eb1dc9f7fcfc7e48648553b3bfca7cd519a7b1ac94881</Data><Data Name="ParentProcessGuid">{491e8a99-b703-6a1d-1d57-15becd620000}</Data><Data Name="ParentProcessId">2830</Data><Data Name="ParentImage">/usr/lib/systemd/systemd</Data><Data Name="ParentCommandLine">/usr/lib/systemd/systemd --user</Data><Data Name="ParentUser">bunny</Data></EventData></Event>
Jun 01 23:02:32 bunny-VirtualBox sysmon[1847]: <Event><System><Provider Name="Linux-Sysmon" Guid="{ff032593-a8d3-4f13-b0d6-01fc615a0f97}"/><EventID>1</EventID><Version>5</Version><Level>4</Level><Task>1</Task><Opcode>0</Opcode><Keywords>0x8000000000000000</Keywords><TimeCreated SystemTime="2026-06-01T17:32:32.966059000Z"/><EventRecordID>43174</EventRecordID><Correlation/><Execution ProcessID="1847" ThreadID="1847"/><Channel>Linux-Sysmon/Operational</Channel><Computer>bunny-VirtualBox</Computer><Security UserId="0"/></System><EventData><Data Name="RuleName">-</Data><Data Name="UtcTime">2026-06-01 17:32:30.580</Data><Data Name="ProcessGuid">{491e8a99-c22e-6a1d-ad4e-da459b620000}</Data><Data Name="ProcessId">5843</Data><Data Name="Image">/usr/bin/dash</Data><Data Name="FileVersion">-</Data><Data Name="Description">-</Data><Data Name="Product">-</Data><Data Name="Company">-</Data><Data Name="OriginalFileName">-</Data><Data Name="CommandLine">/bin/sh /usr/bin/xdg-terminal-exec</Data><Data Name="CurrentDirectory">/home/bunny</Data><Data Name="User">bunny</Data><Data Name="LogonGuid">{491e8a99-0000-0000-e803-000000000000}</Data><Data Name="LogonId">1000</Data><Data Name="TerminalSessionId">3</Data><Data Name="IntegrityLevel">no level</Data><Data Name="Hashes">MD5=c9f2b666550e3e64b27d033b4bd86751,SHA256=c626229526bb58ec2d0f585f3c3ae1412e6f973b4353385042d11c38d8426917</Data><Data Name="ParentProcessGuid">{491e8a99-b703-6a1d-1d57-15becd620000}</Data><Data Name="ParentProcessId">2830</Data><Data Name="ParentImage">/usr/lib/systemd/systemd</Data><Data Name="ParentCommandLine">/usr/lib/systemd/systemd --user</Data><Data Name="ParentUser">bunny</Data></EventData></Event>
Jun 01 23:02:33 bunny-VirtualBox sysmon[1847]: <Event><System><Provider Name="Linux-Sysmon" Guid="{ff032593-a8d3-4f13-b0d6-01fc615a0f97}"/><EventID>1</EventID><Version>5</Version><Level>4</Level><Task>1</Task><Opcode>0</Opcode><Keywords>0x8000000000000000</Keywords><TimeCreated SystemTime="2026-06-01T17:32:33.020086000Z"/><EventRecordID>43175</EventRecordID><Correlation/><Execution ProcessID="1847" ThreadID="1847"/><Channel>Linux-Sysmon/Operational</Channel><Computer>bunny-VirtualBox</Computer><Security UserId="0"/></System><EventData><Data Name="RuleName">-</Data><Data Name="UtcTime">2026-06-01 17:32:30.600</Data><Data Name="ProcessGuid">{491e8a99-c22e-6a1d-bd86-483ca3640000}</Data><Data Name="ProcessId">5849</Data><Data Name="Image">/usr/lib/cargo/bin/coreutils/tr</Data><Data Name="FileVersion">-</Data><Data Name="Description">-</Data><Data Name="Product">-</Data><Data Name="Company">-</Data><Data Name="OriginalFileName">-</Data><Data Name="CommandLine">tr [:upper:] [:lower:]</Data><Data Name="CurrentDirectory">/home/bunny</Data><Data Name="User">bunny</Data><Data Name="LogonGuid">{491e8a99-0000-0000-e803-000000000000}</Data><Data Name="LogonId">1000</Data><Data Name="TerminalSessionId">3</Data><Data Name="IntegrityLevel">no level</Data><Data Name="Hashes">MD5=2d313ecc9fc058f6e0758abe00c0f6e8,SHA256=48893b0fb21436b54619db80486e83ef39dfccaf1aefe83dfa00c02d6146e8c0</Data><Data Name="ParentProcessGuid">{00000000-0000-0000-0000-000000000000}</Data><Data Name="ParentProcessId">5847</Data><Data Name="ParentImage">-</Data><Data Name="ParentCommandLine">-</Data><Data Name="ParentUser">-</Data></EventData></Event>
Jun 01 23:02:33 bunny-VirtualBox sysmon[1847]: <Event><System><Provider Name="Linux-Sysmon" Guid="{ff032593-a8d3-4f13-b0d6-01fc615a0f97}"/><EventID>5</EventID><Version>3</Version><Level>4</Level><Task>5</Task><Opcode>0</Opcode><Keywords>0x8000000000000000</Keywords><TimeCreated SystemTime="2026-06-01T17:32:33.020320000Z"/><EventRecordID>43176</EventRecordID><Correlation/><Execution ProcessID="1847" ThreadID="1847"/><Channel>Linux-Sysmon/Operational</Channel><Computer>bunny-VirtualBox</Computer><Security UserId="0"/></System><EventData><Data Name="RuleName">ProcessTerminate</Data><Data Name="UtcTime">2026-06-01 17:32:30.607</Data><Data Name="ProcessGuid">{491e8a99-c22e-6a1d-bd86-483ca3640000}</Data><Data Name="ProcessId">5849</Data><Data Name="Image">/usr/lib/cargo/bin/coreutils/tr</Data><Data Name="User">bunny</Data></EventData></Event>
Jun 01 23:02:33 bunny-VirtualBox sysmon[1847]: <Event><System><Provider Name="Linux-Sysmon" Guid="{ff032593-a8d3-4f13-b0d6-01fc615a0f97}"/><EventID>1</EventID><Version>5</Version><Level>4</Level><Task>1</Task><Opcode>0</Opcode><Keywords>0x8000000000000000</Keywords><TimeCreated SystemTime="2026-06-01T17:32:33.068097000Z"/><EventRecordID>43177</EventRecordID><Correlation/><Execution ProcessID="1847" ThreadID="1847"/><Channel>Linux-Sysmon/Operational</Channel><Computer>bunny-VirtualBox</Computer><Security UserId="0"/></System><EventData><Data Name="RuleName">-</Data><Data Name="UtcTime">2026-06-01 17:32:30.612</Data><Data Name="ProcessGuid">{491e8a99-c22e-6a1d-bd06-f0b769600000}</Data><Data Name="ProcessId">5852</Data><Data Name="Image">/usr/lib/cargo/bin/coreutils/md5sum</Data><Data Name="FileVersion">-</Data><Data Name="Description">-</Data><Data Name="Product">-</Data><Data Name="Company">-</Data><Data Name="OriginalFileName">-</Data><Data Name="CommandLine">md5sum</Data><Data Name="CurrentDirectory">/home/bunny</Data><Data Name="User">bunny</Data><Data Name="LogonGuid">{491e8a99-0000-0000-e803-000000000000}</Data><Data Name="LogonId">1000</Data><Data Name="TerminalSessionId">3</Data><Data Name="IntegrityLevel">no level</Data><Data Name="Hashes">MD5=2d313ecc9fc058f6e0758abe00c0f6e8,SHA256=48893b0fb21436b54619db80486e83ef39dfccaf1aefe83dfa00c02d6146e8c0</Data><Data Name="ParentProcessGuid">{00000000-0000-0000-0000-000000000000}</Data><Data Name="ParentProcessId">5850</Data><Data Name="ParentImage">-</Data><Data Name="ParentCommandLine">-</Data><Data Name="ParentUser">-</Data></EventData></Event>
Jun 01 23:02:33 bunny-VirtualBox sysmon[1847]: <Event><System><Provider Name="Linux-Sysmon" Guid="{ff032593-a8d3-4f13-b0d6-01fc615a0f97}"/><EventID>5</EventID><Version>3</Version><Level>4</Level><Task>5</Task><Opcode>0</Opcode><Keywords>0x8000000000000000</Keywords><TimeCreated SystemTime="2026-06-01T17:32:33.068330000Z"/><EventRecordID>43178</EventRecordID><Correlation/><Execution ProcessID="1847" ThreadID="1847"/><Channel>Linux-Sysmon/Operational</Channel><Computer>bunny-VirtualBox</Computer><Security UserId="0"/></System><EventData><Data Name="RuleName">ProcessTerminate</Data><Data Name="UtcTime">2026-06-01 17:32:30.634</Data><Data Name="ProcessGuid">{491e8a99-c22e-6a1d-bd06-f0b769600000}</Data><Data Name="ProcessId">5852</Data><Data Name="Image">/usr/lib/cargo/bin/coreutils/md5sum</Data><Data Name="User">bunny</Data></EventData></Event>
Jun 01 23:02:33 bunny-VirtualBox sysmon[1847]: <Event><System><Provider Name="Linux-Sysmon" Guid="{ff032593-a8d3-4f13-b0d6-01fc615a0f97}"/><EventID>1</EventID><Version>5</Version><Level>4</Level><Task>1</Task><Opcode>0</Opcode><Keywords>0x8000000000000000</Keywords><TimeCreated SystemTime="2026-06-01T17:32:33.072763000Z"/><EventRecordID>43179</EventRecordID><Correlation/><Execution ProcessID="1847" ThreadID="1847"/><Channel>Linux-Sysmon/Operational</Channel><Computer>bunny-VirtualBox</Computer><Security UserId="0"/></System><EventData><Data Name="RuleName">-</Data><Data Name="UtcTime">2026-06-01 17:32:30.580</Data><Data Name="ProcessGuid">{491e8a99-c22e-6a1d-15cb-8ab6765c0000}</Data><Data Name="ProcessId">5843</Data><Data Name="Image">/usr/bin/ptyxis</Data><Data Name="FileVersion">-</Data><Data Name="Description">-</Data><Data Name="Product">-</Data><Data Name="Company">-</Data><Data Name="OriginalFileName">-</Data><Data Name="CommandLine">ptyxis --new-window</Data><Data Name="CurrentDirectory">/home/bunny</Data><Data Name="User">bunny</Data><Data Name="LogonGuid">{491e8a99-0000-0000-e803-000000000000}</Data><Data Name="LogonId">1000</Data><Data Name="TerminalSessionId">3</Data><Data Name="IntegrityLevel">no level</Data><Data Name="Hashes">MD5=a995a1425941024a4e8d309dcad10c73,SHA256=d896539ba35478c4fc307be5f0fc2f3b2c6997114b90189810233e450d11d1f3</Data><Data Name="ParentProcessGuid">{491e8a99-b703-6a1d-1d57-15becd620000}</Data><Data Name="ParentProcessId">2830</Data><Data Name="ParentImage">/usr/lib/systemd/systemd</Data><Data Name="ParentCommandLine">/usr/lib/systemd/systemd --user</Data><Data Name="ParentUser">bunny</Data></EventData></Event>
Jun 01 23:02:33 bunny-VirtualBox sysmon[1847]: <Event><System><Provider Name="Linux-Sysmon" Guid="{ff032593-a8d3-4f13-b0d6-01fc615a0f97}"/><EventID>1</EventID><Version>5</Version><Level>4</Level><Task>1</Task><Opcode>0</Opcode><Keywords>0x8000000000000000</Keywords><TimeCreated SystemTime="2026-06-01T17:32:33.107385000Z"/><EventRecordID>43180</EventRecordID><Correlation/><Execution ProcessID="1847" ThreadID="1847"/><Channel>Linux-Sysmon/Operational</Channel><Computer>bunny-VirtualBox</Computer><Security UserId="0"/></System><EventData><Data Name="RuleName">-</Data><Data Name="UtcTime">2026-06-01 17:32:30.612</Data><Data Name="ProcessGuid">{491e8a99-c22e-6a1d-bd66-fb95df5f0000}</Data><Data Name="ProcessId">5851</Data><Data Name="Image">/usr/lib/cargo/bin/coreutils/ls</Data><Data Name="FileVersion">-</Data><Data Name="Description">-</Data><Data Name="Product">-</Data><Data Name="Company">-</Data><Data Name="OriginalFileName">-</Data><Data Name="CommandLine">ls -LRl /home/bunny/.config/ubuntu-xdg-terminals.list /home/bunny/.config/gnome-xdg-terminals.list /home/bunny/.config/xdg-terminals.list /etc/xdg/xdg-ubuntu/ubuntu-xdg-terminals.list /etc/xdg/xdg-ubuntu/gnome-xdg-terminals.list /etc/xdg/xdg-ubuntu/xdg-terminals.list /etc/xdg/ubuntu-xdg-terminals.list /etc/xdg/gnome-xdg-terminals.list /etc/xdg/xdg-terminals.list /usr/share/ubuntu/xdg-terminal-exec/ubuntu-xdg-terminals.list /usr/share/ubuntu/xdg-terminal-exec/gnome-xdg-terminals.list /usr/share/ubuntu/xdg-terminal-exec/xdg-terminals.list /usr/share/gnome/xdg-terminal-exec/ubuntu-xdg-terminals.list /usr/share/gnome/xdg-terminal-exec/gnome-xdg-terminals.list /usr/share/gnome/xdg-terminal-exec/xdg-terminals.list /usr/local/share/xdg-terminal-exec/ubuntu-xdg-terminals.list /usr/local/share/xdg-terminal-exec/gnome-xdg-terminals.list /usr/local/share/xdg-terminal-exec/xdg-terminals.list /usr/share/xdg-terminal-exec/ubuntu-xdg-terminals.list /usr/share/xdg-terminal-exec/gnome-xdg-terminals.list /usr/share/xdg-terminal-exec/xdg-terminals.list /var/lib/snapd/desktop/xdg-terminal-exec/ubuntu-xdg-terminals.list /var/lib/snapd/desktop/xdg-terminal-exec/gnome-xdg-terminals.list /var/lib/snapd/desktop/xdg-terminal-exec/xdg-terminals.list /var/lib/snapd/desktop/applications/ /usr/share/applications/ /usr/local/share/applications/ /usr/share/gnome/applications/ /usr/share/ubuntu/applications/ /home/bunny/.local/share/applications/</Data><Data Name="CurrentDirectory">/home/bunny</Data><Data Name="User">bunny</Data><Data Name="LogonGuid">{491e8a99-0000-0000-e803-000000000000}</Data><Data Name="LogonId">1000</Data><Data Name="TerminalSessionId">3</Data><Data Name="IntegrityLevel">no level</Data><Data Name="Hashes">MD5=2d313ecc9fc058f6e0758abe00c0f6e8,SHA256=48893b0fb21436b54619db80486e83ef39dfccaf1aefe83dfa00c02d6146e8c0</Data><Data Name="ParentProcessGuid">{00000000-0000-0000-0000-000000000000}</Data><Data Name="ParentProcessId">5850</Data><Data Name="ParentImage">-</Data><Data Name="ParentCommandLine">-</Data><Data Name="ParentUser">-</Data></EventData></Event>
Jun 01 23:02:33 bunny-VirtualBox sysmon[1847]: <Event><System><Provider Name="Linux-Sysmon" Guid="{ff032593-a8d3-4f13-b0d6-01fc615a0f97}"/><EventID>5</EventID><Version>3</Version><Level>4</Level><Task>5</Task><Opcode>0</Opcode><Keywords>0x8000000000000000</Keywords><TimeCreated SystemTime="2026-06-01T17:32:33.107886000Z"/><EventRecordID>43181</EventRecordID><Correlation/><Execution ProcessID="1847" ThreadID="1847"/><Channel>Linux-Sysmon/Operational</Channel><Computer>bunny-VirtualBox</Computer><Security UserId="0"/></System><EventData><Data Name="RuleName">ProcessTerminate</Data><Data Name="UtcTime">2026-06-01 17:32:30.632</Data><Data Name="ProcessGuid">{491e8a99-c22e-6a1d-bd66-fb95df5f0000}</Data><Data Name="ProcessId">5851</Data><Data Name="Image">/usr/lib/cargo/bin/coreutils/ls</Data><Data Name="User">bunny</Data></EventData></Event>
Jun 01 23:02:33 bunny-VirtualBox sysmon[1847]: <Event><System><Provider Name="Linux-Sysmon" Guid="{ff032593-a8d3-4f13-b0d6-01fc615a0f97}"/><EventID>5</EventID><Version>3</Version><Level>4</Level><Task>5</Task><Opcode>0</Opcode><Keywords>0x8000000000000000</Keywords><TimeCreated SystemTime="2026-06-01T17:32:33.220820000Z"/><EventRecordID>43182</EventRecordID><Correlation/><Execution ProcessID="1847" ThreadID="1847"/><Channel>Linux-Sysmon/Operational</Channel><Computer>bunny-VirtualBox</Computer><Security UserId="0"/></System><EventData><Data Name="RuleName">ProcessTerminate</Data><Data Name="UtcTime">2026-06-01 17:32:30.839</Data><Data Name="ProcessGuid">{491e8a99-c22e-6a1d-ad4e-da459b620000}</Data><Data Name="ProcessId">5843</Data><Data Name="Image">/usr/bin/dash</Data><Data Name="User">bunny</Data></EventData></Event>
Jun 01 23:02:33 bunny-VirtualBox sysmon[1847]: <Event><System><Provider Name="Linux-Sysmon" Guid="{ff032593-a8d3-4f13-b0d6-01fc615a0f97}"/><EventID>5</EventID><Version>3</Version><Level>4</Level><Task>5</Task><Opcode>0</Opcode><Keywords>0x8000000000000000</Keywords><TimeCreated SystemTime="2026-06-01T17:32:33.220958000Z"/><EventRecordID>43183</EventRecordID><Correlation/><Execution ProcessID="1847" ThreadID="1847"/><Channel>Linux-Sysmon/Operational</Channel><Computer>bunny-VirtualBox</Computer><Security UserId="0"/></System><EventData><Data Name="RuleName">ProcessTerminate</Data><Data Name="UtcTime">2026-06-01 17:32:30.839</Data><Data Name="ProcessGuid">{491e8a99-c22e-6a1d-15cb-8ab6765c0000}</Data><Data Name="ProcessId">5843</Data><Data Name="Image">/usr/bin/ptyxis</Data><Data Name="User">bunny</Data></EventData></Event>
Jun 01 23:02:33 bunny-VirtualBox sysmon[1847]: <Event><System><Provider Name="Linux-Sysmon" Guid="{ff032593-a8d3-4f13-b0d6-01fc615a0f97}"/><EventID>5</EventID><Version>3</Version><Level>4</Level><Task>5</Task><Opcode>0</Opcode><Keywords>0x8000000000000000</Keywords><TimeCreated SystemTime="2026-06-01T17:32:33.221262000Z"/><EventRecordID>43184</EventRecordID><Correlation/><Execution ProcessID="1847" ThreadID="1847"/><Channel>Linux-Sysmon/Operational</Channel><Computer>bunny-VirtualBox</Computer><Security UserId="0"/></System><EventData><Data Name="RuleName">ProcessTerminate</Data><Data Name="UtcTime">2026-06-01 17:32:30.840</Data><Data Name="ProcessGuid">{491e8a99-c22e-6a1d-15cb-8ab6765c0000}</Data><Data Name="ProcessId">5843</Data><Data Name="Image">/usr/bin/ptyxis</Data><Data Name="User">bunny</Data></EventData></Event>
Jun 01 23:02:33 bunny-VirtualBox sysmon[1847]: <Event><System><Provider Name="Linux-Sysmon" Guid="{ff032593-a8d3-4f13-b0d6-01fc615a0f97}"/><EventID>5</EventID><Version>3</Version><Level>4</Level><Task>5</Task><Opcode>0</Opcode><Keywords>0x8000000000000000</Keywords><TimeCreated SystemTime="2026-06-01T17:32:33.221565000Z"/><EventRecordID>43185</EventRecordID><Correlation/><Execution ProcessID="1847" ThreadID="1847"/><Channel>Linux-Sysmon/Operational</Channel><Computer>bunny-VirtualBox</Computer><Security UserId="0"/></System><EventData><Data Name="RuleName">ProcessTerminate</Data><Data Name="UtcTime">2026-06-01 17:32:30.840</Data><Data Name="ProcessGuid">{491e8a99-c22e-6a1d-15cb-8ab6765c0000}</Data><Data Name="ProcessId">5843</Data><Data Name="Image">/usr/bin/ptyxis</Data><Data Name="User">bunny</Data></EventData></Event>
Jun 01 23:02:33 bunny-VirtualBox sysmon[1847]: <Event><System><Provider Name="Linux-Sysmon" Guid="{ff032593-a8d3-4f13-b0d6-01fc615a0f97}"/><EventID>5</EventID><Version>3</Version><Level>4</Level><Task>5</Task><Opcode>0</Opcode><Keywords>0x8000000000000000</Keywords><TimeCreated SystemTime="2026-06-01T17:32:33.221778000Z"/><EventRecordID>43186</EventRecordID><Correlation/><Execution ProcessID="1847" ThreadID="1847"/><Channel>Linux-Sysmon/Operational</Channel><Computer>bunny-VirtualBox</Computer><Security UserId="0"/></System><EventData><Data Name="RuleName">ProcessTerminate</Data><Data Name="UtcTime">2026-06-01 17:32:30.840</Data><Data Name="ProcessGuid">{491e8a99-c22e-6a1d-15cb-8ab6765c0000}</Data><Data Name="ProcessId">5843</Data><Data Name="Image">/usr/bin/ptyxis</Data><Data Name="User">bunny</Data></EventData></Event>
Jun 01 23:02:33 bunny-VirtualBox sysmon[1847]: <Event><System><Provider Name="Linux-Sysmon" Guid="{ff032593-a8d3-4f13-b0d6-01fc615a0f97}"/><EventID>5</EventID><Version>3</Version><Level>4</Level><Task>5</Task><Opcode>0</Opcode><Keywords>0x8000000000000000</Keywords><TimeCreated SystemTime="2026-06-01T17:32:33.222660000Z"/><EventRecordID>43187</EventRecordID><Correlation/><Execution ProcessID="1847" ThreadID="1847"/><Channel>Linux-Sysmon/Operational</Channel><Computer>bunny-VirtualBox</Computer><Security UserId="0"/></System><EventData><Data Name="RuleName">ProcessTerminate</Data><Data Name="UtcTime">2026-06-01 17:32:30.841</Data><Data Name="ProcessGuid">{491e8a99-c22e-6a1d-15cb-8ab6765c0000}</Data><Data Name="ProcessId">5843</Data><Data Name="Image">/usr/bin/ptyxis</Data><Data Name="User">bunny</Data></EventData></Event>
