Jun 04 14:57:12 bunny-VirtualBox sysmon[1863]: <Event><System><Provider Name="Linux-Sysmon" Guid="{ff032593-a8d3-4f13-b0d6-01fc615a0f97}"/><EventID>1</EventID><Version>5</Version><Level>4</Level><Task>1</Task><Opcode>0</Opcode><Keywords>0x8000000000000000</Keywords><TimeCreated SystemTime="2026-06-04T09:27:12.975275000Z"/><EventRecordID>73048</EventRecordID><Correlation/><Execution ProcessID="1863" ThreadID="1863"/><Channel>Linux-Sysmon/Operational</Channel><Computer>bunny-VirtualBox</Computer><Security UserId="0"/></System><EventData><Data Name="RuleName">-</Data><Data Name="UtcTime">2026-06-04 09:27:08.246</Data><Data Name="ProcessGuid">{491e8a99-44ec-6a21-bd76-878dbb5a0000}</Data><Data Name="ProcessId">5444</Data><Data Name="Image">/usr/lib/cargo/bin/coreutils/sleep</Data><Data Name="FileVersion">-</Data><Data Name="Description">-</Data><Data Name="Product">-</Data><Data Name="Company">-</Data><Data Name="OriginalFileName">-</Data><Data Name="CommandLine">sleep 60</Data><Data Name="CurrentDirectory">/home/bunny</Data><Data Name="User">bunny</Data><Data Name="LogonGuid">{491e8a99-0000-0000-e803-000002000000}</Data><Data Name="LogonId">1000</Data><Data Name="TerminalSessionId">3</Data><Data Name="IntegrityLevel">no level</Data><Data Name="Hashes">MD5=2d313ecc9fc058f6e0758abe00c0f6e8,SHA256=48893b0fb21436b54619db80486e83ef39dfccaf1aefe83dfa00c02d6146e8c0</Data><Data Name="ParentProcessGuid">{00000000-0000-0000-0000-000000000000}</Data><Data Name="ParentProcessId">5309</Data><Data Name="ParentImage">-</Data><Data Name="ParentCommandLine">-</Data><Data Name="ParentUser">-</Data></EventData></Event>
Jun 04 14:58:12 bunny-VirtualBox sysmon[1863]: <Event><System><Provider Name="Linux-Sysmon" Guid="{ff032593-a8d3-4f13-b0d6-01fc615a0f97}"/><EventID>5</EventID><Version>3</Version><Level>4</Level><Task>5</Task><Opcode>0</Opcode><Keywords>0x8000000000000000</Keywords><TimeCreated SystemTime="2026-06-04T09:28:12.912103000Z"/><EventRecordID>73049</EventRecordID><Correlation/><Execution ProcessID="1863" ThreadID="1863"/><Channel>Linux-Sysmon/Operational</Channel><Computer>bunny-VirtualBox</Computer><Security UserId="0"/></System><EventData><Data Name="RuleName">ProcessTerminate</Data><Data Name="UtcTime">2026-06-04 09:28:08.258</Data><Data Name="ProcessGuid">{491e8a99-44ec-6a21-bd76-878dbb5a0000}</Data><Data Name="ProcessId">5444</Data><Data Name="Image">/usr/lib/cargo/bin/coreutils/sleep</Data><Data Name="User">bunny</Data></EventData></Event>
Jun 04 14:58:12 bunny-VirtualBox sysmon[1863]: <Event><System><Provider Name="Linux-Sysmon" Guid="{ff032593-a8d3-4f13-b0d6-01fc615a0f97}"/><EventID>1</EventID><Version>5</Version><Level>4</Level><Task>1</Task><Opcode>0</Opcode><Keywords>0x8000000000000000</Keywords><TimeCreated SystemTime="2026-06-04T09:28:12.919215000Z"/><EventRecordID>73050</EventRecordID><Correlation/><Execution ProcessID="1863" ThreadID="1863"/><Channel>Linux-Sysmon/Operational</Channel><Computer>bunny-VirtualBox</Computer><Security UserId="0"/></System><EventData><Data Name="RuleName">-</Data><Data Name="UtcTime">2026-06-04 09:28:08.263</Data><Data Name="ProcessGuid">{491e8a99-4528-6a21-f93a-e172c4590000}</Data><Data Name="ProcessId">5446</Data><Data Name="Image">/usr/bin/curl</Data><Data Name="FileVersion">-</Data><Data Name="Description">-</Data><Data Name="Product">-</Data><Data Name="Company">-</Data><Data Name="OriginalFileName">-</Data><Data Name="CommandLine">curl http://127.0.0.1:8080/checkin</Data><Data Name="CurrentDirectory">/home/bunny</Data><Data Name="User">bunny</Data><Data Name="LogonGuid">{491e8a99-0000-0000-e803-000002000000}</Data><Data Name="LogonId">1000</Data><Data Name="TerminalSessionId">3</Data><Data Name="IntegrityLevel">no level</Data><Data Name="Hashes">MD5=a4339a556f449e6199132b81fbc95b24,SHA256=7eecf2e84049f1701376b5e450b69a7719ad7ed4031bc326f3634e27af61be6f</Data><Data Name="ParentProcessGuid">{00000000-0000-0000-0000-000000000000}</Data><Data Name="ParentProcessId">5309</Data><Data Name="ParentImage">-</Data><Data Name="ParentCommandLine">-</Data><Data Name="ParentUser">-</Data></EventData></Event>
Jun 04 14:58:12 bunny-VirtualBox sysmon[1863]: <Event><System><Provider Name="Linux-Sysmon" Guid="{ff032593-a8d3-4f13-b0d6-01fc615a0f97}"/><EventID>5</EventID><Version>3</Version><Level>4</Level><Task>5</Task><Opcode>0</Opcode><Keywords>0x8000000000000000</Keywords><TimeCreated SystemTime="2026-06-04T09:28:12.951052000Z"/><EventRecordID>73051</EventRecordID><Correlation/><Execution ProcessID="1863" ThreadID="1863"/><Channel>Linux-Sysmon/Operational</Channel><Computer>bunny-VirtualBox</Computer><Security UserId="0"/></System><EventData><Data Name="RuleName">ProcessTerminate</Data><Data Name="UtcTime">2026-06-04 09:28:08.297</Data><Data Name="ProcessGuid">{491e8a99-4528-6a21-f93a-e172c4590000}</Data><Data Name="ProcessId">5446</Data><Data Name="Image">/usr/bin/curl</Data><Data Name="User">bunny</Data></EventData></Event>
Jun 04 14:58:13 bunny-VirtualBox sysmon[1863]: <Event><System><Provider Name="Linux-Sysmon" Guid="{ff032593-a8d3-4f13-b0d6-01fc615a0f97}"/><EventID>1</EventID><Version>5</Version><Level>4</Level><Task>1</Task><Opcode>0</Opcode><Keywords>0x8000000000000000</Keywords><TimeCreated SystemTime="2026-06-04T09:28:13.007724000Z"/><EventRecordID>73052</EventRecordID><Correlation/><Execution ProcessID="1863" ThreadID="1863"/><Channel>Linux-Sysmon/Operational</Channel><Computer>bunny-VirtualBox</Computer><Security UserId="0"/></System><EventData><Data Name="RuleName">-</Data><Data Name="UtcTime">2026-06-04 09:28:08.307</Data><Data Name="ProcessGuid">{491e8a99-4528-6a21-bd96-037a95560000}</Data><Data Name="ProcessId">5448</Data><Data Name="Image">/usr/lib/cargo/bin/coreutils/sleep</Data><Data Name="FileVersion">-</Data><Data Name="Description">-</Data><Data Name="Product">-</Data><Data Name="Company">-</Data><Data Name="OriginalFileName">-</Data><Data Name="CommandLine">sleep 60</Data><Data Name="CurrentDirectory">/home/bunny</Data><Data Name="User">bunny</Data><Data Name="LogonGuid">{491e8a99-0000-0000-e803-000002000000}</Data><Data Name="LogonId">1000</Data><Data Name="TerminalSessionId">3</Data><Data Name="IntegrityLevel">no level</Data><Data Name="Hashes">MD5=2d313ecc9fc058f6e0758abe00c0f6e8,SHA256=48893b0fb21436b54619db80486e83ef39dfccaf1aefe83dfa00c02d6146e8c0</Data><Data Name="ParentProcessGuid">{00000000-0000-0000-0000-000000000000}</Data><Data Name="ParentProcessId">5309</Data><Data Name="ParentImage">-</Data><Data Name="ParentCommandLine">-</Data><Data Name="ParentUser">-</Data></EventData></Event>
Jun 04 14:59:12 bunny-VirtualBox sysmon[1863]: <Event><System><Provider Name="Linux-Sysmon" Guid="{ff032593-a8d3-4f13-b0d6-01fc615a0f97}"/><EventID>5</EventID><Version>3</Version><Level>4</Level><Task>5</Task><Opcode>0</Opcode><Keywords>0x8000000000000000</Keywords><TimeCreated SystemTime="2026-06-04T09:29:12.978574000Z"/><EventRecordID>73053</EventRecordID><Correlation/><Execution ProcessID="1863" ThreadID="1863"/><Channel>Linux-Sysmon/Operational</Channel><Computer>bunny-VirtualBox</Computer><Security UserId="0"/></System><EventData><Data Name="RuleName">ProcessTerminate</Data><Data Name="UtcTime">2026-06-04 09:29:08.325</Data><Data Name="ProcessGuid">{491e8a99-4528-6a21-bd96-037a95560000}</Data><Data Name="ProcessId">5448</Data><Data Name="Image">/usr/lib/cargo/bin/coreutils/sleep</Data><Data Name="User">bunny</Data></EventData></Event>
Jun 04 14:59:12 bunny-VirtualBox sysmon[1863]: <Event><System><Provider Name="Linux-Sysmon" Guid="{ff032593-a8d3-4f13-b0d6-01fc615a0f97}"/><EventID>1</EventID><Version>5</Version><Level>4</Level><Task>1</Task><Opcode>0</Opcode><Keywords>0x8000000000000000</Keywords><TimeCreated SystemTime="2026-06-04T09:29:12.989675000Z"/><EventRecordID>73054</EventRecordID><Correlation/><Execution ProcessID="1863" ThreadID="1863"/><Channel>Linux-Sysmon/Operational</Channel><Computer>bunny-VirtualBox</Computer><Security UserId="0"/></System><EventData><Data Name="RuleName">-</Data><Data Name="UtcTime">2026-06-04 09:29:08.330</Data><Data Name="ProcessGuid">{491e8a99-4564-6a21-f99a-4dcc46620000}</Data><Data Name="ProcessId">5449</Data><Data Name="Image">/usr/bin/curl</Data><Data Name="FileVersion">-</Data><Data Name="Description">-</Data><Data Name="Product">-</Data><Data Name="Company">-</Data><Data Name="OriginalFileName">-</Data><Data Name="CommandLine">curl http://127.0.0.1:8080/checkin</Data><Data Name="CurrentDirectory">/home/bunny</Data><Data Name="User">bunny</Data><Data Name="LogonGuid">{491e8a99-0000-0000-e803-000002000000}</Data><Data Name="LogonId">1000</Data><Data Name="TerminalSessionId">3</Data><Data Name="IntegrityLevel">no level</Data><Data Name="Hashes">MD5=a4339a556f449e6199132b81fbc95b24,SHA256=7eecf2e84049f1701376b5e450b69a7719ad7ed4031bc326f3634e27af61be6f</Data><Data Name="ParentProcessGuid">{00000000-0000-0000-0000-000000000000}</Data><Data Name="ParentProcessId">5309</Data><Data Name="ParentImage">-</Data><Data Name="ParentCommandLine">-</Data><Data Name="ParentUser">-</Data></EventData></Event>
Jun 04 14:59:13 bunny-VirtualBox sysmon[1863]: <Event><System><Provider Name="Linux-Sysmon" Guid="{ff032593-a8d3-4f13-b0d6-01fc615a0f97}"/><EventID>5</EventID><Version>3</Version><Level>4</Level><Task>5</Task><Opcode>0</Opcode><Keywords>0x8000000000000000</Keywords><TimeCreated SystemTime="2026-06-04T09:29:13.016152000Z"/><EventRecordID>73055</EventRecordID><Correlation/><Execution ProcessID="1863" ThreadID="1863"/><Channel>Linux-Sysmon/Operational</Channel><Computer>bunny-VirtualBox</Computer><Security UserId="0"/></System><EventData><Data Name="RuleName">ProcessTerminate</Data><Data Name="UtcTime">2026-06-04 09:29:08.362</Data><Data Name="ProcessGuid">{491e8a99-4564-6a21-f99a-4dcc46620000}</Data><Data Name="ProcessId">5449</Data><Data Name="Image">/usr/bin/curl</Data><Data Name="User">bunny</Data></EventData></Event>
Jun 04 14:59:13 bunny-VirtualBox sysmon[1863]: <Event><System><Provider Name="Linux-Sysmon" Guid="{ff032593-a8d3-4f13-b0d6-01fc615a0f97}"/><EventID>1</EventID><Version>5</Version><Level>4</Level><Task>1</Task><Opcode>0</Opcode><Keywords>0x8000000000000000</Keywords><TimeCreated SystemTime="2026-06-04T09:29:13.074511000Z"/><EventRecordID>73056</EventRecordID><Correlation/><Execution ProcessID="1863" ThreadID="1863"/><Channel>Linux-Sysmon/Operational</Channel><Computer>bunny-VirtualBox</Computer><Security UserId="0"/></System><EventData><Data Name="RuleName">-</Data><Data Name="UtcTime">2026-06-04 09:29:08.364</Data><Data Name="ProcessGuid">{491e8a99-4564-6a21-bde6-36767d5f0000}</Data><Data Name="ProcessId">5451</Data><Data Name="Image">/usr/lib/cargo/bin/coreutils/sleep</Data><Data Name="FileVersion">-</Data><Data Name="Description">-</Data><Data Name="Product">-</Data><Data Name="Company">-</Data><Data Name="OriginalFileName">-</Data><Data Name="CommandLine">sleep 60</Data><Data Name="CurrentDirectory">/home/bunny</Data><Data Name="User">bunny</Data><Data Name="LogonGuid">{491e8a99-0000-0000-e803-000002000000}</Data><Data Name="LogonId">1000</Data><Data Name="TerminalSessionId">3</Data><Data Name="IntegrityLevel">no level</Data><Data Name="Hashes">MD5=2d313ecc9fc058f6e0758abe00c0f6e8,SHA256=48893b0fb21436b54619db80486e83ef39dfccaf1aefe83dfa00c02d6146e8c0</Data><Data Name="ParentProcessGuid">{00000000-0000-0000-0000-000000000000}</Data><Data Name="ParentProcessId">5309</Data><Data Name="ParentImage">-</Data><Data Name="ParentCommandLine">-</Data><Data Name="ParentUser">-</Data></EventData></Event>
Jun 04 15:00:13 bunny-VirtualBox sysmon[1863]: <Event><System><Provider Name="Linux-Sysmon" Guid="{ff032593-a8d3-4f13-b0d6-01fc615a0f97}"/><EventID>5</EventID><Version>3</Version><Level>4</Level><Task>5</Task><Opcode>0</Opcode><Keywords>0x8000000000000000</Keywords><TimeCreated SystemTime="2026-06-04T09:30:13.105806000Z"/><EventRecordID>73066</EventRecordID><Correlation/><Execution ProcessID="1863" ThreadID="1863"/><Channel>Linux-Sysmon/Operational</Channel><Computer>bunny-VirtualBox</Computer><Security UserId="0"/></System><EventData><Data Name="RuleName">ProcessTerminate</Data><Data Name="UtcTime">2026-06-04 09:30:08.452</Data><Data Name="ProcessGuid">{491e8a99-4564-6a21-bde6-36767d5f0000}</Data><Data Name="ProcessId">5451</Data><Data Name="Image">/usr/lib/cargo/bin/coreutils/sleep</Data><Data Name="User">bunny</Data></EventData></Event>
Jun 04 15:00:13 bunny-VirtualBox sysmon[1863]: <Event><System><Provider Name="Linux-Sysmon" Guid="{ff032593-a8d3-4f13-b0d6-01fc615a0f97}"/><EventID>1</EventID><Version>5</Version><Level>4</Level><Task>1</Task><Opcode>0</Opcode><Keywords>0x8000000000000000</Keywords><TimeCreated SystemTime="2026-06-04T09:30:13.122850000Z"/><EventRecordID>73067</EventRecordID><Correlation/><Execution ProcessID="1863" ThreadID="1863"/><Channel>Linux-Sysmon/Operational</Channel><Computer>bunny-VirtualBox</Computer><Security UserId="0"/></System><EventData><Data Name="RuleName">-</Data><Data Name="UtcTime">2026-06-04 09:30:08.457</Data><Data Name="ProcessGuid">{491e8a99-45a0-6a21-f99a-622c71550000}</Data><Data Name="ProcessId">5460</Data><Data Name="Image">/usr/bin/curl</Data><Data Name="FileVersion">-</Data><Data Name="Description">-</Data><Data Name="Product">-</Data><Data Name="Company">-</Data><Data Name="OriginalFileName">-</Data><Data Name="CommandLine">curl http://127.0.0.1:8080/checkin</Data><Data Name="CurrentDirectory">/home/bunny</Data><Data Name="User">bunny</Data><Data Name="LogonGuid">{491e8a99-0000-0000-e803-000002000000}</Data><Data Name="LogonId">1000</Data><Data Name="TerminalSessionId">3</Data><Data Name="IntegrityLevel">no level</Data><Data Name="Hashes">MD5=a4339a556f449e6199132b81fbc95b24,SHA256=7eecf2e84049f1701376b5e450b69a7719ad7ed4031bc326f3634e27af61be6f</Data><Data Name="ParentProcessGuid">{00000000-0000-0000-0000-000000000000}</Data><Data Name="ParentProcessId">5309</Data><Data Name="ParentImage">-</Data><Data Name="ParentCommandLine">-</Data><Data Name="ParentUser">-</Data></EventData></Event>
Jun 04 15:00:13 bunny-VirtualBox sysmon[1863]: <Event><System><Provider Name="Linux-Sysmon" Guid="{ff032593-a8d3-4f13-b0d6-01fc615a0f97}"/><EventID>5</EventID><Version>3</Version><Level>4</Level><Task>5</Task><Opcode>0</Opcode><Keywords>0x8000000000000000</Keywords><TimeCreated SystemTime="2026-06-04T09:30:13.155653000Z"/><EventRecordID>73068</EventRecordID><Correlation/><Execution ProcessID="1863" ThreadID="1863"/><Channel>Linux-Sysmon/Operational</Channel><Computer>bunny-VirtualBox</Computer><Security UserId="0"/></System><EventData><Data Name="RuleName">ProcessTerminate</Data><Data Name="UtcTime">2026-06-04 09:30:08.503</Data><Data Name="ProcessGuid">{491e8a99-45a0-6a21-f99a-622c71550000}</Data><Data Name="ProcessId">5460</Data><Data Name="Image">/usr/bin/curl</Data><Data Name="User">bunny</Data></EventData></Event>
Jun 04 15:00:13 bunny-VirtualBox sysmon[1863]: <Event><System><Provider Name="Linux-Sysmon" Guid="{ff032593-a8d3-4f13-b0d6-01fc615a0f97}"/><EventID>1</EventID><Version>5</Version><Level>4</Level><Task>1</Task><Opcode>0</Opcode><Keywords>0x8000000000000000</Keywords><TimeCreated SystemTime="2026-06-04T09:30:13.227132000Z"/><EventRecordID>73069</EventRecordID><Correlation/><Execution ProcessID="1863" ThreadID="1863"/><Channel>Linux-Sysmon/Operational</Channel><Computer>bunny-VirtualBox</Computer><Security UserId="0"/></System><EventData><Data Name="RuleName">-</Data><Data Name="UtcTime">2026-06-04 09:30:08.508</Data><Data Name="ProcessGuid">{491e8a99-45a0-6a21-bd56-20cebf5b0000}</Data><Data Name="ProcessId">5462</Data><Data Name="Image">/usr/lib/cargo/bin/coreutils/sleep</Data><Data Name="FileVersion">-</Data><Data Name="Description">-</Data><Data Name="Product">-</Data><Data Name="Company">-</Data><Data Name="OriginalFileName">-</Data><Data Name="CommandLine">sleep 60</Data><Data Name="CurrentDirectory">/home/bunny</Data><Data Name="User">bunny</Data><Data Name="LogonGuid">{491e8a99-0000-0000-e803-000002000000}</Data><Data Name="LogonId">1000</Data><Data Name="TerminalSessionId">3</Data><Data Name="IntegrityLevel">no level</Data><Data Name="Hashes">MD5=2d313ecc9fc058f6e0758abe00c0f6e8,SHA256=48893b0fb21436b54619db80486e83ef39dfccaf1aefe83dfa00c02d6146e8c0</Data><Data Name="ParentProcessGuid">{00000000-0000-0000-0000-000000000000}</Data><Data Name="ParentProcessId">5309</Data><Data Name="ParentImage">-</Data><Data Name="ParentCommandLine">-</Data><Data Name="ParentUser">-</Data></EventData></Event>
Jun 04 15:01:13 bunny-VirtualBox sysmon[1863]: <Event><System><Provider Name="Linux-Sysmon" Guid="{ff032593-a8d3-4f13-b0d6-01fc615a0f97}"/><EventID>5</EventID><Version>3</Version><Level>4</Level><Task>5</Task><Opcode>0</Opcode><Keywords>0x8000000000000000</Keywords><TimeCreated SystemTime="2026-06-04T09:31:13.176249000Z"/><EventRecordID>73219</EventRecordID><Correlation/><Execution ProcessID="1863" ThreadID="1863"/><Channel>Linux-Sysmon/Operational</Channel><Computer>bunny-VirtualBox</Computer><Security UserId="0"/></System><EventData><Data Name="RuleName">ProcessTerminate</Data><Data Name="UtcTime">2026-06-04 09:31:08.523</Data><Data Name="ProcessGuid">{491e8a99-45a0-6a21-bd56-20cebf5b0000}</Data><Data Name="ProcessId">5462</Data><Data Name="Image">/usr/lib/cargo/bin/coreutils/sleep</Data><Data Name="User">bunny</Data></EventData></Event>
Jun 04 15:01:13 bunny-VirtualBox sysmon[1863]: <Event><System><Provider Name="Linux-Sysmon" Guid="{ff032593-a8d3-4f13-b0d6-01fc615a0f97}"/><EventID>1</EventID><Version>5</Version><Level>4</Level><Task>1</Task><Opcode>0</Opcode><Keywords>0x8000000000000000</Keywords><TimeCreated SystemTime="2026-06-04T09:31:13.182406000Z"/><EventRecordID>73220</EventRecordID><Correlation/><Execution ProcessID="1863" ThreadID="1863"/><Channel>Linux-Sysmon/Operational</Channel><Computer>bunny-VirtualBox</Computer><Security UserId="0"/></System><EventData><Data Name="RuleName">-</Data><Data Name="UtcTime">2026-06-04 09:31:08.525</Data><Data Name="ProcessGuid">{491e8a99-45dc-6a21-f95a-632d76610000}</Data><Data Name="ProcessId">5630</Data><Data Name="Image">/usr/bin/curl</Data><Data Name="FileVersion">-</Data><Data Name="Description">-</Data><Data Name="Product">-</Data><Data Name="Company">-</Data><Data Name="OriginalFileName">-</Data><Data Name="CommandLine">curl http://127.0.0.1:8080/checkin</Data><Data Name="CurrentDirectory">/home/bunny</Data><Data Name="User">bunny</Data><Data Name="LogonGuid">{491e8a99-0000-0000-e803-000002000000}</Data><Data Name="LogonId">1000</Data><Data Name="TerminalSessionId">3</Data><Data Name="IntegrityLevel">no level</Data><Data Name="Hashes">MD5=a4339a556f449e6199132b81fbc95b24,SHA256=7eecf2e84049f1701376b5e450b69a7719ad7ed4031bc326f3634e27af61be6f</Data><Data Name="ParentProcessGuid">{00000000-0000-0000-0000-000000000000}</Data><Data Name="ParentProcessId">5309</Data><Data Name="ParentImage">-</Data><Data Name="ParentCommandLine">-</Data><Data Name="ParentUser">-</Data></EventData></Event>
Jun 04 15:01:13 bunny-VirtualBox sysmon[1863]: <Event><System><Provider Name="Linux-Sysmon" Guid="{ff032593-a8d3-4f13-b0d6-01fc615a0f97}"/><EventID>5</EventID><Version>3</Version><Level>4</Level><Task>5</Task><Opcode>0</Opcode><Keywords>0x8000000000000000</Keywords><TimeCreated SystemTime="2026-06-04T09:31:13.198078000Z"/><EventRecordID>73221</EventRecordID><Correlation/><Execution ProcessID="1863" ThreadID="1863"/><Channel>Linux-Sysmon/Operational</Channel><Computer>bunny-VirtualBox</Computer><Security UserId="0"/></System><EventData><Data Name="RuleName">ProcessTerminate</Data><Data Name="UtcTime">2026-06-04 09:31:08.545</Data><Data Name="ProcessGuid">{491e8a99-45dc-6a21-f95a-632d76610000}</Data><Data Name="ProcessId">5630</Data><Data Name="Image">/usr/bin/curl</Data><Data Name="User">bunny</Data></EventData></Event>
Jun 04 15:01:13 bunny-VirtualBox sysmon[1863]: <Event><System><Provider Name="Linux-Sysmon" Guid="{ff032593-a8d3-4f13-b0d6-01fc615a0f97}"/><EventID>1</EventID><Version>5</Version><Level>4</Level><Task>1</Task><Opcode>0</Opcode><Keywords>0x8000000000000000</Keywords><TimeCreated SystemTime="2026-06-04T09:31:13.231473000Z"/><EventRecordID>73222</EventRecordID><Correlation/><Execution ProcessID="1863" ThreadID="1863"/><Channel>Linux-Sysmon/Operational</Channel><Computer>bunny-VirtualBox</Computer><Security UserId="0"/></System><EventData><Data Name="RuleName">-</Data><Data Name="UtcTime">2026-06-04 09:31:08.546</Data><Data Name="ProcessGuid">{491e8a99-45dc-6a21-bd36-83bc50640000}</Data><Data Name="ProcessId">5632</Data><Data Name="Image">/usr/lib/cargo/bin/coreutils/sleep</Data><Data Name="FileVersion">-</Data><Data Name="Description">-</Data><Data Name="Product">-</Data><Data Name="Company">-</Data><Data Name="OriginalFileName">-</Data><Data Name="CommandLine">sleep 60</Data><Data Name="CurrentDirectory">/home/bunny</Data><Data Name="User">bunny</Data><Data Name="LogonGuid">{491e8a99-0000-0000-e803-000002000000}</Data><Data Name="LogonId">1000</Data><Data Name="TerminalSessionId">3</Data><Data Name="IntegrityLevel">no level</Data><Data Name="Hashes">MD5=2d313ecc9fc058f6e0758abe00c0f6e8,SHA256=48893b0fb21436b54619db80486e83ef39dfccaf1aefe83dfa00c02d6146e8c0</Data><Data Name="ParentProcessGuid">{00000000-0000-0000-0000-000000000000}</Data><Data Name="ParentProcessId">5309</Data><Data Name="ParentImage">-</Data><Data Name="ParentCommandLine">-</Data><Data Name="ParentUser">-</Data></EventData></Event>
Jun 04 15:02:13 bunny-VirtualBox sysmon[1863]: <Event><System><Provider Name="Linux-Sysmon" Guid="{ff032593-a8d3-4f13-b0d6-01fc615a0f97}"/><EventID>5</EventID><Version>3</Version><Level>4</Level><Task>5</Task><Opcode>0</Opcode><Keywords>0x8000000000000000</Keywords><TimeCreated SystemTime="2026-06-04T09:32:13.218256000Z"/><EventRecordID>73236</EventRecordID><Correlation/><Execution ProcessID="1863" ThreadID="1863"/><Channel>Linux-Sysmon/Operational</Channel><Computer>bunny-VirtualBox</Computer><Security UserId="0"/></System><EventData><Data Name="RuleName">ProcessTerminate</Data><Data Name="UtcTime">2026-06-04 09:32:08.565</Data><Data Name="ProcessGuid">{491e8a99-45dc-6a21-bd36-83bc50640000}</Data><Data Name="ProcessId">5632</Data><Data Name="Image">/usr/lib/cargo/bin/coreutils/sleep</Data><Data Name="User">bunny</Data></EventData></Event>
Jun 04 15:02:13 bunny-VirtualBox sysmon[1863]: <Event><System><Provider Name="Linux-Sysmon" Guid="{ff032593-a8d3-4f13-b0d6-01fc615a0f97}"/><EventID>1</EventID><Version>5</Version><Level>4</Level><Task>1</Task><Opcode>0</Opcode><Keywords>0x8000000000000000</Keywords><TimeCreated SystemTime="2026-06-04T09:32:13.220773000Z"/><EventRecordID>73237</EventRecordID><Correlation/><Execution ProcessID="1863" ThreadID="1863"/><Channel>Linux-Sysmon/Operational</Channel><Computer>bunny-VirtualBox</Computer><Security UserId="0"/></System><EventData><Data Name="RuleName">-</Data><Data Name="UtcTime">2026-06-04 09:32:08.566</Data><Data Name="ProcessGuid">{491e8a99-4618-6a21-f9ea-563849640000}</Data><Data Name="ProcessId">5642</Data><Data Name="Image">/usr/bin/curl</Data><Data Name="FileVersion">-</Data><Data Name="Description">-</Data><Data Name="Product">-</Data><Data Name="Company">-</Data><Data Name="OriginalFileName">-</Data><Data Name="CommandLine">curl http://127.0.0.1:8080/checkin</Data><Data Name="CurrentDirectory">/home/bunny</Data><Data Name="User">bunny</Data><Data Name="LogonGuid">{491e8a99-0000-0000-e803-000002000000}</Data><Data Name="LogonId">1000</Data><Data Name="TerminalSessionId">3</Data><Data Name="IntegrityLevel">no level</Data><Data Name="Hashes">MD5=a4339a556f449e6199132b81fbc95b24,SHA256=7eecf2e84049f1701376b5e450b69a7719ad7ed4031bc326f3634e27af61be6f</Data><Data Name="ParentProcessGuid">{00000000-0000-0000-0000-000000000000}</Data><Data Name="ParentProcessId">5309</Data><Data Name="ParentImage">-</Data><Data Name="ParentCommandLine">-</Data><Data Name="ParentUser">-</Data></EventData></Event>
Jun 04 15:02:13 bunny-VirtualBox sysmon[1863]: <Event><System><Provider Name="Linux-Sysmon" Guid="{ff032593-a8d3-4f13-b0d6-01fc615a0f97}"/><EventID>5</EventID><Version>3</Version><Level>4</Level><Task>5</Task><Opcode>0</Opcode><Keywords>0x8000000000000000</Keywords><TimeCreated SystemTime="2026-06-04T09:32:13.241020000Z"/><EventRecordID>73238</EventRecordID><Correlation/><Execution ProcessID="1863" ThreadID="1863"/><Channel>Linux-Sysmon/Operational</Channel><Computer>bunny-VirtualBox</Computer><Security UserId="0"/></System><EventData><Data Name="RuleName">ProcessTerminate</Data><Data Name="UtcTime">2026-06-04 09:32:08.588</Data><Data Name="ProcessGuid">{491e8a99-4618-6a21-f9ea-563849640000}</Data><Data Name="ProcessId">5642</Data><Data Name="Image">/usr/bin/curl</Data><Data Name="User">bunny</Data></EventData></Event>
Jun 04 15:02:13 bunny-VirtualBox sysmon[1863]: <Event><System><Provider Name="Linux-Sysmon" Guid="{ff032593-a8d3-4f13-b0d6-01fc615a0f97}"/><EventID>1</EventID><Version>5</Version><Level>4</Level><Task>1</Task><Opcode>0</Opcode><Keywords>0x8000000000000000</Keywords><TimeCreated SystemTime="2026-06-04T09:32:13.265550000Z"/><EventRecordID>73239</EventRecordID><Correlation/><Execution ProcessID="1863" ThreadID="1863"/><Channel>Linux-Sysmon/Operational</Channel><Computer>bunny-VirtualBox</Computer><Security UserId="0"/></System><EventData><Data Name="RuleName">-</Data><Data Name="UtcTime">2026-06-04 09:32:08.589</Data><Data Name="ProcessGuid">{491e8a99-4618-6a21-bd46-daa0c1600000}</Data><Data Name="ProcessId">5644</Data><Data Name="Image">/usr/lib/cargo/bin/coreutils/sleep</Data><Data Name="FileVersion">-</Data><Data Name="Description">-</Data><Data Name="Product">-</Data><Data Name="Company">-</Data><Data Name="OriginalFileName">-</Data><Data Name="CommandLine">sleep 60</Data><Data Name="CurrentDirectory">/home/bunny</Data><Data Name="User">bunny</Data><Data Name="LogonGuid">{491e8a99-0000-0000-e803-000002000000}</Data><Data Name="LogonId">1000</Data><Data Name="TerminalSessionId">3</Data><Data Name="IntegrityLevel">no level</Data><Data Name="Hashes">MD5=2d313ecc9fc058f6e0758abe00c0f6e8,SHA256=48893b0fb21436b54619db80486e83ef39dfccaf1aefe83dfa00c02d6146e8c0</Data><Data Name="ParentProcessGuid">{00000000-0000-0000-0000-000000000000}</Data><Data Name="ParentProcessId">5309</Data><Data Name="ParentImage">-</Data><Data Name="ParentCommandLine">-</Data><Data Name="ParentUser">-</Data></EventData></Event>
Jun 04 15:02:15 bunny-VirtualBox sysmon[1863]: <Event><System><Provider Name="Linux-Sysmon" Guid="{ff032593-a8d3-4f13-b0d6-01fc615a0f97}"/><EventID>5</EventID><Version>3</Version><Level>4</Level><Task>5</Task><Opcode>0</Opcode><Keywords>0x8000000000000000</Keywords><TimeCreated SystemTime="2026-06-04T09:32:15.192267000Z"/><EventRecordID>73240</EventRecordID><Correlation/><Execution ProcessID="1863" ThreadID="1863"/><Channel>Linux-Sysmon/Operational</Channel><Computer>bunny-VirtualBox</Computer><Security UserId="0"/></System><EventData><Data Name="RuleName">ProcessTerminate</Data><Data Name="UtcTime">2026-06-04 09:32:10.539</Data><Data Name="ProcessGuid">{491e8a99-4618-6a21-bd46-daa0c1600000}</Data><Data Name="ProcessId">5644</Data><Data Name="Image">/usr/lib/cargo/bin/coreutils/sleep</Data><Data Name="User">bunny</Data></EventData></Event>
