Jun 04 14:47:12 bunny-VirtualBox sysmon[1863]: <Event><System><Provider Name="Linux-Sysmon" Guid="{ff032593-a8d3-4f13-b0d6-01fc615a0f97}"/><EventID>1</EventID><Version>5</Version><Level>4</Level><Task>1</Task><Opcode>0</Opcode><Keywords>0x8000000000000000</Keywords><TimeCreated SystemTime="2026-06-04T09:17:12.173730000Z"/><EventRecordID>72989</EventRecordID><Correlation/><Execution ProcessID="1863" ThreadID="1863"/><Channel>Linux-Sysmon/Operational</Channel><Computer>bunny-VirtualBox</Computer><Security UserId="0"/></System><EventData><Data Name="RuleName">-</Data><Data Name="UtcTime">2026-06-04 09:17:07.479</Data><Data Name="ProcessGuid">{491e8a99-4293-6a21-bd56-c7c5dc600000}</Data><Data Name="ProcessId">5376</Data><Data Name="Image">/usr/lib/cargo/bin/coreutils/sleep</Data><Data Name="FileVersion">-</Data><Data Name="Description">-</Data><Data Name="Product">-</Data><Data Name="Company">-</Data><Data Name="OriginalFileName">-</Data><Data Name="CommandLine">sleep 60</Data><Data Name="CurrentDirectory">/home/bunny</Data><Data Name="User">bunny</Data><Data Name="LogonGuid">{491e8a99-0000-0000-e803-000002000000}</Data><Data Name="LogonId">1000</Data><Data Name="TerminalSessionId">3</Data><Data Name="IntegrityLevel">no level</Data><Data Name="Hashes">MD5=2d313ecc9fc058f6e0758abe00c0f6e8,SHA256=48893b0fb21436b54619db80486e83ef39dfccaf1aefe83dfa00c02d6146e8c0</Data><Data Name="ParentProcessGuid">{00000000-0000-0000-0000-000000000000}</Data><Data Name="ParentProcessId">5309</Data><Data Name="ParentImage">-</Data><Data Name="ParentCommandLine">-</Data><Data Name="ParentUser">-</Data></EventData></Event>
Jun 04 14:48:12 bunny-VirtualBox sysmon[1863]: <Event><System><Provider Name="Linux-Sysmon" Guid="{ff032593-a8d3-4f13-b0d6-01fc615a0f97}"/><EventID>5</EventID><Version>3</Version><Level>4</Level><Task>5</Task><Opcode>0</Opcode><Keywords>0x8000000000000000</Keywords><TimeCreated SystemTime="2026-06-04T09:18:12.139639000Z"/><EventRecordID>72990</EventRecordID><Correlation/><Execution ProcessID="1863" ThreadID="1863"/><Channel>Linux-Sysmon/Operational</Channel><Computer>bunny-VirtualBox</Computer><Security UserId="0"/></System><EventData><Data Name="RuleName">ProcessTerminate</Data><Data Name="UtcTime">2026-06-04 09:18:07.487</Data><Data Name="ProcessGuid">{491e8a99-4293-6a21-bd56-c7c5dc600000}</Data><Data Name="ProcessId">5376</Data><Data Name="Image">/usr/lib/cargo/bin/coreutils/sleep</Data><Data Name="User">bunny</Data></EventData></Event>
Jun 04 14:48:12 bunny-VirtualBox sysmon[1863]: <Event><System><Provider Name="Linux-Sysmon" Guid="{ff032593-a8d3-4f13-b0d6-01fc615a0f97}"/><EventID>1</EventID><Version>5</Version><Level>4</Level><Task>1</Task><Opcode>0</Opcode><Keywords>0x8000000000000000</Keywords><TimeCreated SystemTime="2026-06-04T09:18:12.141745000Z"/><EventRecordID>72991</EventRecordID><Correlation/><Execution ProcessID="1863" ThreadID="1863"/><Channel>Linux-Sysmon/Operational</Channel><Computer>bunny-VirtualBox</Computer><Security UserId="0"/></System><EventData><Data Name="RuleName">-</Data><Data Name="UtcTime">2026-06-04 09:18:07.488</Data><Data Name="ProcessGuid">{491e8a99-42cf-6a21-f90a-60a36a5b0000}</Data><Data Name="ProcessId">5378</Data><Data Name="Image">/usr/bin/curl</Data><Data Name="FileVersion">-</Data><Data Name="Description">-</Data><Data Name="Product">-</Data><Data Name="Company">-</Data><Data Name="OriginalFileName">-</Data><Data Name="CommandLine">curl http://127.0.0.1:8080/checkin</Data><Data Name="CurrentDirectory">/home/bunny</Data><Data Name="User">bunny</Data><Data Name="LogonGuid">{491e8a99-0000-0000-e803-000002000000}</Data><Data Name="LogonId">1000</Data><Data Name="TerminalSessionId">3</Data><Data Name="IntegrityLevel">no level</Data><Data Name="Hashes">MD5=a4339a556f449e6199132b81fbc95b24,SHA256=7eecf2e84049f1701376b5e450b69a7719ad7ed4031bc326f3634e27af61be6f</Data><Data Name="ParentProcessGuid">{00000000-0000-0000-0000-000000000000}</Data><Data Name="ParentProcessId">5309</Data><Data Name="ParentImage">-</Data><Data Name="ParentCommandLine">-</Data><Data Name="ParentUser">-</Data></EventData></Event>
Jun 04 14:48:12 bunny-VirtualBox sysmon[1863]: <Event><System><Provider Name="Linux-Sysmon" Guid="{ff032593-a8d3-4f13-b0d6-01fc615a0f97}"/><EventID>5</EventID><Version>3</Version><Level>4</Level><Task>5</Task><Opcode>0</Opcode><Keywords>0x8000000000000000</Keywords><TimeCreated SystemTime="2026-06-04T09:18:12.154118000Z"/><EventRecordID>72992</EventRecordID><Correlation/><Execution ProcessID="1863" ThreadID="1863"/><Channel>Linux-Sysmon/Operational</Channel><Computer>bunny-VirtualBox</Computer><Security UserId="0"/></System><EventData><Data Name="RuleName">ProcessTerminate</Data><Data Name="UtcTime">2026-06-04 09:18:07.501</Data><Data Name="ProcessGuid">{491e8a99-42cf-6a21-f90a-60a36a5b0000}</Data><Data Name="ProcessId">5378</Data><Data Name="Image">/usr/bin/curl</Data><Data Name="User">bunny</Data></EventData></Event>
Jun 04 14:48:12 bunny-VirtualBox sysmon[1863]: <Event><System><Provider Name="Linux-Sysmon" Guid="{ff032593-a8d3-4f13-b0d6-01fc615a0f97}"/><EventID>1</EventID><Version>5</Version><Level>4</Level><Task>1</Task><Opcode>0</Opcode><Keywords>0x8000000000000000</Keywords><TimeCreated SystemTime="2026-06-04T09:18:12.183094000Z"/><EventRecordID>72993</EventRecordID><Correlation/><Execution ProcessID="1863" ThreadID="1863"/><Channel>Linux-Sysmon/Operational</Channel><Computer>bunny-VirtualBox</Computer><Security UserId="0"/></System><EventData><Data Name="RuleName">-</Data><Data Name="UtcTime">2026-06-04 09:18:07.502</Data><Data Name="ProcessGuid">{491e8a99-42cf-6a21-bdd6-bf3e41600000}</Data><Data Name="ProcessId">5380</Data><Data Name="Image">/usr/lib/cargo/bin/coreutils/sleep</Data><Data Name="FileVersion">-</Data><Data Name="Description">-</Data><Data Name="Product">-</Data><Data Name="Company">-</Data><Data Name="OriginalFileName">-</Data><Data Name="CommandLine">sleep 60</Data><Data Name="CurrentDirectory">/home/bunny</Data><Data Name="User">bunny</Data><Data Name="LogonGuid">{491e8a99-0000-0000-e803-000002000000}</Data><Data Name="LogonId">1000</Data><Data Name="TerminalSessionId">3</Data><Data Name="IntegrityLevel">no level</Data><Data Name="Hashes">MD5=2d313ecc9fc058f6e0758abe00c0f6e8,SHA256=48893b0fb21436b54619db80486e83ef39dfccaf1aefe83dfa00c02d6146e8c0</Data><Data Name="ParentProcessGuid">{00000000-0000-0000-0000-000000000000}</Data><Data Name="ParentProcessId">5309</Data><Data Name="ParentImage">-</Data><Data Name="ParentCommandLine">-</Data><Data Name="ParentUser">-</Data></EventData></Event>
Jun 04 14:49:12 bunny-VirtualBox sysmon[1863]: <Event><System><Provider Name="Linux-Sysmon" Guid="{ff032593-a8d3-4f13-b0d6-01fc615a0f97}"/><EventID>5</EventID><Version>3</Version><Level>4</Level><Task>5</Task><Opcode>0</Opcode><Keywords>0x8000000000000000</Keywords><TimeCreated SystemTime="2026-06-04T09:19:12.163199000Z"/><EventRecordID>72994</EventRecordID><Correlation/><Execution ProcessID="1863" ThreadID="1863"/><Channel>Linux-Sysmon/Operational</Channel><Computer>bunny-VirtualBox</Computer><Security UserId="0"/></System><EventData><Data Name="RuleName">ProcessTerminate</Data><Data Name="UtcTime">2026-06-04 09:19:07.510</Data><Data Name="ProcessGuid">{491e8a99-42cf-6a21-bdd6-bf3e41600000}</Data><Data Name="ProcessId">5380</Data><Data Name="Image">/usr/lib/cargo/bin/coreutils/sleep</Data><Data Name="User">bunny</Data></EventData></Event>
Jun 04 14:49:12 bunny-VirtualBox sysmon[1863]: <Event><System><Provider Name="Linux-Sysmon" Guid="{ff032593-a8d3-4f13-b0d6-01fc615a0f97}"/><EventID>1</EventID><Version>5</Version><Level>4</Level><Task>1</Task><Opcode>0</Opcode><Keywords>0x8000000000000000</Keywords><TimeCreated SystemTime="2026-06-04T09:19:12.171505000Z"/><EventRecordID>72995</EventRecordID><Correlation/><Execution ProcessID="1863" ThreadID="1863"/><Channel>Linux-Sysmon/Operational</Channel><Computer>bunny-VirtualBox</Computer><Security UserId="0"/></System><EventData><Data Name="RuleName">-</Data><Data Name="UtcTime">2026-06-04 09:19:07.513</Data><Data Name="ProcessGuid">{491e8a99-430b-6a21-f91a-0253af5d0000}</Data><Data Name="ProcessId">5382</Data><Data Name="Image">/usr/bin/curl</Data><Data Name="FileVersion">-</Data><Data Name="Description">-</Data><Data Name="Product">-</Data><Data Name="Company">-</Data><Data Name="OriginalFileName">-</Data><Data Name="CommandLine">curl http://127.0.0.1:8080/checkin</Data><Data Name="CurrentDirectory">/home/bunny</Data><Data Name="User">bunny</Data><Data Name="LogonGuid">{491e8a99-0000-0000-e803-000002000000}</Data><Data Name="LogonId">1000</Data><Data Name="TerminalSessionId">3</Data><Data Name="IntegrityLevel">no level</Data><Data Name="Hashes">MD5=a4339a556f449e6199132b81fbc95b24,SHA256=7eecf2e84049f1701376b5e450b69a7719ad7ed4031bc326f3634e27af61be6f</Data><Data Name="ParentProcessGuid">{00000000-0000-0000-0000-000000000000}</Data><Data Name="ParentProcessId">5309</Data><Data Name="ParentImage">-</Data><Data Name="ParentCommandLine">-</Data><Data Name="ParentUser">-</Data></EventData></Event>
Jun 04 14:49:12 bunny-VirtualBox sysmon[1863]: <Event><System><Provider Name="Linux-Sysmon" Guid="{ff032593-a8d3-4f13-b0d6-01fc615a0f97}"/><EventID>5</EventID><Version>3</Version><Level>4</Level><Task>5</Task><Opcode>0</Opcode><Keywords>0x8000000000000000</Keywords><TimeCreated SystemTime="2026-06-04T09:19:12.181948000Z"/><EventRecordID>72996</EventRecordID><Correlation/><Execution ProcessID="1863" ThreadID="1863"/><Channel>Linux-Sysmon/Operational</Channel><Computer>bunny-VirtualBox</Computer><Security UserId="0"/></System><EventData><Data Name="RuleName">ProcessTerminate</Data><Data Name="UtcTime">2026-06-04 09:19:07.529</Data><Data Name="ProcessGuid">{491e8a99-430b-6a21-f91a-0253af5d0000}</Data><Data Name="ProcessId">5382</Data><Data Name="Image">/usr/bin/curl</Data><Data Name="User">bunny</Data></EventData></Event>
Jun 04 14:49:12 bunny-VirtualBox sysmon[1863]: <Event><System><Provider Name="Linux-Sysmon" Guid="{ff032593-a8d3-4f13-b0d6-01fc615a0f97}"/><EventID>1</EventID><Version>5</Version><Level>4</Level><Task>1</Task><Opcode>0</Opcode><Keywords>0x8000000000000000</Keywords><TimeCreated SystemTime="2026-06-04T09:19:12.211194000Z"/><EventRecordID>72997</EventRecordID><Correlation/><Execution ProcessID="1863" ThreadID="1863"/><Channel>Linux-Sysmon/Operational</Channel><Computer>bunny-VirtualBox</Computer><Security UserId="0"/></System><EventData><Data Name="RuleName">-</Data><Data Name="UtcTime">2026-06-04 09:19:07.531</Data><Data Name="ProcessGuid">{491e8a99-430b-6a21-bdb6-c92a725e0000}</Data><Data Name="ProcessId">5384</Data><Data Name="Image">/usr/lib/cargo/bin/coreutils/sleep</Data><Data Name="FileVersion">-</Data><Data Name="Description">-</Data><Data Name="Product">-</Data><Data Name="Company">-</Data><Data Name="OriginalFileName">-</Data><Data Name="CommandLine">sleep 60</Data><Data Name="CurrentDirectory">/home/bunny</Data><Data Name="User">bunny</Data><Data Name="LogonGuid">{491e8a99-0000-0000-e803-000002000000}</Data><Data Name="LogonId">1000</Data><Data Name="TerminalSessionId">3</Data><Data Name="IntegrityLevel">no level</Data><Data Name="Hashes">MD5=2d313ecc9fc058f6e0758abe00c0f6e8,SHA256=48893b0fb21436b54619db80486e83ef39dfccaf1aefe83dfa00c02d6146e8c0</Data><Data Name="ParentProcessGuid">{00000000-0000-0000-0000-000000000000}</Data><Data Name="ParentProcessId">5309</Data><Data Name="ParentImage">-</Data><Data Name="ParentCommandLine">-</Data><Data Name="ParentUser">-</Data></EventData></Event>
Jun 04 14:50:12 bunny-VirtualBox sysmon[1863]: <Event><System><Provider Name="Linux-Sysmon" Guid="{ff032593-a8d3-4f13-b0d6-01fc615a0f97}"/><EventID>5</EventID><Version>3</Version><Level>4</Level><Task>5</Task><Opcode>0</Opcode><Keywords>0x8000000000000000</Keywords><TimeCreated SystemTime="2026-06-04T09:20:12.317411000Z"/><EventRecordID>73007</EventRecordID><Correlation/><Execution ProcessID="1863" ThreadID="1863"/><Channel>Linux-Sysmon/Operational</Channel><Computer>bunny-VirtualBox</Computer><Security UserId="0"/></System><EventData><Data Name="RuleName">ProcessTerminate</Data><Data Name="UtcTime">2026-06-04 09:20:07.663</Data><Data Name="ProcessGuid">{491e8a99-430b-6a21-bdb6-c92a725e0000}</Data><Data Name="ProcessId">5384</Data><Data Name="Image">/usr/lib/cargo/bin/coreutils/sleep</Data><Data Name="User">bunny</Data></EventData></Event>
Jun 04 14:50:12 bunny-VirtualBox sysmon[1863]: <Event><System><Provider Name="Linux-Sysmon" Guid="{ff032593-a8d3-4f13-b0d6-01fc615a0f97}"/><EventID>1</EventID><Version>5</Version><Level>4</Level><Task>1</Task><Opcode>0</Opcode><Keywords>0x8000000000000000</Keywords><TimeCreated SystemTime="2026-06-04T09:20:12.325995000Z"/><EventRecordID>73008</EventRecordID><Correlation/><Execution ProcessID="1863" ThreadID="1863"/><Channel>Linux-Sysmon/Operational</Channel><Computer>bunny-VirtualBox</Computer><Security UserId="0"/></System><EventData><Data Name="RuleName">-</Data><Data Name="UtcTime">2026-06-04 09:20:07.668</Data><Data Name="ProcessGuid">{491e8a99-4347-6a21-f9ea-9f7148580000}</Data><Data Name="ProcessId">5391</Data><Data Name="Image">/usr/bin/curl</Data><Data Name="FileVersion">-</Data><Data Name="Description">-</Data><Data Name="Product">-</Data><Data Name="Company">-</Data><Data Name="OriginalFileName">-</Data><Data Name="CommandLine">curl http://127.0.0.1:8080/checkin</Data><Data Name="CurrentDirectory">/home/bunny</Data><Data Name="User">bunny</Data><Data Name="LogonGuid">{491e8a99-0000-0000-e803-000002000000}</Data><Data Name="LogonId">1000</Data><Data Name="TerminalSessionId">3</Data><Data Name="IntegrityLevel">no level</Data><Data Name="Hashes">MD5=a4339a556f449e6199132b81fbc95b24,SHA256=7eecf2e84049f1701376b5e450b69a7719ad7ed4031bc326f3634e27af61be6f</Data><Data Name="ParentProcessGuid">{00000000-0000-0000-0000-000000000000}</Data><Data Name="ParentProcessId">5309</Data><Data Name="ParentImage">-</Data><Data Name="ParentCommandLine">-</Data><Data Name="ParentUser">-</Data></EventData></Event>
Jun 04 14:50:12 bunny-VirtualBox sysmon[1863]: <Event><System><Provider Name="Linux-Sysmon" Guid="{ff032593-a8d3-4f13-b0d6-01fc615a0f97}"/><EventID>5</EventID><Version>3</Version><Level>4</Level><Task>5</Task><Opcode>0</Opcode><Keywords>0x8000000000000000</Keywords><TimeCreated SystemTime="2026-06-04T09:20:12.362938000Z"/><EventRecordID>73009</EventRecordID><Correlation/><Execution ProcessID="1863" ThreadID="1863"/><Channel>Linux-Sysmon/Operational</Channel><Computer>bunny-VirtualBox</Computer><Security UserId="0"/></System><EventData><Data Name="RuleName">ProcessTerminate</Data><Data Name="UtcTime">2026-06-04 09:20:07.710</Data><Data Name="ProcessGuid">{491e8a99-4347-6a21-f9ea-9f7148580000}</Data><Data Name="ProcessId">5391</Data><Data Name="Image">/usr/bin/curl</Data><Data Name="User">bunny</Data></EventData></Event>
Jun 04 14:50:12 bunny-VirtualBox sysmon[1863]: <Event><System><Provider Name="Linux-Sysmon" Guid="{ff032593-a8d3-4f13-b0d6-01fc615a0f97}"/><EventID>1</EventID><Version>5</Version><Level>4</Level><Task>1</Task><Opcode>0</Opcode><Keywords>0x8000000000000000</Keywords><TimeCreated SystemTime="2026-06-04T09:20:12.387832000Z"/><EventRecordID>73010</EventRecordID><Correlation/><Execution ProcessID="1863" ThreadID="1863"/><Channel>Linux-Sysmon/Operational</Channel><Computer>bunny-VirtualBox</Computer><Security UserId="0"/></System><EventData><Data Name="RuleName">-</Data><Data Name="UtcTime">2026-06-04 09:20:07.711</Data><Data Name="ProcessGuid">{491e8a99-4347-6a21-bd36-101431630000}</Data><Data Name="ProcessId">5393</Data><Data Name="Image">/usr/lib/cargo/bin/coreutils/sleep</Data><Data Name="FileVersion">-</Data><Data Name="Description">-</Data><Data Name="Product">-</Data><Data Name="Company">-</Data><Data Name="OriginalFileName">-</Data><Data Name="CommandLine">sleep 60</Data><Data Name="CurrentDirectory">/home/bunny</Data><Data Name="User">bunny</Data><Data Name="LogonGuid">{491e8a99-0000-0000-e803-000002000000}</Data><Data Name="LogonId">1000</Data><Data Name="TerminalSessionId">3</Data><Data Name="IntegrityLevel">no level</Data><Data Name="Hashes">MD5=2d313ecc9fc058f6e0758abe00c0f6e8,SHA256=48893b0fb21436b54619db80486e83ef39dfccaf1aefe83dfa00c02d6146e8c0</Data><Data Name="ParentProcessGuid">{00000000-0000-0000-0000-000000000000}</Data><Data Name="ParentProcessId">5309</Data><Data Name="ParentImage">-</Data><Data Name="ParentCommandLine">-</Data><Data Name="ParentUser">-</Data></EventData></Event>
Jun 04 14:51:12 bunny-VirtualBox sysmon[1863]: <Event><System><Provider Name="Linux-Sysmon" Guid="{ff032593-a8d3-4f13-b0d6-01fc615a0f97}"/><EventID>5</EventID><Version>3</Version><Level>4</Level><Task>5</Task><Opcode>0</Opcode><Keywords>0x8000000000000000</Keywords><TimeCreated SystemTime="2026-06-04T09:21:12.419348000Z"/><EventRecordID>73011</EventRecordID><Correlation/><Execution ProcessID="1863" ThreadID="1863"/><Channel>Linux-Sysmon/Operational</Channel><Computer>bunny-VirtualBox</Computer><Security UserId="0"/></System><EventData><Data Name="RuleName">ProcessTerminate</Data><Data Name="UtcTime">2026-06-04 09:21:07.766</Data><Data Name="ProcessGuid">{491e8a99-4347-6a21-bd36-101431630000}</Data><Data Name="ProcessId">5393</Data><Data Name="Image">/usr/lib/cargo/bin/coreutils/sleep</Data><Data Name="User">bunny</Data></EventData></Event>
Jun 04 14:51:12 bunny-VirtualBox sysmon[1863]: <Event><System><Provider Name="Linux-Sysmon" Guid="{ff032593-a8d3-4f13-b0d6-01fc615a0f97}"/><EventID>1</EventID><Version>5</Version><Level>4</Level><Task>1</Task><Opcode>0</Opcode><Keywords>0x8000000000000000</Keywords><TimeCreated SystemTime="2026-06-04T09:21:12.435595000Z"/><EventRecordID>73012</EventRecordID><Correlation/><Execution ProcessID="1863" ThreadID="1863"/><Channel>Linux-Sysmon/Operational</Channel><Computer>bunny-VirtualBox</Computer><Security UserId="0"/></System><EventData><Data Name="RuleName">-</Data><Data Name="UtcTime">2026-06-04 09:21:07.772</Data><Data Name="ProcessGuid">{491e8a99-4383-6a21-f92a-80e5a4550000}</Data><Data Name="ProcessId">5394</Data><Data Name="Image">/usr/bin/curl</Data><Data Name="FileVersion">-</Data><Data Name="Description">-</Data><Data Name="Product">-</Data><Data Name="Company">-</Data><Data Name="OriginalFileName">-</Data><Data Name="CommandLine">curl http://127.0.0.1:8080/checkin</Data><Data Name="CurrentDirectory">/home/bunny</Data><Data Name="User">bunny</Data><Data Name="LogonGuid">{491e8a99-0000-0000-e803-000002000000}</Data><Data Name="LogonId">1000</Data><Data Name="TerminalSessionId">3</Data><Data Name="IntegrityLevel">no level</Data><Data Name="Hashes">MD5=a4339a556f449e6199132b81fbc95b24,SHA256=7eecf2e84049f1701376b5e450b69a7719ad7ed4031bc326f3634e27af61be6f</Data><Data Name="ParentProcessGuid">{00000000-0000-0000-0000-000000000000}</Data><Data Name="ParentProcessId">5309</Data><Data Name="ParentImage">-</Data><Data Name="ParentCommandLine">-</Data><Data Name="ParentUser">-</Data></EventData></Event>
Jun 04 14:51:12 bunny-VirtualBox sysmon[1863]: <Event><System><Provider Name="Linux-Sysmon" Guid="{ff032593-a8d3-4f13-b0d6-01fc615a0f97}"/><EventID>5</EventID><Version>3</Version><Level>4</Level><Task>5</Task><Opcode>0</Opcode><Keywords>0x8000000000000000</Keywords><TimeCreated SystemTime="2026-06-04T09:21:12.453209000Z"/><EventRecordID>73013</EventRecordID><Correlation/><Execution ProcessID="1863" ThreadID="1863"/><Channel>Linux-Sysmon/Operational</Channel><Computer>bunny-VirtualBox</Computer><Security UserId="0"/></System><EventData><Data Name="RuleName">ProcessTerminate</Data><Data Name="UtcTime">2026-06-04 09:21:07.801</Data><Data Name="ProcessGuid">{491e8a99-4383-6a21-f92a-80e5a4550000}</Data><Data Name="ProcessId">5394</Data><Data Name="Image">/usr/bin/curl</Data><Data Name="User">bunny</Data></EventData></Event>
Jun 04 14:51:12 bunny-VirtualBox sysmon[1863]: <Event><System><Provider Name="Linux-Sysmon" Guid="{ff032593-a8d3-4f13-b0d6-01fc615a0f97}"/><EventID>1</EventID><Version>5</Version><Level>4</Level><Task>1</Task><Opcode>0</Opcode><Keywords>0x8000000000000000</Keywords><TimeCreated SystemTime="2026-06-04T09:21:12.487879000Z"/><EventRecordID>73014</EventRecordID><Correlation/><Execution ProcessID="1863" ThreadID="1863"/><Channel>Linux-Sysmon/Operational</Channel><Computer>bunny-VirtualBox</Computer><Security UserId="0"/></System><EventData><Data Name="RuleName">-</Data><Data Name="UtcTime">2026-06-04 09:21:07.801</Data><Data Name="ProcessGuid">{491e8a99-4383-6a21-bd46-bf0c84590000}</Data><Data Name="ProcessId">5396</Data><Data Name="Image">/usr/lib/cargo/bin/coreutils/sleep</Data><Data Name="FileVersion">-</Data><Data Name="Description">-</Data><Data Name="Product">-</Data><Data Name="Company">-</Data><Data Name="OriginalFileName">-</Data><Data Name="CommandLine">sleep 60</Data><Data Name="CurrentDirectory">/home/bunny</Data><Data Name="User">bunny</Data><Data Name="LogonGuid">{491e8a99-0000-0000-e803-000002000000}</Data><Data Name="LogonId">1000</Data><Data Name="TerminalSessionId">3</Data><Data Name="IntegrityLevel">no level</Data><Data Name="Hashes">MD5=2d313ecc9fc058f6e0758abe00c0f6e8,SHA256=48893b0fb21436b54619db80486e83ef39dfccaf1aefe83dfa00c02d6146e8c0</Data><Data Name="ParentProcessGuid">{00000000-0000-0000-0000-000000000000}</Data><Data Name="ParentProcessId">5309</Data><Data Name="ParentImage">-</Data><Data Name="ParentCommandLine">-</Data><Data Name="ParentUser">-</Data></EventData></Event>
Jun 04 14:52:12 bunny-VirtualBox sysmon[1863]: <Event><System><Provider Name="Linux-Sysmon" Guid="{ff032593-a8d3-4f13-b0d6-01fc615a0f97}"/><EventID>5</EventID><Version>3</Version><Level>4</Level><Task>5</Task><Opcode>0</Opcode><Keywords>0x8000000000000000</Keywords><TimeCreated SystemTime="2026-06-04T09:22:12.459264000Z"/><EventRecordID>73015</EventRecordID><Correlation/><Execution ProcessID="1863" ThreadID="1863"/><Channel>Linux-Sysmon/Operational</Channel><Computer>bunny-VirtualBox</Computer><Security UserId="0"/></System><EventData><Data Name="RuleName">ProcessTerminate</Data><Data Name="UtcTime">2026-06-04 09:22:07.806</Data><Data Name="ProcessGuid">{491e8a99-4383-6a21-bd46-bf0c84590000}</Data><Data Name="ProcessId">5396</Data><Data Name="Image">/usr/lib/cargo/bin/coreutils/sleep</Data><Data Name="User">bunny</Data></EventData></Event>
Jun 04 14:52:12 bunny-VirtualBox sysmon[1863]: <Event><System><Provider Name="Linux-Sysmon" Guid="{ff032593-a8d3-4f13-b0d6-01fc615a0f97}"/><EventID>1</EventID><Version>5</Version><Level>4</Level><Task>1</Task><Opcode>0</Opcode><Keywords>0x8000000000000000</Keywords><TimeCreated SystemTime="2026-06-04T09:22:12.461837000Z"/><EventRecordID>73016</EventRecordID><Correlation/><Execution ProcessID="1863" ThreadID="1863"/><Channel>Linux-Sysmon/Operational</Channel><Computer>bunny-VirtualBox</Computer><Security UserId="0"/></System><EventData><Data Name="RuleName">-</Data><Data Name="UtcTime">2026-06-04 09:22:07.807</Data><Data Name="ProcessGuid">{491e8a99-43bf-6a21-f93a-6d34905d0000}</Data><Data Name="ProcessId">5397</Data><Data Name="Image">/usr/bin/curl</Data><Data Name="FileVersion">-</Data><Data Name="Description">-</Data><Data Name="Product">-</Data><Data Name="Company">-</Data><Data Name="OriginalFileName">-</Data><Data Name="CommandLine">curl http://127.0.0.1:8080/checkin</Data><Data Name="CurrentDirectory">/home/bunny</Data><Data Name="User">bunny</Data><Data Name="LogonGuid">{491e8a99-0000-0000-e803-000002000000}</Data><Data Name="LogonId">1000</Data><Data Name="TerminalSessionId">3</Data><Data Name="IntegrityLevel">no level</Data><Data Name="Hashes">MD5=a4339a556f449e6199132b81fbc95b24,SHA256=7eecf2e84049f1701376b5e450b69a7719ad7ed4031bc326f3634e27af61be6f</Data><Data Name="ParentProcessGuid">{00000000-0000-0000-0000-000000000000}</Data><Data Name="ParentProcessId">5309</Data><Data Name="ParentImage">-</Data><Data Name="ParentCommandLine">-</Data><Data Name="ParentUser">-</Data></EventData></Event>
Jun 04 14:52:12 bunny-VirtualBox sysmon[1863]: <Event><System><Provider Name="Linux-Sysmon" Guid="{ff032593-a8d3-4f13-b0d6-01fc615a0f97}"/><EventID>5</EventID><Version>3</Version><Level>4</Level><Task>5</Task><Opcode>0</Opcode><Keywords>0x8000000000000000</Keywords><TimeCreated SystemTime="2026-06-04T09:22:12.470927000Z"/><EventRecordID>73017</EventRecordID><Correlation/><Execution ProcessID="1863" ThreadID="1863"/><Channel>Linux-Sysmon/Operational</Channel><Computer>bunny-VirtualBox</Computer><Security UserId="0"/></System><EventData><Data Name="RuleName">ProcessTerminate</Data><Data Name="UtcTime">2026-06-04 09:22:07.818</Data><Data Name="ProcessGuid">{491e8a99-43bf-6a21-f93a-6d34905d0000}</Data><Data Name="ProcessId">5397</Data><Data Name="Image">/usr/bin/curl</Data><Data Name="User">bunny</Data></EventData></Event>
Jun 04 14:52:12 bunny-VirtualBox sysmon[1863]: <Event><System><Provider Name="Linux-Sysmon" Guid="{ff032593-a8d3-4f13-b0d6-01fc615a0f97}"/><EventID>1</EventID><Version>5</Version><Level>4</Level><Task>1</Task><Opcode>0</Opcode><Keywords>0x8000000000000000</Keywords><TimeCreated SystemTime="2026-06-04T09:22:12.501821000Z"/><EventRecordID>73018</EventRecordID><Correlation/><Execution ProcessID="1863" ThreadID="1863"/><Channel>Linux-Sysmon/Operational</Channel><Computer>bunny-VirtualBox</Computer><Security UserId="0"/></System><EventData><Data Name="RuleName">-</Data><Data Name="UtcTime">2026-06-04 09:22:07.819</Data><Data Name="ProcessGuid">{491e8a99-43bf-6a21-bda6-70fd90630000}</Data><Data Name="ProcessId">5399</Data><Data Name="Image">/usr/lib/cargo/bin/coreutils/sleep</Data><Data Name="FileVersion">-</Data><Data Name="Description">-</Data><Data Name="Product">-</Data><Data Name="Company">-</Data><Data Name="OriginalFileName">-</Data><Data Name="CommandLine">sleep 60</Data><Data Name="CurrentDirectory">/home/bunny</Data><Data Name="User">bunny</Data><Data Name="LogonGuid">{491e8a99-0000-0000-e803-000002000000}</Data><Data Name="LogonId">1000</Data><Data Name="TerminalSessionId">3</Data><Data Name="IntegrityLevel">no level</Data><Data Name="Hashes">MD5=2d313ecc9fc058f6e0758abe00c0f6e8,SHA256=48893b0fb21436b54619db80486e83ef39dfccaf1aefe83dfa00c02d6146e8c0</Data><Data Name="ParentProcessGuid">{00000000-0000-0000-0000-000000000000}</Data><Data Name="ParentProcessId">5309</Data><Data Name="ParentImage">-</Data><Data Name="ParentCommandLine">-</Data><Data Name="ParentUser">-</Data></EventData></Event>
Jun 04 14:53:12 bunny-VirtualBox sysmon[1863]: <Event><System><Provider Name="Linux-Sysmon" Guid="{ff032593-a8d3-4f13-b0d6-01fc615a0f97}"/><EventID>5</EventID><Version>3</Version><Level>4</Level><Task>5</Task><Opcode>0</Opcode><Keywords>0x8000000000000000</Keywords><TimeCreated SystemTime="2026-06-04T09:23:12.477309000Z"/><EventRecordID>73019</EventRecordID><Correlation/><Execution ProcessID="1863" ThreadID="1863"/><Channel>Linux-Sysmon/Operational</Channel><Computer>bunny-VirtualBox</Computer><Security UserId="0"/></System><EventData><Data Name="RuleName">ProcessTerminate</Data><Data Name="UtcTime">2026-06-04 09:23:07.824</Data><Data Name="ProcessGuid">{491e8a99-43bf-6a21-bda6-70fd90630000}</Data><Data Name="ProcessId">5399</Data><Data Name="Image">/usr/lib/cargo/bin/coreutils/sleep</Data><Data Name="User">bunny</Data></EventData></Event>
Jun 04 14:53:12 bunny-VirtualBox sysmon[1863]: <Event><System><Provider Name="Linux-Sysmon" Guid="{ff032593-a8d3-4f13-b0d6-01fc615a0f97}"/><EventID>1</EventID><Version>5</Version><Level>4</Level><Task>1</Task><Opcode>0</Opcode><Keywords>0x8000000000000000</Keywords><TimeCreated SystemTime="2026-06-04T09:23:12.492492000Z"/><EventRecordID>73020</EventRecordID><Correlation/><Execution ProcessID="1863" ThreadID="1863"/><Channel>Linux-Sysmon/Operational</Channel><Computer>bunny-VirtualBox</Computer><Security UserId="0"/></System><EventData><Data Name="RuleName">-</Data><Data Name="UtcTime">2026-06-04 09:23:07.829</Data><Data Name="ProcessGuid">{491e8a99-43fb-6a21-f93a-176ddc5b0000}</Data><Data Name="ProcessId">5405</Data><Data Name="Image">/usr/bin/curl</Data><Data Name="FileVersion">-</Data><Data Name="Description">-</Data><Data Name="Product">-</Data><Data Name="Company">-</Data><Data Name="OriginalFileName">-</Data><Data Name="CommandLine">curl http://127.0.0.1:8080/checkin</Data><Data Name="CurrentDirectory">/home/bunny</Data><Data Name="User">bunny</Data><Data Name="LogonGuid">{491e8a99-0000-0000-e803-000002000000}</Data><Data Name="LogonId">1000</Data><Data Name="TerminalSessionId">3</Data><Data Name="IntegrityLevel">no level</Data><Data Name="Hashes">MD5=a4339a556f449e6199132b81fbc95b24,SHA256=7eecf2e84049f1701376b5e450b69a7719ad7ed4031bc326f3634e27af61be6f</Data><Data Name="ParentProcessGuid">{00000000-0000-0000-0000-000000000000}</Data><Data Name="ParentProcessId">5309</Data><Data Name="ParentImage">-</Data><Data Name="ParentCommandLine">-</Data><Data Name="ParentUser">-</Data></EventData></Event>
Jun 04 14:53:12 bunny-VirtualBox sysmon[1863]: <Event><System><Provider Name="Linux-Sysmon" Guid="{ff032593-a8d3-4f13-b0d6-01fc615a0f97}"/><EventID>5</EventID><Version>3</Version><Level>4</Level><Task>5</Task><Opcode>0</Opcode><Keywords>0x8000000000000000</Keywords><TimeCreated SystemTime="2026-06-04T09:23:12.511174000Z"/><EventRecordID>73021</EventRecordID><Correlation/><Execution ProcessID="1863" ThreadID="1863"/><Channel>Linux-Sysmon/Operational</Channel><Computer>bunny-VirtualBox</Computer><Security UserId="0"/></System><EventData><Data Name="RuleName">ProcessTerminate</Data><Data Name="UtcTime">2026-06-04 09:23:07.857</Data><Data Name="ProcessGuid">{491e8a99-43fb-6a21-f93a-176ddc5b0000}</Data><Data Name="ProcessId">5405</Data><Data Name="Image">/usr/bin/curl</Data><Data Name="User">bunny</Data></EventData></Event>
Jun 04 14:53:12 bunny-VirtualBox sysmon[1863]: <Event><System><Provider Name="Linux-Sysmon" Guid="{ff032593-a8d3-4f13-b0d6-01fc615a0f97}"/><EventID>1</EventID><Version>5</Version><Level>4</Level><Task>1</Task><Opcode>0</Opcode><Keywords>0x8000000000000000</Keywords><TimeCreated SystemTime="2026-06-04T09:23:12.549863000Z"/><EventRecordID>73022</EventRecordID><Correlation/><Execution ProcessID="1863" ThreadID="1863"/><Channel>Linux-Sysmon/Operational</Channel><Computer>bunny-VirtualBox</Computer><Security UserId="0"/></System><EventData><Data Name="RuleName">-</Data><Data Name="UtcTime">2026-06-04 09:23:07.858</Data><Data Name="ProcessGuid">{491e8a99-43fb-6a21-bd76-757b855a0000}</Data><Data Name="ProcessId">5407</Data><Data Name="Image">/usr/lib/cargo/bin/coreutils/sleep</Data><Data Name="FileVersion">-</Data><Data Name="Description">-</Data><Data Name="Product">-</Data><Data Name="Company">-</Data><Data Name="OriginalFileName">-</Data><Data Name="CommandLine">sleep 60</Data><Data Name="CurrentDirectory">/home/bunny</Data><Data Name="User">bunny</Data><Data Name="LogonGuid">{491e8a99-0000-0000-e803-000002000000}</Data><Data Name="LogonId">1000</Data><Data Name="TerminalSessionId">3</Data><Data Name="IntegrityLevel">no level</Data><Data Name="Hashes">MD5=2d313ecc9fc058f6e0758abe00c0f6e8,SHA256=48893b0fb21436b54619db80486e83ef39dfccaf1aefe83dfa00c02d6146e8c0</Data><Data Name="ParentProcessGuid">{00000000-0000-0000-0000-000000000000}</Data><Data Name="ParentProcessId">5309</Data><Data Name="ParentImage">-</Data><Data Name="ParentCommandLine">-</Data><Data Name="ParentUser">-</Data></EventData></Event>
Jun 04 14:54:12 bunny-VirtualBox sysmon[1863]: <Event><System><Provider Name="Linux-Sysmon" Guid="{ff032593-a8d3-4f13-b0d6-01fc615a0f97}"/><EventID>5</EventID><Version>3</Version><Level>4</Level><Task>5</Task><Opcode>0</Opcode><Keywords>0x8000000000000000</Keywords><TimeCreated SystemTime="2026-06-04T09:24:12.540668000Z"/><EventRecordID>73023</EventRecordID><Correlation/><Execution ProcessID="1863" ThreadID="1863"/><Channel>Linux-Sysmon/Operational</Channel><Computer>bunny-VirtualBox</Computer><Security UserId="0"/></System><EventData><Data Name="RuleName">ProcessTerminate</Data><Data Name="UtcTime">2026-06-04 09:24:07.887</Data><Data Name="ProcessGuid">{491e8a99-43fb-6a21-bd76-757b855a0000}</Data><Data Name="ProcessId">5407</Data><Data Name="Image">/usr/lib/cargo/bin/coreutils/sleep</Data><Data Name="User">bunny</Data></EventData></Event>
Jun 04 14:54:12 bunny-VirtualBox sysmon[1863]: <Event><System><Provider Name="Linux-Sysmon" Guid="{ff032593-a8d3-4f13-b0d6-01fc615a0f97}"/><EventID>1</EventID><Version>5</Version><Level>4</Level><Task>1</Task><Opcode>0</Opcode><Keywords>0x8000000000000000</Keywords><TimeCreated SystemTime="2026-06-04T09:24:12.551502000Z"/><EventRecordID>73024</EventRecordID><Correlation/><Execution ProcessID="1863" ThreadID="1863"/><Channel>Linux-Sysmon/Operational</Channel><Computer>bunny-VirtualBox</Computer><Security UserId="0"/></System><EventData><Data Name="RuleName">-</Data><Data Name="UtcTime">2026-06-04 09:24:07.889</Data><Data Name="ProcessGuid">{491e8a99-4437-6a21-f97a-021c355f0000}</Data><Data Name="ProcessId">5408</Data><Data Name="Image">/usr/bin/curl</Data><Data Name="FileVersion">-</Data><Data Name="Description">-</Data><Data Name="Product">-</Data><Data Name="Company">-</Data><Data Name="OriginalFileName">-</Data><Data Name="CommandLine">curl http://127.0.0.1:8080/checkin</Data><Data Name="CurrentDirectory">/home/bunny</Data><Data Name="User">bunny</Data><Data Name="LogonGuid">{491e8a99-0000-0000-e803-000002000000}</Data><Data Name="LogonId">1000</Data><Data Name="TerminalSessionId">3</Data><Data Name="IntegrityLevel">no level</Data><Data Name="Hashes">MD5=a4339a556f449e6199132b81fbc95b24,SHA256=7eecf2e84049f1701376b5e450b69a7719ad7ed4031bc326f3634e27af61be6f</Data><Data Name="ParentProcessGuid">{00000000-0000-0000-0000-000000000000}</Data><Data Name="ParentProcessId">5309</Data><Data Name="ParentImage">-</Data><Data Name="ParentCommandLine">-</Data><Data Name="ParentUser">-</Data></EventData></Event>
Jun 04 14:54:12 bunny-VirtualBox sysmon[1863]: <Event><System><Provider Name="Linux-Sysmon" Guid="{ff032593-a8d3-4f13-b0d6-01fc615a0f97}"/><EventID>5</EventID><Version>3</Version><Level>4</Level><Task>5</Task><Opcode>0</Opcode><Keywords>0x8000000000000000</Keywords><TimeCreated SystemTime="2026-06-04T09:24:12.601666000Z"/><EventRecordID>73025</EventRecordID><Correlation/><Execution ProcessID="1863" ThreadID="1863"/><Channel>Linux-Sysmon/Operational</Channel><Computer>bunny-VirtualBox</Computer><Security UserId="0"/></System><EventData><Data Name="RuleName">ProcessTerminate</Data><Data Name="UtcTime">2026-06-04 09:24:07.947</Data><Data Name="ProcessGuid">{491e8a99-4437-6a21-f97a-021c355f0000}</Data><Data Name="ProcessId">5408</Data><Data Name="Image">/usr/bin/curl</Data><Data Name="User">bunny</Data></EventData></Event>
Jun 04 14:54:12 bunny-VirtualBox sysmon[1863]: <Event><System><Provider Name="Linux-Sysmon" Guid="{ff032593-a8d3-4f13-b0d6-01fc615a0f97}"/><EventID>1</EventID><Version>5</Version><Level>4</Level><Task>1</Task><Opcode>0</Opcode><Keywords>0x8000000000000000</Keywords><TimeCreated SystemTime="2026-06-04T09:24:12.681126000Z"/><EventRecordID>73026</EventRecordID><Correlation/><Execution ProcessID="1863" ThreadID="1863"/><Channel>Linux-Sysmon/Operational</Channel><Computer>bunny-VirtualBox</Computer><Security UserId="0"/></System><EventData><Data Name="RuleName">-</Data><Data Name="UtcTime">2026-06-04 09:24:07.953</Data><Data Name="ProcessGuid">{491e8a99-4437-6a21-bd56-cb0210570000}</Data><Data Name="ProcessId">5410</Data><Data Name="Image">/usr/lib/cargo/bin/coreutils/sleep</Data><Data Name="FileVersion">-</Data><Data Name="Description">-</Data><Data Name="Product">-</Data><Data Name="Company">-</Data><Data Name="OriginalFileName">-</Data><Data Name="CommandLine">sleep 60</Data><Data Name="CurrentDirectory">/home/bunny</Data><Data Name="User">bunny</Data><Data Name="LogonGuid">{491e8a99-0000-0000-e803-000002000000}</Data><Data Name="LogonId">1000</Data><Data Name="TerminalSessionId">3</Data><Data Name="IntegrityLevel">no level</Data><Data Name="Hashes">MD5=2d313ecc9fc058f6e0758abe00c0f6e8,SHA256=48893b0fb21436b54619db80486e83ef39dfccaf1aefe83dfa00c02d6146e8c0</Data><Data Name="ParentProcessGuid">{00000000-0000-0000-0000-000000000000}</Data><Data Name="ParentProcessId">5309</Data><Data Name="ParentImage">-</Data><Data Name="ParentCommandLine">-</Data><Data Name="ParentUser">-</Data></EventData></Event>
Jun 04 14:55:12 bunny-VirtualBox sysmon[1863]: <Event><System><Provider Name="Linux-Sysmon" Guid="{ff032593-a8d3-4f13-b0d6-01fc615a0f97}"/><EventID>5</EventID><Version>3</Version><Level>4</Level><Task>5</Task><Opcode>0</Opcode><Keywords>0x8000000000000000</Keywords><TimeCreated SystemTime="2026-06-04T09:25:12.658468000Z"/><EventRecordID>73037</EventRecordID><Correlation/><Execution ProcessID="1863" ThreadID="1863"/><Channel>Linux-Sysmon/Operational</Channel><Computer>bunny-VirtualBox</Computer><Security UserId="0"/></System><EventData><Data Name="RuleName">ProcessTerminate</Data><Data Name="UtcTime">2026-06-04 09:25:08.005</Data><Data Name="ProcessGuid">{491e8a99-4437-6a21-bd56-cb0210570000}</Data><Data Name="ProcessId">5410</Data><Data Name="Image">/usr/lib/cargo/bin/coreutils/sleep</Data><Data Name="User">bunny</Data></EventData></Event>
Jun 04 14:55:12 bunny-VirtualBox sysmon[1863]: <Event><System><Provider Name="Linux-Sysmon" Guid="{ff032593-a8d3-4f13-b0d6-01fc615a0f97}"/><EventID>1</EventID><Version>5</Version><Level>4</Level><Task>1</Task><Opcode>0</Opcode><Keywords>0x8000000000000000</Keywords><TimeCreated SystemTime="2026-06-04T09:25:12.671613000Z"/><EventRecordID>73038</EventRecordID><Correlation/><Execution ProcessID="1863" ThreadID="1863"/><Channel>Linux-Sysmon/Operational</Channel><Computer>bunny-VirtualBox</Computer><Security UserId="0"/></System><EventData><Data Name="RuleName">-</Data><Data Name="UtcTime">2026-06-04 09:25:08.009</Data><Data Name="ProcessGuid">{491e8a99-4474-6a21-f91a-fc0a77600000}</Data><Data Name="ProcessId">5436</Data><Data Name="Image">/usr/bin/curl</Data><Data Name="FileVersion">-</Data><Data Name="Description">-</Data><Data Name="Product">-</Data><Data Name="Company">-</Data><Data Name="OriginalFileName">-</Data><Data Name="CommandLine">curl http://127.0.0.1:8080/checkin</Data><Data Name="CurrentDirectory">/home/bunny</Data><Data Name="User">bunny</Data><Data Name="LogonGuid">{491e8a99-0000-0000-e803-000002000000}</Data><Data Name="LogonId">1000</Data><Data Name="TerminalSessionId">3</Data><Data Name="IntegrityLevel">no level</Data><Data Name="Hashes">MD5=a4339a556f449e6199132b81fbc95b24,SHA256=7eecf2e84049f1701376b5e450b69a7719ad7ed4031bc326f3634e27af61be6f</Data><Data Name="ParentProcessGuid">{00000000-0000-0000-0000-000000000000}</Data><Data Name="ParentProcessId">5309</Data><Data Name="ParentImage">-</Data><Data Name="ParentCommandLine">-</Data><Data Name="ParentUser">-</Data></EventData></Event>
Jun 04 14:55:12 bunny-VirtualBox sysmon[1863]: <Event><System><Provider Name="Linux-Sysmon" Guid="{ff032593-a8d3-4f13-b0d6-01fc615a0f97}"/><EventID>5</EventID><Version>3</Version><Level>4</Level><Task>5</Task><Opcode>0</Opcode><Keywords>0x8000000000000000</Keywords><TimeCreated SystemTime="2026-06-04T09:25:12.722735000Z"/><EventRecordID>73039</EventRecordID><Correlation/><Execution ProcessID="1863" ThreadID="1863"/><Channel>Linux-Sysmon/Operational</Channel><Computer>bunny-VirtualBox</Computer><Security UserId="0"/></System><EventData><Data Name="RuleName">ProcessTerminate</Data><Data Name="UtcTime">2026-06-04 09:25:08.068</Data><Data Name="ProcessGuid">{491e8a99-4474-6a21-f91a-fc0a77600000}</Data><Data Name="ProcessId">5436</Data><Data Name="Image">/usr/bin/curl</Data><Data Name="User">bunny</Data></EventData></Event>
Jun 04 14:55:12 bunny-VirtualBox sysmon[1863]: <Event><System><Provider Name="Linux-Sysmon" Guid="{ff032593-a8d3-4f13-b0d6-01fc615a0f97}"/><EventID>1</EventID><Version>5</Version><Level>4</Level><Task>1</Task><Opcode>0</Opcode><Keywords>0x8000000000000000</Keywords><TimeCreated SystemTime="2026-06-04T09:25:12.807629000Z"/><EventRecordID>73040</EventRecordID><Correlation/><Execution ProcessID="1863" ThreadID="1863"/><Channel>Linux-Sysmon/Operational</Channel><Computer>bunny-VirtualBox</Computer><Security UserId="0"/></System><EventData><Data Name="RuleName">-</Data><Data Name="UtcTime">2026-06-04 09:25:08.074</Data><Data Name="ProcessGuid">{491e8a99-4474-6a21-bd86-822b1f560000}</Data><Data Name="ProcessId">5438</Data><Data Name="Image">/usr/lib/cargo/bin/coreutils/sleep</Data><Data Name="FileVersion">-</Data><Data Name="Description">-</Data><Data Name="Product">-</Data><Data Name="Company">-</Data><Data Name="OriginalFileName">-</Data><Data Name="CommandLine">sleep 60</Data><Data Name="CurrentDirectory">/home/bunny</Data><Data Name="User">bunny</Data><Data Name="LogonGuid">{491e8a99-0000-0000-e803-000002000000}</Data><Data Name="LogonId">1000</Data><Data Name="TerminalSessionId">3</Data><Data Name="IntegrityLevel">no level</Data><Data Name="Hashes">MD5=2d313ecc9fc058f6e0758abe00c0f6e8,SHA256=48893b0fb21436b54619db80486e83ef39dfccaf1aefe83dfa00c02d6146e8c0</Data><Data Name="ParentProcessGuid">{00000000-0000-0000-0000-000000000000}</Data><Data Name="ParentProcessId">5309</Data><Data Name="ParentImage">-</Data><Data Name="ParentCommandLine">-</Data><Data Name="ParentUser">-</Data></EventData></Event>
Jun 04 14:56:12 bunny-VirtualBox sysmon[1863]: <Event><System><Provider Name="Linux-Sysmon" Guid="{ff032593-a8d3-4f13-b0d6-01fc615a0f97}"/><EventID>5</EventID><Version>3</Version><Level>4</Level><Task>5</Task><Opcode>0</Opcode><Keywords>0x8000000000000000</Keywords><TimeCreated SystemTime="2026-06-04T09:26:12.750952000Z"/><EventRecordID>73041</EventRecordID><Correlation/><Execution ProcessID="1863" ThreadID="1863"/><Channel>Linux-Sysmon/Operational</Channel><Computer>bunny-VirtualBox</Computer><Security UserId="0"/></System><EventData><Data Name="RuleName">ProcessTerminate</Data><Data Name="UtcTime">2026-06-04 09:26:08.098</Data><Data Name="ProcessGuid">{491e8a99-4474-6a21-bd86-822b1f560000}</Data><Data Name="ProcessId">5438</Data><Data Name="Image">/usr/lib/cargo/bin/coreutils/sleep</Data><Data Name="User">bunny</Data></EventData></Event>
Jun 04 14:56:12 bunny-VirtualBox sysmon[1863]: <Event><System><Provider Name="Linux-Sysmon" Guid="{ff032593-a8d3-4f13-b0d6-01fc615a0f97}"/><EventID>1</EventID><Version>5</Version><Level>4</Level><Task>1</Task><Opcode>0</Opcode><Keywords>0x8000000000000000</Keywords><TimeCreated SystemTime="2026-06-04T09:26:12.761836000Z"/><EventRecordID>73042</EventRecordID><Correlation/><Execution ProcessID="1863" ThreadID="1863"/><Channel>Linux-Sysmon/Operational</Channel><Computer>bunny-VirtualBox</Computer><Security UserId="0"/></System><EventData><Data Name="RuleName">-</Data><Data Name="UtcTime">2026-06-04 09:26:08.101</Data><Data Name="ProcessGuid">{491e8a99-44b0-6a21-f9ea-920b77570000}</Data><Data Name="ProcessId">5439</Data><Data Name="Image">/usr/bin/curl</Data><Data Name="FileVersion">-</Data><Data Name="Description">-</Data><Data Name="Product">-</Data><Data Name="Company">-</Data><Data Name="OriginalFileName">-</Data><Data Name="CommandLine">curl http://127.0.0.1:8080/checkin</Data><Data Name="CurrentDirectory">/home/bunny</Data><Data Name="User">bunny</Data><Data Name="LogonGuid">{491e8a99-0000-0000-e803-000002000000}</Data><Data Name="LogonId">1000</Data><Data Name="TerminalSessionId">3</Data><Data Name="IntegrityLevel">no level</Data><Data Name="Hashes">MD5=a4339a556f449e6199132b81fbc95b24,SHA256=7eecf2e84049f1701376b5e450b69a7719ad7ed4031bc326f3634e27af61be6f</Data><Data Name="ParentProcessGuid">{00000000-0000-0000-0000-000000000000}</Data><Data Name="ParentProcessId">5309</Data><Data Name="ParentImage">-</Data><Data Name="ParentCommandLine">-</Data><Data Name="ParentUser">-</Data></EventData></Event>
Jun 04 14:56:12 bunny-VirtualBox sysmon[1863]: <Event><System><Provider Name="Linux-Sysmon" Guid="{ff032593-a8d3-4f13-b0d6-01fc615a0f97}"/><EventID>5</EventID><Version>3</Version><Level>4</Level><Task>5</Task><Opcode>0</Opcode><Keywords>0x8000000000000000</Keywords><TimeCreated SystemTime="2026-06-04T09:26:12.789638000Z"/><EventRecordID>73043</EventRecordID><Correlation/><Execution ProcessID="1863" ThreadID="1863"/><Channel>Linux-Sysmon/Operational</Channel><Computer>bunny-VirtualBox</Computer><Security UserId="0"/></System><EventData><Data Name="RuleName">ProcessTerminate</Data><Data Name="UtcTime">2026-06-04 09:26:08.136</Data><Data Name="ProcessGuid">{491e8a99-44b0-6a21-f9ea-920b77570000}</Data><Data Name="ProcessId">5439</Data><Data Name="Image">/usr/bin/curl</Data><Data Name="User">bunny</Data></EventData></Event>
Jun 04 14:56:12 bunny-VirtualBox sysmon[1863]: <Event><System><Provider Name="Linux-Sysmon" Guid="{ff032593-a8d3-4f13-b0d6-01fc615a0f97}"/><EventID>1</EventID><Version>5</Version><Level>4</Level><Task>1</Task><Opcode>0</Opcode><Keywords>0x8000000000000000</Keywords><TimeCreated SystemTime="2026-06-04T09:26:12.871456000Z"/><EventRecordID>73044</EventRecordID><Correlation/><Execution ProcessID="1863" ThreadID="1863"/><Channel>Linux-Sysmon/Operational</Channel><Computer>bunny-VirtualBox</Computer><Security UserId="0"/></System><EventData><Data Name="RuleName">-</Data><Data Name="UtcTime">2026-06-04 09:26:08.138</Data><Data Name="ProcessGuid">{491e8a99-44b0-6a21-bdf6-b756f9570000}</Data><Data Name="ProcessId">5441</Data><Data Name="Image">/usr/lib/cargo/bin/coreutils/sleep</Data><Data Name="FileVersion">-</Data><Data Name="Description">-</Data><Data Name="Product">-</Data><Data Name="Company">-</Data><Data Name="OriginalFileName">-</Data><Data Name="CommandLine">sleep 60</Data><Data Name="CurrentDirectory">/home/bunny</Data><Data Name="User">bunny</Data><Data Name="LogonGuid">{491e8a99-0000-0000-e803-000002000000}</Data><Data Name="LogonId">1000</Data><Data Name="TerminalSessionId">3</Data><Data Name="IntegrityLevel">no level</Data><Data Name="Hashes">MD5=2d313ecc9fc058f6e0758abe00c0f6e8,SHA256=48893b0fb21436b54619db80486e83ef39dfccaf1aefe83dfa00c02d6146e8c0</Data><Data Name="ParentProcessGuid">{00000000-0000-0000-0000-000000000000}</Data><Data Name="ParentProcessId">5309</Data><Data Name="ParentImage">-</Data><Data Name="ParentCommandLine">-</Data><Data Name="ParentUser">-</Data></EventData></Event>
Jun 04 14:57:12 bunny-VirtualBox sysmon[1863]: <Event><System><Provider Name="Linux-Sysmon" Guid="{ff032593-a8d3-4f13-b0d6-01fc615a0f97}"/><EventID>5</EventID><Version>3</Version><Level>4</Level><Task>5</Task><Opcode>0</Opcode><Keywords>0x8000000000000000</Keywords><TimeCreated SystemTime="2026-06-04T09:27:12.845641000Z"/><EventRecordID>73045</EventRecordID><Correlation/><Execution ProcessID="1863" ThreadID="1863"/><Channel>Linux-Sysmon/Operational</Channel><Computer>bunny-VirtualBox</Computer><Security UserId="0"/></System><EventData><Data Name="RuleName">ProcessTerminate</Data><Data Name="UtcTime">2026-06-04 09:27:08.190</Data><Data Name="ProcessGuid">{491e8a99-44b0-6a21-bdf6-b756f9570000}</Data><Data Name="ProcessId">5441</Data><Data Name="Image">/usr/lib/cargo/bin/coreutils/sleep</Data><Data Name="User">bunny</Data></EventData></Event>
Jun 04 14:57:12 bunny-VirtualBox sysmon[1863]: <Event><System><Provider Name="Linux-Sysmon" Guid="{ff032593-a8d3-4f13-b0d6-01fc615a0f97}"/><EventID>1</EventID><Version>5</Version><Level>4</Level><Task>1</Task><Opcode>0</Opcode><Keywords>0x8000000000000000</Keywords><TimeCreated SystemTime="2026-06-04T09:27:12.858850000Z"/><EventRecordID>73046</EventRecordID><Correlation/><Execution ProcessID="1863" ThreadID="1863"/><Channel>Linux-Sysmon/Operational</Channel><Computer>bunny-VirtualBox</Computer><Security UserId="0"/></System><EventData><Data Name="RuleName">-</Data><Data Name="UtcTime">2026-06-04 09:27:08.201</Data><Data Name="ProcessGuid">{491e8a99-44ec-6a21-f9ba-48ef5f5c0000}</Data><Data Name="ProcessId">5442</Data><Data Name="Image">/usr/bin/curl</Data><Data Name="FileVersion">-</Data><Data Name="Description">-</Data><Data Name="Product">-</Data><Data Name="Company">-</Data><Data Name="OriginalFileName">-</Data><Data Name="CommandLine">curl http://127.0.0.1:8080/checkin</Data><Data Name="CurrentDirectory">/home/bunny</Data><Data Name="User">bunny</Data><Data Name="LogonGuid">{491e8a99-0000-0000-e803-000002000000}</Data><Data Name="LogonId">1000</Data><Data Name="TerminalSessionId">3</Data><Data Name="IntegrityLevel">no level</Data><Data Name="Hashes">MD5=a4339a556f449e6199132b81fbc95b24,SHA256=7eecf2e84049f1701376b5e450b69a7719ad7ed4031bc326f3634e27af61be6f</Data><Data Name="ParentProcessGuid">{00000000-0000-0000-0000-000000000000}</Data><Data Name="ParentProcessId">5309</Data><Data Name="ParentImage">-</Data><Data Name="ParentCommandLine">-</Data><Data Name="ParentUser">-</Data></EventData></Event>
Jun 04 14:57:12 bunny-VirtualBox sysmon[1863]: <Event><System><Provider Name="Linux-Sysmon" Guid="{ff032593-a8d3-4f13-b0d6-01fc615a0f97}"/><EventID>5</EventID><Version>3</Version><Level>4</Level><Task>5</Task><Opcode>0</Opcode><Keywords>0x8000000000000000</Keywords><TimeCreated SystemTime="2026-06-04T09:27:12.894395000Z"/><EventRecordID>73047</EventRecordID><Correlation/><Execution ProcessID="1863" ThreadID="1863"/><Channel>Linux-Sysmon/Operational</Channel><Computer>bunny-VirtualBox</Computer><Security UserId="0"/></System><EventData><Data Name="RuleName">ProcessTerminate</Data><Data Name="UtcTime">2026-06-04 09:27:08.240</Data><Data Name="ProcessGuid">{491e8a99-44ec-6a21-f9ba-48ef5f5c0000}</Data><Data Name="ProcessId">5442</Data><Data Name="Image">/usr/bin/curl</Data><Data Name="User">bunny</Data></EventData></Event>
