Discovery: 
----
Jun 03 22:48:38 bunny-VirtualBox sysmon[1903]: <Event><System><Provider Name="Linux-Sysmon" Guid="{ff032593-a8d3-4f13-b0d6-01fc615a0f97}"/><EventID>1</EventID><Version>5</Version><Level>4</Level><Task>1</Task><Opcode>0</Opcode><Keywords>0x8000000000000000</Keywords><TimeCreated SystemTime="2026-06-03T17:18:38.734743000Z"/><EventRecordID>65723</EventRecordID><Correlation/><Execution ProcessID="1903" ThreadID="1903"/><Channel>Linux-Sysmon/Operational</Channel><Computer>bunny-VirtualBox</Computer><Security UserId="0"/></System><EventData><Data Name="RuleName">-</Data><Data Name="UtcTime">2026-06-03 17:18:35.666</Data><Data Name="ProcessGuid">{491e8a99-61eb-6a20-41b3-e2c7de550000}</Data><Data Name="ProcessId">11033</Data><Data Name="Image">/usr/bin/find</Data><Data Name="FileVersion">-</Data><Data Name="Description">-</Data><Data Name="Product">-</Data><Data Name="Company">-</Data><Data Name="OriginalFileName">-</Data><Data Name="CommandLine">find /home/bunny -name *.csv</Data><Data Name="CurrentDirectory">/home/bunny/Data-Staging-Lab</Data><Data Name="User">bunny</Data><Data Name="LogonGuid">{491e8a99-0000-0000-e803-000001000000}</Data><Data Name="LogonId">1000</Data><Data Name="TerminalSessionId">3</Data><Data Name="IntegrityLevel">no level</Data><Data Name="Hashes">MD5=bfc11b7cd939b19dfb6823a08b923ee7,SHA256=efe4843f166525b02f328f0c456a884d6a597f32d2c78cd615b6be0b64279bcf</Data><Data Name="ParentProcessGuid">{491e8a99-61be-6a20-a1f9-cbace6590000}</Data><Data Name="ParentProcessId">11000</Data><Data Name="ParentImage">/usr/bin/bash</Data><Data Name="ParentCommandLine">/usr/bin/bash</Data><Data Name="ParentUser">bunny</Data></EventData></Event>

Jun 03 22:49:04 bunny-VirtualBox sysmon[1903]: <Event><System><Provider Name="Linux-Sysmon" Guid="{ff032593-a8d3-4f13-b0d6-01fc615a0f97}"/><EventID>1</EventID><Version>5</Version><Level>4</Level><Task>1</Task><Opcode>0</Opcode><Keywords>0x8000000000000000</Keywords><TimeCreated SystemTime="2026-06-03T17:19:04.808356000Z"/><EventRecordID>65730</EventRecordID><Correlation/><Execution ProcessID="1903" ThreadID="1903"/><Channel>Linux-Sysmon/Operational</Channel><Computer>bunny-VirtualBox</Computer><Security UserId="0"/></System><EventData><Data Name="RuleName">-</Data><Data Name="UtcTime">2026-06-03 17:19:01.742</Data><Data Name="ProcessGuid">{491e8a99-6205-6a20-41d3-3b0bd6620000}</Data><Data Name="ProcessId">11041</Data><Data Name="Image">/usr/bin/find</Data><Data Name="FileVersion">-</Data><Data Name="Description">-</Data><Data Name="Product">-</Data><Data Name="Company">-</Data><Data Name="OriginalFileName">-</Data><Data Name="CommandLine">find /home/bunny -name *.xlsx</Data><Data Name="CurrentDirectory">/home/bunny/Data-Staging-Lab</Data><Data Name="User">bunny</Data><Data Name="LogonGuid">{491e8a99-0000-0000-e803-000001000000}</Data><Data Name="LogonId">1000</Data><Data Name="TerminalSessionId">3</Data><Data Name="IntegrityLevel">no level</Data><Data Name="Hashes">MD5=bfc11b7cd939b19dfb6823a08b923ee7,SHA256=efe4843f166525b02f328f0c456a884d6a597f32d2c78cd615b6be0b64279bcf</Data><Data Name="ParentProcessGuid">{00000000-0000-0000-0000-000000000000}</Data><Data Name="ParentProcessId">11000</Data><Data Name="ParentImage">-</Data><Data Name="ParentCommandLine">-</Data><Data Name="ParentUser">-</Data></EventData></Event>

Jun 03 22:49:12 bunny-VirtualBox sysmon[1903]: <Event><System><Provider Name="Linux-Sysmon" Guid="{ff032593-a8d3-4f13-b0d6-01fc615a0f97}"/><EventID>1</EventID><Version>5</Version><Level>4</Level><Task>1</Task><Opcode>0</Opcode><Keywords>0x8000000000000000</Keywords><TimeCreated SystemTime="2026-06-03T17:19:12.559074000Z"/><EventRecordID>65734</EventRecordID><Correlation/><Execution ProcessID="1903" ThreadID="1903"/><Channel>Linux-Sysmon/Operational</Channel><Computer>bunny-VirtualBox</Computer><Security UserId="0"/></System><EventData><Data Name="RuleName">-</Data><Data Name="UtcTime">2026-06-03 17:19:09.491</Data><Data Name="ProcessGuid">{491e8a99-620d-6a20-41d3-611ad55a0000}</Data><Data Name="ProcessId">11043</Data><Data Name="Image">/usr/bin/find</Data><Data Name="FileVersion">-</Data><Data Name="Description">-</Data><Data Name="Product">-</Data><Data Name="Company">-</Data><Data Name="OriginalFileName">-</Data><Data Name="CommandLine">find /home/bunny -name *.docx</Data><Data Name="CurrentDirectory">/home/bunny/Data-Staging-Lab</Data><Data Name="User">bunny</Data><Data Name="LogonGuid">{491e8a99-0000-0000-e803-000001000000}</Data><Data Name="LogonId">1000</Data><Data Name="TerminalSessionId">3</Data><Data Name="IntegrityLevel">no level</Data><Data Name="Hashes">MD5=bfc11b7cd939b19dfb6823a08b923ee7,SHA256=efe4843f166525b02f328f0c456a884d6a597f32d2c78cd615b6be0b64279bcf</Data><Data Name="ParentProcessGuid">{00000000-0000-0000-0000-000000000000}</Data><Data Name="ParentProcessId">11000</Data><Data Name="ParentImage">-</Data><Data Name="ParentCommandLine">-</Data><Data Name="ParentUser">-</Data></EventData></Event>

Jun 03 22:49:17 bunny-VirtualBox sysmon[1903]: <Event><System><Provider Name="Linux-Sysmon" Guid="{ff032593-a8d3-4f13-b0d6-01fc615a0f97}"/><EventID>1</EventID><Version>5</Version><Level>4</Level><Task>1</Task><Opcode>0</Opcode><Keywords>0x8000000000000000</Keywords><TimeCreated SystemTime="2026-06-03T17:19:17.940260000Z"/><EventRecordID>65738</EventRecordID><Correlation/><Execution ProcessID="1903" ThreadID="1903"/><Channel>Linux-Sysmon/Operational</Channel><Computer>bunny-VirtualBox</Computer><Security UserId="0"/></System><EventData><Data Name="RuleName">-</Data><Data Name="UtcTime">2026-06-03 17:19:14.874</Data><Data Name="ProcessGuid">{491e8a99-6212-6a20-4133-2fb777590000}</Data><Data Name="ProcessId">11045</Data><Data Name="Image">/usr/bin/find</Data><Data Name="FileVersion">-</Data><Data Name="Description">-</Data><Data Name="Product">-</Data><Data Name="Company">-</Data><Data Name="OriginalFileName">-</Data><Data Name="CommandLine">find /home/bunny -name *.conf</Data><Data Name="CurrentDirectory">/home/bunny/Data-Staging-Lab</Data><Data Name="User">bunny</Data><Data Name="LogonGuid">{491e8a99-0000-0000-e803-000001000000}</Data><Data Name="LogonId">1000</Data><Data Name="TerminalSessionId">3</Data><Data Name="IntegrityLevel">no level</Data><Data Name="Hashes">MD5=bfc11b7cd939b19dfb6823a08b923ee7,SHA256=efe4843f166525b02f328f0c456a884d6a597f32d2c78cd615b6be0b64279bcf</Data><Data Name="ParentProcessGuid">{00000000-0000-0000-0000-000000000000}</Data><Data Name="ParentProcessId">11000</Data><Data Name="ParentImage">-</Data><Data Name="ParentCommandLine">-</Data><Data Name="ParentUser">-</Data></EventData></Event>

Jun 03 22:49:43 bunny-VirtualBox sysmon[1903]: <Event><System><Provider Name="Linux-Sysmon" Guid="{ff032593-a8d3-4f13-b0d6-01fc615a0f97}"/><EventID>1</EventID><Version>5</Version><Level>4</Level><Task>1</Task><Opcode>0</Opcode><Keywords>0x8000000000000000</Keywords><TimeCreated SystemTime="2026-06-03T17:19:43.954402000Z"/><EventRecordID>65744</EventRecordID><Correlation/><Execution ProcessID="1903" ThreadID="1903"/><Channel>Linux-Sysmon/Operational</Channel><Computer>bunny-VirtualBox</Computer><Security UserId="0"/></System><EventData><Data Name="RuleName">-</Data><Data Name="UtcTime">2026-06-03 17:19:40.889</Data><Data Name="ProcessGuid">{491e8a99-622c-6a20-4123-5ebfdf550000}</Data><Data Name="ProcessId">11054</Data><Data Name="Image">/usr/bin/find</Data><Data Name="FileVersion">-</Data><Data Name="Description">-</Data><Data Name="Product">-</Data><Data Name="Company">-</Data><Data Name="OriginalFileName">-</Data><Data Name="CommandLine">find /home/bunny -name *.txt</Data><Data Name="CurrentDirectory">/home/bunny/Data-Staging-Lab</Data><Data Name="User">bunny</Data><Data Name="LogonGuid">{491e8a99-0000-0000-e803-000001000000}</Data><Data Name="LogonId">1000</Data><Data Name="TerminalSessionId">3</Data><Data Name="IntegrityLevel">no level</Data><Data Name="Hashes">MD5=bfc11b7cd939b19dfb6823a08b923ee7,SHA256=efe4843f166525b02f328f0c456a884d6a597f32d2c78cd615b6be0b64279bcf</Data><Data Name="ParentProcessGuid">{00000000-0000-0000-0000-000000000000}</Data><Data Name="ParentProcessId">11000</Data><Data Name="ParentImage">-</Data><Data Name="ParentCommandLine">-</Data><Data Name="ParentUser">-</Data></EventData></Event>

Jun 03 22:50:27 bunny-VirtualBox sysmon[1903]: <Event><System><Provider Name="Linux-Sysmon" Guid="{ff032593-a8d3-4f13-b0d6-01fc615a0f97}"/><EventID>1</EventID><Version>5</Version><Level>4</Level><Task>1</Task><Opcode>0</Opcode><Keywords>0x8000000000000000</Keywords><TimeCreated SystemTime="2026-06-03T17:20:27.480908000Z"/><EventRecordID>65782</EventRecordID><Correlation/><Execution ProcessID="1903" ThreadID="1903"/><Channel>Linux-Sysmon/Operational</Channel><Computer>bunny-VirtualBox</Computer><Security UserId="0"/></System><EventData><Data Name="RuleName">-</Data><Data Name="UtcTime">2026-06-03 17:20:24.416</Data><Data Name="ProcessGuid">{491e8a99-6258-6a20-41e3-0b82e7580000}</Data><Data Name="ProcessId">11124</Data><Data Name="Image">/usr/bin/find</Data><Data Name="FileVersion">-</Data><Data Name="Description">-</Data><Data Name="Product">-</Data><Data Name="Company">-</Data><Data Name="OriginalFileName">-</Data><Data Name="CommandLine">find /home/bunny -name *.sql</Data><Data Name="CurrentDirectory">/home/bunny/Data-Staging-Lab</Data><Data Name="User">bunny</Data><Data Name="LogonGuid">{491e8a99-0000-0000-e803-000001000000}</Data><Data Name="LogonId">1000</Data><Data Name="TerminalSessionId">3</Data><Data Name="IntegrityLevel">no level</Data><Data Name="Hashes">MD5=bfc11b7cd939b19dfb6823a08b923ee7,SHA256=efe4843f166525b02f328f0c456a884d6a597f32d2c78cd615b6be0b64279bcf</Data><Data Name="ParentProcessGuid">{00000000-0000-0000-0000-000000000000}</Data><Data Name="ParentProcessId">11000</Data><Data Name="ParentImage">-</Data><Data Name="ParentCommandLine">-</Data><Data Name="ParentUser">-</Data></EventData></Event>

Jun 03 22:50:34 bunny-VirtualBox sysmon[1903]: <Event><System><Provider Name="Linux-Sysmon" Guid="{ff032593-a8d3-4f13-b0d6-01fc615a0f97}"/><EventID>1</EventID><Version>5</Version><Level>4</Level><Task>1</Task><Opcode>0</Opcode><Keywords>0x8000000000000000</Keywords><TimeCreated SystemTime="2026-06-03T17:20:34.638481000Z"/><EventRecordID>65805</EventRecordID><Correlation/><Execution ProcessID="1903" ThreadID="1903"/><Channel>Linux-Sysmon/Operational</Channel><Computer>bunny-VirtualBox</Computer><Security UserId="0"/></System><EventData><Data Name="RuleName">-</Data><Data Name="UtcTime">2026-06-03 17:20:31.574</Data><Data Name="ProcessGuid">{491e8a99-625f-6a20-4163-9cab975f0000}</Data><Data Name="ProcessId">11137</Data><Data Name="Image">/usr/bin/find</Data><Data Name="FileVersion">-</Data><Data Name="Description">-</Data><Data Name="Product">-</Data><Data Name="Company">-</Data><Data Name="OriginalFileName">-</Data><Data Name="CommandLine">find /home/bunny -name *.md</Data><Data Name="CurrentDirectory">/home/bunny/Data-Staging-Lab</Data><Data Name="User">bunny</Data><Data Name="LogonGuid">{491e8a99-0000-0000-e803-000001000000}</Data><Data Name="LogonId">1000</Data><Data Name="TerminalSessionId">3</Data><Data Name="IntegrityLevel">no level</Data><Data Name="Hashes">MD5=bfc11b7cd939b19dfb6823a08b923ee7,SHA256=efe4843f166525b02f328f0c456a884d6a597f32d2c78cd615b6be0b64279bcf</Data><Data Name="ParentProcessGuid">{00000000-0000-0000-0000-000000000000}</Data><Data Name="ParentProcessId">11000</Data><Data Name="ParentImage">-</Data><Data Name="ParentCommandLine">-</Data><Data Name="ParentUser">-</Data></EventData></Event>
----
Staging
----
Jun 03 22:56:25 bunny-VirtualBox sysmon[1903]: <Event><System><Provider Name="Linux-Sysmon" Guid="{ff032593-a8d3-4f13-b0d6-01fc615a0f97}"/><EventID>1</EventID><Version>5</Version><Level>4</Level><Task>1</Task><Opcode>0</Opcode><Keywords>0x8000000000000000</Keywords><TimeCreated SystemTime="2026-06-03T17:26:25.264872000Z"/><EventRecordID>66032</EventRecordID><Correlation/><Execution ProcessID="1903" ThreadID="1903"/><Channel>Linux-Sysmon/Operational</Channel><Computer>bunny-VirtualBox</Computer><Security UserId="0"/></System><EventData><Data Name="RuleName">-</Data><Data Name="UtcTime">2026-06-03 17:26:22.158</Data><Data Name="ProcessGuid">{491e8a99-63be-6a20-bd26-cae09f630000}</Data><Data Name="ProcessId">11443</Data><Data Name="Image">/usr/lib/cargo/bin/coreutils/mkdir</Data><Data Name="FileVersion">-</Data><Data Name="Description">-</Data><Data Name="Product">-</Data><Data Name="Company">-</Data><Data Name="OriginalFileName">-</Data><Data Name="CommandLine">mkdir /tmp/archive_stage</Data><Data Name="CurrentDirectory">/home/bunny/Data-Staging-Lab</Data><Data Name="User">bunny</Data><Data Name="LogonGuid">{491e8a99-0000-0000-e803-000001000000}</Data><Data Name="LogonId">1000</Data><Data Name="TerminalSessionId">3</Data><Data Name="IntegrityLevel">no level</Data><Data Name="Hashes">MD5=2d313ecc9fc058f6e0758abe00c0f6e8,SHA256=48893b0fb21436b54619db80486e83ef39dfccaf1aefe83dfa00c02d6146e8c0</Data><Data Name="ParentProcessGuid">{00000000-0000-0000-0000-000000000000}</Data><Data Name="ParentProcessId">11000</Data><Data Name="ParentImage">-</Data><Data Name="ParentCommandLine">-</Data><Data Name="ParentUser">-</Data></EventData></Event>

Jun 03 22:56:25 bunny-VirtualBox sysmon[1903]: <Event><System><Provider Name="Linux-Sysmon" Guid="{ff032593-a8d3-4f13-b0d6-01fc615a0f97}"/><EventID>5</EventID><Version>3</Version><Level>4</Level><Task>5</Task><Opcode>0</Opcode><Keywords>0x8000000000000000</Keywords><TimeCreated SystemTime="2026-06-03T17:26:25.264997000Z"/><EventRecordID>66033</EventRecordID><Correlation/><Execution ProcessID="1903" ThreadID="1903"/><Channel>Linux-Sysmon/Operational</Channel><Computer>bunny-VirtualBox</Computer><Security UserId="0"/></System><EventData><Data Name="RuleName">ProcessTerminate</Data><Data Name="UtcTime">2026-06-03 17:26:22.170</Data><Data Name="ProcessGuid">{491e8a99-63be-6a20-bd26-cae09f630000}</Data><Data Name="ProcessId">11443</Data><Data Name="Image">/usr/lib/cargo/bin/coreutils/mkdir</Data><Data Name="User">bunny</Data></EventData></Event>

Jun 03 22:56:37 bunny-VirtualBox sysmon[1903]: <Event><System><Provider Name="Linux-Sysmon" Guid="{ff032593-a8d3-4f13-b0d6-01fc615a0f97}"/><EventID>1</EventID><Version>5</Version><Level>4</Level><Task>1</Task><Opcode>0</Opcode><Keywords>0x8000000000000000</Keywords><TimeCreated SystemTime="2026-06-03T17:26:37.676858000Z"/><EventRecordID>66036</EventRecordID><Correlation/><Execution ProcessID="1903" ThreadID="1903"/><Channel>Linux-Sysmon/Operational</Channel><Computer>bunny-VirtualBox</Computer><Security UserId="0"/></System><EventData><Data Name="RuleName">-</Data><Data Name="UtcTime">2026-06-03 17:26:34.572</Data><Data Name="ProcessGuid">{491e8a99-63ca-6a20-bdc6-31b1655c0000}</Data><Data Name="ProcessId">11445</Data><Data Name="Image">/usr/lib/cargo/bin/coreutils/ls</Data><Data Name="FileVersion">-</Data><Data Name="Description">-</Data><Data Name="Product">-</Data><Data Name="Company">-</Data><Data Name="OriginalFileName">-</Data><Data Name="CommandLine">ls --color=auto -ld /tmp/archive_stage</Data><Data Name="CurrentDirectory">/home/bunny/Data-Staging-Lab</Data><Data Name="User">bunny</Data><Data Name="LogonGuid">{491e8a99-0000-0000-e803-000001000000}</Data><Data Name="LogonId">1000</Data><Data Name="TerminalSessionId">3</Data><Data Name="IntegrityLevel">no level</Data><Data Name="Hashes">MD5=2d313ecc9fc058f6e0758abe00c0f6e8,SHA256=48893b0fb21436b54619db80486e83ef39dfccaf1aefe83dfa00c02d6146e8c0</Data><Data Name="ParentProcessGuid">{00000000-0000-0000-0000-000000000000}</Data><Data Name="ParentProcessId">11000</Data><Data Name="ParentImage">-</Data><Data Name="ParentCommandLine">-</Data><Data Name="ParentUser">-</Data></EventData></Event>
----
collection
----
Jun 03 23:06:27 bunny-VirtualBox sysmon[1903]: <Event><System><Provider Name="Linux-Sysmon" Guid="{ff032593-a8d3-4f13-b0d6-01fc615a0f97}"/><EventID>1</EventID><Version>5</Version><Level>4</Level><Task>1</Task><Opcode>0</Opcode><Keywords>0x8000000000000000</Keywords><TimeCreated SystemTime="2026-06-03T17:36:27.755502000Z"/><EventRecordID>66219</EventRecordID><Correlation/><Execution ProcessID="1903" ThreadID="1903"/><Channel>Linux-Sysmon/Operational</Channel><Computer>bunny-VirtualBox</Computer><Security UserId="0"/></System><EventData><Data Name="RuleName">-</Data><Data Name="UtcTime">2026-06-03 17:36:24.687</Data><Data Name="ProcessGuid">{491e8a99-6618-6a20-8151-d0d1c45d0000}</Data><Data Name="ProcessId">11695</Data><Data Name="Image">/usr/bin/gnucp</Data><Data Name="FileVersion">-</Data><Data Name="Description">-</Data><Data Name="Product">-</Data><Data Name="Company">-</Data><Data Name="OriginalFileName">-</Data><Data Name="CommandLine">cp /home/bunny/Data-Staging-Lab/Finance/Employee_Compensation.csv /home/bunny/Data-Staging-Lab/Finance/Payroll_Data.csv /tmp/archive_stage</Data><Data Name="CurrentDirectory">/home/bunny/Data-Staging-Lab</Data><Data Name="User">bunny</Data><Data Name="LogonGuid">{491e8a99-0000-0000-e803-000001000000}</Data><Data Name="LogonId">1000</Data><Data Name="TerminalSessionId">3</Data><Data Name="IntegrityLevel">no level</Data><Data Name="Hashes">MD5=288783dd611535ab7c0c00642ffdab87,SHA256=ddffb913956d7f8cbdd7722b8c331cea51e9a13c59e92de8c194ae30e5eb0b1e</Data><Data Name="ParentProcessGuid">{00000000-0000-0000-0000-000000000000}</Data><Data Name="ParentProcessId">11000</Data><Data Name="ParentImage">-</Data><Data Name="ParentCommandLine">-</Data><Data Name="ParentUser">-</Data></EventData></Event>

Jun 03 23:06:27 bunny-VirtualBox sysmon[1903]: <Event><System><Provider Name="Linux-Sysmon" Guid="{ff032593-a8d3-4f13-b0d6-01fc615a0f97}"/><EventID>5</EventID><Version>3</Version><Level>4</Level><Task>5</Task><Opcode>0</Opcode><Keywords>0x8000000000000000</Keywords><TimeCreated SystemTime="2026-06-03T17:36:27.766275000Z"/><EventRecordID>66220</EventRecordID><Correlation/><Execution ProcessID="1903" ThreadID="1903"/><Channel>Linux-Sysmon/Operational</Channel><Computer>bunny-VirtualBox</Computer><Security UserId="0"/></System><EventData><Data Name="RuleName">ProcessTerminate</Data><Data Name="UtcTime">2026-06-03 17:36:24.703</Data><Data Name="ProcessGuid">{491e8a99-6618-6a20-8151-d0d1c45d0000}</Data><Data Name="ProcessId">11695</Data><Data Name="Image">/usr/bin/gnucp</Data><Data Name="User">bunny</Data></EventData></Event>

Jun 03 23:06:37 bunny-VirtualBox sysmon[1903]: <Event><System><Provider Name="Linux-Sysmon" Guid="{ff032593-a8d3-4f13-b0d6-01fc615a0f97}"/><EventID>1</EventID><Version>5</Version><Level>4</Level><Task>1</Task><Opcode>0</Opcode><Keywords>0x8000000000000000</Keywords><TimeCreated SystemTime="2026-06-03T17:36:37.357530000Z"/><EventRecordID>66228</EventRecordID><Correlation/><Execution ProcessID="1903" ThreadID="1903"/><Channel>Linux-Sysmon/Operational</Channel><Computer>bunny-VirtualBox</Computer><Security UserId="0"/></System><EventData><Data Name="RuleName">-</Data><Data Name="UtcTime">2026-06-03 17:36:34.292</Data><Data Name="ProcessGuid">{491e8a99-6622-6a20-8111-fb2f71590000}</Data><Data Name="ProcessId">11720</Data><Data Name="Image">/usr/bin/gnucp</Data><Data Name="FileVersion">-</Data><Data Name="Description">-</Data><Data Name="Product">-</Data><Data Name="Company">-</Data><Data Name="OriginalFileName">-</Data><Data Name="CommandLine">cp /home/bunny/Data-Staging-Lab/Finance/Budget_2026.xlsx /home/bunny/Data-Staging-Lab/Finance/Q1_Financial_Report.xlsx /tmp/archive_stage</Data><Data Name="CurrentDirectory">/home/bunny/Data-Staging-Lab</Data><Data Name="User">bunny</Data><Data Name="LogonGuid">{491e8a99-0000-0000-e803-000001000000}</Data><Data Name="LogonId">1000</Data><Data Name="TerminalSessionId">3</Data><Data Name="IntegrityLevel">no level</Data><Data Name="Hashes">MD5=288783dd611535ab7c0c00642ffdab87,SHA256=ddffb913956d7f8cbdd7722b8c331cea51e9a13c59e92de8c194ae30e5eb0b1e</Data><Data Name="ParentProcessGuid">{00000000-0000-0000-0000-000000000000}</Data><Data Name="ParentProcessId">11000</Data><Data Name="ParentImage">-</Data><Data Name="ParentCommandLine">-</Data><Data Name="ParentUser">-</Data></EventData></Event>

Jun 03 23:06:37 bunny-VirtualBox sysmon[1903]: <Event><System><Provider Name="Linux-Sysmon" Guid="{ff032593-a8d3-4f13-b0d6-01fc615a0f97}"/><EventID>5</EventID><Version>3</Version><Level>4</Level><Task>5</Task><Opcode>0</Opcode><Keywords>0x8000000000000000</Keywords><TimeCreated SystemTime="2026-06-03T17:36:37.360020000Z"/><EventRecordID>66229</EventRecordID><Correlation/><Execution ProcessID="1903" ThreadID="1903"/><Channel>Linux-Sysmon/Operational</Channel><Computer>bunny-VirtualBox</Computer><Security UserId="0"/></System><EventData><Data Name="RuleName">ProcessTerminate</Data><Data Name="UtcTime">2026-06-03 17:36:34.297</Data><Data Name="ProcessGuid">{491e8a99-6622-6a20-8111-fb2f71590000}</Data><Data Name="ProcessId">11720</Data><Data Name="Image">/usr/bin/gnucp</Data><Data Name="User">bunny</Data></EventData></Event>

Jun 03 23:06:54 bunny-VirtualBox sysmon[1903]: <Event><System><Provider Name="Linux-Sysmon" Guid="{ff032593-a8d3-4f13-b0d6-01fc615a0f97}"/><EventID>1</EventID><Version>5</Version><Level>4</Level><Task>1</Task><Opcode>0</Opcode><Keywords>0x8000000000000000</Keywords><TimeCreated SystemTime="2026-06-03T17:36:54.385599000Z"/><EventRecordID>66233</EventRecordID><Correlation/><Execution ProcessID="1903" ThreadID="1903"/><Channel>Linux-Sysmon/Operational</Channel><Computer>bunny-VirtualBox</Computer><Security UserId="0"/></System><EventData><Data Name="RuleName">-</Data><Data Name="UtcTime">2026-06-03 17:36:51.320</Data><Data Name="ProcessGuid">{491e8a99-6633-6a20-8171-4676ad570000}</Data><Data Name="ProcessId">11722</Data><Data Name="Image">/usr/bin/gnucp</Data><Data Name="FileVersion">-</Data><Data Name="Description">-</Data><Data Name="Product">-</Data><Data Name="Company">-</Data><Data Name="OriginalFileName">-</Data><Data Name="CommandLine">cp /home/bunny/Data-Staging-Lab/Documents/Meeting_Minutes.docx /home/bunny/Data-Staging-Lab/Documents/Project_Roadmap.docx /home/bunny/Data-Staging-Lab/Documents/Vendor_List.docx /tmp/archive_stage</Data><Data Name="CurrentDirectory">/home/bunny/Data-Staging-Lab</Data><Data Name="User">bunny</Data><Data Name="LogonGuid">{491e8a99-0000-0000-e803-000001000000}</Data><Data Name="LogonId">1000</Data><Data Name="TerminalSessionId">3</Data><Data Name="IntegrityLevel">no level</Data><Data Name="Hashes">MD5=288783dd611535ab7c0c00642ffdab87,SHA256=ddffb913956d7f8cbdd7722b8c331cea51e9a13c59e92de8c194ae30e5eb0b1e</Data><Data Name="ParentProcessGuid">{00000000-0000-0000-0000-000000000000}</Data><Data Name="ParentProcessId">11000</Data><Data Name="ParentImage">-</Data><Data Name="ParentCommandLine">-</Data><Data Name="ParentUser">-</Data></EventData></Event>

Jun 03 23:06:54 bunny-VirtualBox sysmon[1903]: <Event><System><Provider Name="Linux-Sysmon" Guid="{ff032593-a8d3-4f13-b0d6-01fc615a0f97}"/><EventID>5</EventID><Version>3</Version><Level>4</Level><Task>5</Task><Opcode>0</Opcode><Keywords>0x8000000000000000</Keywords><TimeCreated SystemTime="2026-06-03T17:36:54.389494000Z"/><EventRecordID>66234</EventRecordID><Correlation/><Execution ProcessID="1903" ThreadID="1903"/><Channel>Linux-Sysmon/Operational</Channel><Computer>bunny-VirtualBox</Computer><Security UserId="0"/></System><EventData><Data Name="RuleName">ProcessTerminate</Data><Data Name="UtcTime">2026-06-03 17:36:51.326</Data><Data Name="ProcessGuid">{491e8a99-6633-6a20-8171-4676ad570000}</Data><Data Name="ProcessId">11722</Data><Data Name="Image">/usr/bin/gnucp</Data><Data Name="User">bunny</Data></EventData></Event>

Jun 03 23:07:16 bunny-VirtualBox sysmon[1903]: <Event><System><Provider Name="Linux-Sysmon" Guid="{ff032593-a8d3-4f13-b0d6-01fc615a0f97}"/><EventID>1</EventID><Version>5</Version><Level>4</Level><Task>1</Task><Opcode>0</Opcode><Keywords>0x8000000000000000</Keywords><TimeCreated SystemTime="2026-06-03T17:37:16.033913000Z"/><EventRecordID>66259</EventRecordID><Correlation/><Execution ProcessID="1903" ThreadID="1903"/><Channel>Linux-Sysmon/Operational</Channel><Computer>bunny-VirtualBox</Computer><Security UserId="0"/></System><EventData><Data Name="RuleName">-</Data><Data Name="UtcTime">2026-06-03 17:37:12.968</Data><Data Name="ProcessGuid">{491e8a99-6648-6a20-81d1-9bbb0e610000}</Data><Data Name="ProcessId">11780</Data><Data Name="Image">/usr/bin/gnucp</Data><Data Name="FileVersion">-</Data><Data Name="Description">-</Data><Data Name="Product">-</Data><Data Name="Company">-</Data><Data Name="OriginalFileName">-</Data><Data Name="CommandLine">cp /home/bunny/Data-Staging-Lab/Documents/Internal_Notes.csv /tmp/archive_stage</Data><Data Name="CurrentDirectory">/home/bunny/Data-Staging-Lab</Data><Data Name="User">bunny</Data><Data Name="LogonGuid">{491e8a99-0000-0000-e803-000001000000}</Data><Data Name="LogonId">1000</Data><Data Name="TerminalSessionId">3</Data><Data Name="IntegrityLevel">no level</Data><Data Name="Hashes">MD5=288783dd611535ab7c0c00642ffdab87,SHA256=ddffb913956d7f8cbdd7722b8c331cea51e9a13c59e92de8c194ae30e5eb0b1e</Data><Data Name="ParentProcessGuid">{00000000-0000-0000-0000-000000000000}</Data><Data Name="ParentProcessId">11000</Data><Data Name="ParentImage">-</Data><Data Name="ParentCommandLine">-</Data><Data Name="ParentUser">-</Data></EventData></Event>

Jun 03 23:07:16 bunny-VirtualBox sysmon[1903]: <Event><System><Provider Name="Linux-Sysmon" Guid="{ff032593-a8d3-4f13-b0d6-01fc615a0f97}"/><EventID>5</EventID><Version>3</Version><Level>4</Level><Task>5</Task><Opcode>0</Opcode><Keywords>0x8000000000000000</Keywords><TimeCreated SystemTime="2026-06-03T17:37:16.036002000Z"/><EventRecordID>66260</EventRecordID><Correlation/><Execution ProcessID="1903" ThreadID="1903"/><Channel>Linux-Sysmon/Operational</Channel><Computer>bunny-VirtualBox</Computer><Security UserId="0"/></System><EventData><Data Name="RuleName">ProcessTerminate</Data><Data Name="UtcTime">2026-06-03 17:37:12.973</Data><Data Name="ProcessGuid">{491e8a99-6648-6a20-81d1-9bbb0e610000}</Data><Data Name="ProcessId">11780</Data><Data Name="Image">/usr/bin/gnucp</Data><Data Name="User">bunny</Data></EventData></Event>

Jun 03 23:07:31 bunny-VirtualBox sysmon[1903]: <Event><System><Provider Name="Linux-Sysmon" Guid="{ff032593-a8d3-4f13-b0d6-01fc615a0f97}"/><EventID>1</EventID><Version>5</Version><Level>4</Level><Task>1</Task><Opcode>0</Opcode><Keywords>0x8000000000000000</Keywords><TimeCreated SystemTime="2026-06-03T17:37:31.857828000Z"/><EventRecordID>66272</EventRecordID><Correlation/><Execution ProcessID="1903" ThreadID="1903"/><Channel>Linux-Sysmon/Operational</Channel><Computer>bunny-VirtualBox</Computer><Security UserId="0"/></System><EventData><Data Name="RuleName">-</Data><Data Name="UtcTime">2026-06-03 17:37:28.792</Data><Data Name="ProcessGuid">{491e8a99-6658-6a20-8131-420b1e5d0000}</Data><Data Name="ProcessId">11794</Data><Data Name="Image">/usr/bin/gnucp</Data><Data Name="FileVersion">-</Data><Data Name="Description">-</Data><Data Name="Product">-</Data><Data Name="Company">-</Data><Data Name="OriginalFileName">-</Data><Data Name="CommandLine">cp /home/bunny/Data-Staging-Lab/Backups/database_backup.sql /tmp/archive_stage</Data><Data Name="CurrentDirectory">/home/bunny/Data-Staging-Lab</Data><Data Name="User">bunny</Data><Data Name="LogonGuid">{491e8a99-0000-0000-e803-000001000000}</Data><Data Name="LogonId">1000</Data><Data Name="TerminalSessionId">3</Data><Data Name="IntegrityLevel">no level</Data><Data Name="Hashes">MD5=288783dd611535ab7c0c00642ffdab87,SHA256=ddffb913956d7f8cbdd7722b8c331cea51e9a13c59e92de8c194ae30e5eb0b1e</Data><Data Name="ParentProcessGuid">{00000000-0000-0000-0000-000000000000}</Data><Data Name="ParentProcessId">11000</Data><Data Name="ParentImage">-</Data><Data Name="ParentCommandLine">-</Data><Data Name="ParentUser">-</Data></EventData></Event>

Jun 03 23:07:31 bunny-VirtualBox sysmon[1903]: <Event><System><Provider Name="Linux-Sysmon" Guid="{ff032593-a8d3-4f13-b0d6-01fc615a0f97}"/><EventID>5</EventID><Version>3</Version><Level>4</Level><Task>5</Task><Opcode>0</Opcode><Keywords>0x8000000000000000</Keywords><TimeCreated SystemTime="2026-06-03T17:37:31.860718000Z"/><EventRecordID>66273</EventRecordID><Correlation/><Execution ProcessID="1903" ThreadID="1903"/><Channel>Linux-Sysmon/Operational</Channel><Computer>bunny-VirtualBox</Computer><Security UserId="0"/></System><EventData><Data Name="RuleName">ProcessTerminate</Data><Data Name="UtcTime">2026-06-03 17:37:28.797</Data><Data Name="ProcessGuid">{491e8a99-6658-6a20-8131-420b1e5d0000}</Data><Data Name="ProcessId">11794</Data><Data Name="Image">/usr/bin/gnucp</Data><Data Name="User">bunny</Data></EventData></Event>

Jun 03 23:07:49 bunny-VirtualBox sysmon[1903]: <Event><System><Provider Name="Linux-Sysmon" Guid="{ff032593-a8d3-4f13-b0d6-01fc615a0f97}"/><EventID>1</EventID><Version>5</Version><Level>4</Level><Task>1</Task><Opcode>0</Opcode><Keywords>0x8000000000000000</Keywords><TimeCreated SystemTime="2026-06-03T17:37:49.409527000Z"/><EventRecordID>66281</EventRecordID><Correlation/><Execution ProcessID="1903" ThreadID="1903"/><Channel>Linux-Sysmon/Operational</Channel><Computer>bunny-VirtualBox</Computer><Security UserId="0"/></System><EventData><Data Name="RuleName">-</Data><Data Name="UtcTime">2026-06-03 17:37:46.342</Data><Data Name="ProcessGuid">{491e8a99-666a-6a20-81b1-474b42620000}</Data><Data Name="ProcessId">11804</Data><Data Name="Image">/usr/bin/gnucp</Data><Data Name="FileVersion">-</Data><Data Name="Description">-</Data><Data Name="Product">-</Data><Data Name="Company">-</Data><Data Name="OriginalFileName">-</Data><Data Name="CommandLine">cp /home/bunny/Data-Staging-Lab/Backups/nginx.conf /home/bunny/Data-Staging-Lab/Backups/server_backup.conf /tmp/archive_stage</Data><Data Name="CurrentDirectory">/home/bunny/Data-Staging-Lab</Data><Data Name="User">bunny</Data><Data Name="LogonGuid">{491e8a99-0000-0000-e803-000001000000}</Data><Data Name="LogonId">1000</Data><Data Name="TerminalSessionId">3</Data><Data Name="IntegrityLevel">no level</Data><Data Name="Hashes">MD5=288783dd611535ab7c0c00642ffdab87,SHA256=ddffb913956d7f8cbdd7722b8c331cea51e9a13c59e92de8c194ae30e5eb0b1e</Data><Data Name="ParentProcessGuid">{00000000-0000-0000-0000-000000000000}</Data><Data Name="ParentProcessId">11000</Data><Data Name="ParentImage">-</Data><Data Name="ParentCommandLine">-</Data><Data Name="ParentUser">-</Data></EventData></Event>

Jun 03 23:07:49 bunny-VirtualBox sysmon[1903]: <Event><System><Provider Name="Linux-Sysmon" Guid="{ff032593-a8d3-4f13-b0d6-01fc615a0f97}"/><EventID>5</EventID><Version>3</Version><Level>4</Level><Task>5</Task><Opcode>0</Opcode><Keywords>0x8000000000000000</Keywords><TimeCreated SystemTime="2026-06-03T17:37:49.418099000Z"/><EventRecordID>66282</EventRecordID><Correlation/><Execution ProcessID="1903" ThreadID="1903"/><Channel>Linux-Sysmon/Operational</Channel><Computer>bunny-VirtualBox</Computer><Security UserId="0"/></System><EventData><Data Name="RuleName">ProcessTerminate</Data><Data Name="UtcTime">2026-06-03 17:37:46.354</Data><Data Name="ProcessGuid">{491e8a99-666a-6a20-81b1-474b42620000}</Data><Data Name="ProcessId">11804</Data><Data Name="Image">/usr/bin/gnucp</Data><Data Name="User">bunny</Data></EventData></Event>

Jun 03 23:08:14 bunny-VirtualBox sysmon[1903]: <Event><System><Provider Name="Linux-Sysmon" Guid="{ff032593-a8d3-4f13-b0d6-01fc615a0f97}"/><EventID>1</EventID><Version>5</Version><Level>4</Level><Task>1</Task><Opcode>0</Opcode><Keywords>0x8000000000000000</Keywords><TimeCreated SystemTime="2026-06-03T17:38:14.772329000Z"/><EventRecordID>66288</EventRecordID><Correlation/><Execution ProcessID="1903" ThreadID="1903"/><Channel>Linux-Sysmon/Operational</Channel><Computer>bunny-VirtualBox</Computer><Security UserId="0"/></System><EventData><Data Name="RuleName">-</Data><Data Name="UtcTime">2026-06-03 17:38:11.707</Data><Data Name="ProcessGuid">{491e8a99-6683-6a20-81a1-3868e9570000}</Data><Data Name="ProcessId">11812</Data><Data Name="Image">/usr/bin/gnucp</Data><Data Name="FileVersion">-</Data><Data Name="Description">-</Data><Data Name="Product">-</Data><Data Name="Company">-</Data><Data Name="OriginalFileName">-</Data><Data Name="CommandLine">cp /home/bunny/Data-Staging-Lab/Projects/architecture.md /home/bunny/Data-Staging-Lab/Projects/roadmap.md /tmp/archive_stage</Data><Data Name="CurrentDirectory">/home/bunny/Data-Staging-Lab</Data><Data Name="User">bunny</Data><Data Name="LogonGuid">{491e8a99-0000-0000-e803-000001000000}</Data><Data Name="LogonId">1000</Data><Data Name="TerminalSessionId">3</Data><Data Name="IntegrityLevel">no level</Data><Data Name="Hashes">MD5=288783dd611535ab7c0c00642ffdab87,SHA256=ddffb913956d7f8cbdd7722b8c331cea51e9a13c59e92de8c194ae30e5eb0b1e</Data><Data Name="ParentProcessGuid">{00000000-0000-0000-0000-000000000000}</Data><Data Name="ParentProcessId">11000</Data><Data Name="ParentImage">-</Data><Data Name="ParentCommandLine">-</Data><Data Name="ParentUser">-</Data></EventData></Event>

Jun 03 23:08:14 bunny-VirtualBox sysmon[1903]: <Event><System><Provider Name="Linux-Sysmon" Guid="{ff032593-a8d3-4f13-b0d6-01fc615a0f97}"/><EventID>5</EventID><Version>3</Version><Level>4</Level><Task>5</Task><Opcode>0</Opcode><Keywords>0x8000000000000000</Keywords><TimeCreated SystemTime="2026-06-03T17:38:14.778204000Z"/><EventRecordID>66289</EventRecordID><Correlation/><Execution ProcessID="1903" ThreadID="1903"/><Channel>Linux-Sysmon/Operational</Channel><Computer>bunny-VirtualBox</Computer><Security UserId="0"/></System><EventData><Data Name="RuleName">ProcessTerminate</Data><Data Name="UtcTime">2026-06-03 17:38:11.715</Data><Data Name="ProcessGuid">{491e8a99-6683-6a20-81a1-3868e9570000}</Data><Data Name="ProcessId">11812</Data><Data Name="Image">/usr/bin/gnucp</Data><Data Name="User">bunny</Data></EventData></Event>

Jun 03 23:08:25 bunny-VirtualBox sysmon[1903]: <Event><System><Provider Name="Linux-Sysmon" Guid="{ff032593-a8d3-4f13-b0d6-01fc615a0f97}"/><EventID>1</EventID><Version>5</Version><Level>4</Level><Task>1</Task><Opcode>0</Opcode><Keywords>0x8000000000000000</Keywords><TimeCreated SystemTime="2026-06-03T17:38:25.851140000Z"/><EventRecordID>66292</EventRecordID><Correlation/><Execution ProcessID="1903" ThreadID="1903"/><Channel>Linux-Sysmon/Operational</Channel><Computer>bunny-VirtualBox</Computer><Security UserId="0"/></System><EventData><Data Name="RuleName">-</Data><Data Name="UtcTime">2026-06-03 17:38:22.786</Data><Data Name="ProcessGuid">{491e8a99-668e-6a20-81e1-cb22dc610000}</Data><Data Name="ProcessId">11814</Data><Data Name="Image">/usr/bin/gnucp</Data><Data Name="FileVersion">-</Data><Data Name="Description">-</Data><Data Name="Product">-</Data><Data Name="Company">-</Data><Data Name="OriginalFileName">-</Data><Data Name="CommandLine">cp /home/bunny/Data-Staging-Lab/Projects/sprint-plan.xlsx /tmp/archive_stage</Data><Data Name="CurrentDirectory">/home/bunny/Data-Staging-Lab</Data><Data Name="User">bunny</Data><Data Name="LogonGuid">{491e8a99-0000-0000-e803-000001000000}</Data><Data Name="LogonId">1000</Data><Data Name="TerminalSessionId">3</Data><Data Name="IntegrityLevel">no level</Data><Data Name="Hashes">MD5=288783dd611535ab7c0c00642ffdab87,SHA256=ddffb913956d7f8cbdd7722b8c331cea51e9a13c59e92de8c194ae30e5eb0b1e</Data><Data Name="ParentProcessGuid">{00000000-0000-0000-0000-000000000000}</Data><Data Name="ParentProcessId">11000</Data><Data Name="ParentImage">-</Data><Data Name="ParentCommandLine">-</Data><Data Name="ParentUser">-</Data></EventData></Event>

Jun 03 23:08:25 bunny-VirtualBox sysmon[1903]: <Event><System><Provider Name="Linux-Sysmon" Guid="{ff032593-a8d3-4f13-b0d6-01fc615a0f97}"/><EventID>5</EventID><Version>3</Version><Level>4</Level><Task>5</Task><Opcode>0</Opcode><Keywords>0x8000000000000000</Keywords><TimeCreated SystemTime="2026-06-03T17:38:25.856927000Z"/><EventRecordID>66293</EventRecordID><Correlation/><Execution ProcessID="1903" ThreadID="1903"/><Channel>Linux-Sysmon/Operational</Channel><Computer>bunny-VirtualBox</Computer><Security UserId="0"/></System><EventData><Data Name="RuleName">ProcessTerminate</Data><Data Name="UtcTime">2026-06-03 17:38:22.794</Data><Data Name="ProcessGuid">{491e8a99-668e-6a20-81e1-cb22dc610000}</Data><Data Name="ProcessId">11814</Data><Data Name="Image">/usr/bin/gnucp</Data><Data Name="User">bunny</Data></EventData></Event>
----
compression
----

Jun 03 23:40:58 bunny-VirtualBox sysmon[1903]: <Event><System><Provider Name="Linux-Sysmon" Guid="{ff032593-a8d3-4f13-b0d6-01fc615a0f97}"/><EventID>1</EventID><Version>5</Version><Level>4</Level><Task>1</Task><Opcode>0</Opcode><Keywords>0x8000000000000000</Keywords><TimeCreated SystemTime="2026-06-03T18:10:58.151418000Z"/><EventRecordID>66576</EventRecordID><Correlation/><Execution ProcessID="1903" ThreadID="1903"/><Channel>Linux-Sysmon/Operational</Channel><Computer>bunny-VirtualBox</Computer><Security UserId="0"/></System><EventData><Data Name="RuleName">-</Data><Data Name="UtcTime">2026-06-03 18:10:55.078</Data><Data Name="ProcessGuid">{491e8a99-6e2f-6a20-05e5-385f17630000}</Data><Data Name="ProcessId">12305</Data><Data Name="Image">/usr/bin/tar</Data><Data Name="FileVersion">-</Data><Data Name="Description">-</Data><Data Name="Product">-</Data><Data Name="Company">-</Data><Data Name="OriginalFileName">-</Data><Data Name="CommandLine">tar -czf /tmp/company_backup.tar.gz /tmp/archive_stage</Data><Data Name="CurrentDirectory">/home/bunny/Data-Staging-Lab</Data><Data Name="User">bunny</Data><Data Name="LogonGuid">{491e8a99-0000-0000-e803-000001000000}</Data><Data Name="LogonId">1000</Data><Data Name="TerminalSessionId">3</Data><Data Name="IntegrityLevel">no level</Data><Data Name="Hashes">MD5=0eb562829d1185060e564d6fe7698228,SHA256=5a97e6f6670ffd3496a26db2acb25efc390480c9f417e67fb939f9b9f7968ed7</Data><Data Name="ParentProcessGuid">{00000000-0000-0000-0000-000000000000}</Data><Data Name="ParentProcessId">11000</Data><Data Name="ParentImage">-</Data><Data Name="ParentCommandLine">-</Data><Data Name="ParentUser">-</Data></EventData></Event>

Jun 03 23:40:58 bunny-VirtualBox sysmon[1903]: <Event><System><Provider Name="Linux-Sysmon" Guid="{ff032593-a8d3-4f13-b0d6-01fc615a0f97}"/><EventID>11</EventID><Version>2</Version><Level>4</Level><Task>11</Task><Opcode>0</Opcode><Keywords>0x8000000000000000</Keywords><TimeCreated SystemTime="2026-06-03T18:10:58.152499000Z"/><EventRecordID>66577</EventRecordID><Correlation/><Execution ProcessID="1903" ThreadID="1903"/><Channel>Linux-Sysmon/Operational</Channel><Computer>bunny-VirtualBox</Computer><Security UserId="0"/></System><EventData><Data Name="RuleName">FileCreate</Data><Data Name="UtcTime">2026-06-03 18:10:55.089</Data><Data Name="ProcessGuid">{491e8a99-6e2f-6a20-05e5-385f17630000}</Data><Data Name="ProcessId">12306</Data><Data Name="Image">/usr/bin/tar</Data><Data Name="TargetFilename">/tmp/company_backup.tar.gz</Data><Data Name="CreationUtcTime">2026-06-03 18:10:55.089</Data><Data Name="User">bunny</Data></EventData></Event>

Jun 03 23:40:58 bunny-VirtualBox sysmon[1903]: <Event><System><Provider Name="Linux-Sysmon" Guid="{ff032593-a8d3-4f13-b0d6-01fc615a0f97}"/><EventID>1</EventID><Version>5</Version><Level>4</Level><Task>1</Task><Opcode>0</Opcode><Keywords>0x8000000000000000</Keywords><TimeCreated SystemTime="2026-06-03T18:10:58.153422000Z"/><EventRecordID>66578</EventRecordID><Correlation/><Execution ProcessID="1903" ThreadID="1903"/><Channel>Linux-Sysmon/Operational</Channel><Computer>bunny-VirtualBox</Computer><Security UserId="0"/></System><EventData><Data Name="RuleName">-</Data><Data Name="UtcTime">2026-06-03 18:10:55.088</Data><Data Name="ProcessGuid">{491e8a99-6e2f-6a20-ad6e-a1d84b560000}</Data><Data Name="ProcessId">12306</Data><Data Name="Image">/usr/bin/dash</Data><Data Name="FileVersion">-</Data><Data Name="Description">-</Data><Data Name="Product">-</Data><Data Name="Company">-</Data><Data Name="OriginalFileName">-</Data><Data Name="CommandLine">/bin/sh -c gzip</Data><Data Name="CurrentDirectory">/home/bunny/Data-Staging-Lab</Data><Data Name="User">bunny</Data><Data Name="LogonGuid">{491e8a99-0000-0000-e803-000001000000}</Data><Data Name="LogonId">1000</Data><Data Name="TerminalSessionId">3</Data><Data Name="IntegrityLevel">no level</Data><Data Name="Hashes">MD5=c9f2b666550e3e64b27d033b4bd86751,SHA256=c626229526bb58ec2d0f585f3c3ae1412e6f973b4353385042d11c38d8426917</Data><Data Name="ParentProcessGuid">{491e8a99-6e2f-6a20-05e5-385f17630000}</Data><Data Name="ParentProcessId">12305</Data><Data Name="ParentImage">/usr/bin/tar</Data><Data Name="ParentCommandLine">tar</Data><Data Name="ParentUser">bunny</Data></EventData></Event>

Jun 03 23:40:58 bunny-VirtualBox sysmon[1903]: <Event><System><Provider Name="Linux-Sysmon" Guid="{ff032593-a8d3-4f13-b0d6-01fc615a0f97}"/><EventID>1</EventID><Version>5</Version><Level>4</Level><Task>1</Task><Opcode>0</Opcode><Keywords>0x8000000000000000</Keywords><TimeCreated SystemTime="2026-06-03T18:10:58.157453000Z"/><EventRecordID>66579</EventRecordID><Correlation/><Execution ProcessID="1903" ThreadID="1903"/><Channel>Linux-Sysmon/Operational</Channel><Computer>bunny-VirtualBox</Computer><Security UserId="0"/></System><EventData><Data Name="RuleName">-</Data><Data Name="UtcTime">2026-06-03 18:10:55.092</Data><Data Name="ProcessGuid">{491e8a99-6e2f-6a20-49d7-433fab5a0000}</Data><Data Name="ProcessId">12307</Data><Data Name="Image">/usr/bin/gzip</Data><Data Name="FileVersion">-</Data><Data Name="Description">-</Data><Data Name="Product">-</Data><Data Name="Company">-</Data><Data Name="OriginalFileName">-</Data><Data Name="CommandLine">gzip</Data><Data Name="CurrentDirectory">/home/bunny/Data-Staging-Lab</Data><Data Name="User">bunny</Data><Data Name="LogonGuid">{491e8a99-0000-0000-e803-000001000000}</Data><Data Name="LogonId">1000</Data><Data Name="TerminalSessionId">3</Data><Data Name="IntegrityLevel">no level</Data><Data Name="Hashes">MD5=f40a28303056d45c20276b1d70f8d0d5,SHA256=01ccba5fb3403da5e2291c41b0e1235cc53a03fb12f5d071a65b5a4537a8b911</Data><Data Name="ParentProcessGuid">{491e8a99-6e2f-6a20-05e5-385f17630000}</Data><Data Name="ParentProcessId">12306</Data><Data Name="ParentImage">/usr/bin/tar</Data><Data Name="ParentCommandLine">tar -czf /tmp/company_backup.tar.gz /tmp/archive_stage</Data><Data Name="ParentUser">bunny</Data></EventData></Event>

Jun 03 23:40:58 bunny-VirtualBox sysmon[1903]: <Event><System><Provider Name="Linux-Sysmon" Guid="{ff032593-a8d3-4f13-b0d6-01fc615a0f97}"/><EventID>5</EventID><Version>3</Version><Level>4</Level><Task>5</Task><Opcode>0</Opcode><Keywords>0x8000000000000000</Keywords><TimeCreated SystemTime="2026-06-03T18:10:58.159492000Z"/><EventRecordID>66580</EventRecordID><Correlation/><Execution ProcessID="1903" ThreadID="1903"/><Channel>Linux-Sysmon/Operational</Channel><Computer>bunny-VirtualBox</Computer><Security UserId="0"/></System><EventData><Data Name="RuleName">ProcessTerminate</Data><Data Name="UtcTime">2026-06-03 18:10:55.096</Data><Data Name="ProcessGuid">{491e8a99-6e2f-6a20-49d7-433fab5a0000}</Data><Data Name="ProcessId">12307</Data><Data Name="Image">/usr/bin/gzip</Data><Data Name="User">bunny</Data></EventData></Event>

Jun 03 23:40:58 bunny-VirtualBox sysmon[1903]: <Event><System><Provider Name="Linux-Sysmon" Guid="{ff032593-a8d3-4f13-b0d6-01fc615a0f97}"/><EventID>5</EventID><Version>3</Version><Level>4</Level><Task>5</Task><Opcode>0</Opcode><Keywords>0x8000000000000000</Keywords><TimeCreated SystemTime="2026-06-03T18:10:58.159866000Z"/><EventRecordID>66581</EventRecordID><Correlation/><Execution ProcessID="1903" ThreadID="1903"/><Channel>Linux-Sysmon/Operational</Channel><Computer>bunny-VirtualBox</Computer><Security UserId="0"/></System><EventData><Data Name="RuleName">ProcessTerminate</Data><Data Name="UtcTime">2026-06-03 18:10:55.097</Data><Data Name="ProcessGuid">{491e8a99-6e2f-6a20-05e5-385f17630000}</Data><Data Name="ProcessId">12306</Data><Data Name="Image">/usr/bin/tar</Data><Data Name="User">bunny</Data></EventData></Event>

Jun 03 23:40:58 bunny-VirtualBox sysmon[1903]: <Event><System><Provider Name="Linux-Sysmon" Guid="{ff032593-a8d3-4f13-b0d6-01fc615a0f97}"/><EventID>5</EventID><Version>3</Version><Level>4</Level><Task>5</Task><Opcode>0</Opcode><Keywords>0x8000000000000000</Keywords><TimeCreated SystemTime="2026-06-03T18:10:58.160152000Z"/><EventRecordID>66582</EventRecordID><Correlation/><Execution ProcessID="1903" ThreadID="1903"/><Channel>Linux-Sysmon/Operational</Channel><Computer>bunny-VirtualBox</Computer><Security UserId="0"/></System><EventData><Data Name="RuleName">ProcessTerminate</Data><Data Name="UtcTime">2026-06-03 18:10:55.097</Data><Data Name="ProcessGuid">{491e8a99-6e2f-6a20-05e5-385f17630000}</Data><Data Name="ProcessId">12305</Data><Data Name="Image">/usr/bin/tar</Data><Data Name="User">bunny</Data></EventData></Event>

