May 30 20:55:29 bunny-VirtualBox sysmon[1914]: <Event><System><Provider Name="Linux-Sysmon" Guid="{ff032593-a8d3-4f13-b0d6-01fc615a0f97}"/><EventID>1</EventID><Version>5</Version><Level>4</Level><Task>1</Task><Opcode>0</Opcode><Keywords>0x8000000000000000</Keywords><TimeCreated SystemTime="2026-05-30T15:25:29.027802000Z"/><EventRecordID>14647</EventRecordID><Correlation/><Execution ProcessID="1914" ThreadID="1914"/><Channel>Linux-Sysmon/Operational</Channel><Computer>bunny-VirtualBox</Computer><Security UserId="0"/></System><EventData><Data Name="RuleName">-</Data><Data Name="UtcTime">2026-05-30 15:25:25.738</Data><Data Name="ProcessGuid">{491e8a99-0165-6a1b-a1b9-659d17620000}</Data><Data Name="ProcessId">14645</Data><Data Name="Image">/usr/bin/bash</Data><Data Name="FileVersion">-</Data><Data Name="Description">-</Data><Data Name="Product">-</Data><Data Name="Company">-</Data><Data Name="OriginalFileName">-</Data><Data Name="CommandLine">bash</Data><Data Name="CurrentDirectory">/home/bunny</Data><Data Name="User">bunny</Data><Data Name="LogonGuid">{491e8a99-0000-0000-e803-000004000000}</Data><Data Name="LogonId">1000</Data><Data Name="TerminalSessionId">21</Data><Data Name="IntegrityLevel">no level</Data><Data Name="Hashes">MD5=28ca14308acd431aba3a2e17998191a6,SHA256=3efccc187bafa75ff1e37d246270ab3e7aa559f242c7a52bf3ec2a1b5450bdbd</Data><Data Name="ParentProcessGuid">{00000000-0000-0000-0000-000000000000}</Data><Data Name="ParentProcessId">14633</Data><Data Name="ParentImage">-</Data><Data Name="ParentCommandLine">-</Data><Data Name="ParentUser">-</Data></EventData></Event>
May 30 20:55:29 bunny-VirtualBox sysmon[1914]: <Event><System><Provider Name="Linux-Sysmon" Guid="{ff032593-a8d3-4f13-b0d6-01fc615a0f97}"/><EventID>1</EventID><Version>5</Version><Level>4</Level><Task>1</Task><Opcode>0</Opcode><Keywords>0x8000000000000000</Keywords><TimeCreated SystemTime="2026-05-30T15:25:29.059498000Z"/><EventRecordID>14648</EventRecordID><Correlation/><Execution ProcessID="1914" ThreadID="1914"/><Channel>Linux-Sysmon/Operational</Channel><Computer>bunny-VirtualBox</Computer><Security UserId="0"/></System><EventData><Data Name="RuleName">-</Data><Data Name="UtcTime">2026-05-30 15:25:25.738</Data><Data Name="ProcessGuid">{491e8a99-0165-6a1b-bd66-6b40d85e0000}</Data><Data Name="ProcessId">14644</Data><Data Name="Image">/usr/lib/cargo/bin/coreutils/base64</Data><Data Name="FileVersion">-</Data><Data Name="Description">-</Data><Data Name="Product">-</Data><Data Name="Company">-</Data><Data Name="OriginalFileName">-</Data><Data Name="CommandLine">base64 -d</Data><Data Name="CurrentDirectory">/home/bunny</Data><Data Name="User">bunny</Data><Data Name="LogonGuid">{491e8a99-0000-0000-e803-000004000000}</Data><Data Name="LogonId">1000</Data><Data Name="TerminalSessionId">21</Data><Data Name="IntegrityLevel">no level</Data><Data Name="Hashes">MD5=2d313ecc9fc058f6e0758abe00c0f6e8,SHA256=48893b0fb21436b54619db80486e83ef39dfccaf1aefe83dfa00c02d6146e8c0</Data><Data Name="ParentProcessGuid">{00000000-0000-0000-0000-000000000000}</Data><Data Name="ParentProcessId">14633</Data><Data Name="ParentImage">-</Data><Data Name="ParentCommandLine">-</Data><Data Name="ParentUser">-</Data></EventData></Event>
May 30 20:55:29 bunny-VirtualBox sysmon[1914]: <Event><System><Provider Name="Linux-Sysmon" Guid="{ff032593-a8d3-4f13-b0d6-01fc615a0f97}"/><EventID>1</EventID><Version>5</Version><Level>4</Level><Task>1</Task><Opcode>0</Opcode><Keywords>0x8000000000000000</Keywords><TimeCreated SystemTime="2026-05-30T15:25:29.096657000Z"/><EventRecordID>14649</EventRecordID><Correlation/><Execution ProcessID="1914" ThreadID="1914"/><Channel>Linux-Sysmon/Operational</Channel><Computer>bunny-VirtualBox</Computer><Security UserId="0"/></System><EventData><Data Name="RuleName">-</Data><Data Name="UtcTime">2026-05-30 15:25:25.737</Data><Data Name="ProcessGuid">{491e8a99-0165-6a1b-bd66-201fe45a0000}</Data><Data Name="ProcessId">14643</Data><Data Name="Image">/usr/lib/cargo/bin/coreutils/cat</Data><Data Name="FileVersion">-</Data><Data Name="Description">-</Data><Data Name="Product">-</Data><Data Name="Company">-</Data><Data Name="OriginalFileName">-</Data><Data Name="CommandLine">cat Detection-Engineering-Lab/scenarios/encoded-command-execution/encoded_payload.txt</Data><Data Name="CurrentDirectory">/home/bunny</Data><Data Name="User">bunny</Data><Data Name="LogonGuid">{491e8a99-0000-0000-e803-000004000000}</Data><Data Name="LogonId">1000</Data><Data Name="TerminalSessionId">21</Data><Data Name="IntegrityLevel">no level</Data><Data Name="Hashes">MD5=2d313ecc9fc058f6e0758abe00c0f6e8,SHA256=48893b0fb21436b54619db80486e83ef39dfccaf1aefe83dfa00c02d6146e8c0</Data><Data Name="ParentProcessGuid">{00000000-0000-0000-0000-000000000000}</Data><Data Name="ParentProcessId">14633</Data><Data Name="ParentImage">-</Data><Data Name="ParentCommandLine">-</Data><Data Name="ParentUser">-</Data></EventData></Event>
May 30 20:55:29 bunny-VirtualBox sysmon[1914]: <Event><System><Provider Name="Linux-Sysmon" Guid="{ff032593-a8d3-4f13-b0d6-01fc615a0f97}"/><EventID>5</EventID><Version>3</Version><Level>4</Level><Task>5</Task><Opcode>0</Opcode><Keywords>0x8000000000000000</Keywords><TimeCreated SystemTime="2026-05-30T15:25:29.096753000Z"/><EventRecordID>14650</EventRecordID><Correlation/><Execution ProcessID="1914" ThreadID="1914"/><Channel>Linux-Sysmon/Operational</Channel><Computer>bunny-VirtualBox</Computer><Security UserId="0"/></System><EventData><Data Name="RuleName">ProcessTerminate</Data><Data Name="UtcTime">2026-05-30 15:25:25.758</Data><Data Name="ProcessGuid">{491e8a99-0165-6a1b-bd66-201fe45a0000}</Data><Data Name="ProcessId">14643</Data><Data Name="Image">/usr/lib/cargo/bin/coreutils/cat</Data><Data Name="User">bunny</Data></EventData></Event>
May 30 20:55:29 bunny-VirtualBox sysmon[1914]: <Event><System><Provider Name="Linux-Sysmon" Guid="{ff032593-a8d3-4f13-b0d6-01fc615a0f97}"/><EventID>5</EventID><Version>3</Version><Level>4</Level><Task>5</Task><Opcode>0</Opcode><Keywords>0x8000000000000000</Keywords><TimeCreated SystemTime="2026-05-30T15:25:29.096778000Z"/><EventRecordID>14651</EventRecordID><Correlation/><Execution ProcessID="1914" ThreadID="1914"/><Channel>Linux-Sysmon/Operational</Channel><Computer>bunny-VirtualBox</Computer><Security UserId="0"/></System><EventData><Data Name="RuleName">ProcessTerminate</Data><Data Name="UtcTime">2026-05-30 15:25:25.767</Data><Data Name="ProcessGuid">{491e8a99-0165-6a1b-bd66-6b40d85e0000}</Data><Data Name="ProcessId">14644</Data><Data Name="Image">/usr/lib/cargo/bin/coreutils/base64</Data><Data Name="User">bunny</Data></EventData></Event>
May 30 20:55:29 bunny-VirtualBox sysmon[1914]: <Event><System><Provider Name="Linux-Sysmon" Guid="{ff032593-a8d3-4f13-b0d6-01fc615a0f97}"/><EventID>1</EventID><Version>5</Version><Level>4</Level><Task>1</Task><Opcode>0</Opcode><Keywords>0x8000000000000000</Keywords><TimeCreated SystemTime="2026-05-30T15:25:29.139031000Z"/><EventRecordID>14652</EventRecordID><Correlation/><Execution ProcessID="1914" ThreadID="1914"/><Channel>Linux-Sysmon/Operational</Channel><Computer>bunny-VirtualBox</Computer><Security UserId="0"/></System><EventData><Data Name="RuleName">-</Data><Data Name="UtcTime">2026-05-30 15:25:25.772</Data><Data Name="ProcessGuid">{491e8a99-0165-6a1b-bd66-31a1af610000}</Data><Data Name="ProcessId">14647</Data><Data Name="Image">/usr/lib/cargo/bin/coreutils/date</Data><Data Name="FileVersion">-</Data><Data Name="Description">-</Data><Data Name="Product">-</Data><Data Name="Company">-</Data><Data Name="OriginalFileName">-</Data><Data Name="CommandLine">date +%Y-%m-%d %H:%M:%S</Data><Data Name="CurrentDirectory">/home/bunny</Data><Data Name="User">bunny</Data><Data Name="LogonGuid">{491e8a99-0000-0000-e803-000004000000}</Data><Data Name="LogonId">1000</Data><Data Name="TerminalSessionId">21</Data><Data Name="IntegrityLevel">no level</Data><Data Name="Hashes">MD5=2d313ecc9fc058f6e0758abe00c0f6e8,SHA256=48893b0fb21436b54619db80486e83ef39dfccaf1aefe83dfa00c02d6146e8c0</Data><Data Name="ParentProcessGuid">{491e8a99-0165-6a1b-a1b9-659d17620000}</Data><Data Name="ParentProcessId">14645</Data><Data Name="ParentImage">/usr/bin/bash</Data><Data Name="ParentCommandLine">bash</Data><Data Name="ParentUser">bunny</Data></EventData></Event>
May 30 20:55:29 bunny-VirtualBox sysmon[1914]: <Event><System><Provider Name="Linux-Sysmon" Guid="{ff032593-a8d3-4f13-b0d6-01fc615a0f97}"/><EventID>5</EventID><Version>3</Version><Level>4</Level><Task>5</Task><Opcode>0</Opcode><Keywords>0x8000000000000000</Keywords><TimeCreated SystemTime="2026-05-30T15:25:29.139497000Z"/><EventRecordID>14653</EventRecordID><Correlation/><Execution ProcessID="1914" ThreadID="1914"/><Channel>Linux-Sysmon/Operational</Channel><Computer>bunny-VirtualBox</Computer><Security UserId="0"/></System><EventData><Data Name="RuleName">ProcessTerminate</Data><Data Name="UtcTime">2026-05-30 15:25:25.792</Data><Data Name="ProcessGuid">{491e8a99-0165-6a1b-bd66-31a1af610000}</Data><Data Name="ProcessId">14647</Data><Data Name="Image">/usr/lib/cargo/bin/coreutils/date</Data><Data Name="User">bunny</Data></EventData></Event>
May 30 20:55:29 bunny-VirtualBox sysmon[1914]: <Event><System><Provider Name="Linux-Sysmon" Guid="{ff032593-a8d3-4f13-b0d6-01fc615a0f97}"/><EventID>1</EventID><Version>5</Version><Level>4</Level><Task>1</Task><Opcode>0</Opcode><Keywords>0x8000000000000000</Keywords><TimeCreated SystemTime="2026-05-30T15:25:29.166876000Z"/><EventRecordID>14654</EventRecordID><Correlation/><Execution ProcessID="1914" ThreadID="1914"/><Channel>Linux-Sysmon/Operational</Channel><Computer>bunny-VirtualBox</Computer><Security UserId="0"/></System><EventData><Data Name="RuleName">-</Data><Data Name="UtcTime">2026-05-30 15:25:25.794</Data><Data Name="ProcessGuid">{491e8a99-0165-6a1b-bd46-0cd42d5c0000}</Data><Data Name="ProcessId">14651</Data><Data Name="Image">/usr/lib/cargo/bin/coreutils/date</Data><Data Name="FileVersion">-</Data><Data Name="Description">-</Data><Data Name="Product">-</Data><Data Name="Company">-</Data><Data Name="OriginalFileName">-</Data><Data Name="CommandLine">date +%Y-%m-%d %H:%M:%S</Data><Data Name="CurrentDirectory">/home/bunny</Data><Data Name="User">bunny</Data><Data Name="LogonGuid">{491e8a99-0000-0000-e803-000004000000}</Data><Data Name="LogonId">1000</Data><Data Name="TerminalSessionId">21</Data><Data Name="IntegrityLevel">no level</Data><Data Name="Hashes">MD5=2d313ecc9fc058f6e0758abe00c0f6e8,SHA256=48893b0fb21436b54619db80486e83ef39dfccaf1aefe83dfa00c02d6146e8c0</Data><Data Name="ParentProcessGuid">{491e8a99-0165-6a1b-a1b9-659d17620000}</Data><Data Name="ParentProcessId">14645</Data><Data Name="ParentImage">/usr/bin/bash</Data><Data Name="ParentCommandLine">bash</Data><Data Name="ParentUser">bunny</Data></EventData></Event>
May 30 20:55:29 bunny-VirtualBox sysmon[1914]: <Event><System><Provider Name="Linux-Sysmon" Guid="{ff032593-a8d3-4f13-b0d6-01fc615a0f97}"/><EventID>5</EventID><Version>3</Version><Level>4</Level><Task>5</Task><Opcode>0</Opcode><Keywords>0x8000000000000000</Keywords><TimeCreated SystemTime="2026-05-30T15:25:29.167221000Z"/><EventRecordID>14655</EventRecordID><Correlation/><Execution ProcessID="1914" ThreadID="1914"/><Channel>Linux-Sysmon/Operational</Channel><Computer>bunny-VirtualBox</Computer><Security UserId="0"/></System><EventData><Data Name="RuleName">ProcessTerminate</Data><Data Name="UtcTime">2026-05-30 15:25:25.799</Data><Data Name="ProcessGuid">{491e8a99-0165-6a1b-bd46-0cd42d5c0000}</Data><Data Name="ProcessId">14651</Data><Data Name="Image">/usr/lib/cargo/bin/coreutils/date</Data><Data Name="User">bunny</Data></EventData></Event>
May 30 20:55:29 bunny-VirtualBox sysmon[1914]: <Event><System><Provider Name="Linux-Sysmon" Guid="{ff032593-a8d3-4f13-b0d6-01fc615a0f97}"/><EventID>1</EventID><Version>5</Version><Level>4</Level><Task>1</Task><Opcode>0</Opcode><Keywords>0x8000000000000000</Keywords><TimeCreated SystemTime="2026-05-30T15:25:29.198704000Z"/><EventRecordID>14656</EventRecordID><Correlation/><Execution ProcessID="1914" ThreadID="1914"/><Channel>Linux-Sysmon/Operational</Channel><Computer>bunny-VirtualBox</Computer><Security UserId="0"/></System><EventData><Data Name="RuleName">-</Data><Data Name="UtcTime">2026-05-30 15:25:25.800</Data><Data Name="ProcessGuid">{491e8a99-0165-6a1b-bd26-41a0805b0000}</Data><Data Name="ProcessId">14652</Data><Data Name="Image">/usr/lib/cargo/bin/coreutils/whoami</Data><Data Name="FileVersion">-</Data><Data Name="Description">-</Data><Data Name="Product">-</Data><Data Name="Company">-</Data><Data Name="OriginalFileName">-</Data><Data Name="CommandLine">whoami</Data><Data Name="CurrentDirectory">/home/bunny</Data><Data Name="User">bunny</Data><Data Name="LogonGuid">{491e8a99-0000-0000-e803-000004000000}</Data><Data Name="LogonId">1000</Data><Data Name="TerminalSessionId">21</Data><Data Name="IntegrityLevel">no level</Data><Data Name="Hashes">MD5=2d313ecc9fc058f6e0758abe00c0f6e8,SHA256=48893b0fb21436b54619db80486e83ef39dfccaf1aefe83dfa00c02d6146e8c0</Data><Data Name="ParentProcessGuid">{491e8a99-0165-6a1b-a1b9-659d17620000}</Data><Data Name="ParentProcessId">14645</Data><Data Name="ParentImage">/usr/bin/bash</Data><Data Name="ParentCommandLine">bash</Data><Data Name="ParentUser">bunny</Data></EventData></Event>
May 30 20:55:29 bunny-VirtualBox sysmon[1914]: <Event><System><Provider Name="Linux-Sysmon" Guid="{ff032593-a8d3-4f13-b0d6-01fc615a0f97}"/><EventID>5</EventID><Version>3</Version><Level>4</Level><Task>5</Task><Opcode>0</Opcode><Keywords>0x8000000000000000</Keywords><TimeCreated SystemTime="2026-05-30T15:25:29.199061000Z"/><EventRecordID>14657</EventRecordID><Correlation/><Execution ProcessID="1914" ThreadID="1914"/><Channel>Linux-Sysmon/Operational</Channel><Computer>bunny-VirtualBox</Computer><Security UserId="0"/></System><EventData><Data Name="RuleName">ProcessTerminate</Data><Data Name="UtcTime">2026-05-30 15:25:25.805</Data><Data Name="ProcessGuid">{491e8a99-0165-6a1b-bd26-41a0805b0000}</Data><Data Name="ProcessId">14652</Data><Data Name="Image">/usr/lib/cargo/bin/coreutils/whoami</Data><Data Name="User">bunny</Data></EventData></Event>
May 30 20:55:29 bunny-VirtualBox sysmon[1914]: <Event><System><Provider Name="Linux-Sysmon" Guid="{ff032593-a8d3-4f13-b0d6-01fc615a0f97}"/><EventID>1</EventID><Version>5</Version><Level>4</Level><Task>1</Task><Opcode>0</Opcode><Keywords>0x8000000000000000</Keywords><TimeCreated SystemTime="2026-05-30T15:25:29.231951000Z"/><EventRecordID>14658</EventRecordID><Correlation/><Execution ProcessID="1914" ThreadID="1914"/><Channel>Linux-Sysmon/Operational</Channel><Computer>bunny-VirtualBox</Computer><Security UserId="0"/></System><EventData><Data Name="RuleName">-</Data><Data Name="UtcTime">2026-05-30 15:25:25.806</Data><Data Name="ProcessGuid">{491e8a99-0165-6a1b-bd86-da37b65f0000}</Data><Data Name="ProcessId">14653</Data><Data Name="Image">/usr/lib/cargo/bin/coreutils/id</Data><Data Name="FileVersion">-</Data><Data Name="Description">-</Data><Data Name="Product">-</Data><Data Name="Company">-</Data><Data Name="OriginalFileName">-</Data><Data Name="CommandLine">id</Data><Data Name="CurrentDirectory">/home/bunny</Data><Data Name="User">bunny</Data><Data Name="LogonGuid">{491e8a99-0000-0000-e803-000004000000}</Data><Data Name="LogonId">1000</Data><Data Name="TerminalSessionId">21</Data><Data Name="IntegrityLevel">no level</Data><Data Name="Hashes">MD5=2d313ecc9fc058f6e0758abe00c0f6e8,SHA256=48893b0fb21436b54619db80486e83ef39dfccaf1aefe83dfa00c02d6146e8c0</Data><Data Name="ParentProcessGuid">{491e8a99-0165-6a1b-a1b9-659d17620000}</Data><Data Name="ParentProcessId">14645</Data><Data Name="ParentImage">/usr/bin/bash</Data><Data Name="ParentCommandLine">bash</Data><Data Name="ParentUser">bunny</Data></EventData></Event>
May 30 20:55:29 bunny-VirtualBox sysmon[1914]: <Event><System><Provider Name="Linux-Sysmon" Guid="{ff032593-a8d3-4f13-b0d6-01fc615a0f97}"/><EventID>5</EventID><Version>3</Version><Level>4</Level><Task>5</Task><Opcode>0</Opcode><Keywords>0x8000000000000000</Keywords><TimeCreated SystemTime="2026-05-30T15:25:29.232290000Z"/><EventRecordID>14659</EventRecordID><Correlation/><Execution ProcessID="1914" ThreadID="1914"/><Channel>Linux-Sysmon/Operational</Channel><Computer>bunny-VirtualBox</Computer><Security UserId="0"/></System><EventData><Data Name="RuleName">ProcessTerminate</Data><Data Name="UtcTime">2026-05-30 15:25:25.812</Data><Data Name="ProcessGuid">{491e8a99-0165-6a1b-bd86-da37b65f0000}</Data><Data Name="ProcessId">14653</Data><Data Name="Image">/usr/lib/cargo/bin/coreutils/id</Data><Data Name="User">bunny</Data></EventData></Event>
May 30 20:55:29 bunny-VirtualBox sysmon[1914]: <Event><System><Provider Name="Linux-Sysmon" Guid="{ff032593-a8d3-4f13-b0d6-01fc615a0f97}"/><EventID>1</EventID><Version>5</Version><Level>4</Level><Task>1</Task><Opcode>0</Opcode><Keywords>0x8000000000000000</Keywords><TimeCreated SystemTime="2026-05-30T15:25:29.254262000Z"/><EventRecordID>14660</EventRecordID><Correlation/><Execution ProcessID="1914" ThreadID="1914"/><Channel>Linux-Sysmon/Operational</Channel><Computer>bunny-VirtualBox</Computer><Security UserId="0"/></System><EventData><Data Name="RuleName">-</Data><Data Name="UtcTime">2026-05-30 15:25:25.813</Data><Data Name="ProcessGuid">{491e8a99-0165-6a1b-bd46-e9588e560000}</Data><Data Name="ProcessId">14654</Data><Data Name="Image">/usr/lib/cargo/bin/coreutils/date</Data><Data Name="FileVersion">-</Data><Data Name="Description">-</Data><Data Name="Product">-</Data><Data Name="Company">-</Data><Data Name="OriginalFileName">-</Data><Data Name="CommandLine">date +%Y-%m-%d %H:%M:%S</Data><Data Name="CurrentDirectory">/home/bunny</Data><Data Name="User">bunny</Data><Data Name="LogonGuid">{491e8a99-0000-0000-e803-000004000000}</Data><Data Name="LogonId">1000</Data><Data Name="TerminalSessionId">21</Data><Data Name="IntegrityLevel">no level</Data><Data Name="Hashes">MD5=2d313ecc9fc058f6e0758abe00c0f6e8,SHA256=48893b0fb21436b54619db80486e83ef39dfccaf1aefe83dfa00c02d6146e8c0</Data><Data Name="ParentProcessGuid">{491e8a99-0165-6a1b-a1b9-659d17620000}</Data><Data Name="ParentProcessId">14645</Data><Data Name="ParentImage">/usr/bin/bash</Data><Data Name="ParentCommandLine">bash</Data><Data Name="ParentUser">bunny</Data></EventData></Event>
May 30 20:55:29 bunny-VirtualBox sysmon[1914]: <Event><System><Provider Name="Linux-Sysmon" Guid="{ff032593-a8d3-4f13-b0d6-01fc615a0f97}"/><EventID>5</EventID><Version>3</Version><Level>4</Level><Task>5</Task><Opcode>0</Opcode><Keywords>0x8000000000000000</Keywords><TimeCreated SystemTime="2026-05-30T15:25:29.257729000Z"/><EventRecordID>14661</EventRecordID><Correlation/><Execution ProcessID="1914" ThreadID="1914"/><Channel>Linux-Sysmon/Operational</Channel><Computer>bunny-VirtualBox</Computer><Security UserId="0"/></System><EventData><Data Name="RuleName">ProcessTerminate</Data><Data Name="UtcTime">2026-05-30 15:25:25.818</Data><Data Name="ProcessGuid">{491e8a99-0165-6a1b-bd46-e9588e560000}</Data><Data Name="ProcessId">14654</Data><Data Name="Image">/usr/lib/cargo/bin/coreutils/date</Data><Data Name="User">bunny</Data></EventData></Event>
May 30 20:55:29 bunny-VirtualBox sysmon[1914]: <Event><System><Provider Name="Linux-Sysmon" Guid="{ff032593-a8d3-4f13-b0d6-01fc615a0f97}"/><EventID>1</EventID><Version>5</Version><Level>4</Level><Task>1</Task><Opcode>0</Opcode><Keywords>0x8000000000000000</Keywords><TimeCreated SystemTime="2026-05-30T15:25:29.283983000Z"/><EventRecordID>14662</EventRecordID><Correlation/><Execution ProcessID="1914" ThreadID="1914"/><Channel>Linux-Sysmon/Operational</Channel><Computer>bunny-VirtualBox</Computer><Security UserId="0"/></System><EventData><Data Name="RuleName">-</Data><Data Name="UtcTime">2026-05-30 15:25:25.819</Data><Data Name="ProcessGuid">{491e8a99-0165-6a1b-bda6-b114865f0000}</Data><Data Name="ProcessId">14655</Data><Data Name="Image">/usr/lib/cargo/bin/coreutils/date</Data><Data Name="FileVersion">-</Data><Data Name="Description">-</Data><Data Name="Product">-</Data><Data Name="Company">-</Data><Data Name="OriginalFileName">-</Data><Data Name="CommandLine">date +%Y-%m-%d %H:%M:%S</Data><Data Name="CurrentDirectory">/home/bunny</Data><Data Name="User">bunny</Data><Data Name="LogonGuid">{491e8a99-0000-0000-e803-000004000000}</Data><Data Name="LogonId">1000</Data><Data Name="TerminalSessionId">21</Data><Data Name="IntegrityLevel">no level</Data><Data Name="Hashes">MD5=2d313ecc9fc058f6e0758abe00c0f6e8,SHA256=48893b0fb21436b54619db80486e83ef39dfccaf1aefe83dfa00c02d6146e8c0</Data><Data Name="ParentProcessGuid">{491e8a99-0165-6a1b-a1b9-659d17620000}</Data><Data Name="ParentProcessId">14645</Data><Data Name="ParentImage">/usr/bin/bash</Data><Data Name="ParentCommandLine">bash</Data><Data Name="ParentUser">bunny</Data></EventData></Event>
May 30 20:55:29 bunny-VirtualBox sysmon[1914]: <Event><System><Provider Name="Linux-Sysmon" Guid="{ff032593-a8d3-4f13-b0d6-01fc615a0f97}"/><EventID>5</EventID><Version>3</Version><Level>4</Level><Task>5</Task><Opcode>0</Opcode><Keywords>0x8000000000000000</Keywords><TimeCreated SystemTime="2026-05-30T15:25:29.284962000Z"/><EventRecordID>14663</EventRecordID><Correlation/><Execution ProcessID="1914" ThreadID="1914"/><Channel>Linux-Sysmon/Operational</Channel><Computer>bunny-VirtualBox</Computer><Security UserId="0"/></System><EventData><Data Name="RuleName">ProcessTerminate</Data><Data Name="UtcTime">2026-05-30 15:25:25.824</Data><Data Name="ProcessGuid">{491e8a99-0165-6a1b-bda6-b114865f0000}</Data><Data Name="ProcessId">14655</Data><Data Name="Image">/usr/lib/cargo/bin/coreutils/date</Data><Data Name="User">bunny</Data></EventData></Event>
May 30 20:55:29 bunny-VirtualBox sysmon[1914]: <Event><System><Provider Name="Linux-Sysmon" Guid="{ff032593-a8d3-4f13-b0d6-01fc615a0f97}"/><EventID>1</EventID><Version>5</Version><Level>4</Level><Task>1</Task><Opcode>0</Opcode><Keywords>0x8000000000000000</Keywords><TimeCreated SystemTime="2026-05-30T15:25:29.285162000Z"/><EventRecordID>14664</EventRecordID><Correlation/><Execution ProcessID="1914" ThreadID="1914"/><Channel>Linux-Sysmon/Operational</Channel><Computer>bunny-VirtualBox</Computer><Security UserId="0"/></System><EventData><Data Name="RuleName">-</Data><Data Name="UtcTime">2026-05-30 15:25:25.825</Data><Data Name="ProcessGuid">{491e8a99-0165-6a1b-2d01-481a57630000}</Data><Data Name="ProcessId">14656</Data><Data Name="Image">/usr/bin/hostname</Data><Data Name="FileVersion">-</Data><Data Name="Description">-</Data><Data Name="Product">-</Data><Data Name="Company">-</Data><Data Name="OriginalFileName">-</Data><Data Name="CommandLine">hostname</Data><Data Name="CurrentDirectory">/home/bunny</Data><Data Name="User">bunny</Data><Data Name="LogonGuid">{491e8a99-0000-0000-e803-000004000000}</Data><Data Name="LogonId">1000</Data><Data Name="TerminalSessionId">21</Data><Data Name="IntegrityLevel">no level</Data><Data Name="Hashes">MD5=0142bf0082c648658943bf67b3cc0d0b,SHA256=4af127f59ae45b225999dfd9b319c8d90282304478df0aea631d20729b0dccea</Data><Data Name="ParentProcessGuid">{491e8a99-0165-6a1b-a1b9-659d17620000}</Data><Data Name="ParentProcessId">14645</Data><Data Name="ParentImage">/usr/bin/bash</Data><Data Name="ParentCommandLine">bash</Data><Data Name="ParentUser">bunny</Data></EventData></Event>
May 30 20:55:29 bunny-VirtualBox sysmon[1914]: <Event><System><Provider Name="Linux-Sysmon" Guid="{ff032593-a8d3-4f13-b0d6-01fc615a0f97}"/><EventID>5</EventID><Version>3</Version><Level>4</Level><Task>5</Task><Opcode>0</Opcode><Keywords>0x8000000000000000</Keywords><TimeCreated SystemTime="2026-05-30T15:25:29.285197000Z"/><EventRecordID>14665</EventRecordID><Correlation/><Execution ProcessID="1914" ThreadID="1914"/><Channel>Linux-Sysmon/Operational</Channel><Computer>bunny-VirtualBox</Computer><Security UserId="0"/></System><EventData><Data Name="RuleName">ProcessTerminate</Data><Data Name="UtcTime">2026-05-30 15:25:25.829</Data><Data Name="ProcessGuid">{491e8a99-0165-6a1b-2d01-481a57630000}</Data><Data Name="ProcessId">14656</Data><Data Name="Image">/usr/bin/hostname</Data><Data Name="User">bunny</Data></EventData></Event>
May 30 20:55:29 bunny-VirtualBox sysmon[1914]: <Event><System><Provider Name="Linux-Sysmon" Guid="{ff032593-a8d3-4f13-b0d6-01fc615a0f97}"/><EventID>1</EventID><Version>5</Version><Level>4</Level><Task>1</Task><Opcode>0</Opcode><Keywords>0x8000000000000000</Keywords><TimeCreated SystemTime="2026-05-30T15:25:29.308519000Z"/><EventRecordID>14666</EventRecordID><Correlation/><Execution ProcessID="1914" ThreadID="1914"/><Channel>Linux-Sysmon/Operational</Channel><Computer>bunny-VirtualBox</Computer><Security UserId="0"/></System><EventData><Data Name="RuleName">-</Data><Data Name="UtcTime">2026-05-30 15:25:25.829</Data><Data Name="ProcessGuid">{491e8a99-0165-6a1b-bdf6-f466a1610000}</Data><Data Name="ProcessId">14657</Data><Data Name="Image">/usr/lib/cargo/bin/coreutils/uname</Data><Data Name="FileVersion">-</Data><Data Name="Description">-</Data><Data Name="Product">-</Data><Data Name="Company">-</Data><Data Name="OriginalFileName">-</Data><Data Name="CommandLine">uname -a</Data><Data Name="CurrentDirectory">/home/bunny</Data><Data Name="User">bunny</Data><Data Name="LogonGuid">{491e8a99-0000-0000-e803-000004000000}</Data><Data Name="LogonId">1000</Data><Data Name="TerminalSessionId">21</Data><Data Name="IntegrityLevel">no level</Data><Data Name="Hashes">MD5=2d313ecc9fc058f6e0758abe00c0f6e8,SHA256=48893b0fb21436b54619db80486e83ef39dfccaf1aefe83dfa00c02d6146e8c0</Data><Data Name="ParentProcessGuid">{491e8a99-0165-6a1b-a1b9-659d17620000}</Data><Data Name="ParentProcessId">14645</Data><Data Name="ParentImage">/usr/bin/bash</Data><Data Name="ParentCommandLine">bash</Data><Data Name="ParentUser">bunny</Data></EventData></Event>
May 30 20:55:29 bunny-VirtualBox sysmon[1914]: <Event><System><Provider Name="Linux-Sysmon" Guid="{ff032593-a8d3-4f13-b0d6-01fc615a0f97}"/><EventID>5</EventID><Version>3</Version><Level>4</Level><Task>5</Task><Opcode>0</Opcode><Keywords>0x8000000000000000</Keywords><TimeCreated SystemTime="2026-05-30T15:25:29.308846000Z"/><EventRecordID>14667</EventRecordID><Correlation/><Execution ProcessID="1914" ThreadID="1914"/><Channel>Linux-Sysmon/Operational</Channel><Computer>bunny-VirtualBox</Computer><Security UserId="0"/></System><EventData><Data Name="RuleName">ProcessTerminate</Data><Data Name="UtcTime">2026-05-30 15:25:25.833</Data><Data Name="ProcessGuid">{491e8a99-0165-6a1b-bdf6-f466a1610000}</Data><Data Name="ProcessId">14657</Data><Data Name="Image">/usr/lib/cargo/bin/coreutils/uname</Data><Data Name="User">bunny</Data></EventData></Event>
May 30 20:55:29 bunny-VirtualBox sysmon[1914]: <Event><System><Provider Name="Linux-Sysmon" Guid="{ff032593-a8d3-4f13-b0d6-01fc615a0f97}"/><EventID>1</EventID><Version>5</Version><Level>4</Level><Task>1</Task><Opcode>0</Opcode><Keywords>0x8000000000000000</Keywords><TimeCreated SystemTime="2026-05-30T15:25:29.331351000Z"/><EventRecordID>14668</EventRecordID><Correlation/><Execution ProcessID="1914" ThreadID="1914"/><Channel>Linux-Sysmon/Operational</Channel><Computer>bunny-VirtualBox</Computer><Security UserId="0"/></System><EventData><Data Name="RuleName">-</Data><Data Name="UtcTime">2026-05-30 15:25:25.834</Data><Data Name="ProcessGuid">{491e8a99-0165-6a1b-bde6-9218cc640000}</Data><Data Name="ProcessId">14658</Data><Data Name="Image">/usr/lib/cargo/bin/coreutils/date</Data><Data Name="FileVersion">-</Data><Data Name="Description">-</Data><Data Name="Product">-</Data><Data Name="Company">-</Data><Data Name="OriginalFileName">-</Data><Data Name="CommandLine">date +%Y-%m-%d %H:%M:%S</Data><Data Name="CurrentDirectory">/home/bunny</Data><Data Name="User">bunny</Data><Data Name="LogonGuid">{491e8a99-0000-0000-e803-000004000000}</Data><Data Name="LogonId">1000</Data><Data Name="TerminalSessionId">21</Data><Data Name="IntegrityLevel">no level</Data><Data Name="Hashes">MD5=2d313ecc9fc058f6e0758abe00c0f6e8,SHA256=48893b0fb21436b54619db80486e83ef39dfccaf1aefe83dfa00c02d6146e8c0</Data><Data Name="ParentProcessGuid">{491e8a99-0165-6a1b-a1b9-659d17620000}</Data><Data Name="ParentProcessId">14645</Data><Data Name="ParentImage">/usr/bin/bash</Data><Data Name="ParentCommandLine">bash</Data><Data Name="ParentUser">bunny</Data></EventData></Event>
May 30 20:55:29 bunny-VirtualBox sysmon[1914]: <Event><System><Provider Name="Linux-Sysmon" Guid="{ff032593-a8d3-4f13-b0d6-01fc615a0f97}"/><EventID>5</EventID><Version>3</Version><Level>4</Level><Task>5</Task><Opcode>0</Opcode><Keywords>0x8000000000000000</Keywords><TimeCreated SystemTime="2026-05-30T15:25:29.331701000Z"/><EventRecordID>14669</EventRecordID><Correlation/><Execution ProcessID="1914" ThreadID="1914"/><Channel>Linux-Sysmon/Operational</Channel><Computer>bunny-VirtualBox</Computer><Security UserId="0"/></System><EventData><Data Name="RuleName">ProcessTerminate</Data><Data Name="UtcTime">2026-05-30 15:25:25.844</Data><Data Name="ProcessGuid">{491e8a99-0165-6a1b-bde6-9218cc640000}</Data><Data Name="ProcessId">14658</Data><Data Name="Image">/usr/lib/cargo/bin/coreutils/date</Data><Data Name="User">bunny</Data></EventData></Event>
May 30 20:55:29 bunny-VirtualBox sysmon[1914]: <Event><System><Provider Name="Linux-Sysmon" Guid="{ff032593-a8d3-4f13-b0d6-01fc615a0f97}"/><EventID>1</EventID><Version>5</Version><Level>4</Level><Task>1</Task><Opcode>0</Opcode><Keywords>0x8000000000000000</Keywords><TimeCreated SystemTime="2026-05-30T15:25:29.332219000Z"/><EventRecordID>14670</EventRecordID><Correlation/><Execution ProcessID="1914" ThreadID="1914"/><Channel>Linux-Sysmon/Operational</Channel><Computer>bunny-VirtualBox</Computer><Security UserId="0"/></System><EventData><Data Name="RuleName">-</Data><Data Name="UtcTime">2026-05-30 15:25:25.852</Data><Data Name="ProcessGuid">{491e8a99-0165-6a1b-41af-ddafdd5c0000}</Data><Data Name="ProcessId">14660</Data><Data Name="Image">/usr/bin/ps</Data><Data Name="FileVersion">-</Data><Data Name="Description">-</Data><Data Name="Product">-</Data><Data Name="Company">-</Data><Data Name="OriginalFileName">-</Data><Data Name="CommandLine">ps aux</Data><Data Name="CurrentDirectory">/home/bunny</Data><Data Name="User">bunny</Data><Data Name="LogonGuid">{491e8a99-0000-0000-e803-000004000000}</Data><Data Name="LogonId">1000</Data><Data Name="TerminalSessionId">21</Data><Data Name="IntegrityLevel">no level</Data><Data Name="Hashes">MD5=824e10267aba361cb2d2e46a7ff5090e,SHA256=40b2b15f65edfaadc0e3f5d3644e6699db3bdf658399831901cc05c11642ea5c</Data><Data Name="ParentProcessGuid">{491e8a99-0165-6a1b-a1b9-659d17620000}</Data><Data Name="ParentProcessId">14645</Data><Data Name="ParentImage">/usr/bin/bash</Data><Data Name="ParentCommandLine">bash</Data><Data Name="ParentUser">bunny</Data></EventData></Event>
May 30 20:55:29 bunny-VirtualBox sysmon[1914]: <Event><System><Provider Name="Linux-Sysmon" Guid="{ff032593-a8d3-4f13-b0d6-01fc615a0f97}"/><EventID>5</EventID><Version>3</Version><Level>4</Level><Task>5</Task><Opcode>0</Opcode><Keywords>0x8000000000000000</Keywords><TimeCreated SystemTime="2026-05-30T15:25:29.332404000Z"/><EventRecordID>14671</EventRecordID><Correlation/><Execution ProcessID="1914" ThreadID="1914"/><Channel>Linux-Sysmon/Operational</Channel><Computer>bunny-VirtualBox</Computer><Security UserId="0"/></System><EventData><Data Name="RuleName">ProcessTerminate</Data><Data Name="UtcTime">2026-05-30 15:25:25.869</Data><Data Name="ProcessGuid">{491e8a99-0165-6a1b-41af-ddafdd5c0000}</Data><Data Name="ProcessId">14660</Data><Data Name="Image">/usr/bin/ps</Data><Data Name="User">bunny</Data></EventData></Event>
May 30 20:55:29 bunny-VirtualBox sysmon[1914]: <Event><System><Provider Name="Linux-Sysmon" Guid="{ff032593-a8d3-4f13-b0d6-01fc615a0f97}"/><EventID>1</EventID><Version>5</Version><Level>4</Level><Task>1</Task><Opcode>0</Opcode><Keywords>0x8000000000000000</Keywords><TimeCreated SystemTime="2026-05-30T15:25:29.354554000Z"/><EventRecordID>14672</EventRecordID><Correlation/><Execution ProcessID="1914" ThreadID="1914"/><Channel>Linux-Sysmon/Operational</Channel><Computer>bunny-VirtualBox</Computer><Security UserId="0"/></System><EventData><Data Name="RuleName">-</Data><Data Name="UtcTime">2026-05-30 15:25:25.870</Data><Data Name="ProcessGuid">{491e8a99-0165-6a1b-bd46-fb56135d0000}</Data><Data Name="ProcessId">14661</Data><Data Name="Image">/usr/lib/cargo/bin/coreutils/date</Data><Data Name="FileVersion">-</Data><Data Name="Description">-</Data><Data Name="Product">-</Data><Data Name="Company">-</Data><Data Name="OriginalFileName">-</Data><Data Name="CommandLine">date +%Y-%m-%d %H:%M:%S</Data><Data Name="CurrentDirectory">/home/bunny</Data><Data Name="User">bunny</Data><Data Name="LogonGuid">{491e8a99-0000-0000-e803-000004000000}</Data><Data Name="LogonId">1000</Data><Data Name="TerminalSessionId">21</Data><Data Name="IntegrityLevel">no level</Data><Data Name="Hashes">MD5=2d313ecc9fc058f6e0758abe00c0f6e8,SHA256=48893b0fb21436b54619db80486e83ef39dfccaf1aefe83dfa00c02d6146e8c0</Data><Data Name="ParentProcessGuid">{491e8a99-0165-6a1b-a1b9-659d17620000}</Data><Data Name="ParentProcessId">14645</Data><Data Name="ParentImage">/usr/bin/bash</Data><Data Name="ParentCommandLine">bash</Data><Data Name="ParentUser">bunny</Data></EventData></Event>
May 30 20:55:29 bunny-VirtualBox sysmon[1914]: <Event><System><Provider Name="Linux-Sysmon" Guid="{ff032593-a8d3-4f13-b0d6-01fc615a0f97}"/><EventID>5</EventID><Version>3</Version><Level>4</Level><Task>5</Task><Opcode>0</Opcode><Keywords>0x8000000000000000</Keywords><TimeCreated SystemTime="2026-05-30T15:25:29.354777000Z"/><EventRecordID>14673</EventRecordID><Correlation/><Execution ProcessID="1914" ThreadID="1914"/><Channel>Linux-Sysmon/Operational</Channel><Computer>bunny-VirtualBox</Computer><Security UserId="0"/></System><EventData><Data Name="RuleName">ProcessTerminate</Data><Data Name="UtcTime">2026-05-30 15:25:25.876</Data><Data Name="ProcessGuid">{491e8a99-0165-6a1b-bd46-fb56135d0000}</Data><Data Name="ProcessId">14661</Data><Data Name="Image">/usr/lib/cargo/bin/coreutils/date</Data><Data Name="User">bunny</Data></EventData></Event>
May 30 20:55:29 bunny-VirtualBox sysmon[1914]: <Event><System><Provider Name="Linux-Sysmon" Guid="{ff032593-a8d3-4f13-b0d6-01fc615a0f97}"/><EventID>1</EventID><Version>5</Version><Level>4</Level><Task>1</Task><Opcode>0</Opcode><Keywords>0x8000000000000000</Keywords><TimeCreated SystemTime="2026-05-30T15:25:29.381677000Z"/><EventRecordID>14674</EventRecordID><Correlation/><Execution ProcessID="1914" ThreadID="1914"/><Channel>Linux-Sysmon/Operational</Channel><Computer>bunny-VirtualBox</Computer><Security UserId="0"/></System><EventData><Data Name="RuleName">-</Data><Data Name="UtcTime">2026-05-30 15:25:25.876</Data><Data Name="ProcessGuid">{491e8a99-0165-6a1b-bd66-79d495580000}</Data><Data Name="ProcessId">14662</Data><Data Name="Image">/usr/lib/cargo/bin/coreutils/date</Data><Data Name="FileVersion">-</Data><Data Name="Description">-</Data><Data Name="Product">-</Data><Data Name="Company">-</Data><Data Name="OriginalFileName">-</Data><Data Name="CommandLine">date +%Y-%m-%d %H:%M:%S</Data><Data Name="CurrentDirectory">/home/bunny</Data><Data Name="User">bunny</Data><Data Name="LogonGuid">{491e8a99-0000-0000-e803-000004000000}</Data><Data Name="LogonId">1000</Data><Data Name="TerminalSessionId">21</Data><Data Name="IntegrityLevel">no level</Data><Data Name="Hashes">MD5=2d313ecc9fc058f6e0758abe00c0f6e8,SHA256=48893b0fb21436b54619db80486e83ef39dfccaf1aefe83dfa00c02d6146e8c0</Data><Data Name="ParentProcessGuid">{491e8a99-0165-6a1b-a1b9-659d17620000}</Data><Data Name="ParentProcessId">14645</Data><Data Name="ParentImage">/usr/bin/bash</Data><Data Name="ParentCommandLine">bash</Data><Data Name="ParentUser">bunny</Data></EventData></Event>
May 30 20:55:29 bunny-VirtualBox sysmon[1914]: <Event><System><Provider Name="Linux-Sysmon" Guid="{ff032593-a8d3-4f13-b0d6-01fc615a0f97}"/><EventID>5</EventID><Version>3</Version><Level>4</Level><Task>5</Task><Opcode>0</Opcode><Keywords>0x8000000000000000</Keywords><TimeCreated SystemTime="2026-05-30T15:25:29.382210000Z"/><EventRecordID>14675</EventRecordID><Correlation/><Execution ProcessID="1914" ThreadID="1914"/><Channel>Linux-Sysmon/Operational</Channel><Computer>bunny-VirtualBox</Computer><Security UserId="0"/></System><EventData><Data Name="RuleName">ProcessTerminate</Data><Data Name="UtcTime">2026-05-30 15:25:25.884</Data><Data Name="ProcessGuid">{491e8a99-0165-6a1b-bd66-79d495580000}</Data><Data Name="ProcessId">14662</Data><Data Name="Image">/usr/lib/cargo/bin/coreutils/date</Data><Data Name="User">bunny</Data></EventData></Event>
May 30 20:55:29 bunny-VirtualBox sysmon[1914]: <Event><System><Provider Name="Linux-Sysmon" Guid="{ff032593-a8d3-4f13-b0d6-01fc615a0f97}"/><EventID>1</EventID><Version>5</Version><Level>4</Level><Task>1</Task><Opcode>0</Opcode><Keywords>0x8000000000000000</Keywords><TimeCreated SystemTime="2026-05-30T15:25:29.406444000Z"/><EventRecordID>14676</EventRecordID><Correlation/><Execution ProcessID="1914" ThreadID="1914"/><Channel>Linux-Sysmon/Operational</Channel><Computer>bunny-VirtualBox</Computer><Security UserId="0"/></System><EventData><Data Name="RuleName">-</Data><Data Name="UtcTime">2026-05-30 15:25:25.845</Data><Data Name="ProcessGuid">{491e8a99-0165-6a1b-bde6-d198c0580000}</Data><Data Name="ProcessId">14659</Data><Data Name="Image">/usr/lib/cargo/bin/coreutils/date</Data><Data Name="FileVersion">-</Data><Data Name="Description">-</Data><Data Name="Product">-</Data><Data Name="Company">-</Data><Data Name="OriginalFileName">-</Data><Data Name="CommandLine">date +%Y-%m-%d %H:%M:%S</Data><Data Name="CurrentDirectory">/home/bunny</Data><Data Name="User">bunny</Data><Data Name="LogonGuid">{491e8a99-0000-0000-e803-000004000000}</Data><Data Name="LogonId">1000</Data><Data Name="TerminalSessionId">21</Data><Data Name="IntegrityLevel">no level</Data><Data Name="Hashes">MD5=2d313ecc9fc058f6e0758abe00c0f6e8,SHA256=48893b0fb21436b54619db80486e83ef39dfccaf1aefe83dfa00c02d6146e8c0</Data><Data Name="ParentProcessGuid">{491e8a99-0165-6a1b-a1b9-659d17620000}</Data><Data Name="ParentProcessId">14645</Data><Data Name="ParentImage">/usr/bin/bash</Data><Data Name="ParentCommandLine">bash</Data><Data Name="ParentUser">bunny</Data></EventData></Event>
May 30 20:55:29 bunny-VirtualBox sysmon[1914]: <Event><System><Provider Name="Linux-Sysmon" Guid="{ff032593-a8d3-4f13-b0d6-01fc615a0f97}"/><EventID>5</EventID><Version>3</Version><Level>4</Level><Task>5</Task><Opcode>0</Opcode><Keywords>0x8000000000000000</Keywords><TimeCreated SystemTime="2026-05-30T15:25:29.406871000Z"/><EventRecordID>14677</EventRecordID><Correlation/><Execution ProcessID="1914" ThreadID="1914"/><Channel>Linux-Sysmon/Operational</Channel><Computer>bunny-VirtualBox</Computer><Security UserId="0"/></System><EventData><Data Name="RuleName">ProcessTerminate</Data><Data Name="UtcTime">2026-05-30 15:25:25.852</Data><Data Name="ProcessGuid">{491e8a99-0165-6a1b-bde6-d198c0580000}</Data><Data Name="ProcessId">14659</Data><Data Name="Image">/usr/lib/cargo/bin/coreutils/date</Data><Data Name="User">bunny</Data></EventData></Event>
May 30 20:55:29 bunny-VirtualBox sysmon[1914]: <Event><System><Provider Name="Linux-Sysmon" Guid="{ff032593-a8d3-4f13-b0d6-01fc615a0f97}"/><EventID>1</EventID><Version>5</Version><Level>4</Level><Task>1</Task><Opcode>0</Opcode><Keywords>0x8000000000000000</Keywords><TimeCreated SystemTime="2026-05-30T15:25:29.430780000Z"/><EventRecordID>14678</EventRecordID><Correlation/><Execution ProcessID="1914" ThreadID="1914"/><Channel>Linux-Sysmon/Operational</Channel><Computer>bunny-VirtualBox</Computer><Security UserId="0"/></System><EventData><Data Name="RuleName">-</Data><Data Name="UtcTime">2026-05-30 15:25:25.884</Data><Data Name="ProcessGuid">{491e8a99-0165-6a1b-bd36-f2ec125c0000}</Data><Data Name="ProcessId">14663</Data><Data Name="Image">/usr/lib/cargo/bin/coreutils/touch</Data><Data Name="FileVersion">-</Data><Data Name="Description">-</Data><Data Name="Product">-</Data><Data Name="Company">-</Data><Data Name="OriginalFileName">-</Data><Data Name="CommandLine">touch /tmp/.enc_exec_marker</Data><Data Name="CurrentDirectory">/home/bunny</Data><Data Name="User">bunny</Data><Data Name="LogonGuid">{491e8a99-0000-0000-e803-000004000000}</Data><Data Name="LogonId">1000</Data><Data Name="TerminalSessionId">21</Data><Data Name="IntegrityLevel">no level</Data><Data Name="Hashes">MD5=2d313ecc9fc058f6e0758abe00c0f6e8,SHA256=48893b0fb21436b54619db80486e83ef39dfccaf1aefe83dfa00c02d6146e8c0</Data><Data Name="ParentProcessGuid">{491e8a99-0165-6a1b-a1b9-659d17620000}</Data><Data Name="ParentProcessId">14645</Data><Data Name="ParentImage">/usr/bin/bash</Data><Data Name="ParentCommandLine">bash</Data><Data Name="ParentUser">bunny</Data></EventData></Event>
May 30 20:55:29 bunny-VirtualBox sysmon[1914]: <Event><System><Provider Name="Linux-Sysmon" Guid="{ff032593-a8d3-4f13-b0d6-01fc615a0f97}"/><EventID>5</EventID><Version>3</Version><Level>4</Level><Task>5</Task><Opcode>0</Opcode><Keywords>0x8000000000000000</Keywords><TimeCreated SystemTime="2026-05-30T15:25:29.431157000Z"/><EventRecordID>14679</EventRecordID><Correlation/><Execution ProcessID="1914" ThreadID="1914"/><Channel>Linux-Sysmon/Operational</Channel><Computer>bunny-VirtualBox</Computer><Security UserId="0"/></System><EventData><Data Name="RuleName">ProcessTerminate</Data><Data Name="UtcTime">2026-05-30 15:25:25.888</Data><Data Name="ProcessGuid">{491e8a99-0165-6a1b-bd36-f2ec125c0000}</Data><Data Name="ProcessId">14663</Data><Data Name="Image">/usr/lib/cargo/bin/coreutils/touch</Data><Data Name="User">bunny</Data></EventData></Event>
May 30 20:55:29 bunny-VirtualBox sysmon[1914]: <Event><System><Provider Name="Linux-Sysmon" Guid="{ff032593-a8d3-4f13-b0d6-01fc615a0f97}"/><EventID>1</EventID><Version>5</Version><Level>4</Level><Task>1</Task><Opcode>0</Opcode><Keywords>0x8000000000000000</Keywords><TimeCreated SystemTime="2026-05-30T15:25:29.455648000Z"/><EventRecordID>14680</EventRecordID><Correlation/><Execution ProcessID="1914" ThreadID="1914"/><Channel>Linux-Sysmon/Operational</Channel><Computer>bunny-VirtualBox</Computer><Security UserId="0"/></System><EventData><Data Name="RuleName">-</Data><Data Name="UtcTime">2026-05-30 15:25:25.889</Data><Data Name="ProcessGuid">{491e8a99-0165-6a1b-bd16-93523e5b0000}</Data><Data Name="ProcessId">14664</Data><Data Name="Image">/usr/lib/cargo/bin/coreutils/date</Data><Data Name="FileVersion">-</Data><Data Name="Description">-</Data><Data Name="Product">-</Data><Data Name="Company">-</Data><Data Name="OriginalFileName">-</Data><Data Name="CommandLine">date +%Y-%m-%d %H:%M:%S</Data><Data Name="CurrentDirectory">/home/bunny</Data><Data Name="User">bunny</Data><Data Name="LogonGuid">{491e8a99-0000-0000-e803-000004000000}</Data><Data Name="LogonId">1000</Data><Data Name="TerminalSessionId">21</Data><Data Name="IntegrityLevel">no level</Data><Data Name="Hashes">MD5=2d313ecc9fc058f6e0758abe00c0f6e8,SHA256=48893b0fb21436b54619db80486e83ef39dfccaf1aefe83dfa00c02d6146e8c0</Data><Data Name="ParentProcessGuid">{491e8a99-0165-6a1b-a1b9-659d17620000}</Data><Data Name="ParentProcessId">14645</Data><Data Name="ParentImage">/usr/bin/bash</Data><Data Name="ParentCommandLine">bash</Data><Data Name="ParentUser">bunny</Data></EventData></Event>
May 30 20:55:29 bunny-VirtualBox sysmon[1914]: <Event><System><Provider Name="Linux-Sysmon" Guid="{ff032593-a8d3-4f13-b0d6-01fc615a0f97}"/><EventID>5</EventID><Version>3</Version><Level>4</Level><Task>5</Task><Opcode>0</Opcode><Keywords>0x8000000000000000</Keywords><TimeCreated SystemTime="2026-05-30T15:25:29.456191000Z"/><EventRecordID>14681</EventRecordID><Correlation/><Execution ProcessID="1914" ThreadID="1914"/><Channel>Linux-Sysmon/Operational</Channel><Computer>bunny-VirtualBox</Computer><Security UserId="0"/></System><EventData><Data Name="RuleName">ProcessTerminate</Data><Data Name="UtcTime">2026-05-30 15:25:25.894</Data><Data Name="ProcessGuid">{491e8a99-0165-6a1b-bd16-93523e5b0000}</Data><Data Name="ProcessId">14664</Data><Data Name="Image">/usr/lib/cargo/bin/coreutils/date</Data><Data Name="User">bunny</Data></EventData></Event>
May 30 20:55:29 bunny-VirtualBox sysmon[1914]: <Event><System><Provider Name="Linux-Sysmon" Guid="{ff032593-a8d3-4f13-b0d6-01fc615a0f97}"/><EventID>1</EventID><Version>5</Version><Level>4</Level><Task>1</Task><Opcode>0</Opcode><Keywords>0x8000000000000000</Keywords><TimeCreated SystemTime="2026-05-30T15:25:29.480825000Z"/><EventRecordID>14682</EventRecordID><Correlation/><Execution ProcessID="1914" ThreadID="1914"/><Channel>Linux-Sysmon/Operational</Channel><Computer>bunny-VirtualBox</Computer><Security UserId="0"/></System><EventData><Data Name="RuleName">-</Data><Data Name="UtcTime">2026-05-30 15:25:25.896</Data><Data Name="ProcessGuid">{491e8a99-0165-6a1b-bd06-165385580000}</Data><Data Name="ProcessId">14665</Data><Data Name="Image">/usr/lib/cargo/bin/coreutils/date</Data><Data Name="FileVersion">-</Data><Data Name="Description">-</Data><Data Name="Product">-</Data><Data Name="Company">-</Data><Data Name="OriginalFileName">-</Data><Data Name="CommandLine">date +%Y-%m-%d %H:%M:%S</Data><Data Name="CurrentDirectory">/home/bunny</Data><Data Name="User">bunny</Data><Data Name="LogonGuid">{491e8a99-0000-0000-e803-000004000000}</Data><Data Name="LogonId">1000</Data><Data Name="TerminalSessionId">21</Data><Data Name="IntegrityLevel">no level</Data><Data Name="Hashes">MD5=2d313ecc9fc058f6e0758abe00c0f6e8,SHA256=48893b0fb21436b54619db80486e83ef39dfccaf1aefe83dfa00c02d6146e8c0</Data><Data Name="ParentProcessGuid">{491e8a99-0165-6a1b-a1b9-659d17620000}</Data><Data Name="ParentProcessId">14645</Data><Data Name="ParentImage">/usr/bin/bash</Data><Data Name="ParentCommandLine">bash</Data><Data Name="ParentUser">bunny</Data></EventData></Event>
May 30 20:55:29 bunny-VirtualBox sysmon[1914]: <Event><System><Provider Name="Linux-Sysmon" Guid="{ff032593-a8d3-4f13-b0d6-01fc615a0f97}"/><EventID>5</EventID><Version>3</Version><Level>4</Level><Task>5</Task><Opcode>0</Opcode><Keywords>0x8000000000000000</Keywords><TimeCreated SystemTime="2026-05-30T15:25:29.481182000Z"/><EventRecordID>14683</EventRecordID><Correlation/><Execution ProcessID="1914" ThreadID="1914"/><Channel>Linux-Sysmon/Operational</Channel><Computer>bunny-VirtualBox</Computer><Security UserId="0"/></System><EventData><Data Name="RuleName">ProcessTerminate</Data><Data Name="UtcTime">2026-05-30 15:25:25.906</Data><Data Name="ProcessGuid">{491e8a99-0165-6a1b-bd06-165385580000}</Data><Data Name="ProcessId">14665</Data><Data Name="Image">/usr/lib/cargo/bin/coreutils/date</Data><Data Name="User">bunny</Data></EventData></Event>
May 30 20:55:29 bunny-VirtualBox sysmon[1914]: <Event><System><Provider Name="Linux-Sysmon" Guid="{ff032593-a8d3-4f13-b0d6-01fc615a0f97}"/><EventID>1</EventID><Version>5</Version><Level>4</Level><Task>1</Task><Opcode>0</Opcode><Keywords>0x8000000000000000</Keywords><TimeCreated SystemTime="2026-05-30T15:25:29.482445000Z"/><EventRecordID>14684</EventRecordID><Correlation/><Execution ProcessID="1914" ThreadID="1914"/><Channel>Linux-Sysmon/Operational</Channel><Computer>bunny-VirtualBox</Computer><Security UserId="0"/></System><EventData><Data Name="RuleName">-</Data><Data Name="UtcTime">2026-05-30 15:25:25.907</Data><Data Name="ProcessGuid">{491e8a99-0165-6a1b-f9da-184b365e0000}</Data><Data Name="ProcessId">14666</Data><Data Name="Image">/usr/bin/curl</Data><Data Name="FileVersion">-</Data><Data Name="Description">-</Data><Data Name="Product">-</Data><Data Name="Company">-</Data><Data Name="OriginalFileName">-</Data><Data Name="CommandLine">curl -s http://127.0.0.1:8080/ping</Data><Data Name="CurrentDirectory">/home/bunny</Data><Data Name="User">bunny</Data><Data Name="LogonGuid">{491e8a99-0000-0000-e803-000004000000}</Data><Data Name="LogonId">1000</Data><Data Name="TerminalSessionId">21</Data><Data Name="IntegrityLevel">no level</Data><Data Name="Hashes">MD5=a4339a556f449e6199132b81fbc95b24,SHA256=7eecf2e84049f1701376b5e450b69a7719ad7ed4031bc326f3634e27af61be6f</Data><Data Name="ParentProcessGuid">{491e8a99-0165-6a1b-a1b9-659d17620000}</Data><Data Name="ParentProcessId">14645</Data><Data Name="ParentImage">/usr/bin/bash</Data><Data Name="ParentCommandLine">bash</Data><Data Name="ParentUser">bunny</Data></EventData></Event>
May 30 20:55:29 bunny-VirtualBox sysmon[1914]: <Event><System><Provider Name="Linux-Sysmon" Guid="{ff032593-a8d3-4f13-b0d6-01fc615a0f97}"/><EventID>5</EventID><Version>3</Version><Level>4</Level><Task>5</Task><Opcode>0</Opcode><Keywords>0x8000000000000000</Keywords><TimeCreated SystemTime="2026-05-30T15:25:29.482931000Z"/><EventRecordID>14685</EventRecordID><Correlation/><Execution ProcessID="1914" ThreadID="1914"/><Channel>Linux-Sysmon/Operational</Channel><Computer>bunny-VirtualBox</Computer><Security UserId="0"/></System><EventData><Data Name="RuleName">ProcessTerminate</Data><Data Name="UtcTime">2026-05-30 15:25:25.927</Data><Data Name="ProcessGuid">{491e8a99-ff96-6a1a-8176-7a0000000000}</Data><Data Name="ProcessId">14175</Data><Data Name="Image">/usr/bin/python3.14</Data><Data Name="User">bunny</Data></EventData></Event>
May 30 20:55:29 bunny-VirtualBox sysmon[1914]: <Event><System><Provider Name="Linux-Sysmon" Guid="{ff032593-a8d3-4f13-b0d6-01fc615a0f97}"/><EventID>5</EventID><Version>3</Version><Level>4</Level><Task>5</Task><Opcode>0</Opcode><Keywords>0x8000000000000000</Keywords><TimeCreated SystemTime="2026-05-30T15:25:29.482962000Z"/><EventRecordID>14686</EventRecordID><Correlation/><Execution ProcessID="1914" ThreadID="1914"/><Channel>Linux-Sysmon/Operational</Channel><Computer>bunny-VirtualBox</Computer><Security UserId="0"/></System><EventData><Data Name="RuleName">ProcessTerminate</Data><Data Name="UtcTime">2026-05-30 15:25:25.928</Data><Data Name="ProcessGuid">{491e8a99-0165-6a1b-f9da-184b365e0000}</Data><Data Name="ProcessId">14666</Data><Data Name="Image">/usr/bin/curl</Data><Data Name="User">bunny</Data></EventData></Event>
