May 30 20:55:29 bunny-VirtualBox sysmon[1914]: <Event><System><Provider Name="Linux-Sysmon" Guid="{ff032593-a8d3-4f13-b0d6-01fc615a0f97}"/><EventID>1</EventID><Version>5</Version><Level>4</Level><Task>1</Task><Opcode>0</Opcode><Keywords>0x8000000000000000</Keywords><TimeCreated SystemTime="2026-05-30T15:25:29.506404000Z"/><EventRecordID>14687</EventRecordID><Correlation/><Execution ProcessID="1914" ThreadID="1914"/><Channel>Linux-Sysmon/Operational</Channel><Computer>bunny-VirtualBox</Computer><Security UserId="0"/></System><EventData><Data Name="RuleName">-</Data><Data Name="UtcTime">2026-05-30 15:25:25.928</Data><Data Name="ProcessGuid">{491e8a99-0165-6a1b-bde6-d566885a0000}</Data><Data Name="ProcessId">14668</Data><Data Name="Image">/usr/lib/cargo/bin/coreutils/date</Data><Data Name="FileVersion">-</Data><Data Name="Description">-</Data><Data Name="Product">-</Data><Data Name="Company">-</Data><Data Name="OriginalFileName">-</Data><Data Name="CommandLine">date +%Y-%m-%d %H:%M:%S</Data><Data Name="CurrentDirectory">/home/bunny</Data><Data Name="User">bunny</Data><Data Name="LogonGuid">{491e8a99-0000-0000-e803-000004000000}</Data><Data Name="LogonId">1000</Data><Data Name="TerminalSessionId">21</Data><Data Name="IntegrityLevel">no level</Data><Data Name="Hashes">MD5=2d313ecc9fc058f6e0758abe00c0f6e8,SHA256=48893b0fb21436b54619db80486e83ef39dfccaf1aefe83dfa00c02d6146e8c0</Data><Data Name="ParentProcessGuid">{491e8a99-0165-6a1b-a1b9-659d17620000}</Data><Data Name="ParentProcessId">14645</Data><Data Name="ParentImage">/usr/bin/bash</Data><Data Name="ParentCommandLine">bash</Data><Data Name="ParentUser">bunny</Data></EventData></Event>
May 30 20:55:29 bunny-VirtualBox sysmon[1914]: <Event><System><Provider Name="Linux-Sysmon" Guid="{ff032593-a8d3-4f13-b0d6-01fc615a0f97}"/><EventID>5</EventID><Version>3</Version><Level>4</Level><Task>5</Task><Opcode>0</Opcode><Keywords>0x8000000000000000</Keywords><TimeCreated SystemTime="2026-05-30T15:25:29.506517000Z"/><EventRecordID>14688</EventRecordID><Correlation/><Execution ProcessID="1914" ThreadID="1914"/><Channel>Linux-Sysmon/Operational</Channel><Computer>bunny-VirtualBox</Computer><Security UserId="0"/></System><EventData><Data Name="RuleName">ProcessTerminate</Data><Data Name="UtcTime">2026-05-30 15:25:25.935</Data><Data Name="ProcessGuid">{491e8a99-0165-6a1b-bde6-d566885a0000}</Data><Data Name="ProcessId">14668</Data><Data Name="Image">/usr/lib/cargo/bin/coreutils/date</Data><Data Name="User">bunny</Data></EventData></Event>
May 30 20:55:29 bunny-VirtualBox sysmon[1914]: <Event><System><Provider Name="Linux-Sysmon" Guid="{ff032593-a8d3-4f13-b0d6-01fc615a0f97}"/><EventID>1</EventID><Version>5</Version><Level>4</Level><Task>1</Task><Opcode>0</Opcode><Keywords>0x8000000000000000</Keywords><TimeCreated SystemTime="2026-05-30T15:25:29.530489000Z"/><EventRecordID>14689</EventRecordID><Correlation/><Execution ProcessID="1914" ThreadID="1914"/><Channel>Linux-Sysmon/Operational</Channel><Computer>bunny-VirtualBox</Computer><Security UserId="0"/></System><EventData><Data Name="RuleName">-</Data><Data Name="UtcTime">2026-05-30 15:25:25.936</Data><Data Name="ProcessGuid">{491e8a99-0165-6a1b-bd56-36d2f0610000}</Data><Data Name="ProcessId">14669</Data><Data Name="Image">/usr/lib/cargo/bin/coreutils/date</Data><Data Name="FileVersion">-</Data><Data Name="Description">-</Data><Data Name="Product">-</Data><Data Name="Company">-</Data><Data Name="OriginalFileName">-</Data><Data Name="CommandLine">date +%Y-%m-%d %H:%M:%S</Data><Data Name="CurrentDirectory">/home/bunny</Data><Data Name="User">bunny</Data><Data Name="LogonGuid">{491e8a99-0000-0000-e803-000004000000}</Data><Data Name="LogonId">1000</Data><Data Name="TerminalSessionId">21</Data><Data Name="IntegrityLevel">no level</Data><Data Name="Hashes">MD5=2d313ecc9fc058f6e0758abe00c0f6e8,SHA256=48893b0fb21436b54619db80486e83ef39dfccaf1aefe83dfa00c02d6146e8c0</Data><Data Name="ParentProcessGuid">{491e8a99-0165-6a1b-a1b9-659d17620000}</Data><Data Name="ParentProcessId">14645</Data><Data Name="ParentImage">/usr/bin/bash</Data><Data Name="ParentCommandLine">bash</Data><Data Name="ParentUser">bunny</Data></EventData></Event>
May 30 20:55:29 bunny-VirtualBox sysmon[1914]: <Event><System><Provider Name="Linux-Sysmon" Guid="{ff032593-a8d3-4f13-b0d6-01fc615a0f97}"/><EventID>5</EventID><Version>3</Version><Level>4</Level><Task>5</Task><Opcode>0</Opcode><Keywords>0x8000000000000000</Keywords><TimeCreated SystemTime="2026-05-30T15:25:29.530693000Z"/><EventRecordID>14690</EventRecordID><Correlation/><Execution ProcessID="1914" ThreadID="1914"/><Channel>Linux-Sysmon/Operational</Channel><Computer>bunny-VirtualBox</Computer><Security UserId="0"/></System><EventData><Data Name="RuleName">ProcessTerminate</Data><Data Name="UtcTime">2026-05-30 15:25:25.940</Data><Data Name="ProcessGuid">{491e8a99-0165-6a1b-bd56-36d2f0610000}</Data><Data Name="ProcessId">14669</Data><Data Name="Image">/usr/lib/cargo/bin/coreutils/date</Data><Data Name="User">bunny</Data></EventData></Event>
May 30 20:55:29 bunny-VirtualBox sysmon[1914]: <Event><System><Provider Name="Linux-Sysmon" Guid="{ff032593-a8d3-4f13-b0d6-01fc615a0f97}"/><EventID>5</EventID><Version>3</Version><Level>4</Level><Task>5</Task><Opcode>0</Opcode><Keywords>0x8000000000000000</Keywords><TimeCreated SystemTime="2026-05-30T15:25:29.530727000Z"/><EventRecordID>14691</EventRecordID><Correlation/><Execution ProcessID="1914" ThreadID="1914"/><Channel>Linux-Sysmon/Operational</Channel><Computer>bunny-VirtualBox</Computer><Security UserId="0"/></System><EventData><Data Name="RuleName">ProcessTerminate</Data><Data Name="UtcTime">2026-05-30 15:25:25.941</Data><Data Name="ProcessGuid">{491e8a99-0165-6a1b-a1b9-659d17620000}</Data><Data Name="ProcessId">14645</Data><Data Name="Image">/usr/bin/bash</Data><Data Name="User">bunny</Data></EventData></Event>
May 30 20:55:29 bunny-VirtualBox sysmon[1914]: <Event><System><Provider Name="Linux-Sysmon" Guid="{ff032593-a8d3-4f13-b0d6-01fc615a0f97}"/><EventID>1</EventID><Version>5</Version><Level>4</Level><Task>1</Task><Opcode>0</Opcode><Keywords>0x8000000000000000</Keywords><TimeCreated SystemTime="2026-05-30T15:25:29.530877000Z"/><EventRecordID>14692</EventRecordID><Correlation/><Execution ProcessID="1914" ThreadID="1914"/><Channel>Linux-Sysmon/Operational</Channel><Computer>bunny-VirtualBox</Computer><Security UserId="0"/></System><EventData><Data Name="RuleName">-</Data><Data Name="UtcTime">2026-05-30 15:25:25.942</Data><Data Name="ProcessGuid">{491e8a99-0165-6a1b-b9a2-16d1b8560000}</Data><Data Name="ProcessId">14670</Data><Data Name="Image">/usr/libexec/vte-urlencode-cwd</Data><Data Name="FileVersion">-</Data><Data Name="Description">-</Data><Data Name="Product">-</Data><Data Name="Company">-</Data><Data Name="OriginalFileName">-</Data><Data Name="CommandLine">/usr/libexec/vte-urlencode-cwd</Data><Data Name="CurrentDirectory">/home/bunny</Data><Data Name="User">bunny</Data><Data Name="LogonGuid">{491e8a99-0000-0000-e803-000004000000}</Data><Data Name="LogonId">1000</Data><Data Name="TerminalSessionId">21</Data><Data Name="IntegrityLevel">no level</Data><Data Name="Hashes">MD5=0a8eaf3d8534c4c31b78a3c99f4c06dd,SHA256=f84ab2db1e733a0f4ae51d718f2c78605955145e9e062bf5f173050987950dea</Data><Data Name="ParentProcessGuid">{00000000-0000-0000-0000-000000000000}</Data><Data Name="ParentProcessId">14633</Data><Data Name="ParentImage">-</Data><Data Name="ParentCommandLine">-</Data><Data Name="ParentUser">-</Data></EventData></Event>
