May 30 23:28:08 bunny-VirtualBox sysmon[1914]: <Event><System><Provider Name="Linux-Sysmon" Guid="{ff032593-a8d3-4f13-b0d6-01fc615a0f97}"/><EventID>1</EventID><Version>5</Version><Level>4</Level><Task>1</Task><Opcode>0</Opcode><Keywords>0x8000000000000000</Keywords><TimeCreated SystemTime="2026-05-30T17:58:08.569415000Z"/><EventRecordID>16658</EventRecordID><Correlation/><Execution ProcessID="1914" ThreadID="1914"/><Channel>Linux-Sysmon/Operational</Channel><Computer>bunny-VirtualBox</Computer><Security UserId="0"/></System><EventData><Data Name="RuleName">-</Data><Data Name="UtcTime">2026-05-30 17:58:04.903</Data><Data Name="ProcessGuid">{491e8a99-252c-6a1b-bd66-f37281590000}</Data><Data Name="ProcessId">16873</Data><Data Name="Image">/usr/lib/cargo/bin/coreutils/date</Data><Data Name="FileVersion">-</Data><Data Name="Description">-</Data><Data Name="Product">-</Data><Data Name="Company">-</Data><Data Name="OriginalFileName">-</Data><Data Name="CommandLine">date +%Y-%m-%d %H:%M:%S</Data><Data Name="CurrentDirectory">/home/bunny</Data><Data Name="User">bunny</Data><Data Name="LogonGuid">{491e8a99-0000-0000-e803-000004000000}</Data><Data Name="LogonId">1000</Data><Data Name="TerminalSessionId">21</Data><Data Name="IntegrityLevel">no level</Data><Data Name="Hashes">MD5=2d313ecc9fc058f6e0758abe00c0f6e8,SHA256=48893b0fb21436b54619db80486e83ef39dfccaf1aefe83dfa00c02d6146e8c0</Data><Data Name="ParentProcessGuid">{491e8a99-252c-6a1b-a129-033f355e0000}</Data><Data Name="ParentProcessId">16858</Data><Data Name="ParentImage">/usr/bin/bash</Data><Data Name="ParentCommandLine">/bin/bash</Data><Data Name="ParentUser">bunny</Data></EventData></Event>
May 30 23:28:08 bunny-VirtualBox sysmon[1914]: <Event><System><Provider Name="Linux-Sysmon" Guid="{ff032593-a8d3-4f13-b0d6-01fc615a0f97}"/><EventID>5</EventID><Version>3</Version><Level>4</Level><Task>5</Task><Opcode>0</Opcode><Keywords>0x8000000000000000</Keywords><TimeCreated SystemTime="2026-05-30T17:58:08.570412000Z"/><EventRecordID>16659</EventRecordID><Correlation/><Execution ProcessID="1914" ThreadID="1914"/><Channel>Linux-Sysmon/Operational</Channel><Computer>bunny-VirtualBox</Computer><Security UserId="0"/></System><EventData><Data Name="RuleName">ProcessTerminate</Data><Data Name="UtcTime">2026-05-30 17:58:04.912</Data><Data Name="ProcessGuid">{491e8a99-252c-6a1b-bd66-f37281590000}</Data><Data Name="ProcessId">16873</Data><Data Name="Image">/usr/lib/cargo/bin/coreutils/date</Data><Data Name="User">bunny</Data></EventData></Event>
May 30 23:28:08 bunny-VirtualBox sysmon[1914]: <Event><System><Provider Name="Linux-Sysmon" Guid="{ff032593-a8d3-4f13-b0d6-01fc615a0f97}"/><EventID>1</EventID><Version>5</Version><Level>4</Level><Task>1</Task><Opcode>0</Opcode><Keywords>0x8000000000000000</Keywords><TimeCreated SystemTime="2026-05-30T17:58:08.614991000Z"/><EventRecordID>16660</EventRecordID><Correlation/><Execution ProcessID="1914" ThreadID="1914"/><Channel>Linux-Sysmon/Operational</Channel><Computer>bunny-VirtualBox</Computer><Security UserId="0"/></System><EventData><Data Name="RuleName">-</Data><Data Name="UtcTime">2026-05-30 17:58:04.913</Data><Data Name="ProcessGuid">{491e8a99-252c-6a1b-bd86-0783b0590000}</Data><Data Name="ProcessId">16874</Data><Data Name="Image">/usr/lib/cargo/bin/coreutils/date</Data><Data Name="FileVersion">-</Data><Data Name="Description">-</Data><Data Name="Product">-</Data><Data Name="Company">-</Data><Data Name="OriginalFileName">-</Data><Data Name="CommandLine">date +%Y-%m-%d %H:%M:%S</Data><Data Name="CurrentDirectory">/home/bunny</Data><Data Name="User">bunny</Data><Data Name="LogonGuid">{491e8a99-0000-0000-e803-000004000000}</Data><Data Name="LogonId">1000</Data><Data Name="TerminalSessionId">21</Data><Data Name="IntegrityLevel">no level</Data><Data Name="Hashes">MD5=2d313ecc9fc058f6e0758abe00c0f6e8,SHA256=48893b0fb21436b54619db80486e83ef39dfccaf1aefe83dfa00c02d6146e8c0</Data><Data Name="ParentProcessGuid">{491e8a99-252c-6a1b-a129-033f355e0000}</Data><Data Name="ParentProcessId">16858</Data><Data Name="ParentImage">/usr/bin/bash</Data><Data Name="ParentCommandLine">/bin/bash</Data><Data Name="ParentUser">bunny</Data></EventData></Event>
May 30 23:28:08 bunny-VirtualBox sysmon[1914]: <Event><System><Provider Name="Linux-Sysmon" Guid="{ff032593-a8d3-4f13-b0d6-01fc615a0f97}"/><EventID>5</EventID><Version>3</Version><Level>4</Level><Task>5</Task><Opcode>0</Opcode><Keywords>0x8000000000000000</Keywords><TimeCreated SystemTime="2026-05-30T17:58:08.615483000Z"/><EventRecordID>16661</EventRecordID><Correlation/><Execution ProcessID="1914" ThreadID="1914"/><Channel>Linux-Sysmon/Operational</Channel><Computer>bunny-VirtualBox</Computer><Security UserId="0"/></System><EventData><Data Name="RuleName">ProcessTerminate</Data><Data Name="UtcTime">2026-05-30 17:58:04.921</Data><Data Name="ProcessGuid">{491e8a99-252c-6a1b-bd86-0783b0590000}</Data><Data Name="ProcessId">16874</Data><Data Name="Image">/usr/lib/cargo/bin/coreutils/date</Data><Data Name="User">bunny</Data></EventData></Event>
May 30 23:28:08 bunny-VirtualBox sysmon[1914]: <Event><System><Provider Name="Linux-Sysmon" Guid="{ff032593-a8d3-4f13-b0d6-01fc615a0f97}"/><EventID>1</EventID><Version>5</Version><Level>4</Level><Task>1</Task><Opcode>0</Opcode><Keywords>0x8000000000000000</Keywords><TimeCreated SystemTime="2026-05-30T17:58:08.616927000Z"/><EventRecordID>16662</EventRecordID><Correlation/><Execution ProcessID="1914" ThreadID="1914"/><Channel>Linux-Sysmon/Operational</Channel><Computer>bunny-VirtualBox</Computer><Security UserId="0"/></System><EventData><Data Name="RuleName">-</Data><Data Name="UtcTime">2026-05-30 17:58:04.923</Data><Data Name="ProcessGuid">{491e8a99-252c-6a1b-f9da-b96801640000}</Data><Data Name="ProcessId">16875</Data><Data Name="Image">/usr/bin/curl</Data><Data Name="FileVersion">-</Data><Data Name="Description">-</Data><Data Name="Product">-</Data><Data Name="Company">-</Data><Data Name="OriginalFileName">-</Data><Data Name="CommandLine">curl -s http://127.0.0.1:8080/ping</Data><Data Name="CurrentDirectory">/home/bunny</Data><Data Name="User">bunny</Data><Data Name="LogonGuid">{491e8a99-0000-0000-e803-000004000000}</Data><Data Name="LogonId">1000</Data><Data Name="TerminalSessionId">21</Data><Data Name="IntegrityLevel">no level</Data><Data Name="Hashes">MD5=a4339a556f449e6199132b81fbc95b24,SHA256=7eecf2e84049f1701376b5e450b69a7719ad7ed4031bc326f3634e27af61be6f</Data><Data Name="ParentProcessGuid">{491e8a99-252c-6a1b-a129-033f355e0000}</Data><Data Name="ParentProcessId">16858</Data><Data Name="ParentImage">/usr/bin/bash</Data><Data Name="ParentCommandLine">/bin/bash</Data><Data Name="ParentUser">bunny</Data></EventData></Event>
May 30 23:28:08 bunny-VirtualBox sysmon[1914]: <Event><System><Provider Name="Linux-Sysmon" Guid="{ff032593-a8d3-4f13-b0d6-01fc615a0f97}"/><EventID>5</EventID><Version>3</Version><Level>4</Level><Task>5</Task><Opcode>0</Opcode><Keywords>0x8000000000000000</Keywords><TimeCreated SystemTime="2026-05-30T17:58:08.617202000Z"/><EventRecordID>16663</EventRecordID><Correlation/><Execution ProcessID="1914" ThreadID="1914"/><Channel>Linux-Sysmon/Operational</Channel><Computer>bunny-VirtualBox</Computer><Security UserId="0"/></System><EventData><Data Name="RuleName">ProcessTerminate</Data><Data Name="UtcTime">2026-05-30 17:58:04.976</Data><Data Name="ProcessGuid">{491e8a99-252c-6a1b-f9da-b96801640000}</Data><Data Name="ProcessId">16875</Data><Data Name="Image">/usr/bin/curl</Data><Data Name="User">bunny</Data></EventData></Event>
May 30 23:28:08 bunny-VirtualBox sysmon[1914]: <Event><System><Provider Name="Linux-Sysmon" Guid="{ff032593-a8d3-4f13-b0d6-01fc615a0f97}"/><EventID>1</EventID><Version>5</Version><Level>4</Level><Task>1</Task><Opcode>0</Opcode><Keywords>0x8000000000000000</Keywords><TimeCreated SystemTime="2026-05-30T17:58:08.654534000Z"/><EventRecordID>16664</EventRecordID><Correlation/><Execution ProcessID="1914" ThreadID="1914"/><Channel>Linux-Sysmon/Operational</Channel><Computer>bunny-VirtualBox</Computer><Security UserId="0"/></System><EventData><Data Name="RuleName">-</Data><Data Name="UtcTime">2026-05-30 17:58:04.977</Data><Data Name="ProcessGuid">{491e8a99-252c-6a1b-bd26-bb5ef35b0000}</Data><Data Name="ProcessId">16877</Data><Data Name="Image">/usr/lib/cargo/bin/coreutils/date</Data><Data Name="FileVersion">-</Data><Data Name="Description">-</Data><Data Name="Product">-</Data><Data Name="Company">-</Data><Data Name="OriginalFileName">-</Data><Data Name="CommandLine">date +%Y-%m-%d %H:%M:%S</Data><Data Name="CurrentDirectory">/home/bunny</Data><Data Name="User">bunny</Data><Data Name="LogonGuid">{491e8a99-0000-0000-e803-000004000000}</Data><Data Name="LogonId">1000</Data><Data Name="TerminalSessionId">21</Data><Data Name="IntegrityLevel">no level</Data><Data Name="Hashes">MD5=2d313ecc9fc058f6e0758abe00c0f6e8,SHA256=48893b0fb21436b54619db80486e83ef39dfccaf1aefe83dfa00c02d6146e8c0</Data><Data Name="ParentProcessGuid">{491e8a99-252c-6a1b-a129-033f355e0000}</Data><Data Name="ParentProcessId">16858</Data><Data Name="ParentImage">/usr/bin/bash</Data><Data Name="ParentCommandLine">/bin/bash</Data><Data Name="ParentUser">bunny</Data></EventData></Event>
May 30 23:28:08 bunny-VirtualBox sysmon[1914]: <Event><System><Provider Name="Linux-Sysmon" Guid="{ff032593-a8d3-4f13-b0d6-01fc615a0f97}"/><EventID>5</EventID><Version>3</Version><Level>4</Level><Task>5</Task><Opcode>0</Opcode><Keywords>0x8000000000000000</Keywords><TimeCreated SystemTime="2026-05-30T17:58:08.654878000Z"/><EventRecordID>16665</EventRecordID><Correlation/><Execution ProcessID="1914" ThreadID="1914"/><Channel>Linux-Sysmon/Operational</Channel><Computer>bunny-VirtualBox</Computer><Security UserId="0"/></System><EventData><Data Name="RuleName">ProcessTerminate</Data><Data Name="UtcTime">2026-05-30 17:58:04.986</Data><Data Name="ProcessGuid">{491e8a99-252c-6a1b-bd26-bb5ef35b0000}</Data><Data Name="ProcessId">16877</Data><Data Name="Image">/usr/lib/cargo/bin/coreutils/date</Data><Data Name="User">bunny</Data></EventData></Event>
May 30 23:28:08 bunny-VirtualBox sysmon[1914]: <Event><System><Provider Name="Linux-Sysmon" Guid="{ff032593-a8d3-4f13-b0d6-01fc615a0f97}"/><EventID>1</EventID><Version>5</Version><Level>4</Level><Task>1</Task><Opcode>0</Opcode><Keywords>0x8000000000000000</Keywords><TimeCreated SystemTime="2026-05-30T17:58:08.691770000Z"/><EventRecordID>16666</EventRecordID><Correlation/><Execution ProcessID="1914" ThreadID="1914"/><Channel>Linux-Sysmon/Operational</Channel><Computer>bunny-VirtualBox</Computer><Security UserId="0"/></System><EventData><Data Name="RuleName">-</Data><Data Name="UtcTime">2026-05-30 17:58:04.988</Data><Data Name="ProcessGuid">{491e8a99-252c-6a1b-bd46-2c4ea25b0000}</Data><Data Name="ProcessId">16878</Data><Data Name="Image">/usr/lib/cargo/bin/coreutils/date</Data><Data Name="FileVersion">-</Data><Data Name="Description">-</Data><Data Name="Product">-</Data><Data Name="Company">-</Data><Data Name="OriginalFileName">-</Data><Data Name="CommandLine">date +%Y-%m-%d %H:%M:%S</Data><Data Name="CurrentDirectory">/home/bunny</Data><Data Name="User">bunny</Data><Data Name="LogonGuid">{491e8a99-0000-0000-e803-000004000000}</Data><Data Name="LogonId">1000</Data><Data Name="TerminalSessionId">21</Data><Data Name="IntegrityLevel">no level</Data><Data Name="Hashes">MD5=2d313ecc9fc058f6e0758abe00c0f6e8,SHA256=48893b0fb21436b54619db80486e83ef39dfccaf1aefe83dfa00c02d6146e8c0</Data><Data Name="ParentProcessGuid">{491e8a99-252c-6a1b-a129-033f355e0000}</Data><Data Name="ParentProcessId">16858</Data><Data Name="ParentImage">/usr/bin/bash</Data><Data Name="ParentCommandLine">/bin/bash</Data><Data Name="ParentUser">bunny</Data></EventData></Event>
May 30 23:28:08 bunny-VirtualBox sysmon[1914]: <Event><System><Provider Name="Linux-Sysmon" Guid="{ff032593-a8d3-4f13-b0d6-01fc615a0f97}"/><EventID>5</EventID><Version>3</Version><Level>4</Level><Task>5</Task><Opcode>0</Opcode><Keywords>0x8000000000000000</Keywords><TimeCreated SystemTime="2026-05-30T17:58:08.692259000Z"/><EventRecordID>16667</EventRecordID><Correlation/><Execution ProcessID="1914" ThreadID="1914"/><Channel>Linux-Sysmon/Operational</Channel><Computer>bunny-VirtualBox</Computer><Security UserId="0"/></System><EventData><Data Name="RuleName">ProcessTerminate</Data><Data Name="UtcTime">2026-05-30 17:58:05.000</Data><Data Name="ProcessGuid">{491e8a99-252c-6a1b-bd46-2c4ea25b0000}</Data><Data Name="ProcessId">16878</Data><Data Name="Image">/usr/lib/cargo/bin/coreutils/date</Data><Data Name="User">bunny</Data></EventData></Event>
May 30 23:28:08 bunny-VirtualBox sysmon[1914]: <Event><System><Provider Name="Linux-Sysmon" Guid="{ff032593-a8d3-4f13-b0d6-01fc615a0f97}"/><EventID>5</EventID><Version>3</Version><Level>4</Level><Task>5</Task><Opcode>0</Opcode><Keywords>0x8000000000000000</Keywords><TimeCreated SystemTime="2026-05-30T17:58:08.692320000Z"/><EventRecordID>16668</EventRecordID><Correlation/><Execution ProcessID="1914" ThreadID="1914"/><Channel>Linux-Sysmon/Operational</Channel><Computer>bunny-VirtualBox</Computer><Security UserId="0"/></System><EventData><Data Name="RuleName">ProcessTerminate</Data><Data Name="UtcTime">2026-05-30 17:58:05.002</Data><Data Name="ProcessGuid">{491e8a99-252c-6a1b-a129-033f355e0000}</Data><Data Name="ProcessId">16858</Data><Data Name="Image">/usr/bin/bash</Data><Data Name="User">bunny</Data></EventData></Event>
May 30 23:28:08 bunny-VirtualBox sysmon[1914]: <Event><System><Provider Name="Linux-Sysmon" Guid="{ff032593-a8d3-4f13-b0d6-01fc615a0f97}"/><EventID>1</EventID><Version>5</Version><Level>4</Level><Task>1</Task><Opcode>0</Opcode><Keywords>0x8000000000000000</Keywords><TimeCreated SystemTime="2026-05-30T17:58:08.692498000Z"/><EventRecordID>16669</EventRecordID><Correlation/><Execution ProcessID="1914" ThreadID="1914"/><Channel>Linux-Sysmon/Operational</Channel><Computer>bunny-VirtualBox</Computer><Security UserId="0"/></System><EventData><Data Name="RuleName">-</Data><Data Name="UtcTime">2026-05-30 17:58:05.003</Data><Data Name="ProcessGuid">{491e8a99-252d-6a1b-b942-0cc71a580000}</Data><Data Name="ProcessId">16879</Data><Data Name="Image">/usr/libexec/vte-urlencode-cwd</Data><Data Name="FileVersion">-</Data><Data Name="Description">-</Data><Data Name="Product">-</Data><Data Name="Company">-</Data><Data Name="OriginalFileName">-</Data><Data Name="CommandLine">/usr/libexec/vte-urlencode-cwd</Data><Data Name="CurrentDirectory">/home/bunny</Data><Data Name="User">bunny</Data><Data Name="LogonGuid">{491e8a99-0000-0000-e803-000004000000}</Data><Data Name="LogonId">1000</Data><Data Name="TerminalSessionId">21</Data><Data Name="IntegrityLevel">no level</Data><Data Name="Hashes">MD5=0a8eaf3d8534c4c31b78a3c99f4c06dd,SHA256=f84ab2db1e733a0f4ae51d718f2c78605955145e9e062bf5f173050987950dea</Data><Data Name="ParentProcessGuid">{00000000-0000-0000-0000-000000000000}</Data><Data Name="ParentProcessId">14633</Data><Data Name="ParentImage">-</Data><Data Name="ParentCommandLine">-</Data><Data Name="ParentUser">-</Data></EventData></Event>
May 30 23:28:08 bunny-VirtualBox sysmon[1914]: <Event><System><Provider Name="Linux-Sysmon" Guid="{ff032593-a8d3-4f13-b0d6-01fc615a0f97}"/><EventID>5</EventID><Version>3</Version><Level>4</Level><Task>5</Task><Opcode>0</Opcode><Keywords>0x8000000000000000</Keywords><TimeCreated SystemTime="2026-05-30T17:58:08.692540000Z"/><EventRecordID>16670</EventRecordID><Correlation/><Execution ProcessID="1914" ThreadID="1914"/><Channel>Linux-Sysmon/Operational</Channel><Computer>bunny-VirtualBox</Computer><Security UserId="0"/></System><EventData><Data Name="RuleName">ProcessTerminate</Data><Data Name="UtcTime">2026-05-30 17:58:05.007</Data><Data Name="ProcessGuid">{491e8a99-252d-6a1b-b942-0cc71a580000}</Data><Data Name="ProcessId">16879</Data><Data Name="Image">/usr/libexec/vte-urlencode-cwd</Data><Data Name="User">bunny</Data></EventData></Event>
May 30 23:28:24 bunny-VirtualBox sysmon[1914]: <Event><System><Provider Name="Linux-Sysmon" Guid="{ff032593-a8d3-4f13-b0d6-01fc615a0f97}"/><EventID>1</EventID><Version>5</Version><Level>4</Level><Task>1</Task><Opcode>0</Opcode><Keywords>0x8000000000000000</Keywords><TimeCreated SystemTime="2026-05-30T17:58:24.173101000Z"/><EventRecordID>16671</EventRecordID><Correlation/><Execution ProcessID="1914" ThreadID="1914"/><Channel>Linux-Sysmon/Operational</Channel><Computer>bunny-VirtualBox</Computer><Security UserId="0"/></System><EventData><Data Name="RuleName">-</Data><Data Name="UtcTime">2026-05-30 17:58:20.818</Data><Data Name="ProcessGuid">{491e8a99-253c-6a1b-bd16-83d9255f0000}</Data><Data Name="ProcessId">16880</Data><Data Name="Image">/usr/lib/cargo/bin/coreutils/ls</Data><Data Name="FileVersion">-</Data><Data Name="Description">-</Data><Data Name="Product">-</Data><Data Name="Company">-</Data><Data Name="OriginalFileName">-</Data><Data Name="CommandLine">ls --color=auto -la /tmp/.enc_exec_marker</Data><Data Name="CurrentDirectory">/home/bunny</Data><Data Name="User">bunny</Data><Data Name="LogonGuid">{491e8a99-0000-0000-e803-000004000000}</Data><Data Name="LogonId">1000</Data><Data Name="TerminalSessionId">21</Data><Data Name="IntegrityLevel">no level</Data><Data Name="Hashes">MD5=2d313ecc9fc058f6e0758abe00c0f6e8,SHA256=48893b0fb21436b54619db80486e83ef39dfccaf1aefe83dfa00c02d6146e8c0</Data><Data Name="ParentProcessGuid">{00000000-0000-0000-0000-000000000000}</Data><Data Name="ParentProcessId">14633</Data><Data Name="ParentImage">-</Data><Data Name="ParentCommandLine">-</Data><Data Name="ParentUser">-</Data></EventData></Event>
May 30 23:28:24 bunny-VirtualBox sysmon[1914]: <Event><System><Provider Name="Linux-Sysmon" Guid="{ff032593-a8d3-4f13-b0d6-01fc615a0f97}"/><EventID>5</EventID><Version>3</Version><Level>4</Level><Task>5</Task><Opcode>0</Opcode><Keywords>0x8000000000000000</Keywords><TimeCreated SystemTime="2026-05-30T17:58:24.173574000Z"/><EventRecordID>16672</EventRecordID><Correlation/><Execution ProcessID="1914" ThreadID="1914"/><Channel>Linux-Sysmon/Operational</Channel><Computer>bunny-VirtualBox</Computer><Security UserId="0"/></System><EventData><Data Name="RuleName">ProcessTerminate</Data><Data Name="UtcTime">2026-05-30 17:58:20.836</Data><Data Name="ProcessGuid">{491e8a99-253c-6a1b-bd16-83d9255f0000}</Data><Data Name="ProcessId">16880</Data><Data Name="Image">/usr/lib/cargo/bin/coreutils/ls</Data><Data Name="User">bunny</Data></EventData></Event>
May 30 23:28:24 bunny-VirtualBox sysmon[1914]: <Event><System><Provider Name="Linux-Sysmon" Guid="{ff032593-a8d3-4f13-b0d6-01fc615a0f97}"/><EventID>1</EventID><Version>5</Version><Level>4</Level><Task>1</Task><Opcode>0</Opcode><Keywords>0x8000000000000000</Keywords><TimeCreated SystemTime="2026-05-30T17:58:24.174091000Z"/><EventRecordID>16673</EventRecordID><Correlation/><Execution ProcessID="1914" ThreadID="1914"/><Channel>Linux-Sysmon/Operational</Channel><Computer>bunny-VirtualBox</Computer><Security UserId="0"/></System><EventData><Data Name="RuleName">-</Data><Data Name="UtcTime">2026-05-30 17:58:20.839</Data><Data Name="ProcessGuid">{491e8a99-253c-6a1b-b992-fa1699640000}</Data><Data Name="ProcessId">16881</Data><Data Name="Image">/usr/libexec/vte-urlencode-cwd</Data><Data Name="FileVersion">-</Data><Data Name="Description">-</Data><Data Name="Product">-</Data><Data Name="Company">-</Data><Data Name="OriginalFileName">-</Data><Data Name="CommandLine">/usr/libexec/vte-urlencode-cwd</Data><Data Name="CurrentDirectory">/home/bunny</Data><Data Name="User">bunny</Data><Data Name="LogonGuid">{491e8a99-0000-0000-e803-000004000000}</Data><Data Name="LogonId">1000</Data><Data Name="TerminalSessionId">21</Data><Data Name="IntegrityLevel">no level</Data><Data Name="Hashes">MD5=0a8eaf3d8534c4c31b78a3c99f4c06dd,SHA256=f84ab2db1e733a0f4ae51d718f2c78605955145e9e062bf5f173050987950dea</Data><Data Name="ParentProcessGuid">{00000000-0000-0000-0000-000000000000}</Data><Data Name="ParentProcessId">14633</Data><Data Name="ParentImage">-</Data><Data Name="ParentCommandLine">-</Data><Data Name="ParentUser">-</Data></EventData></Event>
May 30 23:28:24 bunny-VirtualBox sysmon[1914]: <Event><System><Provider Name="Linux-Sysmon" Guid="{ff032593-a8d3-4f13-b0d6-01fc615a0f97}"/><EventID>5</EventID><Version>3</Version><Level>4</Level><Task>5</Task><Opcode>0</Opcode><Keywords>0x8000000000000000</Keywords><TimeCreated SystemTime="2026-05-30T17:58:24.174166000Z"/><EventRecordID>16674</EventRecordID><Correlation/><Execution ProcessID="1914" ThreadID="1914"/><Channel>Linux-Sysmon/Operational</Channel><Computer>bunny-VirtualBox</Computer><Security UserId="0"/></System><EventData><Data Name="RuleName">ProcessTerminate</Data><Data Name="UtcTime">2026-05-30 17:58:20.844</Data><Data Name="ProcessGuid">{491e8a99-253c-6a1b-b992-fa1699640000}</Data><Data Name="ProcessId">16881</Data><Data Name="Image">/usr/libexec/vte-urlencode-cwd</Data><Data Name="User">bunny</Data></EventData></Event>

