May 30 23:18:25 bunny-VirtualBox sysmon[1914]: <Event><System><Provider Name="Linux-Sysmon" Guid="{ff032593-a8d3-4f13-b0d6-01fc615a0f97}"/><EventID>1</EventID><Version>5</Version><Level>4</Level><Task>1</Task><Opcode>0</Opcode><Keywords>0x8000000000000000</Keywords><TimeCreated SystemTime="2026-05-30T17:48:25.067531000Z"/><EventRecordID>16533</EventRecordID><Correlation/><Execution ProcessID="1914" ThreadID="1914"/><Channel>Linux-Sysmon/Operational</Channel><Computer>bunny-VirtualBox</Computer><Security UserId="0"/></System><EventData><Data Name="RuleName">-</Data><Data Name="UtcTime">2026-05-30 17:48:21.704</Data><Data Name="ProcessGuid">{491e8a99-22e5-6a1b-bd76-5b1df2630000}</Data><Data Name="ProcessId">16709</Data><Data Name="Image">/usr/lib/cargo/bin/coreutils/base64</Data><Data Name="FileVersion">-</Data><Data Name="Description">-</Data><Data Name="Product">-</Data><Data Name="Company">-</Data><Data Name="OriginalFileName">-</Data><Data Name="CommandLine">base64 -d</Data><Data Name="CurrentDirectory">/home/bunny</Data><Data Name="User">bunny</Data><Data Name="LogonGuid">{491e8a99-0000-0000-e803-000004000000}</Data><Data Name="LogonId">1000</Data><Data Name="TerminalSessionId">21</Data><Data Name="IntegrityLevel">no level</Data><Data Name="Hashes">MD5=2d313ecc9fc058f6e0758abe00c0f6e8,SHA256=48893b0fb21436b54619db80486e83ef39dfccaf1aefe83dfa00c02d6146e8c0</Data><Data Name="ParentProcessGuid">{00000000-0000-0000-0000-000000000000}</Data><Data Name="ParentProcessId">14633</Data><Data Name="ParentImage">-</Data><Data Name="ParentCommandLine">-</Data><Data Name="ParentUser">-</Data></EventData></Event>
May 30 23:18:25 bunny-VirtualBox sysmon[1914]: <Event><System><Provider Name="Linux-Sysmon" Guid="{ff032593-a8d3-4f13-b0d6-01fc615a0f97}"/><EventID>1</EventID><Version>5</Version><Level>4</Level><Task>1</Task><Opcode>0</Opcode><Keywords>0x8000000000000000</Keywords><TimeCreated SystemTime="2026-05-30T17:48:25.111733000Z"/><EventRecordID>16534</EventRecordID><Correlation/><Execution ProcessID="1914" ThreadID="1914"/><Channel>Linux-Sysmon/Operational</Channel><Computer>bunny-VirtualBox</Computer><Security UserId="0"/></System><EventData><Data Name="RuleName">-</Data><Data Name="UtcTime">2026-05-30 17:48:21.703</Data><Data Name="ProcessGuid">{491e8a99-22e5-6a1b-bda6-62840a590000}</Data><Data Name="ProcessId">16708</Data><Data Name="Image">/usr/lib/cargo/bin/coreutils/cat</Data><Data Name="FileVersion">-</Data><Data Name="Description">-</Data><Data Name="Product">-</Data><Data Name="Company">-</Data><Data Name="OriginalFileName">-</Data><Data Name="CommandLine">cat /home/bunny/Detection-Engineering-Lab/scenarios/encoded-command-execution/encoded_payload.txt</Data><Data Name="CurrentDirectory">/home/bunny</Data><Data Name="User">bunny</Data><Data Name="LogonGuid">{491e8a99-0000-0000-e803-000004000000}</Data><Data Name="LogonId">1000</Data><Data Name="TerminalSessionId">21</Data><Data Name="IntegrityLevel">no level</Data><Data Name="Hashes">MD5=2d313ecc9fc058f6e0758abe00c0f6e8,SHA256=48893b0fb21436b54619db80486e83ef39dfccaf1aefe83dfa00c02d6146e8c0</Data><Data Name="ParentProcessGuid">{00000000-0000-0000-0000-000000000000}</Data><Data Name="ParentProcessId">14633</Data><Data Name="ParentImage">-</Data><Data Name="ParentCommandLine">-</Data><Data Name="ParentUser">-</Data></EventData></Event>
May 30 23:18:25 bunny-VirtualBox sysmon[1914]: <Event><System><Provider Name="Linux-Sysmon" Guid="{ff032593-a8d3-4f13-b0d6-01fc615a0f97}"/><EventID>5</EventID><Version>3</Version><Level>4</Level><Task>5</Task><Opcode>0</Opcode><Keywords>0x8000000000000000</Keywords><TimeCreated SystemTime="2026-05-30T17:48:25.112914000Z"/><EventRecordID>16535</EventRecordID><Correlation/><Execution ProcessID="1914" ThreadID="1914"/><Channel>Linux-Sysmon/Operational</Channel><Computer>bunny-VirtualBox</Computer><Security UserId="0"/></System><EventData><Data Name="RuleName">ProcessTerminate</Data><Data Name="UtcTime">2026-05-30 17:48:21.730</Data><Data Name="ProcessGuid">{491e8a99-22e5-6a1b-bda6-62840a590000}</Data><Data Name="ProcessId">16708</Data><Data Name="Image">/usr/lib/cargo/bin/coreutils/cat</Data><Data Name="User">bunny</Data></EventData></Event>
May 30 23:18:25 bunny-VirtualBox sysmon[1914]: <Event><System><Provider Name="Linux-Sysmon" Guid="{ff032593-a8d3-4f13-b0d6-01fc615a0f97}"/><EventID>5</EventID><Version>3</Version><Level>4</Level><Task>5</Task><Opcode>0</Opcode><Keywords>0x8000000000000000</Keywords><TimeCreated SystemTime="2026-05-30T17:48:25.113029000Z"/><EventRecordID>16536</EventRecordID><Correlation/><Execution ProcessID="1914" ThreadID="1914"/><Channel>Linux-Sysmon/Operational</Channel><Computer>bunny-VirtualBox</Computer><Security UserId="0"/></System><EventData><Data Name="RuleName">ProcessTerminate</Data><Data Name="UtcTime">2026-05-30 17:48:21.734</Data><Data Name="ProcessGuid">{491e8a99-22e5-6a1b-bd76-5b1df2630000}</Data><Data Name="ProcessId">16709</Data><Data Name="Image">/usr/lib/cargo/bin/coreutils/base64</Data><Data Name="User">bunny</Data></EventData></Event>
May 30 23:18:25 bunny-VirtualBox sysmon[1914]: <Event><System><Provider Name="Linux-Sysmon" Guid="{ff032593-a8d3-4f13-b0d6-01fc615a0f97}"/><EventID>1</EventID><Version>5</Version><Level>4</Level><Task>1</Task><Opcode>0</Opcode><Keywords>0x8000000000000000</Keywords><TimeCreated SystemTime="2026-05-30T17:48:25.113297000Z"/><EventRecordID>16537</EventRecordID><Correlation/><Execution ProcessID="1914" ThreadID="1914"/><Channel>Linux-Sysmon/Operational</Channel><Computer>bunny-VirtualBox</Computer><Security UserId="0"/></System><EventData><Data Name="RuleName">-</Data><Data Name="UtcTime">2026-05-30 17:48:21.742</Data><Data Name="ProcessGuid">{491e8a99-22e5-6a1b-b9d2-30d930620000}</Data><Data Name="ProcessId">16713</Data><Data Name="Image">/usr/libexec/vte-urlencode-cwd</Data><Data Name="FileVersion">-</Data><Data Name="Description">-</Data><Data Name="Product">-</Data><Data Name="Company">-</Data><Data Name="OriginalFileName">-</Data><Data Name="CommandLine">/usr/libexec/vte-urlencode-cwd</Data><Data Name="CurrentDirectory">/home/bunny</Data><Data Name="User">bunny</Data><Data Name="LogonGuid">{491e8a99-0000-0000-e803-000004000000}</Data><Data Name="LogonId">1000</Data><Data Name="TerminalSessionId">21</Data><Data Name="IntegrityLevel">no level</Data><Data Name="Hashes">MD5=0a8eaf3d8534c4c31b78a3c99f4c06dd,SHA256=f84ab2db1e733a0f4ae51d718f2c78605955145e9e062bf5f173050987950dea</Data><Data Name="ParentProcessGuid">{00000000-0000-0000-0000-000000000000}</Data><Data Name="ParentProcessId">14633</Data><Data Name="ParentImage">-</Data><Data Name="ParentCommandLine">-</Data><Data Name="ParentUser">-</Data></EventData></Event>
May 30 23:18:25 bunny-VirtualBox sysmon[1914]: <Event><System><Provider Name="Linux-Sysmon" Guid="{ff032593-a8d3-4f13-b0d6-01fc615a0f97}"/><EventID>5</EventID><Version>3</Version><Level>4</Level><Task>5</Task><Opcode>0</Opcode><Keywords>0x8000000000000000</Keywords><TimeCreated SystemTime="2026-05-30T17:48:25.113908000Z"/><EventRecordID>16538</EventRecordID><Correlation/><Execution ProcessID="1914" ThreadID="1914"/><Channel>Linux-Sysmon/Operational</Channel><Computer>bunny-VirtualBox</Computer><Security UserId="0"/></System><EventData><Data Name="RuleName">ProcessTerminate</Data><Data Name="UtcTime">2026-05-30 17:48:21.764</Data><Data Name="ProcessGuid">{491e8a99-22e5-6a1b-b9d2-30d930620000}</Data><Data Name="ProcessId">16713</Data><Data Name="Image">/usr/libexec/vte-urlencode-cwd</Data><Data Name="User">bunny</Data></EventData></Event>
May 30 23:18:33 bunny-VirtualBox sysmon[1914]: <Event><System><Provider Name="Linux-Sysmon" Guid="{ff032593-a8d3-4f13-b0d6-01fc615a0f97}"/><EventID>1</EventID><Version>5</Version><Level>4</Level><Task>1</Task><Opcode>0</Opcode><Keywords>0x8000000000000000</Keywords><TimeCreated SystemTime="2026-05-30T17:48:33.833779000Z"/><EventRecordID>16539</EventRecordID><Correlation/><Execution ProcessID="1914" ThreadID="1914"/><Channel>Linux-Sysmon/Operational</Channel><Computer>bunny-VirtualBox</Computer><Security UserId="0"/></System><EventData><Data Name="RuleName">-</Data><Data Name="UtcTime">2026-05-30 17:48:30.462</Data><Data Name="ProcessGuid">{491e8a99-22ee-6a1b-bd76-ece01a630000}</Data><Data Name="ProcessId">16715</Data><Data Name="Image">/usr/lib/cargo/bin/coreutils/ls</Data><Data Name="FileVersion">-</Data><Data Name="Description">-</Data><Data Name="Product">-</Data><Data Name="Company">-</Data><Data Name="OriginalFileName">-</Data><Data Name="CommandLine">ls --color=auto -la /tmp/payload.sh</Data><Data Name="CurrentDirectory">/home/bunny</Data><Data Name="User">bunny</Data><Data Name="LogonGuid">{491e8a99-0000-0000-e803-000004000000}</Data><Data Name="LogonId">1000</Data><Data Name="TerminalSessionId">21</Data><Data Name="IntegrityLevel">no level</Data><Data Name="Hashes">MD5=2d313ecc9fc058f6e0758abe00c0f6e8,SHA256=48893b0fb21436b54619db80486e83ef39dfccaf1aefe83dfa00c02d6146e8c0</Data><Data Name="ParentProcessGuid">{00000000-0000-0000-0000-000000000000}</Data><Data Name="ParentProcessId">14633</Data><Data Name="ParentImage">-</Data><Data Name="ParentCommandLine">-</Data><Data Name="ParentUser">-</Data></EventData></Event>
May 30 23:18:33 bunny-VirtualBox sysmon[1914]: <Event><System><Provider Name="Linux-Sysmon" Guid="{ff032593-a8d3-4f13-b0d6-01fc615a0f97}"/><EventID>5</EventID><Version>3</Version><Level>4</Level><Task>5</Task><Opcode>0</Opcode><Keywords>0x8000000000000000</Keywords><TimeCreated SystemTime="2026-05-30T17:48:33.835927000Z"/><EventRecordID>16540</EventRecordID><Correlation/><Execution ProcessID="1914" ThreadID="1914"/><Channel>Linux-Sysmon/Operational</Channel><Computer>bunny-VirtualBox</Computer><Security UserId="0"/></System><EventData><Data Name="RuleName">ProcessTerminate</Data><Data Name="UtcTime">2026-05-30 17:48:30.510</Data><Data Name="ProcessGuid">{491e8a99-22ee-6a1b-bd76-ece01a630000}</Data><Data Name="ProcessId">16715</Data><Data Name="Image">/usr/lib/cargo/bin/coreutils/ls</Data><Data Name="User">bunny</Data></EventData></Event>
May 30 23:18:33 bunny-VirtualBox sysmon[1914]: <Event><System><Provider Name="Linux-Sysmon" Guid="{ff032593-a8d3-4f13-b0d6-01fc615a0f97}"/><EventID>1</EventID><Version>5</Version><Level>4</Level><Task>1</Task><Opcode>0</Opcode><Keywords>0x8000000000000000</Keywords><TimeCreated SystemTime="2026-05-30T17:48:33.838867000Z"/><EventRecordID>16541</EventRecordID><Correlation/><Execution ProcessID="1914" ThreadID="1914"/><Channel>Linux-Sysmon/Operational</Channel><Computer>bunny-VirtualBox</Computer><Security UserId="0"/></System><EventData><Data Name="RuleName">-</Data><Data Name="UtcTime">2026-05-30 17:48:30.515</Data><Data Name="ProcessGuid">{491e8a99-22ee-6a1b-b952-afe388600000}</Data><Data Name="ProcessId">16716</Data><Data Name="Image">/usr/libexec/vte-urlencode-cwd</Data><Data Name="FileVersion">-</Data><Data Name="Description">-</Data><Data Name="Product">-</Data><Data Name="Company">-</Data><Data Name="OriginalFileName">-</Data><Data Name="CommandLine">/usr/libexec/vte-urlencode-cwd</Data><Data Name="CurrentDirectory">/home/bunny</Data><Data Name="User">bunny</Data><Data Name="LogonGuid">{491e8a99-0000-0000-e803-000004000000}</Data><Data Name="LogonId">1000</Data><Data Name="TerminalSessionId">21</Data><Data Name="IntegrityLevel">no level</Data><Data Name="Hashes">MD5=0a8eaf3d8534c4c31b78a3c99f4c06dd,SHA256=f84ab2db1e733a0f4ae51d718f2c78605955145e9e062bf5f173050987950dea</Data><Data Name="ParentProcessGuid">{00000000-0000-0000-0000-000000000000}</Data><Data Name="ParentProcessId">14633</Data><Data Name="ParentImage">-</Data><Data Name="ParentCommandLine">-</Data><Data Name="ParentUser">-</Data></EventData></Event>
May 30 23:28:08 bunny-VirtualBox sysmon[1914]: <Event><System><Provider Name="Linux-Sysmon" Guid="{ff032593-a8d3-4f13-b0d6-01fc615a0f97}"/><EventID>1</EventID><Version>5</Version><Level>4</Level><Task>1</Task><Opcode>0</Opcode><Keywords>0x8000000000000000</Keywords><TimeCreated SystemTime="2026-05-30T17:58:08.003720000Z"/><EventRecordID>16629</EventRecordID><Correlation/><Execution ProcessID="1914" ThreadID="1914"/><Channel>Linux-Sysmon/Operational</Channel><Computer>bunny-VirtualBox</Computer><Security UserId="0"/></System><EventData><Data Name="RuleName">-</Data><Data Name="UtcTime">2026-05-30 17:58:04.698</Data><Data Name="ProcessGuid">{491e8a99-252c-6a1b-a129-033f355e0000}</Data><Data Name="ProcessId">16858</Data><Data Name="Image">/usr/bin/bash</Data><Data Name="FileVersion">-</Data><Data Name="Description">-</Data><Data Name="Product">-</Data><Data Name="Company">-</Data><Data Name="OriginalFileName">-</Data><Data Name="CommandLine">/bin/bash /tmp/payload.sh</Data><Data Name="CurrentDirectory">/home/bunny</Data><Data Name="User">bunny</Data><Data Name="LogonGuid">{491e8a99-0000-0000-e803-000004000000}</Data><Data Name="LogonId">1000</Data><Data Name="TerminalSessionId">21</Data><Data Name="IntegrityLevel">no level</Data><Data Name="Hashes">MD5=28ca14308acd431aba3a2e17998191a6,SHA256=3efccc187bafa75ff1e37d246270ab3e7aa559f242c7a52bf3ec2a1b5450bdbd</Data><Data Name="ParentProcessGuid">{00000000-0000-0000-0000-000000000000}</Data><Data Name="ParentProcessId">14633</Data><Data Name="ParentImage">-</Data><Data Name="ParentCommandLine">-</Data><Data Name="ParentUser">-</Data></EventData></Event>
May 30 23:28:08 bunny-VirtualBox sysmon[1914]: <Event><System><Provider Name="Linux-Sysmon" Guid="{ff032593-a8d3-4f13-b0d6-01fc615a0f97}"/><EventID>1</EventID><Version>5</Version><Level>4</Level><Task>1</Task><Opcode>0</Opcode><Keywords>0x8000000000000000</Keywords><TimeCreated SystemTime="2026-05-30T17:58:08.056597000Z"/><EventRecordID>16630</EventRecordID><Correlation/><Execution ProcessID="1914" ThreadID="1914"/><Channel>Linux-Sysmon/Operational</Channel><Computer>bunny-VirtualBox</Computer><Security UserId="0"/></System><EventData><Data Name="RuleName">-</Data><Data Name="UtcTime">2026-05-30 17:58:04.714</Data><Data Name="ProcessGuid">{491e8a99-252c-6a1b-bd86-d4f14e650000}</Data><Data Name="ProcessId">16859</Data><Data Name="Image">/usr/lib/cargo/bin/coreutils/date</Data><Data Name="FileVersion">-</Data><Data Name="Description">-</Data><Data Name="Product">-</Data><Data Name="Company">-</Data><Data Name="OriginalFileName">-</Data><Data Name="CommandLine">date +%Y-%m-%d %H:%M:%S</Data><Data Name="CurrentDirectory">/home/bunny</Data><Data Name="User">bunny</Data><Data Name="LogonGuid">{491e8a99-0000-0000-e803-000004000000}</Data><Data Name="LogonId">1000</Data><Data Name="TerminalSessionId">21</Data><Data Name="IntegrityLevel">no level</Data><Data Name="Hashes">MD5=2d313ecc9fc058f6e0758abe00c0f6e8,SHA256=48893b0fb21436b54619db80486e83ef39dfccaf1aefe83dfa00c02d6146e8c0</Data><Data Name="ParentProcessGuid">{491e8a99-252c-6a1b-a129-033f355e0000}</Data><Data Name="ParentProcessId">16858</Data><Data Name="ParentImage">/usr/bin/bash</Data><Data Name="ParentCommandLine">/bin/bash</Data><Data Name="ParentUser">bunny</Data></EventData></Event>
May 30 23:28:08 bunny-VirtualBox sysmon[1914]: <Event><System><Provider Name="Linux-Sysmon" Guid="{ff032593-a8d3-4f13-b0d6-01fc615a0f97}"/><EventID>5</EventID><Version>3</Version><Level>4</Level><Task>5</Task><Opcode>0</Opcode><Keywords>0x8000000000000000</Keywords><TimeCreated SystemTime="2026-05-30T17:58:08.056748000Z"/><EventRecordID>16631</EventRecordID><Correlation/><Execution ProcessID="1914" ThreadID="1914"/><Channel>Linux-Sysmon/Operational</Channel><Computer>bunny-VirtualBox</Computer><Security UserId="0"/></System><EventData><Data Name="RuleName">ProcessTerminate</Data><Data Name="UtcTime">2026-05-30 17:58:04.727</Data><Data Name="ProcessGuid">{491e8a99-252c-6a1b-bd86-d4f14e650000}</Data><Data Name="ProcessId">16859</Data><Data Name="Image">/usr/lib/cargo/bin/coreutils/date</Data><Data Name="User">bunny</Data></EventData></Event>
May 30 23:28:08 bunny-VirtualBox sysmon[1914]: <Event><System><Provider Name="Linux-Sysmon" Guid="{ff032593-a8d3-4f13-b0d6-01fc615a0f97}"/><EventID>1</EventID><Version>5</Version><Level>4</Level><Task>1</Task><Opcode>0</Opcode><Keywords>0x8000000000000000</Keywords><TimeCreated SystemTime="2026-05-30T17:58:08.100773000Z"/><EventRecordID>16632</EventRecordID><Correlation/><Execution ProcessID="1914" ThreadID="1914"/><Channel>Linux-Sysmon/Operational</Channel><Computer>bunny-VirtualBox</Computer><Security UserId="0"/></System><EventData><Data Name="RuleName">-</Data><Data Name="UtcTime">2026-05-30 17:58:04.729</Data><Data Name="ProcessGuid">{491e8a99-252c-6a1b-bde6-1f4dba600000}</Data><Data Name="ProcessId">16860</Data><Data Name="Image">/usr/lib/cargo/bin/coreutils/date</Data><Data Name="FileVersion">-</Data><Data Name="Description">-</Data><Data Name="Product">-</Data><Data Name="Company">-</Data><Data Name="OriginalFileName">-</Data><Data Name="CommandLine">date +%Y-%m-%d %H:%M:%S</Data><Data Name="CurrentDirectory">/home/bunny</Data><Data Name="User">bunny</Data><Data Name="LogonGuid">{491e8a99-0000-0000-e803-000004000000}</Data><Data Name="LogonId">1000</Data><Data Name="TerminalSessionId">21</Data><Data Name="IntegrityLevel">no level</Data><Data Name="Hashes">MD5=2d313ecc9fc058f6e0758abe00c0f6e8,SHA256=48893b0fb21436b54619db80486e83ef39dfccaf1aefe83dfa00c02d6146e8c0</Data><Data Name="ParentProcessGuid">{491e8a99-252c-6a1b-a129-033f355e0000}</Data><Data Name="ParentProcessId">16858</Data><Data Name="ParentImage">/usr/bin/bash</Data><Data Name="ParentCommandLine">/bin/bash</Data><Data Name="ParentUser">bunny</Data></EventData></Event>
May 30 23:28:08 bunny-VirtualBox sysmon[1914]: <Event><System><Provider Name="Linux-Sysmon" Guid="{ff032593-a8d3-4f13-b0d6-01fc615a0f97}"/><EventID>5</EventID><Version>3</Version><Level>4</Level><Task>5</Task><Opcode>0</Opcode><Keywords>0x8000000000000000</Keywords><TimeCreated SystemTime="2026-05-30T17:58:08.101432000Z"/><EventRecordID>16633</EventRecordID><Correlation/><Execution ProcessID="1914" ThreadID="1914"/><Channel>Linux-Sysmon/Operational</Channel><Computer>bunny-VirtualBox</Computer><Security UserId="0"/></System><EventData><Data Name="RuleName">ProcessTerminate</Data><Data Name="UtcTime">2026-05-30 17:58:04.737</Data><Data Name="ProcessGuid">{491e8a99-252c-6a1b-bde6-1f4dba600000}</Data><Data Name="ProcessId">16860</Data><Data Name="Image">/usr/lib/cargo/bin/coreutils/date</Data><Data Name="User">bunny</Data></EventData></Event>
May 30 23:28:08 bunny-VirtualBox sysmon[1914]: <Event><System><Provider Name="Linux-Sysmon" Guid="{ff032593-a8d3-4f13-b0d6-01fc615a0f97}"/><EventID>1</EventID><Version>5</Version><Level>4</Level><Task>1</Task><Opcode>0</Opcode><Keywords>0x8000000000000000</Keywords><TimeCreated SystemTime="2026-05-30T17:58:08.140493000Z"/><EventRecordID>16634</EventRecordID><Correlation/><Execution ProcessID="1914" ThreadID="1914"/><Channel>Linux-Sysmon/Operational</Channel><Computer>bunny-VirtualBox</Computer><Security UserId="0"/></System><EventData><Data Name="RuleName">-</Data><Data Name="UtcTime">2026-05-30 17:58:04.738</Data><Data Name="ProcessGuid">{491e8a99-252c-6a1b-bd96-bd053c630000}</Data><Data Name="ProcessId">16861</Data><Data Name="Image">/usr/lib/cargo/bin/coreutils/whoami</Data><Data Name="FileVersion">-</Data><Data Name="Description">-</Data><Data Name="Product">-</Data><Data Name="Company">-</Data><Data Name="OriginalFileName">-</Data><Data Name="CommandLine">whoami</Data><Data Name="CurrentDirectory">/home/bunny</Data><Data Name="User">bunny</Data><Data Name="LogonGuid">{491e8a99-0000-0000-e803-000004000000}</Data><Data Name="LogonId">1000</Data><Data Name="TerminalSessionId">21</Data><Data Name="IntegrityLevel">no level</Data><Data Name="Hashes">MD5=2d313ecc9fc058f6e0758abe00c0f6e8,SHA256=48893b0fb21436b54619db80486e83ef39dfccaf1aefe83dfa00c02d6146e8c0</Data><Data Name="ParentProcessGuid">{491e8a99-252c-6a1b-a129-033f355e0000}</Data><Data Name="ParentProcessId">16858</Data><Data Name="ParentImage">/usr/bin/bash</Data><Data Name="ParentCommandLine">/bin/bash</Data><Data Name="ParentUser">bunny</Data></EventData></Event>
May 30 23:28:08 bunny-VirtualBox sysmon[1914]: <Event><System><Provider Name="Linux-Sysmon" Guid="{ff032593-a8d3-4f13-b0d6-01fc615a0f97}"/><EventID>5</EventID><Version>3</Version><Level>4</Level><Task>5</Task><Opcode>0</Opcode><Keywords>0x8000000000000000</Keywords><TimeCreated SystemTime="2026-05-30T17:58:08.141393000Z"/><EventRecordID>16635</EventRecordID><Correlation/><Execution ProcessID="1914" ThreadID="1914"/><Channel>Linux-Sysmon/Operational</Channel><Computer>bunny-VirtualBox</Computer><Security UserId="0"/></System><EventData><Data Name="RuleName">ProcessTerminate</Data><Data Name="UtcTime">2026-05-30 17:58:04.755</Data><Data Name="ProcessGuid">{491e8a99-252c-6a1b-bd96-bd053c630000}</Data><Data Name="ProcessId">16861</Data><Data Name="Image">/usr/lib/cargo/bin/coreutils/whoami</Data><Data Name="User">bunny</Data></EventData></Event>
May 30 23:28:08 bunny-VirtualBox sysmon[1914]: <Event><System><Provider Name="Linux-Sysmon" Guid="{ff032593-a8d3-4f13-b0d6-01fc615a0f97}"/><EventID>1</EventID><Version>5</Version><Level>4</Level><Task>1</Task><Opcode>0</Opcode><Keywords>0x8000000000000000</Keywords><TimeCreated SystemTime="2026-05-30T17:58:08.179618000Z"/><EventRecordID>16636</EventRecordID><Correlation/><Execution ProcessID="1914" ThreadID="1914"/><Channel>Linux-Sysmon/Operational</Channel><Computer>bunny-VirtualBox</Computer><Security UserId="0"/></System><EventData><Data Name="RuleName">-</Data><Data Name="UtcTime">2026-05-30 17:58:04.756</Data><Data Name="ProcessGuid">{491e8a99-252c-6a1b-bd06-aa455e5d0000}</Data><Data Name="ProcessId">16862</Data><Data Name="Image">/usr/lib/cargo/bin/coreutils/id</Data><Data Name="FileVersion">-</Data><Data Name="Description">-</Data><Data Name="Product">-</Data><Data Name="Company">-</Data><Data Name="OriginalFileName">-</Data><Data Name="CommandLine">id</Data><Data Name="CurrentDirectory">/home/bunny</Data><Data Name="User">bunny</Data><Data Name="LogonGuid">{491e8a99-0000-0000-e803-000004000000}</Data><Data Name="LogonId">1000</Data><Data Name="TerminalSessionId">21</Data><Data Name="IntegrityLevel">no level</Data><Data Name="Hashes">MD5=2d313ecc9fc058f6e0758abe00c0f6e8,SHA256=48893b0fb21436b54619db80486e83ef39dfccaf1aefe83dfa00c02d6146e8c0</Data><Data Name="ParentProcessGuid">{491e8a99-252c-6a1b-a129-033f355e0000}</Data><Data Name="ParentProcessId">16858</Data><Data Name="ParentImage">/usr/bin/bash</Data><Data Name="ParentCommandLine">/bin/bash</Data><Data Name="ParentUser">bunny</Data></EventData></Event>
May 30 23:28:08 bunny-VirtualBox sysmon[1914]: <Event><System><Provider Name="Linux-Sysmon" Guid="{ff032593-a8d3-4f13-b0d6-01fc615a0f97}"/><EventID>5</EventID><Version>3</Version><Level>4</Level><Task>5</Task><Opcode>0</Opcode><Keywords>0x8000000000000000</Keywords><TimeCreated SystemTime="2026-05-30T17:58:08.180499000Z"/><EventRecordID>16637</EventRecordID><Correlation/><Execution ProcessID="1914" ThreadID="1914"/><Channel>Linux-Sysmon/Operational</Channel><Computer>bunny-VirtualBox</Computer><Security UserId="0"/></System><EventData><Data Name="RuleName">ProcessTerminate</Data><Data Name="UtcTime">2026-05-30 17:58:04.765</Data><Data Name="ProcessGuid">{491e8a99-252c-6a1b-bd06-aa455e5d0000}</Data><Data Name="ProcessId">16862</Data><Data Name="Image">/usr/lib/cargo/bin/coreutils/id</Data><Data Name="User">bunny</Data></EventData></Event>
May 30 23:28:08 bunny-VirtualBox sysmon[1914]: <Event><System><Provider Name="Linux-Sysmon" Guid="{ff032593-a8d3-4f13-b0d6-01fc615a0f97}"/><EventID>1</EventID><Version>5</Version><Level>4</Level><Task>1</Task><Opcode>0</Opcode><Keywords>0x8000000000000000</Keywords><TimeCreated SystemTime="2026-05-30T17:58:08.225022000Z"/><EventRecordID>16638</EventRecordID><Correlation/><Execution ProcessID="1914" ThreadID="1914"/><Channel>Linux-Sysmon/Operational</Channel><Computer>bunny-VirtualBox</Computer><Security UserId="0"/></System><EventData><Data Name="RuleName">-</Data><Data Name="UtcTime">2026-05-30 17:58:04.766</Data><Data Name="ProcessGuid">{491e8a99-252c-6a1b-bd26-dc3ba5630000}</Data><Data Name="ProcessId">16863</Data><Data Name="Image">/usr/lib/cargo/bin/coreutils/date</Data><Data Name="FileVersion">-</Data><Data Name="Description">-</Data><Data Name="Product">-</Data><Data Name="Company">-</Data><Data Name="OriginalFileName">-</Data><Data Name="CommandLine">date +%Y-%m-%d %H:%M:%S</Data><Data Name="CurrentDirectory">/home/bunny</Data><Data Name="User">bunny</Data><Data Name="LogonGuid">{491e8a99-0000-0000-e803-000004000000}</Data><Data Name="LogonId">1000</Data><Data Name="TerminalSessionId">21</Data><Data Name="IntegrityLevel">no level</Data><Data Name="Hashes">MD5=2d313ecc9fc058f6e0758abe00c0f6e8,SHA256=48893b0fb21436b54619db80486e83ef39dfccaf1aefe83dfa00c02d6146e8c0</Data><Data Name="ParentProcessGuid">{491e8a99-252c-6a1b-a129-033f355e0000}</Data><Data Name="ParentProcessId">16858</Data><Data Name="ParentImage">/usr/bin/bash</Data><Data Name="ParentCommandLine">/bin/bash</Data><Data Name="ParentUser">bunny</Data></EventData></Event>
May 30 23:28:08 bunny-VirtualBox sysmon[1914]: <Event><System><Provider Name="Linux-Sysmon" Guid="{ff032593-a8d3-4f13-b0d6-01fc615a0f97}"/><EventID>5</EventID><Version>3</Version><Level>4</Level><Task>5</Task><Opcode>0</Opcode><Keywords>0x8000000000000000</Keywords><TimeCreated SystemTime="2026-05-30T17:58:08.225943000Z"/><EventRecordID>16639</EventRecordID><Correlation/><Execution ProcessID="1914" ThreadID="1914"/><Channel>Linux-Sysmon/Operational</Channel><Computer>bunny-VirtualBox</Computer><Security UserId="0"/></System><EventData><Data Name="RuleName">ProcessTerminate</Data><Data Name="UtcTime">2026-05-30 17:58:04.774</Data><Data Name="ProcessGuid">{491e8a99-252c-6a1b-bd26-dc3ba5630000}</Data><Data Name="ProcessId">16863</Data><Data Name="Image">/usr/lib/cargo/bin/coreutils/date</Data><Data Name="User">bunny</Data></EventData></Event>
May 30 23:28:08 bunny-VirtualBox sysmon[1914]: <Event><System><Provider Name="Linux-Sysmon" Guid="{ff032593-a8d3-4f13-b0d6-01fc615a0f97}"/><EventID>1</EventID><Version>5</Version><Level>4</Level><Task>1</Task><Opcode>0</Opcode><Keywords>0x8000000000000000</Keywords><TimeCreated SystemTime="2026-05-30T17:58:08.273790000Z"/><EventRecordID>16640</EventRecordID><Correlation/><Execution ProcessID="1914" ThreadID="1914"/><Channel>Linux-Sysmon/Operational</Channel><Computer>bunny-VirtualBox</Computer><Security UserId="0"/></System><EventData><Data Name="RuleName">-</Data><Data Name="UtcTime">2026-05-30 17:58:04.776</Data><Data Name="ProcessGuid">{491e8a99-252c-6a1b-bdd6-e7214e630000}</Data><Data Name="ProcessId">16864</Data><Data Name="Image">/usr/lib/cargo/bin/coreutils/date</Data><Data Name="FileVersion">-</Data><Data Name="Description">-</Data><Data Name="Product">-</Data><Data Name="Company">-</Data><Data Name="OriginalFileName">-</Data><Data Name="CommandLine">date +%Y-%m-%d %H:%M:%S</Data><Data Name="CurrentDirectory">/home/bunny</Data><Data Name="User">bunny</Data><Data Name="LogonGuid">{491e8a99-0000-0000-e803-000004000000}</Data><Data Name="LogonId">1000</Data><Data Name="TerminalSessionId">21</Data><Data Name="IntegrityLevel">no level</Data><Data Name="Hashes">MD5=2d313ecc9fc058f6e0758abe00c0f6e8,SHA256=48893b0fb21436b54619db80486e83ef39dfccaf1aefe83dfa00c02d6146e8c0</Data><Data Name="ParentProcessGuid">{491e8a99-252c-6a1b-a129-033f355e0000}</Data><Data Name="ParentProcessId">16858</Data><Data Name="ParentImage">/usr/bin/bash</Data><Data Name="ParentCommandLine">/bin/bash</Data><Data Name="ParentUser">bunny</Data></EventData></Event>
May 30 23:28:08 bunny-VirtualBox sysmon[1914]: <Event><System><Provider Name="Linux-Sysmon" Guid="{ff032593-a8d3-4f13-b0d6-01fc615a0f97}"/><EventID>5</EventID><Version>3</Version><Level>4</Level><Task>5</Task><Opcode>0</Opcode><Keywords>0x8000000000000000</Keywords><TimeCreated SystemTime="2026-05-30T17:58:08.274736000Z"/><EventRecordID>16641</EventRecordID><Correlation/><Execution ProcessID="1914" ThreadID="1914"/><Channel>Linux-Sysmon/Operational</Channel><Computer>bunny-VirtualBox</Computer><Security UserId="0"/></System><EventData><Data Name="RuleName">ProcessTerminate</Data><Data Name="UtcTime">2026-05-30 17:58:04.784</Data><Data Name="ProcessGuid">{491e8a99-252c-6a1b-bdd6-e7214e630000}</Data><Data Name="ProcessId">16864</Data><Data Name="Image">/usr/lib/cargo/bin/coreutils/date</Data><Data Name="User">bunny</Data></EventData></Event>
May 30 23:28:08 bunny-VirtualBox sysmon[1914]: <Event><System><Provider Name="Linux-Sysmon" Guid="{ff032593-a8d3-4f13-b0d6-01fc615a0f97}"/><EventID>1</EventID><Version>5</Version><Level>4</Level><Task>1</Task><Opcode>0</Opcode><Keywords>0x8000000000000000</Keywords><TimeCreated SystemTime="2026-05-30T17:58:08.275971000Z"/><EventRecordID>16642</EventRecordID><Correlation/><Execution ProcessID="1914" ThreadID="1914"/><Channel>Linux-Sysmon/Operational</Channel><Computer>bunny-VirtualBox</Computer><Security UserId="0"/></System><EventData><Data Name="RuleName">-</Data><Data Name="UtcTime">2026-05-30 17:58:04.785</Data><Data Name="ProcessGuid">{491e8a99-252c-6a1b-2d01-2420835e0000}</Data><Data Name="ProcessId">16865</Data><Data Name="Image">/usr/bin/hostname</Data><Data Name="FileVersion">-</Data><Data Name="Description">-</Data><Data Name="Product">-</Data><Data Name="Company">-</Data><Data Name="OriginalFileName">-</Data><Data Name="CommandLine">hostname</Data><Data Name="CurrentDirectory">/home/bunny</Data><Data Name="User">bunny</Data><Data Name="LogonGuid">{491e8a99-0000-0000-e803-000004000000}</Data><Data Name="LogonId">1000</Data><Data Name="TerminalSessionId">21</Data><Data Name="IntegrityLevel">no level</Data><Data Name="Hashes">MD5=0142bf0082c648658943bf67b3cc0d0b,SHA256=4af127f59ae45b225999dfd9b319c8d90282304478df0aea631d20729b0dccea</Data><Data Name="ParentProcessGuid">{491e8a99-252c-6a1b-a129-033f355e0000}</Data><Data Name="ParentProcessId">16858</Data><Data Name="ParentImage">/usr/bin/bash</Data><Data Name="ParentCommandLine">/bin/bash</Data><Data Name="ParentUser">bunny</Data></EventData></Event>
May 30 23:28:08 bunny-VirtualBox sysmon[1914]: <Event><System><Provider Name="Linux-Sysmon" Guid="{ff032593-a8d3-4f13-b0d6-01fc615a0f97}"/><EventID>5</EventID><Version>3</Version><Level>4</Level><Task>5</Task><Opcode>0</Opcode><Keywords>0x8000000000000000</Keywords><TimeCreated SystemTime="2026-05-30T17:58:08.276587000Z"/><EventRecordID>16643</EventRecordID><Correlation/><Execution ProcessID="1914" ThreadID="1914"/><Channel>Linux-Sysmon/Operational</Channel><Computer>bunny-VirtualBox</Computer><Security UserId="0"/></System><EventData><Data Name="RuleName">ProcessTerminate</Data><Data Name="UtcTime">2026-05-30 17:58:04.793</Data><Data Name="ProcessGuid">{491e8a99-252c-6a1b-2d01-2420835e0000}</Data><Data Name="ProcessId">16865</Data><Data Name="Image">/usr/bin/hostname</Data><Data Name="User">bunny</Data></EventData></Event>
May 30 23:28:08 bunny-VirtualBox sysmon[1914]: <Event><System><Provider Name="Linux-Sysmon" Guid="{ff032593-a8d3-4f13-b0d6-01fc615a0f97}"/><EventID>1</EventID><Version>5</Version><Level>4</Level><Task>1</Task><Opcode>0</Opcode><Keywords>0x8000000000000000</Keywords><TimeCreated SystemTime="2026-05-30T17:58:08.319554000Z"/><EventRecordID>16644</EventRecordID><Correlation/><Execution ProcessID="1914" ThreadID="1914"/><Channel>Linux-Sysmon/Operational</Channel><Computer>bunny-VirtualBox</Computer><Security UserId="0"/></System><EventData><Data Name="RuleName">-</Data><Data Name="UtcTime">2026-05-30 17:58:04.794</Data><Data Name="ProcessGuid">{491e8a99-252c-6a1b-bdb6-4acccc5c0000}</Data><Data Name="ProcessId">16866</Data><Data Name="Image">/usr/lib/cargo/bin/coreutils/uname</Data><Data Name="FileVersion">-</Data><Data Name="Description">-</Data><Data Name="Product">-</Data><Data Name="Company">-</Data><Data Name="OriginalFileName">-</Data><Data Name="CommandLine">uname -a</Data><Data Name="CurrentDirectory">/home/bunny</Data><Data Name="User">bunny</Data><Data Name="LogonGuid">{491e8a99-0000-0000-e803-000004000000}</Data><Data Name="LogonId">1000</Data><Data Name="TerminalSessionId">21</Data><Data Name="IntegrityLevel">no level</Data><Data Name="Hashes">MD5=2d313ecc9fc058f6e0758abe00c0f6e8,SHA256=48893b0fb21436b54619db80486e83ef39dfccaf1aefe83dfa00c02d6146e8c0</Data><Data Name="ParentProcessGuid">{491e8a99-252c-6a1b-a129-033f355e0000}</Data><Data Name="ParentProcessId">16858</Data><Data Name="ParentImage">/usr/bin/bash</Data><Data Name="ParentCommandLine">/bin/bash</Data><Data Name="ParentUser">bunny</Data></EventData></Event>
May 30 23:28:08 bunny-VirtualBox sysmon[1914]: <Event><System><Provider Name="Linux-Sysmon" Guid="{ff032593-a8d3-4f13-b0d6-01fc615a0f97}"/><EventID>5</EventID><Version>3</Version><Level>4</Level><Task>5</Task><Opcode>0</Opcode><Keywords>0x8000000000000000</Keywords><TimeCreated SystemTime="2026-05-30T17:58:08.320554000Z"/><EventRecordID>16645</EventRecordID><Correlation/><Execution ProcessID="1914" ThreadID="1914"/><Channel>Linux-Sysmon/Operational</Channel><Computer>bunny-VirtualBox</Computer><Security UserId="0"/></System><EventData><Data Name="RuleName">ProcessTerminate</Data><Data Name="UtcTime">2026-05-30 17:58:04.806</Data><Data Name="ProcessGuid">{491e8a99-252c-6a1b-bdb6-4acccc5c0000}</Data><Data Name="ProcessId">16866</Data><Data Name="Image">/usr/lib/cargo/bin/coreutils/uname</Data><Data Name="User">bunny</Data></EventData></Event>
May 30 23:28:08 bunny-VirtualBox sysmon[1914]: <Event><System><Provider Name="Linux-Sysmon" Guid="{ff032593-a8d3-4f13-b0d6-01fc615a0f97}"/><EventID>1</EventID><Version>5</Version><Level>4</Level><Task>1</Task><Opcode>0</Opcode><Keywords>0x8000000000000000</Keywords><TimeCreated SystemTime="2026-05-30T17:58:08.358602000Z"/><EventRecordID>16646</EventRecordID><Correlation/><Execution ProcessID="1914" ThreadID="1914"/><Channel>Linux-Sysmon/Operational</Channel><Computer>bunny-VirtualBox</Computer><Security UserId="0"/></System><EventData><Data Name="RuleName">-</Data><Data Name="UtcTime">2026-05-30 17:58:04.807</Data><Data Name="ProcessGuid">{491e8a99-252c-6a1b-bdb6-0a6d74570000}</Data><Data Name="ProcessId">16867</Data><Data Name="Image">/usr/lib/cargo/bin/coreutils/date</Data><Data Name="FileVersion">-</Data><Data Name="Description">-</Data><Data Name="Product">-</Data><Data Name="Company">-</Data><Data Name="OriginalFileName">-</Data><Data Name="CommandLine">date +%Y-%m-%d %H:%M:%S</Data><Data Name="CurrentDirectory">/home/bunny</Data><Data Name="User">bunny</Data><Data Name="LogonGuid">{491e8a99-0000-0000-e803-000004000000}</Data><Data Name="LogonId">1000</Data><Data Name="TerminalSessionId">21</Data><Data Name="IntegrityLevel">no level</Data><Data Name="Hashes">MD5=2d313ecc9fc058f6e0758abe00c0f6e8,SHA256=48893b0fb21436b54619db80486e83ef39dfccaf1aefe83dfa00c02d6146e8c0</Data><Data Name="ParentProcessGuid">{491e8a99-252c-6a1b-a129-033f355e0000}</Data><Data Name="ParentProcessId">16858</Data><Data Name="ParentImage">/usr/bin/bash</Data><Data Name="ParentCommandLine">/bin/bash</Data><Data Name="ParentUser">bunny</Data></EventData></Event>
May 30 23:28:08 bunny-VirtualBox sysmon[1914]: <Event><System><Provider Name="Linux-Sysmon" Guid="{ff032593-a8d3-4f13-b0d6-01fc615a0f97}"/><EventID>5</EventID><Version>3</Version><Level>4</Level><Task>5</Task><Opcode>0</Opcode><Keywords>0x8000000000000000</Keywords><TimeCreated SystemTime="2026-05-30T17:58:08.359420000Z"/><EventRecordID>16647</EventRecordID><Correlation/><Execution ProcessID="1914" ThreadID="1914"/><Channel>Linux-Sysmon/Operational</Channel><Computer>bunny-VirtualBox</Computer><Security UserId="0"/></System><EventData><Data Name="RuleName">ProcessTerminate</Data><Data Name="UtcTime">2026-05-30 17:58:04.817</Data><Data Name="ProcessGuid">{491e8a99-252c-6a1b-bdb6-0a6d74570000}</Data><Data Name="ProcessId">16867</Data><Data Name="Image">/usr/lib/cargo/bin/coreutils/date</Data><Data Name="User">bunny</Data></EventData></Event>
May 30 23:28:08 bunny-VirtualBox sysmon[1914]: <Event><System><Provider Name="Linux-Sysmon" Guid="{ff032593-a8d3-4f13-b0d6-01fc615a0f97}"/><EventID>1</EventID><Version>5</Version><Level>4</Level><Task>1</Task><Opcode>0</Opcode><Keywords>0x8000000000000000</Keywords><TimeCreated SystemTime="2026-05-30T17:58:08.395656000Z"/><EventRecordID>16648</EventRecordID><Correlation/><Execution ProcessID="1914" ThreadID="1914"/><Channel>Linux-Sysmon/Operational</Channel><Computer>bunny-VirtualBox</Computer><Security UserId="0"/></System><EventData><Data Name="RuleName">-</Data><Data Name="UtcTime">2026-05-30 17:58:04.819</Data><Data Name="ProcessGuid">{491e8a99-252c-6a1b-bdd6-04cf71570000}</Data><Data Name="ProcessId">16868</Data><Data Name="Image">/usr/lib/cargo/bin/coreutils/date</Data><Data Name="FileVersion">-</Data><Data Name="Description">-</Data><Data Name="Product">-</Data><Data Name="Company">-</Data><Data Name="OriginalFileName">-</Data><Data Name="CommandLine">date +%Y-%m-%d %H:%M:%S</Data><Data Name="CurrentDirectory">/home/bunny</Data><Data Name="User">bunny</Data><Data Name="LogonGuid">{491e8a99-0000-0000-e803-000004000000}</Data><Data Name="LogonId">1000</Data><Data Name="TerminalSessionId">21</Data><Data Name="IntegrityLevel">no level</Data><Data Name="Hashes">MD5=2d313ecc9fc058f6e0758abe00c0f6e8,SHA256=48893b0fb21436b54619db80486e83ef39dfccaf1aefe83dfa00c02d6146e8c0</Data><Data Name="ParentProcessGuid">{491e8a99-252c-6a1b-a129-033f355e0000}</Data><Data Name="ParentProcessId">16858</Data><Data Name="ParentImage">/usr/bin/bash</Data><Data Name="ParentCommandLine">/bin/bash</Data><Data Name="ParentUser">bunny</Data></EventData></Event>
May 30 23:28:08 bunny-VirtualBox sysmon[1914]: <Event><System><Provider Name="Linux-Sysmon" Guid="{ff032593-a8d3-4f13-b0d6-01fc615a0f97}"/><EventID>5</EventID><Version>3</Version><Level>4</Level><Task>5</Task><Opcode>0</Opcode><Keywords>0x8000000000000000</Keywords><TimeCreated SystemTime="2026-05-30T17:58:08.395910000Z"/><EventRecordID>16649</EventRecordID><Correlation/><Execution ProcessID="1914" ThreadID="1914"/><Channel>Linux-Sysmon/Operational</Channel><Computer>bunny-VirtualBox</Computer><Security UserId="0"/></System><EventData><Data Name="RuleName">ProcessTerminate</Data><Data Name="UtcTime">2026-05-30 17:58:04.828</Data><Data Name="ProcessGuid">{491e8a99-252c-6a1b-bdd6-04cf71570000}</Data><Data Name="ProcessId">16868</Data><Data Name="Image">/usr/lib/cargo/bin/coreutils/date</Data><Data Name="User">bunny</Data></EventData></Event>
May 30 23:28:08 bunny-VirtualBox sysmon[1914]: <Event><System><Provider Name="Linux-Sysmon" Guid="{ff032593-a8d3-4f13-b0d6-01fc615a0f97}"/><EventID>1</EventID><Version>5</Version><Level>4</Level><Task>1</Task><Opcode>0</Opcode><Keywords>0x8000000000000000</Keywords><TimeCreated SystemTime="2026-05-30T17:58:08.396805000Z"/><EventRecordID>16650</EventRecordID><Correlation/><Execution ProcessID="1914" ThreadID="1914"/><Channel>Linux-Sysmon/Operational</Channel><Computer>bunny-VirtualBox</Computer><Security UserId="0"/></System><EventData><Data Name="RuleName">-</Data><Data Name="UtcTime">2026-05-30 17:58:04.829</Data><Data Name="ProcessGuid">{491e8a99-252c-6a1b-414f-3ee4595b0000}</Data><Data Name="ProcessId">16869</Data><Data Name="Image">/usr/bin/ps</Data><Data Name="FileVersion">-</Data><Data Name="Description">-</Data><Data Name="Product">-</Data><Data Name="Company">-</Data><Data Name="OriginalFileName">-</Data><Data Name="CommandLine">ps aux</Data><Data Name="CurrentDirectory">/home/bunny</Data><Data Name="User">bunny</Data><Data Name="LogonGuid">{491e8a99-0000-0000-e803-000004000000}</Data><Data Name="LogonId">1000</Data><Data Name="TerminalSessionId">21</Data><Data Name="IntegrityLevel">no level</Data><Data Name="Hashes">MD5=824e10267aba361cb2d2e46a7ff5090e,SHA256=40b2b15f65edfaadc0e3f5d3644e6699db3bdf658399831901cc05c11642ea5c</Data><Data Name="ParentProcessGuid">{491e8a99-252c-6a1b-a129-033f355e0000}</Data><Data Name="ParentProcessId">16858</Data><Data Name="ParentImage">/usr/bin/bash</Data><Data Name="ParentCommandLine">/bin/bash</Data><Data Name="ParentUser">bunny</Data></EventData></Event>
May 30 23:28:08 bunny-VirtualBox sysmon[1914]: <Event><System><Provider Name="Linux-Sysmon" Guid="{ff032593-a8d3-4f13-b0d6-01fc615a0f97}"/><EventID>5</EventID><Version>3</Version><Level>4</Level><Task>5</Task><Opcode>0</Opcode><Keywords>0x8000000000000000</Keywords><TimeCreated SystemTime="2026-05-30T17:58:08.396866000Z"/><EventRecordID>16651</EventRecordID><Correlation/><Execution ProcessID="1914" ThreadID="1914"/><Channel>Linux-Sysmon/Operational</Channel><Computer>bunny-VirtualBox</Computer><Security UserId="0"/></System><EventData><Data Name="RuleName">ProcessTerminate</Data><Data Name="UtcTime">2026-05-30 17:58:04.871</Data><Data Name="ProcessGuid">{491e8a99-252c-6a1b-414f-3ee4595b0000}</Data><Data Name="ProcessId">16869</Data><Data Name="Image">/usr/bin/ps</Data><Data Name="User">bunny</Data></EventData></Event>
May 30 23:28:08 bunny-VirtualBox sysmon[1914]: <Event><System><Provider Name="Linux-Sysmon" Guid="{ff032593-a8d3-4f13-b0d6-01fc615a0f97}"/><EventID>1</EventID><Version>5</Version><Level>4</Level><Task>1</Task><Opcode>0</Opcode><Keywords>0x8000000000000000</Keywords><TimeCreated SystemTime="2026-05-30T17:58:08.434493000Z"/><EventRecordID>16652</EventRecordID><Correlation/><Execution ProcessID="1914" ThreadID="1914"/><Channel>Linux-Sysmon/Operational</Channel><Computer>bunny-VirtualBox</Computer><Security UserId="0"/></System><EventData><Data Name="RuleName">-</Data><Data Name="UtcTime">2026-05-30 17:58:04.873</Data><Data Name="ProcessGuid">{491e8a99-252c-6a1b-bdb6-52dea3570000}</Data><Data Name="ProcessId">16870</Data><Data Name="Image">/usr/lib/cargo/bin/coreutils/date</Data><Data Name="FileVersion">-</Data><Data Name="Description">-</Data><Data Name="Product">-</Data><Data Name="Company">-</Data><Data Name="OriginalFileName">-</Data><Data Name="CommandLine">date +%Y-%m-%d %H:%M:%S</Data><Data Name="CurrentDirectory">/home/bunny</Data><Data Name="User">bunny</Data><Data Name="LogonGuid">{491e8a99-0000-0000-e803-000004000000}</Data><Data Name="LogonId">1000</Data><Data Name="TerminalSessionId">21</Data><Data Name="IntegrityLevel">no level</Data><Data Name="Hashes">MD5=2d313ecc9fc058f6e0758abe00c0f6e8,SHA256=48893b0fb21436b54619db80486e83ef39dfccaf1aefe83dfa00c02d6146e8c0</Data><Data Name="ParentProcessGuid">{491e8a99-252c-6a1b-a129-033f355e0000}</Data><Data Name="ParentProcessId">16858</Data><Data Name="ParentImage">/usr/bin/bash</Data><Data Name="ParentCommandLine">/bin/bash</Data><Data Name="ParentUser">bunny</Data></EventData></Event>
May 30 23:28:08 bunny-VirtualBox sysmon[1914]: <Event><System><Provider Name="Linux-Sysmon" Guid="{ff032593-a8d3-4f13-b0d6-01fc615a0f97}"/><EventID>5</EventID><Version>3</Version><Level>4</Level><Task>5</Task><Opcode>0</Opcode><Keywords>0x8000000000000000</Keywords><TimeCreated SystemTime="2026-05-30T17:58:08.434711000Z"/><EventRecordID>16653</EventRecordID><Correlation/><Execution ProcessID="1914" ThreadID="1914"/><Channel>Linux-Sysmon/Operational</Channel><Computer>bunny-VirtualBox</Computer><Security UserId="0"/></System><EventData><Data Name="RuleName">ProcessTerminate</Data><Data Name="UtcTime">2026-05-30 17:58:04.882</Data><Data Name="ProcessGuid">{491e8a99-252c-6a1b-bdb6-52dea3570000}</Data><Data Name="ProcessId">16870</Data><Data Name="Image">/usr/lib/cargo/bin/coreutils/date</Data><Data Name="User">bunny</Data></EventData></Event>
May 30 23:28:08 bunny-VirtualBox sysmon[1914]: <Event><System><Provider Name="Linux-Sysmon" Guid="{ff032593-a8d3-4f13-b0d6-01fc615a0f97}"/><EventID>1</EventID><Version>5</Version><Level>4</Level><Task>1</Task><Opcode>0</Opcode><Keywords>0x8000000000000000</Keywords><TimeCreated SystemTime="2026-05-30T17:58:08.471308000Z"/><EventRecordID>16654</EventRecordID><Correlation/><Execution ProcessID="1914" ThreadID="1914"/><Channel>Linux-Sysmon/Operational</Channel><Computer>bunny-VirtualBox</Computer><Security UserId="0"/></System><EventData><Data Name="RuleName">-</Data><Data Name="UtcTime">2026-05-30 17:58:04.884</Data><Data Name="ProcessGuid">{491e8a99-252c-6a1b-bdd6-517315580000}</Data><Data Name="ProcessId">16871</Data><Data Name="Image">/usr/lib/cargo/bin/coreutils/date</Data><Data Name="FileVersion">-</Data><Data Name="Description">-</Data><Data Name="Product">-</Data><Data Name="Company">-</Data><Data Name="OriginalFileName">-</Data><Data Name="CommandLine">date +%Y-%m-%d %H:%M:%S</Data><Data Name="CurrentDirectory">/home/bunny</Data><Data Name="User">bunny</Data><Data Name="LogonGuid">{491e8a99-0000-0000-e803-000004000000}</Data><Data Name="LogonId">1000</Data><Data Name="TerminalSessionId">21</Data><Data Name="IntegrityLevel">no level</Data><Data Name="Hashes">MD5=2d313ecc9fc058f6e0758abe00c0f6e8,SHA256=48893b0fb21436b54619db80486e83ef39dfccaf1aefe83dfa00c02d6146e8c0</Data><Data Name="ParentProcessGuid">{491e8a99-252c-6a1b-a129-033f355e0000}</Data><Data Name="ParentProcessId">16858</Data><Data Name="ParentImage">/usr/bin/bash</Data><Data Name="ParentCommandLine">/bin/bash</Data><Data Name="ParentUser">bunny</Data></EventData></Event>
May 30 23:28:08 bunny-VirtualBox sysmon[1914]: <Event><System><Provider Name="Linux-Sysmon" Guid="{ff032593-a8d3-4f13-b0d6-01fc615a0f97}"/><EventID>5</EventID><Version>3</Version><Level>4</Level><Task>5</Task><Opcode>0</Opcode><Keywords>0x8000000000000000</Keywords><TimeCreated SystemTime="2026-05-30T17:58:08.471519000Z"/><EventRecordID>16655</EventRecordID><Correlation/><Execution ProcessID="1914" ThreadID="1914"/><Channel>Linux-Sysmon/Operational</Channel><Computer>bunny-VirtualBox</Computer><Security UserId="0"/></System><EventData><Data Name="RuleName">ProcessTerminate</Data><Data Name="UtcTime">2026-05-30 17:58:04.892</Data><Data Name="ProcessGuid">{491e8a99-252c-6a1b-bdd6-517315580000}</Data><Data Name="ProcessId">16871</Data><Data Name="Image">/usr/lib/cargo/bin/coreutils/date</Data><Data Name="User">bunny</Data></EventData></Event>
May 30 23:28:08 bunny-VirtualBox sysmon[1914]: <Event><System><Provider Name="Linux-Sysmon" Guid="{ff032593-a8d3-4f13-b0d6-01fc615a0f97}"/><EventID>1</EventID><Version>5</Version><Level>4</Level><Task>1</Task><Opcode>0</Opcode><Keywords>0x8000000000000000</Keywords><TimeCreated SystemTime="2026-05-30T17:58:08.512345000Z"/><EventRecordID>16656</EventRecordID><Correlation/><Execution ProcessID="1914" ThreadID="1914"/><Channel>Linux-Sysmon/Operational</Channel><Computer>bunny-VirtualBox</Computer><Security UserId="0"/></System><EventData><Data Name="RuleName">-</Data><Data Name="UtcTime">2026-05-30 17:58:04.894</Data><Data Name="ProcessGuid">{491e8a99-252c-6a1b-bd06-d0ba92610000}</Data><Data Name="ProcessId">16872</Data><Data Name="Image">/usr/lib/cargo/bin/coreutils/touch</Data><Data Name="FileVersion">-</Data><Data Name="Description">-</Data><Data Name="Product">-</Data><Data Name="Company">-</Data><Data Name="OriginalFileName">-</Data><Data Name="CommandLine">touch /tmp/.enc_exec_marker</Data><Data Name="CurrentDirectory">/home/bunny</Data><Data Name="User">bunny</Data><Data Name="LogonGuid">{491e8a99-0000-0000-e803-000004000000}</Data><Data Name="LogonId">1000</Data><Data Name="TerminalSessionId">21</Data><Data Name="IntegrityLevel">no level</Data><Data Name="Hashes">MD5=2d313ecc9fc058f6e0758abe00c0f6e8,SHA256=48893b0fb21436b54619db80486e83ef39dfccaf1aefe83dfa00c02d6146e8c0</Data><Data Name="ParentProcessGuid">{491e8a99-252c-6a1b-a129-033f355e0000}</Data><Data Name="ParentProcessId">16858</Data><Data Name="ParentImage">/usr/bin/bash</Data><Data Name="ParentCommandLine">/bin/bash</Data><Data Name="ParentUser">bunny</Data></EventData></Event>
May 30 23:28:08 bunny-VirtualBox sysmon[1914]: <Event><System><Provider Name="Linux-Sysmon" Guid="{ff032593-a8d3-4f13-b0d6-01fc615a0f97}"/><EventID>5</EventID><Version>3</Version><Level>4</Level><Task>5</Task><Opcode>0</Opcode><Keywords>0x8000000000000000</Keywords><TimeCreated SystemTime="2026-05-30T17:58:08.512898000Z"/><EventRecordID>16657</EventRecordID><Correlation/><Execution ProcessID="1914" ThreadID="1914"/><Channel>Linux-Sysmon/Operational</Channel><Computer>bunny-VirtualBox</Computer><Security UserId="0"/></System><EventData><Data Name="RuleName">ProcessTerminate</Data><Data Name="UtcTime">2026-05-30 17:58:04.902</Data><Data Name="ProcessGuid">{491e8a99-252c-6a1b-bd06-d0ba92610000}</Data><Data Name="ProcessId">16872</Data><Data Name="Image">/usr/lib/cargo/bin/coreutils/touch</Data><Data Name="User">bunny</Data></EventData></Event>
