Jun 01 00:22:37 bunny-VirtualBox sysmon[1772]: <Event><System><Provider Name="Linux-Sysmon" Guid="{ff032593-a8d3-4f13-b0d6-01fc615a0f97}"/><EventID>1</EventID><Version>5</Version><Level>4</Level><Task>1</Task><Opcode>0</Opcode><Keywords>0x8000000000000000</Keywords><TimeCreated SystemTime="2026-05-31T18:52:37.699068000Z"/><EventRecordID>25555</EventRecordID><Correlation/><Execution ProcessID="1772" ThreadID="1772"/><Channel>Linux-Sysmon/Operational</Channel><Computer>bunny-VirtualBox</Computer><Security UserId="0"/></System><EventData><Data Name="RuleName">-</Data><Data Name="UtcTime">2026-05-31 18:52:36.226</Data><Data Name="ProcessGuid">{491e8a99-8374-6a1c-b932-87d6ca5e0000}</Data><Data Name="ProcessId">5213</Data><Data Name="Image">/usr/libexec/vte-urlencode-cwd</Data><Data Name="FileVersion">-</Data><Data Name="Description">-</Data><Data Name="Product">-</Data><Data Name="Company">-</Data><Data Name="OriginalFileName">-</Data><Data Name="CommandLine">/usr/libexec/vte-urlencode-cwd</Data><Data Name="CurrentDirectory">/home/bunny</Data><Data Name="User">bunny</Data><Data Name="LogonGuid">{491e8a99-0000-0000-e803-000001000000}</Data><Data Name="LogonId">1000</Data><Data Name="TerminalSessionId">3</Data><Data Name="IntegrityLevel">no level</Data><Data Name="Hashes">MD5=0a8eaf3d8534c4c31b78a3c99f4c06dd,SHA256=f84ab2db1e733a0f4ae51d718f2c78605955145e9e062bf5f173050987950dea</Data><Data Name="ParentProcessGuid">{00000000-0000-0000-0000-000000000000}</Data><Data Name="ParentProcessId">4830</Data><Data Name="ParentImage">-</Data><Data Name="ParentCommandLine">-</Data><Data Name="ParentUser">-</Data></EventData></Event>
Jun 01 00:22:37 bunny-VirtualBox sysmon[1772]: <Event><System><Provider Name="Linux-Sysmon" Guid="{ff032593-a8d3-4f13-b0d6-01fc615a0f97}"/><EventID>5</EventID><Version>3</Version><Level>4</Level><Task>5</Task><Opcode>0</Opcode><Keywords>0x8000000000000000</Keywords><TimeCreated SystemTime="2026-05-31T18:52:37.699089000Z"/><EventRecordID>25556</EventRecordID><Correlation/><Execution ProcessID="1772" ThreadID="1772"/><Channel>Linux-Sysmon/Operational</Channel><Computer>bunny-VirtualBox</Computer><Security UserId="0"/></System><EventData><Data Name="RuleName">ProcessTerminate</Data><Data Name="UtcTime">2026-05-31 18:52:36.228</Data><Data Name="ProcessGuid">{491e8a99-8374-6a1c-b932-87d6ca5e0000}</Data><Data Name="ProcessId">5213</Data><Data Name="Image">/usr/libexec/vte-urlencode-cwd</Data><Data Name="User">bunny</Data></EventData></Event>
Jun 01 00:22:37 bunny-VirtualBox sysmon[1772]: <Event><System><Provider Name="Linux-Sysmon" Guid="{ff032593-a8d3-4f13-b0d6-01fc615a0f97}"/><EventID>5</EventID><Version>3</Version><Level>4</Level><Task>5</Task><Opcode>0</Opcode><Keywords>0x8000000000000000</Keywords><TimeCreated SystemTime="2026-05-31T18:52:37.699114000Z"/><EventRecordID>25557</EventRecordID><Correlation/><Execution ProcessID="1772" ThreadID="1772"/><Channel>Linux-Sysmon/Operational</Channel><Computer>bunny-VirtualBox</Computer><Security UserId="0"/></System><EventData><Data Name="RuleName">ProcessTerminate</Data><Data Name="UtcTime">2026-05-31 18:52:36.137</Data><Data Name="ProcessGuid">{491e8a99-8374-6a1c-bd36-7cd8535d0000}</Data><Data Name="ProcessId">5201</Data><Data Name="Image">/usr/lib/cargo/bin/coreutils/date</Data><Data Name="User">bunny</Data></EventData></Event>
Jun 01 00:22:37 bunny-VirtualBox sysmon[1772]: <Event><System><Provider Name="Linux-Sysmon" Guid="{ff032593-a8d3-4f13-b0d6-01fc615a0f97}"/><EventID>1</EventID><Version>5</Version><Level>4</Level><Task>1</Task><Opcode>0</Opcode><Keywords>0x8000000000000000</Keywords><TimeCreated SystemTime="2026-05-31T18:52:37.718840000Z"/><EventRecordID>25558</EventRecordID><Correlation/><Execution ProcessID="1772" ThreadID="1772"/><Channel>Linux-Sysmon/Operational</Channel><Computer>bunny-VirtualBox</Computer><Security UserId="0"/></System><EventData><Data Name="RuleName">-</Data><Data Name="UtcTime">2026-05-31 18:52:36.138</Data><Data Name="ProcessGuid">{491e8a99-8374-6a1c-bdb6-bb97e9630000}</Data><Data Name="ProcessId">5202</Data><Data Name="Image">/usr/lib/cargo/bin/coreutils/date</Data><Data Name="FileVersion">-</Data><Data Name="Description">-</Data><Data Name="Product">-</Data><Data Name="Company">-</Data><Data Name="OriginalFileName">-</Data><Data Name="CommandLine">date +%Y-%m-%d %H:%M:%S</Data><Data Name="CurrentDirectory">/home/bunny</Data><Data Name="User">bunny</Data><Data Name="LogonGuid">{491e8a99-0000-0000-e803-000001000000}</Data><Data Name="LogonId">1000</Data><Data Name="TerminalSessionId">3</Data><Data Name="IntegrityLevel">no level</Data><Data Name="Hashes">MD5=2d313ecc9fc058f6e0758abe00c0f6e8,SHA256=48893b0fb21436b54619db80486e83ef39dfccaf1aefe83dfa00c02d6146e8c0</Data><Data Name="ParentProcessGuid">{491e8a99-8374-6a1c-a179-2abcca610000}</Data><Data Name="ParentProcessId">5192</Data><Data Name="ParentImage">/usr/bin/bash</Data><Data Name="ParentCommandLine">bash</Data><Data Name="ParentUser">bunny</Data></EventData></Event>
Jun 01 00:22:37 bunny-VirtualBox sysmon[1772]: <Event><System><Provider Name="Linux-Sysmon" Guid="{ff032593-a8d3-4f13-b0d6-01fc615a0f97}"/><EventID>5</EventID><Version>3</Version><Level>4</Level><Task>5</Task><Opcode>0</Opcode><Keywords>0x8000000000000000</Keywords><TimeCreated SystemTime="2026-05-31T18:52:37.719745000Z"/><EventRecordID>25559</EventRecordID><Correlation/><Execution ProcessID="1772" ThreadID="1772"/><Channel>Linux-Sysmon/Operational</Channel><Computer>bunny-VirtualBox</Computer><Security UserId="0"/></System><EventData><Data Name="RuleName">ProcessTerminate</Data><Data Name="UtcTime">2026-05-31 18:52:36.143</Data><Data Name="ProcessGuid">{491e8a99-8374-6a1c-bdb6-bb97e9630000}</Data><Data Name="ProcessId">5202</Data><Data Name="Image">/usr/lib/cargo/bin/coreutils/date</Data><Data Name="User">bunny</Data></EventData></Event>
Jun 01 00:22:37 bunny-VirtualBox sysmon[1772]: <Event><System><Provider Name="Linux-Sysmon" Guid="{ff032593-a8d3-4f13-b0d6-01fc615a0f97}"/><EventID>1</EventID><Version>5</Version><Level>4</Level><Task>1</Task><Opcode>0</Opcode><Keywords>0x8000000000000000</Keywords><TimeCreated SystemTime="2026-05-31T18:52:37.720081000Z"/><EventRecordID>25560</EventRecordID><Correlation/><Execution ProcessID="1772" ThreadID="1772"/><Channel>Linux-Sysmon/Operational</Channel><Computer>bunny-VirtualBox</Computer><Security UserId="0"/></System><EventData><Data Name="RuleName">-</Data><Data Name="UtcTime">2026-05-31 18:52:36.144</Data><Data Name="ProcessGuid">{491e8a99-8374-6a1c-416f-b49a88550000}</Data><Data Name="ProcessId">5203</Data><Data Name="Image">/usr/bin/ps</Data><Data Name="FileVersion">-</Data><Data Name="Description">-</Data><Data Name="Product">-</Data><Data Name="Company">-</Data><Data Name="OriginalFileName">-</Data><Data Name="CommandLine">ps aux</Data><Data Name="CurrentDirectory">/home/bunny</Data><Data Name="User">bunny</Data><Data Name="LogonGuid">{491e8a99-0000-0000-e803-000001000000}</Data><Data Name="LogonId">1000</Data><Data Name="TerminalSessionId">3</Data><Data Name="IntegrityLevel">no level</Data><Data Name="Hashes">MD5=824e10267aba361cb2d2e46a7ff5090e,SHA256=40b2b15f65edfaadc0e3f5d3644e6699db3bdf658399831901cc05c11642ea5c</Data><Data Name="ParentProcessGuid">{491e8a99-8374-6a1c-a179-2abcca610000}</Data><Data Name="ParentProcessId">5192</Data><Data Name="ParentImage">/usr/bin/bash</Data><Data Name="ParentCommandLine">bash</Data><Data Name="ParentUser">bunny</Data></EventData></Event>
Jun 01 00:22:37 bunny-VirtualBox sysmon[1772]: <Event><System><Provider Name="Linux-Sysmon" Guid="{ff032593-a8d3-4f13-b0d6-01fc615a0f97}"/><EventID>5</EventID><Version>3</Version><Level>4</Level><Task>5</Task><Opcode>0</Opcode><Keywords>0x8000000000000000</Keywords><TimeCreated SystemTime="2026-05-31T18:52:37.720301000Z"/><EventRecordID>25561</EventRecordID><Correlation/><Execution ProcessID="1772" ThreadID="1772"/><Channel>Linux-Sysmon/Operational</Channel><Computer>bunny-VirtualBox</Computer><Security UserId="0"/></System><EventData><Data Name="RuleName">ProcessTerminate</Data><Data Name="UtcTime">2026-05-31 18:52:36.163</Data><Data Name="ProcessGuid">{491e8a99-8374-6a1c-416f-b49a88550000}</Data><Data Name="ProcessId">5203</Data><Data Name="Image">/usr/bin/ps</Data><Data Name="User">bunny</Data></EventData></Event>
Jun 01 00:22:37 bunny-VirtualBox sysmon[1772]: <Event><System><Provider Name="Linux-Sysmon" Guid="{ff032593-a8d3-4f13-b0d6-01fc615a0f97}"/><EventID>1</EventID><Version>5</Version><Level>4</Level><Task>1</Task><Opcode>0</Opcode><Keywords>0x8000000000000000</Keywords><TimeCreated SystemTime="2026-05-31T18:52:37.740528000Z"/><EventRecordID>25562</EventRecordID><Correlation/><Execution ProcessID="1772" ThreadID="1772"/><Channel>Linux-Sysmon/Operational</Channel><Computer>bunny-VirtualBox</Computer><Security UserId="0"/></System><EventData><Data Name="RuleName">-</Data><Data Name="UtcTime">2026-05-31 18:52:36.163</Data><Data Name="ProcessGuid">{491e8a99-8374-6a1c-bda6-5b82e4560000}</Data><Data Name="ProcessId">5204</Data><Data Name="Image">/usr/lib/cargo/bin/coreutils/date</Data><Data Name="FileVersion">-</Data><Data Name="Description">-</Data><Data Name="Product">-</Data><Data Name="Company">-</Data><Data Name="OriginalFileName">-</Data><Data Name="CommandLine">date +%Y-%m-%d %H:%M:%S</Data><Data Name="CurrentDirectory">/home/bunny</Data><Data Name="User">bunny</Data><Data Name="LogonGuid">{491e8a99-0000-0000-e803-000001000000}</Data><Data Name="LogonId">1000</Data><Data Name="TerminalSessionId">3</Data><Data Name="IntegrityLevel">no level</Data><Data Name="Hashes">MD5=2d313ecc9fc058f6e0758abe00c0f6e8,SHA256=48893b0fb21436b54619db80486e83ef39dfccaf1aefe83dfa00c02d6146e8c0</Data><Data Name="ParentProcessGuid">{491e8a99-8374-6a1c-a179-2abcca610000}</Data><Data Name="ParentProcessId">5192</Data><Data Name="ParentImage">/usr/bin/bash</Data><Data Name="ParentCommandLine">bash</Data><Data Name="ParentUser">bunny</Data></EventData></Event>
Jun 01 00:22:37 bunny-VirtualBox sysmon[1772]: <Event><System><Provider Name="Linux-Sysmon" Guid="{ff032593-a8d3-4f13-b0d6-01fc615a0f97}"/><EventID>5</EventID><Version>3</Version><Level>4</Level><Task>5</Task><Opcode>0</Opcode><Keywords>0x8000000000000000</Keywords><TimeCreated SystemTime="2026-05-31T18:52:37.741207000Z"/><EventRecordID>25563</EventRecordID><Correlation/><Execution ProcessID="1772" ThreadID="1772"/><Channel>Linux-Sysmon/Operational</Channel><Computer>bunny-VirtualBox</Computer><Security UserId="0"/></System><EventData><Data Name="RuleName">ProcessTerminate</Data><Data Name="UtcTime">2026-05-31 18:52:36.168</Data><Data Name="ProcessGuid">{491e8a99-8374-6a1c-bda6-5b82e4560000}</Data><Data Name="ProcessId">5204</Data><Data Name="Image">/usr/lib/cargo/bin/coreutils/date</Data><Data Name="User">bunny</Data></EventData></Event>
