Jun 01 00:22:37 bunny-VirtualBox sysmon[1772]: <Event><System><Provider Name="Linux-Sysmon" Guid="{ff032593-a8d3-4f13-b0d6-01fc615a0f97}"/><EventID>1</EventID><Version>5</Version><Level>4</Level><Task>1</Task><Opcode>0</Opcode><Keywords>0x8000000000000000</Keywords><TimeCreated SystemTime="2026-05-31T18:52:37.300422000Z"/><EventRecordID>25515</EventRecordID><Correlation/><Execution ProcessID="1772" ThreadID="1772"/><Channel>Linux-Sysmon/Operational</Channel><Computer>bunny-VirtualBox</Computer><Security UserId="0"/></System><EventData><Data Name="RuleName">-</Data><Data Name="UtcTime">2026-05-31 18:52:36.036</Data><Data Name="ProcessGuid">{491e8a99-8374-6a1c-a179-2abcca610000}</Data><Data Name="ProcessId">5192</Data><Data Name="Image">/usr/bin/bash</Data><Data Name="FileVersion">-</Data><Data Name="Description">-</Data><Data Name="Product">-</Data><Data Name="Company">-</Data><Data Name="OriginalFileName">-</Data><Data Name="CommandLine">bash</Data><Data Name="CurrentDirectory">/home/bunny</Data><Data Name="User">bunny</Data><Data Name="LogonGuid">{491e8a99-0000-0000-e803-000001000000}</Data><Data Name="LogonId">1000</Data><Data Name="TerminalSessionId">3</Data><Data Name="IntegrityLevel">no level</Data><Data Name="Hashes">MD5=28ca14308acd431aba3a2e17998191a6,SHA256=3efccc187bafa75ff1e37d246270ab3e7aa559f242c7a52bf3ec2a1b5450bdbd</Data><Data Name="ParentProcessGuid">{00000000-0000-0000-0000-000000000000}</Data><Data Name="ParentProcessId">4830</Data><Data Name="ParentImage">-</Data><Data Name="ParentCommandLine">-</Data><Data Name="ParentUser">-</Data></EventData></Event>
Jun 01 00:22:37 bunny-VirtualBox sysmon[1772]: <Event><System><Provider Name="Linux-Sysmon" Guid="{ff032593-a8d3-4f13-b0d6-01fc615a0f97}"/><EventID>1</EventID><Version>5</Version><Level>4</Level><Task>1</Task><Opcode>0</Opcode><Keywords>0x8000000000000000</Keywords><TimeCreated SystemTime="2026-05-31T18:52:37.323250000Z"/><EventRecordID>25516</EventRecordID><Correlation/><Execution ProcessID="1772" ThreadID="1772"/><Channel>Linux-Sysmon/Operational</Channel><Computer>bunny-VirtualBox</Computer><Security UserId="0"/></System><EventData><Data Name="RuleName">-</Data><Data Name="UtcTime">2026-05-31 18:52:36.034</Data><Data Name="ProcessGuid">{491e8a99-8374-6a1c-bd06-1ade955d0000}</Data><Data Name="ProcessId">5190</Data><Data Name="Image">/usr/lib/cargo/bin/coreutils/base64</Data><Data Name="FileVersion">-</Data><Data Name="Description">-</Data><Data Name="Product">-</Data><Data Name="Company">-</Data><Data Name="OriginalFileName">-</Data><Data Name="CommandLine">base64 -d</Data><Data Name="CurrentDirectory">/home/bunny</Data><Data Name="User">bunny</Data><Data Name="LogonGuid">{491e8a99-0000-0000-e803-000001000000}</Data><Data Name="LogonId">1000</Data><Data Name="TerminalSessionId">3</Data><Data Name="IntegrityLevel">no level</Data><Data Name="Hashes">MD5=2d313ecc9fc058f6e0758abe00c0f6e8,SHA256=48893b0fb21436b54619db80486e83ef39dfccaf1aefe83dfa00c02d6146e8c0</Data><Data Name="ParentProcessGuid">{00000000-0000-0000-0000-000000000000}</Data><Data Name="ParentProcessId">4830</Data><Data Name="ParentImage">-</Data><Data Name="ParentCommandLine">-</Data><Data Name="ParentUser">-</Data></EventData></Event>
Jun 01 00:22:37 bunny-VirtualBox sysmon[1772]: <Event><System><Provider Name="Linux-Sysmon" Guid="{ff032593-a8d3-4f13-b0d6-01fc615a0f97}"/><EventID>1</EventID><Version>5</Version><Level>4</Level><Task>1</Task><Opcode>0</Opcode><Keywords>0x8000000000000000</Keywords><TimeCreated SystemTime="2026-05-31T18:52:37.359512000Z"/><EventRecordID>25517</EventRecordID><Correlation/><Execution ProcessID="1772" ThreadID="1772"/><Channel>Linux-Sysmon/Operational</Channel><Computer>bunny-VirtualBox</Computer><Security UserId="0"/></System><EventData><Data Name="RuleName">-</Data><Data Name="UtcTime">2026-05-31 18:52:36.036</Data><Data Name="ProcessGuid">{491e8a99-8374-6a1c-bdd6-01d4525a0000}</Data><Data Name="ProcessId">5191</Data><Data Name="Image">/usr/lib/cargo/bin/coreutils/base64</Data><Data Name="FileVersion">-</Data><Data Name="Description">-</Data><Data Name="Product">-</Data><Data Name="Company">-</Data><Data Name="OriginalFileName">-</Data><Data Name="CommandLine">base64 -d</Data><Data Name="CurrentDirectory">/home/bunny</Data><Data Name="User">bunny</Data><Data Name="LogonGuid">{491e8a99-0000-0000-e803-000001000000}</Data><Data Name="LogonId">1000</Data><Data Name="TerminalSessionId">3</Data><Data Name="IntegrityLevel">no level</Data><Data Name="Hashes">MD5=2d313ecc9fc058f6e0758abe00c0f6e8,SHA256=48893b0fb21436b54619db80486e83ef39dfccaf1aefe83dfa00c02d6146e8c0</Data><Data Name="ParentProcessGuid">{00000000-0000-0000-0000-000000000000}</Data><Data Name="ParentProcessId">4830</Data><Data Name="ParentImage">-</Data><Data Name="ParentCommandLine">-</Data><Data Name="ParentUser">-</Data></EventData></Event>
Jun 01 00:22:37 bunny-VirtualBox sysmon[1772]: <Event><System><Provider Name="Linux-Sysmon" Guid="{ff032593-a8d3-4f13-b0d6-01fc615a0f97}"/><EventID>1</EventID><Version>5</Version><Level>4</Level><Task>1</Task><Opcode>0</Opcode><Keywords>0x8000000000000000</Keywords><TimeCreated SystemTime="2026-05-31T18:52:37.391269000Z"/><EventRecordID>25518</EventRecordID><Correlation/><Execution ProcessID="1772" ThreadID="1772"/><Channel>Linux-Sysmon/Operational</Channel><Computer>bunny-VirtualBox</Computer><Security UserId="0"/></System><EventData><Data Name="RuleName">-</Data><Data Name="UtcTime">2026-05-31 18:52:36.034</Data><Data Name="ProcessGuid">{491e8a99-8374-6a1c-bd16-0773175c0000}</Data><Data Name="ProcessId">5189</Data><Data Name="Image">/usr/lib/cargo/bin/coreutils/cat</Data><Data Name="FileVersion">-</Data><Data Name="Description">-</Data><Data Name="Product">-</Data><Data Name="Company">-</Data><Data Name="OriginalFileName">-</Data><Data Name="CommandLine">cat /home/bunny/Detection-Engineering-Lab/scenarios/encoded-command-execution/double_encoded_payload.txt</Data><Data Name="CurrentDirectory">/home/bunny</Data><Data Name="User">bunny</Data><Data Name="LogonGuid">{491e8a99-0000-0000-e803-000001000000}</Data><Data Name="LogonId">1000</Data><Data Name="TerminalSessionId">3</Data><Data Name="IntegrityLevel">no level</Data><Data Name="Hashes">MD5=2d313ecc9fc058f6e0758abe00c0f6e8,SHA256=48893b0fb21436b54619db80486e83ef39dfccaf1aefe83dfa00c02d6146e8c0</Data><Data Name="ParentProcessGuid">{00000000-0000-0000-0000-000000000000}</Data><Data Name="ParentProcessId">4830</Data><Data Name="ParentImage">-</Data><Data Name="ParentCommandLine">-</Data><Data Name="ParentUser">-</Data></EventData></Event>
Jun 01 00:22:37 bunny-VirtualBox sysmon[1772]: <Event><System><Provider Name="Linux-Sysmon" Guid="{ff032593-a8d3-4f13-b0d6-01fc615a0f97}"/><EventID>5</EventID><Version>3</Version><Level>4</Level><Task>5</Task><Opcode>0</Opcode><Keywords>0x8000000000000000</Keywords><TimeCreated SystemTime="2026-05-31T18:52:37.391351000Z"/><EventRecordID>25519</EventRecordID><Correlation/><Execution ProcessID="1772" ThreadID="1772"/><Channel>Linux-Sysmon/Operational</Channel><Computer>bunny-VirtualBox</Computer><Security UserId="0"/></System><EventData><Data Name="RuleName">ProcessTerminate</Data><Data Name="UtcTime">2026-05-31 18:52:36.052</Data><Data Name="ProcessGuid">{491e8a99-8374-6a1c-bd16-0773175c0000}</Data><Data Name="ProcessId">5189</Data><Data Name="Image">/usr/lib/cargo/bin/coreutils/cat</Data><Data Name="User">bunny</Data></EventData></Event>
Jun 01 00:22:37 bunny-VirtualBox sysmon[1772]: <Event><System><Provider Name="Linux-Sysmon" Guid="{ff032593-a8d3-4f13-b0d6-01fc615a0f97}"/><EventID>5</EventID><Version>3</Version><Level>4</Level><Task>5</Task><Opcode>0</Opcode><Keywords>0x8000000000000000</Keywords><TimeCreated SystemTime="2026-05-31T18:52:37.391377000Z"/><EventRecordID>25520</EventRecordID><Correlation/><Execution ProcessID="1772" ThreadID="1772"/><Channel>Linux-Sysmon/Operational</Channel><Computer>bunny-VirtualBox</Computer><Security UserId="0"/></System><EventData><Data Name="RuleName">ProcessTerminate</Data><Data Name="UtcTime">2026-05-31 18:52:36.084</Data><Data Name="ProcessGuid">{491e8a99-8374-6a1c-bdd6-01d4525a0000}</Data><Data Name="ProcessId">5191</Data><Data Name="Image">/usr/lib/cargo/bin/coreutils/base64</Data><Data Name="User">bunny</Data></EventData></Event>
Jun 01 00:22:37 bunny-VirtualBox sysmon[1772]: <Event><System><Provider Name="Linux-Sysmon" Guid="{ff032593-a8d3-4f13-b0d6-01fc615a0f97}"/><EventID>5</EventID><Version>3</Version><Level>4</Level><Task>5</Task><Opcode>0</Opcode><Keywords>0x8000000000000000</Keywords><TimeCreated SystemTime="2026-05-31T18:52:37.391405000Z"/><EventRecordID>25521</EventRecordID><Correlation/><Execution ProcessID="1772" ThreadID="1772"/><Channel>Linux-Sysmon/Operational</Channel><Computer>bunny-VirtualBox</Computer><Security UserId="0"/></System><EventData><Data Name="RuleName">ProcessTerminate</Data><Data Name="UtcTime">2026-05-31 18:52:36.076</Data><Data Name="ProcessGuid">{491e8a99-8374-6a1c-bd06-1ade955d0000}</Data><Data Name="ProcessId">5190</Data><Data Name="Image">/usr/lib/cargo/bin/coreutils/base64</Data><Data Name="User">bunny</Data></EventData></Event>
Jun 01 00:22:37 bunny-VirtualBox sysmon[1772]: <Event><System><Provider Name="Linux-Sysmon" Guid="{ff032593-a8d3-4f13-b0d6-01fc615a0f97}"/><EventID>1</EventID><Version>5</Version><Level>4</Level><Task>1</Task><Opcode>0</Opcode><Keywords>0x8000000000000000</Keywords><TimeCreated SystemTime="2026-05-31T18:52:37.417127000Z"/><EventRecordID>25522</EventRecordID><Correlation/><Execution ProcessID="1772" ThreadID="1772"/><Channel>Linux-Sysmon/Operational</Channel><Computer>bunny-VirtualBox</Computer><Security UserId="0"/></System><EventData><Data Name="RuleName">-</Data><Data Name="UtcTime">2026-05-31 18:52:36.084</Data><Data Name="ProcessGuid">{491e8a99-8374-6a1c-bd46-8d3d065d0000}</Data><Data Name="ProcessId">5193</Data><Data Name="Image">/usr/lib/cargo/bin/coreutils/date</Data><Data Name="FileVersion">-</Data><Data Name="Description">-</Data><Data Name="Product">-</Data><Data Name="Company">-</Data><Data Name="OriginalFileName">-</Data><Data Name="CommandLine">date +%Y-%m-%d %H:%M:%S</Data><Data Name="CurrentDirectory">/home/bunny</Data><Data Name="User">bunny</Data><Data Name="LogonGuid">{491e8a99-0000-0000-e803-000001000000}</Data><Data Name="LogonId">1000</Data><Data Name="TerminalSessionId">3</Data><Data Name="IntegrityLevel">no level</Data><Data Name="Hashes">MD5=2d313ecc9fc058f6e0758abe00c0f6e8,SHA256=48893b0fb21436b54619db80486e83ef39dfccaf1aefe83dfa00c02d6146e8c0</Data><Data Name="ParentProcessGuid">{491e8a99-8374-6a1c-a179-2abcca610000}</Data><Data Name="ParentProcessId">5192</Data><Data Name="ParentImage">/usr/bin/bash</Data><Data Name="ParentCommandLine">bash</Data><Data Name="ParentUser">bunny</Data></EventData></Event>
Jun 01 00:22:37 bunny-VirtualBox sysmon[1772]: <Event><System><Provider Name="Linux-Sysmon" Guid="{ff032593-a8d3-4f13-b0d6-01fc615a0f97}"/><EventID>5</EventID><Version>3</Version><Level>4</Level><Task>5</Task><Opcode>0</Opcode><Keywords>0x8000000000000000</Keywords><TimeCreated SystemTime="2026-05-31T18:52:37.417311000Z"/><EventRecordID>25523</EventRecordID><Correlation/><Execution ProcessID="1772" ThreadID="1772"/><Channel>Linux-Sysmon/Operational</Channel><Computer>bunny-VirtualBox</Computer><Security UserId="0"/></System><EventData><Data Name="RuleName">ProcessTerminate</Data><Data Name="UtcTime">2026-05-31 18:52:36.090</Data><Data Name="ProcessGuid">{491e8a99-8374-6a1c-bd46-8d3d065d0000}</Data><Data Name="ProcessId">5193</Data><Data Name="Image">/usr/lib/cargo/bin/coreutils/date</Data><Data Name="User">bunny</Data></EventData></Event>
Jun 01 00:22:37 bunny-VirtualBox sysmon[1772]: <Event><System><Provider Name="Linux-Sysmon" Guid="{ff032593-a8d3-4f13-b0d6-01fc615a0f97}"/><EventID>1</EventID><Version>5</Version><Level>4</Level><Task>1</Task><Opcode>0</Opcode><Keywords>0x8000000000000000</Keywords><TimeCreated SystemTime="2026-05-31T18:52:37.439808000Z"/><EventRecordID>25524</EventRecordID><Correlation/><Execution ProcessID="1772" ThreadID="1772"/><Channel>Linux-Sysmon/Operational</Channel><Computer>bunny-VirtualBox</Computer><Security UserId="0"/></System><EventData><Data Name="RuleName">-</Data><Data Name="UtcTime">2026-05-31 18:52:36.092</Data><Data Name="ProcessGuid">{491e8a99-8374-6a1c-bd46-babbd45c0000}</Data><Data Name="ProcessId">5194</Data><Data Name="Image">/usr/lib/cargo/bin/coreutils/date</Data><Data Name="FileVersion">-</Data><Data Name="Description">-</Data><Data Name="Product">-</Data><Data Name="Company">-</Data><Data Name="OriginalFileName">-</Data><Data Name="CommandLine">date +%Y-%m-%d %H:%M:%S</Data><Data Name="CurrentDirectory">/home/bunny</Data><Data Name="User">bunny</Data><Data Name="LogonGuid">{491e8a99-0000-0000-e803-000001000000}</Data><Data Name="LogonId">1000</Data><Data Name="TerminalSessionId">3</Data><Data Name="IntegrityLevel">no level</Data><Data Name="Hashes">MD5=2d313ecc9fc058f6e0758abe00c0f6e8,SHA256=48893b0fb21436b54619db80486e83ef39dfccaf1aefe83dfa00c02d6146e8c0</Data><Data Name="ParentProcessGuid">{491e8a99-8374-6a1c-a179-2abcca610000}</Data><Data Name="ParentProcessId">5192</Data><Data Name="ParentImage">/usr/bin/bash</Data><Data Name="ParentCommandLine">bash</Data><Data Name="ParentUser">bunny</Data></EventData></Event>
Jun 01 00:22:37 bunny-VirtualBox sysmon[1772]: <Event><System><Provider Name="Linux-Sysmon" Guid="{ff032593-a8d3-4f13-b0d6-01fc615a0f97}"/><EventID>5</EventID><Version>3</Version><Level>4</Level><Task>5</Task><Opcode>0</Opcode><Keywords>0x8000000000000000</Keywords><TimeCreated SystemTime="2026-05-31T18:52:37.440206000Z"/><EventRecordID>25525</EventRecordID><Correlation/><Execution ProcessID="1772" ThreadID="1772"/><Channel>Linux-Sysmon/Operational</Channel><Computer>bunny-VirtualBox</Computer><Security UserId="0"/></System><EventData><Data Name="RuleName">ProcessTerminate</Data><Data Name="UtcTime">2026-05-31 18:52:36.097</Data><Data Name="ProcessGuid">{491e8a99-8374-6a1c-bd46-babbd45c0000}</Data><Data Name="ProcessId">5194</Data><Data Name="Image">/usr/lib/cargo/bin/coreutils/date</Data><Data Name="User">bunny</Data></EventData></Event>
Jun 01 00:22:37 bunny-VirtualBox sysmon[1772]: <Event><System><Provider Name="Linux-Sysmon" Guid="{ff032593-a8d3-4f13-b0d6-01fc615a0f97}"/><EventID>1</EventID><Version>5</Version><Level>4</Level><Task>1</Task><Opcode>0</Opcode><Keywords>0x8000000000000000</Keywords><TimeCreated SystemTime="2026-05-31T18:52:37.461694000Z"/><EventRecordID>25526</EventRecordID><Correlation/><Execution ProcessID="1772" ThreadID="1772"/><Channel>Linux-Sysmon/Operational</Channel><Computer>bunny-VirtualBox</Computer><Security UserId="0"/></System><EventData><Data Name="RuleName">-</Data><Data Name="UtcTime">2026-05-31 18:52:36.100</Data><Data Name="ProcessGuid">{491e8a99-8374-6a1c-bd26-1619b8610000}</Data><Data Name="ProcessId">5195</Data><Data Name="Image">/usr/lib/cargo/bin/coreutils/whoami</Data><Data Name="FileVersion">-</Data><Data Name="Description">-</Data><Data Name="Product">-</Data><Data Name="Company">-</Data><Data Name="OriginalFileName">-</Data><Data Name="CommandLine">whoami</Data><Data Name="CurrentDirectory">/home/bunny</Data><Data Name="User">bunny</Data><Data Name="LogonGuid">{491e8a99-0000-0000-e803-000001000000}</Data><Data Name="LogonId">1000</Data><Data Name="TerminalSessionId">3</Data><Data Name="IntegrityLevel">no level</Data><Data Name="Hashes">MD5=2d313ecc9fc058f6e0758abe00c0f6e8,SHA256=48893b0fb21436b54619db80486e83ef39dfccaf1aefe83dfa00c02d6146e8c0</Data><Data Name="ParentProcessGuid">{491e8a99-8374-6a1c-a179-2abcca610000}</Data><Data Name="ParentProcessId">5192</Data><Data Name="ParentImage">/usr/bin/bash</Data><Data Name="ParentCommandLine">bash</Data><Data Name="ParentUser">bunny</Data></EventData></Event>
Jun 01 00:22:37 bunny-VirtualBox sysmon[1772]: <Event><System><Provider Name="Linux-Sysmon" Guid="{ff032593-a8d3-4f13-b0d6-01fc615a0f97}"/><EventID>5</EventID><Version>3</Version><Level>4</Level><Task>5</Task><Opcode>0</Opcode><Keywords>0x8000000000000000</Keywords><TimeCreated SystemTime="2026-05-31T18:52:37.462310000Z"/><EventRecordID>25527</EventRecordID><Correlation/><Execution ProcessID="1772" ThreadID="1772"/><Channel>Linux-Sysmon/Operational</Channel><Computer>bunny-VirtualBox</Computer><Security UserId="0"/></System><EventData><Data Name="RuleName">ProcessTerminate</Data><Data Name="UtcTime">2026-05-31 18:52:36.106</Data><Data Name="ProcessGuid">{491e8a99-8374-6a1c-bd26-1619b8610000}</Data><Data Name="ProcessId">5195</Data><Data Name="Image">/usr/lib/cargo/bin/coreutils/whoami</Data><Data Name="User">bunny</Data></EventData></Event>
Jun 01 00:22:37 bunny-VirtualBox sysmon[1772]: <Event><System><Provider Name="Linux-Sysmon" Guid="{ff032593-a8d3-4f13-b0d6-01fc615a0f97}"/><EventID>1</EventID><Version>5</Version><Level>4</Level><Task>1</Task><Opcode>0</Opcode><Keywords>0x8000000000000000</Keywords><TimeCreated SystemTime="2026-05-31T18:52:37.483184000Z"/><EventRecordID>25528</EventRecordID><Correlation/><Execution ProcessID="1772" ThreadID="1772"/><Channel>Linux-Sysmon/Operational</Channel><Computer>bunny-VirtualBox</Computer><Security UserId="0"/></System><EventData><Data Name="RuleName">-</Data><Data Name="UtcTime">2026-05-31 18:52:36.106</Data><Data Name="ProcessGuid">{491e8a99-8374-6a1c-bd86-016b79560000}</Data><Data Name="ProcessId">5196</Data><Data Name="Image">/usr/lib/cargo/bin/coreutils/id</Data><Data Name="FileVersion">-</Data><Data Name="Description">-</Data><Data Name="Product">-</Data><Data Name="Company">-</Data><Data Name="OriginalFileName">-</Data><Data Name="CommandLine">id</Data><Data Name="CurrentDirectory">/home/bunny</Data><Data Name="User">bunny</Data><Data Name="LogonGuid">{491e8a99-0000-0000-e803-000001000000}</Data><Data Name="LogonId">1000</Data><Data Name="TerminalSessionId">3</Data><Data Name="IntegrityLevel">no level</Data><Data Name="Hashes">MD5=2d313ecc9fc058f6e0758abe00c0f6e8,SHA256=48893b0fb21436b54619db80486e83ef39dfccaf1aefe83dfa00c02d6146e8c0</Data><Data Name="ParentProcessGuid">{491e8a99-8374-6a1c-a179-2abcca610000}</Data><Data Name="ParentProcessId">5192</Data><Data Name="ParentImage">/usr/bin/bash</Data><Data Name="ParentCommandLine">bash</Data><Data Name="ParentUser">bunny</Data></EventData></Event>
Jun 01 00:22:37 bunny-VirtualBox sysmon[1772]: <Event><System><Provider Name="Linux-Sysmon" Guid="{ff032593-a8d3-4f13-b0d6-01fc615a0f97}"/><EventID>5</EventID><Version>3</Version><Level>4</Level><Task>5</Task><Opcode>0</Opcode><Keywords>0x8000000000000000</Keywords><TimeCreated SystemTime="2026-05-31T18:52:37.483387000Z"/><EventRecordID>25529</EventRecordID><Correlation/><Execution ProcessID="1772" ThreadID="1772"/><Channel>Linux-Sysmon/Operational</Channel><Computer>bunny-VirtualBox</Computer><Security UserId="0"/></System><EventData><Data Name="RuleName">ProcessTerminate</Data><Data Name="UtcTime">2026-05-31 18:52:36.111</Data><Data Name="ProcessGuid">{491e8a99-8374-6a1c-bd86-016b79560000}</Data><Data Name="ProcessId">5196</Data><Data Name="Image">/usr/lib/cargo/bin/coreutils/id</Data><Data Name="User">bunny</Data></EventData></Event>
Jun 01 00:22:37 bunny-VirtualBox sysmon[1772]: <Event><System><Provider Name="Linux-Sysmon" Guid="{ff032593-a8d3-4f13-b0d6-01fc615a0f97}"/><EventID>1</EventID><Version>5</Version><Level>4</Level><Task>1</Task><Opcode>0</Opcode><Keywords>0x8000000000000000</Keywords><TimeCreated SystemTime="2026-05-31T18:52:37.504321000Z"/><EventRecordID>25530</EventRecordID><Correlation/><Execution ProcessID="1772" ThreadID="1772"/><Channel>Linux-Sysmon/Operational</Channel><Computer>bunny-VirtualBox</Computer><Security UserId="0"/></System><EventData><Data Name="RuleName">-</Data><Data Name="UtcTime">2026-05-31 18:52:36.112</Data><Data Name="ProcessGuid">{491e8a99-8374-6a1c-bde6-04e9de630000}</Data><Data Name="ProcessId">5197</Data><Data Name="Image">/usr/lib/cargo/bin/coreutils/date</Data><Data Name="FileVersion">-</Data><Data Name="Description">-</Data><Data Name="Product">-</Data><Data Name="Company">-</Data><Data Name="OriginalFileName">-</Data><Data Name="CommandLine">date +%Y-%m-%d %H:%M:%S</Data><Data Name="CurrentDirectory">/home/bunny</Data><Data Name="User">bunny</Data><Data Name="LogonGuid">{491e8a99-0000-0000-e803-000001000000}</Data><Data Name="LogonId">1000</Data><Data Name="TerminalSessionId">3</Data><Data Name="IntegrityLevel">no level</Data><Data Name="Hashes">MD5=2d313ecc9fc058f6e0758abe00c0f6e8,SHA256=48893b0fb21436b54619db80486e83ef39dfccaf1aefe83dfa00c02d6146e8c0</Data><Data Name="ParentProcessGuid">{491e8a99-8374-6a1c-a179-2abcca610000}</Data><Data Name="ParentProcessId">5192</Data><Data Name="ParentImage">/usr/bin/bash</Data><Data Name="ParentCommandLine">bash</Data><Data Name="ParentUser">bunny</Data></EventData></Event>
Jun 01 00:22:37 bunny-VirtualBox sysmon[1772]: <Event><System><Provider Name="Linux-Sysmon" Guid="{ff032593-a8d3-4f13-b0d6-01fc615a0f97}"/><EventID>5</EventID><Version>3</Version><Level>4</Level><Task>5</Task><Opcode>0</Opcode><Keywords>0x8000000000000000</Keywords><TimeCreated SystemTime="2026-05-31T18:52:37.504897000Z"/><EventRecordID>25531</EventRecordID><Correlation/><Execution ProcessID="1772" ThreadID="1772"/><Channel>Linux-Sysmon/Operational</Channel><Computer>bunny-VirtualBox</Computer><Security UserId="0"/></System><EventData><Data Name="RuleName">ProcessTerminate</Data><Data Name="UtcTime">2026-05-31 18:52:36.116</Data><Data Name="ProcessGuid">{491e8a99-8374-6a1c-bde6-04e9de630000}</Data><Data Name="ProcessId">5197</Data><Data Name="Image">/usr/lib/cargo/bin/coreutils/date</Data><Data Name="User">bunny</Data></EventData></Event>
Jun 01 00:22:37 bunny-VirtualBox sysmon[1772]: <Event><System><Provider Name="Linux-Sysmon" Guid="{ff032593-a8d3-4f13-b0d6-01fc615a0f97}"/><EventID>1</EventID><Version>5</Version><Level>4</Level><Task>1</Task><Opcode>0</Opcode><Keywords>0x8000000000000000</Keywords><TimeCreated SystemTime="2026-05-31T18:52:37.528827000Z"/><EventRecordID>25532</EventRecordID><Correlation/><Execution ProcessID="1772" ThreadID="1772"/><Channel>Linux-Sysmon/Operational</Channel><Computer>bunny-VirtualBox</Computer><Security UserId="0"/></System><EventData><Data Name="RuleName">-</Data><Data Name="UtcTime">2026-05-31 18:52:36.117</Data><Data Name="ProcessGuid">{491e8a99-8374-6a1c-bd56-48545e640000}</Data><Data Name="ProcessId">5198</Data><Data Name="Image">/usr/lib/cargo/bin/coreutils/date</Data><Data Name="FileVersion">-</Data><Data Name="Description">-</Data><Data Name="Product">-</Data><Data Name="Company">-</Data><Data Name="OriginalFileName">-</Data><Data Name="CommandLine">date +%Y-%m-%d %H:%M:%S</Data><Data Name="CurrentDirectory">/home/bunny</Data><Data Name="User">bunny</Data><Data Name="LogonGuid">{491e8a99-0000-0000-e803-000001000000}</Data><Data Name="LogonId">1000</Data><Data Name="TerminalSessionId">3</Data><Data Name="IntegrityLevel">no level</Data><Data Name="Hashes">MD5=2d313ecc9fc058f6e0758abe00c0f6e8,SHA256=48893b0fb21436b54619db80486e83ef39dfccaf1aefe83dfa00c02d6146e8c0</Data><Data Name="ParentProcessGuid">{491e8a99-8374-6a1c-a179-2abcca610000}</Data><Data Name="ParentProcessId">5192</Data><Data Name="ParentImage">/usr/bin/bash</Data><Data Name="ParentCommandLine">bash</Data><Data Name="ParentUser">bunny</Data></EventData></Event>
Jun 01 00:22:37 bunny-VirtualBox sysmon[1772]: <Event><System><Provider Name="Linux-Sysmon" Guid="{ff032593-a8d3-4f13-b0d6-01fc615a0f97}"/><EventID>5</EventID><Version>3</Version><Level>4</Level><Task>5</Task><Opcode>0</Opcode><Keywords>0x8000000000000000</Keywords><TimeCreated SystemTime="2026-05-31T18:52:37.529949000Z"/><EventRecordID>25533</EventRecordID><Correlation/><Execution ProcessID="1772" ThreadID="1772"/><Channel>Linux-Sysmon/Operational</Channel><Computer>bunny-VirtualBox</Computer><Security UserId="0"/></System><EventData><Data Name="RuleName">ProcessTerminate</Data><Data Name="UtcTime">2026-05-31 18:52:36.122</Data><Data Name="ProcessGuid">{491e8a99-8374-6a1c-bd56-48545e640000}</Data><Data Name="ProcessId">5198</Data><Data Name="Image">/usr/lib/cargo/bin/coreutils/date</Data><Data Name="User">bunny</Data></EventData></Event>
Jun 01 00:22:37 bunny-VirtualBox sysmon[1772]: <Event><System><Provider Name="Linux-Sysmon" Guid="{ff032593-a8d3-4f13-b0d6-01fc615a0f97}"/><EventID>1</EventID><Version>5</Version><Level>4</Level><Task>1</Task><Opcode>0</Opcode><Keywords>0x8000000000000000</Keywords><TimeCreated SystemTime="2026-05-31T18:52:37.531786000Z"/><EventRecordID>25534</EventRecordID><Correlation/><Execution ProcessID="1772" ThreadID="1772"/><Channel>Linux-Sysmon/Operational</Channel><Computer>bunny-VirtualBox</Computer><Security UserId="0"/></System><EventData><Data Name="RuleName">-</Data><Data Name="UtcTime">2026-05-31 18:52:36.124</Data><Data Name="ProcessGuid">{491e8a99-8374-6a1c-2dd1-06f861560000}</Data><Data Name="ProcessId">5199</Data><Data Name="Image">/usr/bin/hostname</Data><Data Name="FileVersion">-</Data><Data Name="Description">-</Data><Data Name="Product">-</Data><Data Name="Company">-</Data><Data Name="OriginalFileName">-</Data><Data Name="CommandLine">hostname</Data><Data Name="CurrentDirectory">/home/bunny</Data><Data Name="User">bunny</Data><Data Name="LogonGuid">{491e8a99-0000-0000-e803-000001000000}</Data><Data Name="LogonId">1000</Data><Data Name="TerminalSessionId">3</Data><Data Name="IntegrityLevel">no level</Data><Data Name="Hashes">MD5=0142bf0082c648658943bf67b3cc0d0b,SHA256=4af127f59ae45b225999dfd9b319c8d90282304478df0aea631d20729b0dccea</Data><Data Name="ParentProcessGuid">{491e8a99-8374-6a1c-a179-2abcca610000}</Data><Data Name="ParentProcessId">5192</Data><Data Name="ParentImage">/usr/bin/bash</Data><Data Name="ParentCommandLine">bash</Data><Data Name="ParentUser">bunny</Data></EventData></Event>
Jun 01 00:22:37 bunny-VirtualBox sysmon[1772]: <Event><System><Provider Name="Linux-Sysmon" Guid="{ff032593-a8d3-4f13-b0d6-01fc615a0f97}"/><EventID>5</EventID><Version>3</Version><Level>4</Level><Task>5</Task><Opcode>0</Opcode><Keywords>0x8000000000000000</Keywords><TimeCreated SystemTime="2026-05-31T18:52:37.531827000Z"/><EventRecordID>25535</EventRecordID><Correlation/><Execution ProcessID="1772" ThreadID="1772"/><Channel>Linux-Sysmon/Operational</Channel><Computer>bunny-VirtualBox</Computer><Security UserId="0"/></System><EventData><Data Name="RuleName">ProcessTerminate</Data><Data Name="UtcTime">2026-05-31 18:52:36.127</Data><Data Name="ProcessGuid">{491e8a99-8374-6a1c-2dd1-06f861560000}</Data><Data Name="ProcessId">5199</Data><Data Name="Image">/usr/bin/hostname</Data><Data Name="User">bunny</Data></EventData></Event>
Jun 01 00:22:37 bunny-VirtualBox sysmon[1772]: <Event><System><Provider Name="Linux-Sysmon" Guid="{ff032593-a8d3-4f13-b0d6-01fc615a0f97}"/><EventID>1</EventID><Version>5</Version><Level>4</Level><Task>1</Task><Opcode>0</Opcode><Keywords>0x8000000000000000</Keywords><TimeCreated SystemTime="2026-05-31T18:52:37.553475000Z"/><EventRecordID>25536</EventRecordID><Correlation/><Execution ProcessID="1772" ThreadID="1772"/><Channel>Linux-Sysmon/Operational</Channel><Computer>bunny-VirtualBox</Computer><Security UserId="0"/></System><EventData><Data Name="RuleName">-</Data><Data Name="UtcTime">2026-05-31 18:52:36.127</Data><Data Name="ProcessGuid">{491e8a99-8374-6a1c-bdd6-ea7f9c5b0000}</Data><Data Name="ProcessId">5200</Data><Data Name="Image">/usr/lib/cargo/bin/coreutils/uname</Data><Data Name="FileVersion">-</Data><Data Name="Description">-</Data><Data Name="Product">-</Data><Data Name="Company">-</Data><Data Name="OriginalFileName">-</Data><Data Name="CommandLine">uname -a</Data><Data Name="CurrentDirectory">/home/bunny</Data><Data Name="User">bunny</Data><Data Name="LogonGuid">{491e8a99-0000-0000-e803-000001000000}</Data><Data Name="LogonId">1000</Data><Data Name="TerminalSessionId">3</Data><Data Name="IntegrityLevel">no level</Data><Data Name="Hashes">MD5=2d313ecc9fc058f6e0758abe00c0f6e8,SHA256=48893b0fb21436b54619db80486e83ef39dfccaf1aefe83dfa00c02d6146e8c0</Data><Data Name="ParentProcessGuid">{491e8a99-8374-6a1c-a179-2abcca610000}</Data><Data Name="ParentProcessId">5192</Data><Data Name="ParentImage">/usr/bin/bash</Data><Data Name="ParentCommandLine">bash</Data><Data Name="ParentUser">bunny</Data></EventData></Event>
Jun 01 00:22:37 bunny-VirtualBox sysmon[1772]: <Event><System><Provider Name="Linux-Sysmon" Guid="{ff032593-a8d3-4f13-b0d6-01fc615a0f97}"/><EventID>5</EventID><Version>3</Version><Level>4</Level><Task>5</Task><Opcode>0</Opcode><Keywords>0x8000000000000000</Keywords><TimeCreated SystemTime="2026-05-31T18:52:37.553816000Z"/><EventRecordID>25537</EventRecordID><Correlation/><Execution ProcessID="1772" ThreadID="1772"/><Channel>Linux-Sysmon/Operational</Channel><Computer>bunny-VirtualBox</Computer><Security UserId="0"/></System><EventData><Data Name="RuleName">ProcessTerminate</Data><Data Name="UtcTime">2026-05-31 18:52:36.132</Data><Data Name="ProcessGuid">{491e8a99-8374-6a1c-bdd6-ea7f9c5b0000}</Data><Data Name="ProcessId">5200</Data><Data Name="Image">/usr/lib/cargo/bin/coreutils/uname</Data><Data Name="User">bunny</Data></EventData></Event>
Jun 01 00:22:37 bunny-VirtualBox sysmon[1772]: <Event><System><Provider Name="Linux-Sysmon" Guid="{ff032593-a8d3-4f13-b0d6-01fc615a0f97}"/><EventID>1</EventID><Version>5</Version><Level>4</Level><Task>1</Task><Opcode>0</Opcode><Keywords>0x8000000000000000</Keywords><TimeCreated SystemTime="2026-05-31T18:52:37.574025000Z"/><EventRecordID>25538</EventRecordID><Correlation/><Execution ProcessID="1772" ThreadID="1772"/><Channel>Linux-Sysmon/Operational</Channel><Computer>bunny-VirtualBox</Computer><Security UserId="0"/></System><EventData><Data Name="RuleName">-</Data><Data Name="UtcTime">2026-05-31 18:52:36.133</Data><Data Name="ProcessGuid">{491e8a99-8374-6a1c-bd36-7cd8535d0000}</Data><Data Name="ProcessId">5201</Data><Data Name="Image">/usr/lib/cargo/bin/coreutils/date</Data><Data Name="FileVersion">-</Data><Data Name="Description">-</Data><Data Name="Product">-</Data><Data Name="Company">-</Data><Data Name="OriginalFileName">-</Data><Data Name="CommandLine">date +%Y-%m-%d %H:%M:%S</Data><Data Name="CurrentDirectory">/home/bunny</Data><Data Name="User">bunny</Data><Data Name="LogonGuid">{491e8a99-0000-0000-e803-000001000000}</Data><Data Name="LogonId">1000</Data><Data Name="TerminalSessionId">3</Data><Data Name="IntegrityLevel">no level</Data><Data Name="Hashes">MD5=2d313ecc9fc058f6e0758abe00c0f6e8,SHA256=48893b0fb21436b54619db80486e83ef39dfccaf1aefe83dfa00c02d6146e8c0</Data><Data Name="ParentProcessGuid">{491e8a99-8374-6a1c-a179-2abcca610000}</Data><Data Name="ParentProcessId">5192</Data><Data Name="ParentImage">/usr/bin/bash</Data><Data Name="ParentCommandLine">bash</Data><Data Name="ParentUser">bunny</Data></EventData></Event>
Jun 01 00:22:37 bunny-VirtualBox sysmon[1772]: <Event><System><Provider Name="Linux-Sysmon" Guid="{ff032593-a8d3-4f13-b0d6-01fc615a0f97}"/><EventID>1</EventID><Version>5</Version><Level>4</Level><Task>1</Task><Opcode>0</Opcode><Keywords>0x8000000000000000</Keywords><TimeCreated SystemTime="2026-05-31T18:52:37.594405000Z"/><EventRecordID>25539</EventRecordID><Correlation/><Execution ProcessID="1772" ThreadID="1772"/><Channel>Linux-Sysmon/Operational</Channel><Computer>bunny-VirtualBox</Computer><Security UserId="0"/></System><EventData><Data Name="RuleName">-</Data><Data Name="UtcTime">2026-05-31 18:52:36.169</Data><Data Name="ProcessGuid">{491e8a99-8374-6a1c-bdc6-89e274550000}</Data><Data Name="ProcessId">5205</Data><Data Name="Image">/usr/lib/cargo/bin/coreutils/date</Data><Data Name="FileVersion">-</Data><Data Name="Description">-</Data><Data Name="Product">-</Data><Data Name="Company">-</Data><Data Name="OriginalFileName">-</Data><Data Name="CommandLine">date +%Y-%m-%d %H:%M:%S</Data><Data Name="CurrentDirectory">/home/bunny</Data><Data Name="User">bunny</Data><Data Name="LogonGuid">{491e8a99-0000-0000-e803-000001000000}</Data><Data Name="LogonId">1000</Data><Data Name="TerminalSessionId">3</Data><Data Name="IntegrityLevel">no level</Data><Data Name="Hashes">MD5=2d313ecc9fc058f6e0758abe00c0f6e8,SHA256=48893b0fb21436b54619db80486e83ef39dfccaf1aefe83dfa00c02d6146e8c0</Data><Data Name="ParentProcessGuid">{491e8a99-8374-6a1c-a179-2abcca610000}</Data><Data Name="ParentProcessId">5192</Data><Data Name="ParentImage">/usr/bin/bash</Data><Data Name="ParentCommandLine">bash</Data><Data Name="ParentUser">bunny</Data></EventData></Event>
Jun 01 00:22:37 bunny-VirtualBox sysmon[1772]: <Event><System><Provider Name="Linux-Sysmon" Guid="{ff032593-a8d3-4f13-b0d6-01fc615a0f97}"/><EventID>5</EventID><Version>3</Version><Level>4</Level><Task>5</Task><Opcode>0</Opcode><Keywords>0x8000000000000000</Keywords><TimeCreated SystemTime="2026-05-31T18:52:37.594935000Z"/><EventRecordID>25540</EventRecordID><Correlation/><Execution ProcessID="1772" ThreadID="1772"/><Channel>Linux-Sysmon/Operational</Channel><Computer>bunny-VirtualBox</Computer><Security UserId="0"/></System><EventData><Data Name="RuleName">ProcessTerminate</Data><Data Name="UtcTime">2026-05-31 18:52:36.173</Data><Data Name="ProcessGuid">{491e8a99-8374-6a1c-bdc6-89e274550000}</Data><Data Name="ProcessId">5205</Data><Data Name="Image">/usr/lib/cargo/bin/coreutils/date</Data><Data Name="User">bunny</Data></EventData></Event>
Jun 01 00:22:37 bunny-VirtualBox sysmon[1772]: <Event><System><Provider Name="Linux-Sysmon" Guid="{ff032593-a8d3-4f13-b0d6-01fc615a0f97}"/><EventID>1</EventID><Version>5</Version><Level>4</Level><Task>1</Task><Opcode>0</Opcode><Keywords>0x8000000000000000</Keywords><TimeCreated SystemTime="2026-05-31T18:52:37.614989000Z"/><EventRecordID>25541</EventRecordID><Correlation/><Execution ProcessID="1772" ThreadID="1772"/><Channel>Linux-Sysmon/Operational</Channel><Computer>bunny-VirtualBox</Computer><Security UserId="0"/></System><EventData><Data Name="RuleName">-</Data><Data Name="UtcTime">2026-05-31 18:52:36.173</Data><Data Name="ProcessGuid">{491e8a99-8374-6a1c-bd96-5d278e5b0000}</Data><Data Name="ProcessId">5206</Data><Data Name="Image">/usr/lib/cargo/bin/coreutils/touch</Data><Data Name="FileVersion">-</Data><Data Name="Description">-</Data><Data Name="Product">-</Data><Data Name="Company">-</Data><Data Name="OriginalFileName">-</Data><Data Name="CommandLine">touch /tmp/.enc_exec_marker</Data><Data Name="CurrentDirectory">/home/bunny</Data><Data Name="User">bunny</Data><Data Name="LogonGuid">{491e8a99-0000-0000-e803-000001000000}</Data><Data Name="LogonId">1000</Data><Data Name="TerminalSessionId">3</Data><Data Name="IntegrityLevel">no level</Data><Data Name="Hashes">MD5=2d313ecc9fc058f6e0758abe00c0f6e8,SHA256=48893b0fb21436b54619db80486e83ef39dfccaf1aefe83dfa00c02d6146e8c0</Data><Data Name="ParentProcessGuid">{491e8a99-8374-6a1c-a179-2abcca610000}</Data><Data Name="ParentProcessId">5192</Data><Data Name="ParentImage">/usr/bin/bash</Data><Data Name="ParentCommandLine">bash</Data><Data Name="ParentUser">bunny</Data></EventData></Event>
Jun 01 00:22:37 bunny-VirtualBox sysmon[1772]: <Event><System><Provider Name="Linux-Sysmon" Guid="{ff032593-a8d3-4f13-b0d6-01fc615a0f97}"/><EventID>5</EventID><Version>3</Version><Level>4</Level><Task>5</Task><Opcode>0</Opcode><Keywords>0x8000000000000000</Keywords><TimeCreated SystemTime="2026-05-31T18:52:37.615914000Z"/><EventRecordID>25542</EventRecordID><Correlation/><Execution ProcessID="1772" ThreadID="1772"/><Channel>Linux-Sysmon/Operational</Channel><Computer>bunny-VirtualBox</Computer><Security UserId="0"/></System><EventData><Data Name="RuleName">ProcessTerminate</Data><Data Name="UtcTime">2026-05-31 18:52:36.176</Data><Data Name="ProcessGuid">{491e8a99-8374-6a1c-bd96-5d278e5b0000}</Data><Data Name="ProcessId">5206</Data><Data Name="Image">/usr/lib/cargo/bin/coreutils/touch</Data><Data Name="User">bunny</Data></EventData></Event>
Jun 01 00:22:37 bunny-VirtualBox sysmon[1772]: <Event><System><Provider Name="Linux-Sysmon" Guid="{ff032593-a8d3-4f13-b0d6-01fc615a0f97}"/><EventID>1</EventID><Version>5</Version><Level>4</Level><Task>1</Task><Opcode>0</Opcode><Keywords>0x8000000000000000</Keywords><TimeCreated SystemTime="2026-05-31T18:52:37.635784000Z"/><EventRecordID>25543</EventRecordID><Correlation/><Execution ProcessID="1772" ThreadID="1772"/><Channel>Linux-Sysmon/Operational</Channel><Computer>bunny-VirtualBox</Computer><Security UserId="0"/></System><EventData><Data Name="RuleName">-</Data><Data Name="UtcTime">2026-05-31 18:52:36.177</Data><Data Name="ProcessGuid">{491e8a99-8374-6a1c-bd16-057e4b590000}</Data><Data Name="ProcessId">5207</Data><Data Name="Image">/usr/lib/cargo/bin/coreutils/date</Data><Data Name="FileVersion">-</Data><Data Name="Description">-</Data><Data Name="Product">-</Data><Data Name="Company">-</Data><Data Name="OriginalFileName">-</Data><Data Name="CommandLine">date +%Y-%m-%d %H:%M:%S</Data><Data Name="CurrentDirectory">/home/bunny</Data><Data Name="User">bunny</Data><Data Name="LogonGuid">{491e8a99-0000-0000-e803-000001000000}</Data><Data Name="LogonId">1000</Data><Data Name="TerminalSessionId">3</Data><Data Name="IntegrityLevel">no level</Data><Data Name="Hashes">MD5=2d313ecc9fc058f6e0758abe00c0f6e8,SHA256=48893b0fb21436b54619db80486e83ef39dfccaf1aefe83dfa00c02d6146e8c0</Data><Data Name="ParentProcessGuid">{491e8a99-8374-6a1c-a179-2abcca610000}</Data><Data Name="ParentProcessId">5192</Data><Data Name="ParentImage">/usr/bin/bash</Data><Data Name="ParentCommandLine">bash</Data><Data Name="ParentUser">bunny</Data></EventData></Event>
Jun 01 00:22:37 bunny-VirtualBox sysmon[1772]: <Event><System><Provider Name="Linux-Sysmon" Guid="{ff032593-a8d3-4f13-b0d6-01fc615a0f97}"/><EventID>5</EventID><Version>3</Version><Level>4</Level><Task>5</Task><Opcode>0</Opcode><Keywords>0x8000000000000000</Keywords><TimeCreated SystemTime="2026-05-31T18:52:37.636496000Z"/><EventRecordID>25544</EventRecordID><Correlation/><Execution ProcessID="1772" ThreadID="1772"/><Channel>Linux-Sysmon/Operational</Channel><Computer>bunny-VirtualBox</Computer><Security UserId="0"/></System><EventData><Data Name="RuleName">ProcessTerminate</Data><Data Name="UtcTime">2026-05-31 18:52:36.180</Data><Data Name="ProcessGuid">{491e8a99-8374-6a1c-bd16-057e4b590000}</Data><Data Name="ProcessId">5207</Data><Data Name="Image">/usr/lib/cargo/bin/coreutils/date</Data><Data Name="User">bunny</Data></EventData></Event>
Jun 01 00:22:37 bunny-VirtualBox sysmon[1772]: <Event><System><Provider Name="Linux-Sysmon" Guid="{ff032593-a8d3-4f13-b0d6-01fc615a0f97}"/><EventID>1</EventID><Version>5</Version><Level>4</Level><Task>1</Task><Opcode>0</Opcode><Keywords>0x8000000000000000</Keywords><TimeCreated SystemTime="2026-05-31T18:52:37.656405000Z"/><EventRecordID>25545</EventRecordID><Correlation/><Execution ProcessID="1772" ThreadID="1772"/><Channel>Linux-Sysmon/Operational</Channel><Computer>bunny-VirtualBox</Computer><Security UserId="0"/></System><EventData><Data Name="RuleName">-</Data><Data Name="UtcTime">2026-05-31 18:52:36.181</Data><Data Name="ProcessGuid">{491e8a99-8374-6a1c-bdf6-2708c95c0000}</Data><Data Name="ProcessId">5208</Data><Data Name="Image">/usr/lib/cargo/bin/coreutils/date</Data><Data Name="FileVersion">-</Data><Data Name="Description">-</Data><Data Name="Product">-</Data><Data Name="Company">-</Data><Data Name="OriginalFileName">-</Data><Data Name="CommandLine">date +%Y-%m-%d %H:%M:%S</Data><Data Name="CurrentDirectory">/home/bunny</Data><Data Name="User">bunny</Data><Data Name="LogonGuid">{491e8a99-0000-0000-e803-000001000000}</Data><Data Name="LogonId">1000</Data><Data Name="TerminalSessionId">3</Data><Data Name="IntegrityLevel">no level</Data><Data Name="Hashes">MD5=2d313ecc9fc058f6e0758abe00c0f6e8,SHA256=48893b0fb21436b54619db80486e83ef39dfccaf1aefe83dfa00c02d6146e8c0</Data><Data Name="ParentProcessGuid">{491e8a99-8374-6a1c-a179-2abcca610000}</Data><Data Name="ParentProcessId">5192</Data><Data Name="ParentImage">/usr/bin/bash</Data><Data Name="ParentCommandLine">bash</Data><Data Name="ParentUser">bunny</Data></EventData></Event>
Jun 01 00:22:37 bunny-VirtualBox sysmon[1772]: <Event><System><Provider Name="Linux-Sysmon" Guid="{ff032593-a8d3-4f13-b0d6-01fc615a0f97}"/><EventID>5</EventID><Version>3</Version><Level>4</Level><Task>5</Task><Opcode>0</Opcode><Keywords>0x8000000000000000</Keywords><TimeCreated SystemTime="2026-05-31T18:52:37.656870000Z"/><EventRecordID>25546</EventRecordID><Correlation/><Execution ProcessID="1772" ThreadID="1772"/><Channel>Linux-Sysmon/Operational</Channel><Computer>bunny-VirtualBox</Computer><Security UserId="0"/></System><EventData><Data Name="RuleName">ProcessTerminate</Data><Data Name="UtcTime">2026-05-31 18:52:36.184</Data><Data Name="ProcessGuid">{491e8a99-8374-6a1c-bdf6-2708c95c0000}</Data><Data Name="ProcessId">5208</Data><Data Name="Image">/usr/lib/cargo/bin/coreutils/date</Data><Data Name="User">bunny</Data></EventData></Event>
Jun 01 00:22:37 bunny-VirtualBox sysmon[1772]: <Event><System><Provider Name="Linux-Sysmon" Guid="{ff032593-a8d3-4f13-b0d6-01fc615a0f97}"/><EventID>1</EventID><Version>5</Version><Level>4</Level><Task>1</Task><Opcode>0</Opcode><Keywords>0x8000000000000000</Keywords><TimeCreated SystemTime="2026-05-31T18:52:37.657570000Z"/><EventRecordID>25547</EventRecordID><Correlation/><Execution ProcessID="1772" ThreadID="1772"/><Channel>Linux-Sysmon/Operational</Channel><Computer>bunny-VirtualBox</Computer><Security UserId="0"/></System><EventData><Data Name="RuleName">-</Data><Data Name="UtcTime">2026-05-31 18:52:36.187</Data><Data Name="ProcessGuid">{491e8a99-8374-6a1c-f9aa-f9465b5f0000}</Data><Data Name="ProcessId">5209</Data><Data Name="Image">/usr/bin/curl</Data><Data Name="FileVersion">-</Data><Data Name="Description">-</Data><Data Name="Product">-</Data><Data Name="Company">-</Data><Data Name="OriginalFileName">-</Data><Data Name="CommandLine">curl -s http://127.0.0.1:8080/ping</Data><Data Name="CurrentDirectory">/home/bunny</Data><Data Name="User">bunny</Data><Data Name="LogonGuid">{491e8a99-0000-0000-e803-000001000000}</Data><Data Name="LogonId">1000</Data><Data Name="TerminalSessionId">3</Data><Data Name="IntegrityLevel">no level</Data><Data Name="Hashes">MD5=a4339a556f449e6199132b81fbc95b24,SHA256=7eecf2e84049f1701376b5e450b69a7719ad7ed4031bc326f3634e27af61be6f</Data><Data Name="ParentProcessGuid">{491e8a99-8374-6a1c-a179-2abcca610000}</Data><Data Name="ParentProcessId">5192</Data><Data Name="ParentImage">/usr/bin/bash</Data><Data Name="ParentCommandLine">bash</Data><Data Name="ParentUser">bunny</Data></EventData></Event>
Jun 01 00:22:37 bunny-VirtualBox sysmon[1772]: <Event><System><Provider Name="Linux-Sysmon" Guid="{ff032593-a8d3-4f13-b0d6-01fc615a0f97}"/><EventID>5</EventID><Version>3</Version><Level>4</Level><Task>5</Task><Opcode>0</Opcode><Keywords>0x8000000000000000</Keywords><TimeCreated SystemTime="2026-05-31T18:52:37.658240000Z"/><EventRecordID>25548</EventRecordID><Correlation/><Execution ProcessID="1772" ThreadID="1772"/><Channel>Linux-Sysmon/Operational</Channel><Computer>bunny-VirtualBox</Computer><Security UserId="0"/></System><EventData><Data Name="RuleName">ProcessTerminate</Data><Data Name="UtcTime">2026-05-31 18:52:36.205</Data><Data Name="ProcessGuid">{491e8a99-7ff5-6a1c-8176-7a0000000000}</Data><Data Name="ProcessId">4892</Data><Data Name="Image">/usr/bin/python3.14</Data><Data Name="User">bunny</Data></EventData></Event>
Jun 01 00:22:37 bunny-VirtualBox sysmon[1772]: <Event><System><Provider Name="Linux-Sysmon" Guid="{ff032593-a8d3-4f13-b0d6-01fc615a0f97}"/><EventID>5</EventID><Version>3</Version><Level>4</Level><Task>5</Task><Opcode>0</Opcode><Keywords>0x8000000000000000</Keywords><TimeCreated SystemTime="2026-05-31T18:52:37.658265000Z"/><EventRecordID>25549</EventRecordID><Correlation/><Execution ProcessID="1772" ThreadID="1772"/><Channel>Linux-Sysmon/Operational</Channel><Computer>bunny-VirtualBox</Computer><Security UserId="0"/></System><EventData><Data Name="RuleName">ProcessTerminate</Data><Data Name="UtcTime">2026-05-31 18:52:36.206</Data><Data Name="ProcessGuid">{491e8a99-8374-6a1c-f9aa-f9465b5f0000}</Data><Data Name="ProcessId">5209</Data><Data Name="Image">/usr/bin/curl</Data><Data Name="User">bunny</Data></EventData></Event>
Jun 01 00:22:37 bunny-VirtualBox sysmon[1772]: <Event><System><Provider Name="Linux-Sysmon" Guid="{ff032593-a8d3-4f13-b0d6-01fc615a0f97}"/><EventID>1</EventID><Version>5</Version><Level>4</Level><Task>1</Task><Opcode>0</Opcode><Keywords>0x8000000000000000</Keywords><TimeCreated SystemTime="2026-05-31T18:52:37.678489000Z"/><EventRecordID>25550</EventRecordID><Correlation/><Execution ProcessID="1772" ThreadID="1772"/><Channel>Linux-Sysmon/Operational</Channel><Computer>bunny-VirtualBox</Computer><Security UserId="0"/></System><EventData><Data Name="RuleName">-</Data><Data Name="UtcTime">2026-05-31 18:52:36.208</Data><Data Name="ProcessGuid">{491e8a99-8374-6a1c-bde6-1e3da55d0000}</Data><Data Name="ProcessId">5211</Data><Data Name="Image">/usr/lib/cargo/bin/coreutils/date</Data><Data Name="FileVersion">-</Data><Data Name="Description">-</Data><Data Name="Product">-</Data><Data Name="Company">-</Data><Data Name="OriginalFileName">-</Data><Data Name="CommandLine">date +%Y-%m-%d %H:%M:%S</Data><Data Name="CurrentDirectory">/home/bunny</Data><Data Name="User">bunny</Data><Data Name="LogonGuid">{491e8a99-0000-0000-e803-000001000000}</Data><Data Name="LogonId">1000</Data><Data Name="TerminalSessionId">3</Data><Data Name="IntegrityLevel">no level</Data><Data Name="Hashes">MD5=2d313ecc9fc058f6e0758abe00c0f6e8,SHA256=48893b0fb21436b54619db80486e83ef39dfccaf1aefe83dfa00c02d6146e8c0</Data><Data Name="ParentProcessGuid">{491e8a99-8374-6a1c-a179-2abcca610000}</Data><Data Name="ParentProcessId">5192</Data><Data Name="ParentImage">/usr/bin/bash</Data><Data Name="ParentCommandLine">bash</Data><Data Name="ParentUser">bunny</Data></EventData></Event>
Jun 01 00:22:37 bunny-VirtualBox sysmon[1772]: <Event><System><Provider Name="Linux-Sysmon" Guid="{ff032593-a8d3-4f13-b0d6-01fc615a0f97}"/><EventID>5</EventID><Version>3</Version><Level>4</Level><Task>5</Task><Opcode>0</Opcode><Keywords>0x8000000000000000</Keywords><TimeCreated SystemTime="2026-05-31T18:52:37.678904000Z"/><EventRecordID>25551</EventRecordID><Correlation/><Execution ProcessID="1772" ThreadID="1772"/><Channel>Linux-Sysmon/Operational</Channel><Computer>bunny-VirtualBox</Computer><Security UserId="0"/></System><EventData><Data Name="RuleName">ProcessTerminate</Data><Data Name="UtcTime">2026-05-31 18:52:36.217</Data><Data Name="ProcessGuid">{491e8a99-8374-6a1c-bde6-1e3da55d0000}</Data><Data Name="ProcessId">5211</Data><Data Name="Image">/usr/lib/cargo/bin/coreutils/date</Data><Data Name="User">bunny</Data></EventData></Event>
Jun 01 00:22:37 bunny-VirtualBox sysmon[1772]: <Event><System><Provider Name="Linux-Sysmon" Guid="{ff032593-a8d3-4f13-b0d6-01fc615a0f97}"/><EventID>1</EventID><Version>5</Version><Level>4</Level><Task>1</Task><Opcode>0</Opcode><Keywords>0x8000000000000000</Keywords><TimeCreated SystemTime="2026-05-31T18:52:37.698432000Z"/><EventRecordID>25552</EventRecordID><Correlation/><Execution ProcessID="1772" ThreadID="1772"/><Channel>Linux-Sysmon/Operational</Channel><Computer>bunny-VirtualBox</Computer><Security UserId="0"/></System><EventData><Data Name="RuleName">-</Data><Data Name="UtcTime">2026-05-31 18:52:36.221</Data><Data Name="ProcessGuid">{491e8a99-8374-6a1c-bd46-5695285d0000}</Data><Data Name="ProcessId">5212</Data><Data Name="Image">/usr/lib/cargo/bin/coreutils/date</Data><Data Name="FileVersion">-</Data><Data Name="Description">-</Data><Data Name="Product">-</Data><Data Name="Company">-</Data><Data Name="OriginalFileName">-</Data><Data Name="CommandLine">date +%Y-%m-%d %H:%M:%S</Data><Data Name="CurrentDirectory">/home/bunny</Data><Data Name="User">bunny</Data><Data Name="LogonGuid">{491e8a99-0000-0000-e803-000001000000}</Data><Data Name="LogonId">1000</Data><Data Name="TerminalSessionId">3</Data><Data Name="IntegrityLevel">no level</Data><Data Name="Hashes">MD5=2d313ecc9fc058f6e0758abe00c0f6e8,SHA256=48893b0fb21436b54619db80486e83ef39dfccaf1aefe83dfa00c02d6146e8c0</Data><Data Name="ParentProcessGuid">{491e8a99-8374-6a1c-a179-2abcca610000}</Data><Data Name="ParentProcessId">5192</Data><Data Name="ParentImage">/usr/bin/bash</Data><Data Name="ParentCommandLine">bash</Data><Data Name="ParentUser">bunny</Data></EventData></Event>
Jun 01 00:22:37 bunny-VirtualBox sysmon[1772]: <Event><System><Provider Name="Linux-Sysmon" Guid="{ff032593-a8d3-4f13-b0d6-01fc615a0f97}"/><EventID>5</EventID><Version>3</Version><Level>4</Level><Task>5</Task><Opcode>0</Opcode><Keywords>0x8000000000000000</Keywords><TimeCreated SystemTime="2026-05-31T18:52:37.698952000Z"/><EventRecordID>25553</EventRecordID><Correlation/><Execution ProcessID="1772" ThreadID="1772"/><Channel>Linux-Sysmon/Operational</Channel><Computer>bunny-VirtualBox</Computer><Security UserId="0"/></System><EventData><Data Name="RuleName">ProcessTerminate</Data><Data Name="UtcTime">2026-05-31 18:52:36.225</Data><Data Name="ProcessGuid">{491e8a99-8374-6a1c-bd46-5695285d0000}</Data><Data Name="ProcessId">5212</Data><Data Name="Image">/usr/lib/cargo/bin/coreutils/date</Data><Data Name="User">bunny</Data></EventData></Event>
Jun 01 00:22:37 bunny-VirtualBox sysmon[1772]: <Event><System><Provider Name="Linux-Sysmon" Guid="{ff032593-a8d3-4f13-b0d6-01fc615a0f97}"/><EventID>5</EventID><Version>3</Version><Level>4</Level><Task>5</Task><Opcode>0</Opcode><Keywords>0x8000000000000000</Keywords><TimeCreated SystemTime="2026-05-31T18:52:37.698983000Z"/><EventRecordID>25554</EventRecordID><Correlation/><Execution ProcessID="1772" ThreadID="1772"/><Channel>Linux-Sysmon/Operational</Channel><Computer>bunny-VirtualBox</Computer><Security UserId="0"/></System><EventData><Data Name="RuleName">ProcessTerminate</Data><Data Name="UtcTime">2026-05-31 18:52:36.225</Data><Data Name="ProcessGuid">{491e8a99-8374-6a1c-a179-2abcca610000}</Data><Data Name="ProcessId">5192</Data><Data Name="Image">/usr/bin/bash</Data><Data Name="User">bunny</Data></EventData></Event>
