Jun 03 12:54:47 bunny-VirtualBox sysmon[1792]: <Event><System><Provider Name="Linux-Sysmon" Guid="{ff032593-a8d3-4f13-b0d6-01fc615a0f97}"/><EventID>5</EventID><Version>3</Version><Level>4</Level><Task>5</Task><Opcode>0</Opcode><Keywords>0x8000000000000000</Keywords><TimeCreated SystemTime="2026-06-03T07:24:47.787100000Z"/><EventRecordID>54579</EventRecordID><Correlation/><Execution ProcessID="1792" ThreadID="1792"/><Channel>Linux-Sysmon/Operational</Channel><Computer>bunny-VirtualBox</Computer><Security UserId="0"/></System><EventData><Data Name="RuleName">ProcessTerminate</Data><Data Name="UtcTime">2026-06-03 07:24:44.795</Data><Data Name="ProcessGuid">{491e8a99-d6bc-6a1f-bd56-b6571b5a0000}</Data><Data Name="ProcessId">4569</Data><Data Name="Image">/usr/lib/cargo/bin/coreutils/whoami</Data><Data Name="User">bunny</Data></EventData></Event>
Jun 03 12:54:47 bunny-VirtualBox sysmon[1792]: <Event><System><Provider Name="Linux-Sysmon" Guid="{ff032593-a8d3-4f13-b0d6-01fc615a0f97}"/><EventID>1</EventID><Version>5</Version><Level>4</Level><Task>1</Task><Opcode>0</Opcode><Keywords>0x8000000000000000</Keywords><TimeCreated SystemTime="2026-06-03T07:24:47.787250000Z"/><EventRecordID>54580</EventRecordID><Correlation/><Execution ProcessID="1792" ThreadID="1792"/><Channel>Linux-Sysmon/Operational</Channel><Computer>bunny-VirtualBox</Computer><Security UserId="0"/></System><EventData><Data Name="RuleName">-</Data><Data Name="UtcTime">2026-06-03 07:24:44.797</Data><Data Name="ProcessGuid">{491e8a99-d6bc-6a1f-b992-bd9e34640000}</Data><Data Name="ProcessId">4570</Data><Data Name="Image">/usr/libexec/vte-urlencode-cwd</Data><Data Name="FileVersion">-</Data><Data Name="Description">-</Data><Data Name="Product">-</Data><Data Name="Company">-</Data><Data Name="OriginalFileName">-</Data><Data Name="CommandLine">/usr/libexec/vte-urlencode-cwd</Data><Data Name="CurrentDirectory">/home/bunny/Detection-Engineering-Lab</Data><Data Name="User">bunny</Data><Data Name="LogonGuid">{491e8a99-0000-0000-e803-000000000000}</Data><Data Name="LogonId">1000</Data><Data Name="TerminalSessionId">3</Data><Data Name="IntegrityLevel">no level</Data><Data Name="Hashes">MD5=0a8eaf3d8534c4c31b78a3c99f4c06dd,SHA256=f84ab2db1e733a0f4ae51d718f2c78605955145e9e062bf5f173050987950dea</Data><Data Name="ParentProcessGuid">{00000000-0000-0000-0000-000000000000}</Data><Data Name="ParentProcessId">4375</Data><Data Name="ParentImage">-</Data><Data Name="ParentCommandLine">-</Data><Data Name="ParentUser">-</Data></EventData></Event>
Jun 03 12:54:47 bunny-VirtualBox sysmon[1792]: <Event><System><Provider Name="Linux-Sysmon" Guid="{ff032593-a8d3-4f13-b0d6-01fc615a0f97}"/><EventID>5</EventID><Version>3</Version><Level>4</Level><Task>5</Task><Opcode>0</Opcode><Keywords>0x8000000000000000</Keywords><TimeCreated SystemTime="2026-06-03T07:24:47.787282000Z"/><EventRecordID>54581</EventRecordID><Correlation/><Execution ProcessID="1792" ThreadID="1792"/><Channel>Linux-Sysmon/Operational</Channel><Computer>bunny-VirtualBox</Computer><Security UserId="0"/></System><EventData><Data Name="RuleName">ProcessTerminate</Data><Data Name="UtcTime">2026-06-03 07:24:44.803</Data><Data Name="ProcessGuid">{491e8a99-d6bc-6a1f-b992-bd9e34640000}</Data><Data Name="ProcessId">4570</Data><Data Name="Image">/usr/libexec/vte-urlencode-cwd</Data><Data Name="User">bunny</Data></EventData></Event>
Jun 03 12:54:49 bunny-VirtualBox sysmon[1792]: <Event><System><Provider Name="Linux-Sysmon" Guid="{ff032593-a8d3-4f13-b0d6-01fc615a0f97}"/><EventID>1</EventID><Version>5</Version><Level>4</Level><Task>1</Task><Opcode>0</Opcode><Keywords>0x8000000000000000</Keywords><TimeCreated SystemTime="2026-06-03T07:24:49.323325000Z"/><EventRecordID>54582</EventRecordID><Correlation/><Execution ProcessID="1792" ThreadID="1792"/><Channel>Linux-Sysmon/Operational</Channel><Computer>bunny-VirtualBox</Computer><Security UserId="0"/></System><EventData><Data Name="RuleName">-</Data><Data Name="UtcTime">2026-06-03 07:24:46.278</Data><Data Name="ProcessGuid">{491e8a99-d6be-6a1f-bde6-4f493b5b0000}</Data><Data Name="ProcessId">4571</Data><Data Name="Image">/usr/lib/cargo/bin/coreutils/id</Data><Data Name="FileVersion">-</Data><Data Name="Description">-</Data><Data Name="Product">-</Data><Data Name="Company">-</Data><Data Name="OriginalFileName">-</Data><Data Name="CommandLine">id</Data><Data Name="CurrentDirectory">/home/bunny/Detection-Engineering-Lab</Data><Data Name="User">bunny</Data><Data Name="LogonGuid">{491e8a99-0000-0000-e803-000000000000}</Data><Data Name="LogonId">1000</Data><Data Name="TerminalSessionId">3</Data><Data Name="IntegrityLevel">no level</Data><Data Name="Hashes">MD5=2d313ecc9fc058f6e0758abe00c0f6e8,SHA256=48893b0fb21436b54619db80486e83ef39dfccaf1aefe83dfa00c02d6146e8c0</Data><Data Name="ParentProcessGuid">{00000000-0000-0000-0000-000000000000}</Data><Data Name="ParentProcessId">4375</Data><Data Name="ParentImage">-</Data><Data Name="ParentCommandLine">-</Data><Data Name="ParentUser">-</Data></EventData></Event>
Jun 03 12:54:49 bunny-VirtualBox sysmon[1792]: <Event><System><Provider Name="Linux-Sysmon" Guid="{ff032593-a8d3-4f13-b0d6-01fc615a0f97}"/><EventID>5</EventID><Version>3</Version><Level>4</Level><Task>5</Task><Opcode>0</Opcode><Keywords>0x8000000000000000</Keywords><TimeCreated SystemTime="2026-06-03T07:24:49.325293000Z"/><EventRecordID>54583</EventRecordID><Correlation/><Execution ProcessID="1792" ThreadID="1792"/><Channel>Linux-Sysmon/Operational</Channel><Computer>bunny-VirtualBox</Computer><Security UserId="0"/></System><EventData><Data Name="RuleName">ProcessTerminate</Data><Data Name="UtcTime">2026-06-03 07:24:46.323</Data><Data Name="ProcessGuid">{491e8a99-d6be-6a1f-bde6-4f493b5b0000}</Data><Data Name="ProcessId">4571</Data><Data Name="Image">/usr/lib/cargo/bin/coreutils/id</Data><Data Name="User">bunny</Data></EventData></Event>
Jun 03 12:54:49 bunny-VirtualBox sysmon[1792]: <Event><System><Provider Name="Linux-Sysmon" Guid="{ff032593-a8d3-4f13-b0d6-01fc615a0f97}"/><EventID>1</EventID><Version>5</Version><Level>4</Level><Task>1</Task><Opcode>0</Opcode><Keywords>0x8000000000000000</Keywords><TimeCreated SystemTime="2026-06-03T07:24:49.325466000Z"/><EventRecordID>54584</EventRecordID><Correlation/><Execution ProcessID="1792" ThreadID="1792"/><Channel>Linux-Sysmon/Operational</Channel><Computer>bunny-VirtualBox</Computer><Security UserId="0"/></System><EventData><Data Name="RuleName">-</Data><Data Name="UtcTime">2026-06-03 07:24:46.344</Data><Data Name="ProcessGuid">{491e8a99-d6be-6a1f-b942-1e5c98590000}</Data><Data Name="ProcessId">4572</Data><Data Name="Image">/usr/libexec/vte-urlencode-cwd</Data><Data Name="FileVersion">-</Data><Data Name="Description">-</Data><Data Name="Product">-</Data><Data Name="Company">-</Data><Data Name="OriginalFileName">-</Data><Data Name="CommandLine">/usr/libexec/vte-urlencode-cwd</Data><Data Name="CurrentDirectory">/home/bunny/Detection-Engineering-Lab</Data><Data Name="User">bunny</Data><Data Name="LogonGuid">{491e8a99-0000-0000-e803-000000000000}</Data><Data Name="LogonId">1000</Data><Data Name="TerminalSessionId">3</Data><Data Name="IntegrityLevel">no level</Data><Data Name="Hashes">MD5=0a8eaf3d8534c4c31b78a3c99f4c06dd,SHA256=f84ab2db1e733a0f4ae51d718f2c78605955145e9e062bf5f173050987950dea</Data><Data Name="ParentProcessGuid">{00000000-0000-0000-0000-000000000000}</Data><Data Name="ParentProcessId">4375</Data><Data Name="ParentImage">-</Data><Data Name="ParentCommandLine">-</Data><Data Name="ParentUser">-</Data></EventData></Event>
Jun 03 12:54:49 bunny-VirtualBox sysmon[1792]: <Event><System><Provider Name="Linux-Sysmon" Guid="{ff032593-a8d3-4f13-b0d6-01fc615a0f97}"/><EventID>5</EventID><Version>3</Version><Level>4</Level><Task>5</Task><Opcode>0</Opcode><Keywords>0x8000000000000000</Keywords><TimeCreated SystemTime="2026-06-03T07:24:49.325494000Z"/><EventRecordID>54585</EventRecordID><Correlation/><Execution ProcessID="1792" ThreadID="1792"/><Channel>Linux-Sysmon/Operational</Channel><Computer>bunny-VirtualBox</Computer><Security UserId="0"/></System><EventData><Data Name="RuleName">ProcessTerminate</Data><Data Name="UtcTime">2026-06-03 07:24:46.358</Data><Data Name="ProcessGuid">{491e8a99-d6be-6a1f-b942-1e5c98590000}</Data><Data Name="ProcessId">4572</Data><Data Name="Image">/usr/libexec/vte-urlencode-cwd</Data><Data Name="User">bunny</Data></EventData></Event>
Jun 03 12:54:52 bunny-VirtualBox sysmon[1792]: <Event><System><Provider Name="Linux-Sysmon" Guid="{ff032593-a8d3-4f13-b0d6-01fc615a0f97}"/><EventID>1</EventID><Version>5</Version><Level>4</Level><Task>1</Task><Opcode>0</Opcode><Keywords>0x8000000000000000</Keywords><TimeCreated SystemTime="2026-06-03T07:24:52.727384000Z"/><EventRecordID>54586</EventRecordID><Correlation/><Execution ProcessID="1792" ThreadID="1792"/><Channel>Linux-Sysmon/Operational</Channel><Computer>bunny-VirtualBox</Computer><Security UserId="0"/></System><EventData><Data Name="RuleName">-</Data><Data Name="UtcTime">2026-06-03 07:24:49.773</Data><Data Name="ProcessGuid">{491e8a99-d6c1-6a1f-4133-42c0025d0000}</Data><Data Name="ProcessId">4574</Data><Data Name="Image">/usr/bin/find</Data><Data Name="FileVersion">-</Data><Data Name="Description">-</Data><Data Name="Product">-</Data><Data Name="Company">-</Data><Data Name="OriginalFileName">-</Data><Data Name="CommandLine">find .</Data><Data Name="CurrentDirectory">/home/bunny/Detection-Engineering-Lab</Data><Data Name="User">bunny</Data><Data Name="LogonGuid">{491e8a99-0000-0000-e803-000000000000}</Data><Data Name="LogonId">1000</Data><Data Name="TerminalSessionId">3</Data><Data Name="IntegrityLevel">no level</Data><Data Name="Hashes">MD5=bfc11b7cd939b19dfb6823a08b923ee7,SHA256=efe4843f166525b02f328f0c456a884d6a597f32d2c78cd615b6be0b64279bcf</Data><Data Name="ParentProcessGuid">{00000000-0000-0000-0000-000000000000}</Data><Data Name="ParentProcessId">4375</Data><Data Name="ParentImage">-</Data><Data Name="ParentCommandLine">-</Data><Data Name="ParentUser">-</Data></EventData></Event>

