Jun 03 13:35:17 bunny-VirtualBox sysmon[1792]: <Event><System><Provider Name="Linux-Sysmon" Guid="{ff032593-a8d3-4f13-b0d6-01fc615a0f97}"/><EventID>1</EventID><Version>5</Version><Level>4</Level><Task>1</Task><Opcode>0</Opcode><Keywords>0x8000000000000000</Keywords><TimeCreated SystemTime="2026-06-03T08:05:17.831596000Z"/><EventRecordID>55589</EventRecordID><Correlation/><Execution ProcessID="1792" ThreadID="1792"/><Channel>Linux-Sysmon/Operational</Channel><Computer>bunny-VirtualBox</Computer><Security UserId="0"/></System><EventData><Data Name="RuleName">-</Data><Data Name="UtcTime">2026-06-03 08:05:14.874</Data><Data Name="ProcessGuid">{491e8a99-e03a-6a1f-5561-bc76fd5c0000}</Data><Data Name="ProcessId">5597</Data><Data Name="Image">/usr/lib/cargo/bin/sudo</Data><Data Name="FileVersion">-</Data><Data Name="Description">-</Data><Data Name="Product">-</Data><Data Name="Company">-</Data><Data Name="OriginalFileName">-</Data><Data Name="CommandLine">sudo -l</Data><Data Name="CurrentDirectory">/home/bunny</Data><Data Name="User">bunny</Data><Data Name="LogonGuid">{491e8a99-0000-0000-e803-000001000000}</Data><Data Name="LogonId">1000</Data><Data Name="TerminalSessionId">3</Data><Data Name="IntegrityLevel">no level</Data><Data Name="Hashes">MD5=577888db151f3df6abe549c9116154f3,SHA256=c11aad50d0ac8e7d8fd483a83884a2ad95a1a3f4fea399fa061f06f0b8ce65b6</Data><Data Name="ParentProcessGuid">{00000000-0000-0000-0000-000000000000}</Data><Data Name="ParentProcessId">5547</Data><Data Name="ParentImage">-</Data><Data Name="ParentCommandLine">-</Data><Data Name="ParentUser">-</Data></EventData></Event>
Jun 03 13:35:17 bunny-VirtualBox sysmon[1792]: <Event><System><Provider Name="Linux-Sysmon" Guid="{ff032593-a8d3-4f13-b0d6-01fc615a0f97}"/><EventID>5</EventID><Version>3</Version><Level>4</Level><Task>5</Task><Opcode>0</Opcode><Keywords>0x8000000000000000</Keywords><TimeCreated SystemTime="2026-06-03T08:05:17.843484000Z"/><EventRecordID>55590</EventRecordID><Correlation/><Execution ProcessID="1792" ThreadID="1792"/><Channel>Linux-Sysmon/Operational</Channel><Computer>bunny-VirtualBox</Computer><Security UserId="0"/></System><EventData><Data Name="RuleName">ProcessTerminate</Data><Data Name="UtcTime">2026-06-03 08:05:14.893</Data><Data Name="ProcessGuid">{491e8a99-e03a-6a1f-5561-bc76fd5c0000}</Data><Data Name="ProcessId">5597</Data><Data Name="Image">/usr/lib/cargo/bin/sudo</Data><Data Name="User">bunny</Data></EventData></Event>

Jun 03 13:35:57 bunny-VirtualBox sysmon[1792]: <Event><System><Provider Name="Linux-Sysmon" Guid="{ff032593-a8d3-4f13-b0d6-01fc615a0f97}"/><EventID>1</EventID><Version>5</Version><Level>4</Level><Task>1</Task><Opcode>0</Opcode><Keywords>0x8000000000000000</Keywords><TimeCreated SystemTime="2026-06-03T08:05:57.159973000Z"/><EventRecordID>55634</EventRecordID><Correlation/><Execution ProcessID="1792" ThreadID="1792"/><Channel>Linux-Sysmon/Operational</Channel><Computer>bunny-VirtualBox</Computer><Security UserId="0"/></System><EventData><Data Name="RuleName">-</Data><Data Name="UtcTime">2026-06-03 08:05:54.205</Data><Data Name="ProcessGuid">{491e8a99-e062-6a1f-5581-79db025c0000}</Data><Data Name="ProcessId">5737</Data><Data Name="Image">/usr/lib/cargo/bin/sudo</Data><Data Name="FileVersion">-</Data><Data Name="Description">-</Data><Data Name="Product">-</Data><Data Name="Company">-</Data><Data Name="OriginalFileName">-</Data><Data Name="CommandLine">sudo find . -exec /bin/bash ; -quit</Data><Data Name="CurrentDirectory">/home/bunny</Data><Data Name="User">bunny</Data><Data Name="LogonGuid">{491e8a99-0000-0000-e803-000001000000}</Data><Data Name="LogonId">1000</Data><Data Name="TerminalSessionId">3</Data><Data Name="IntegrityLevel">no level</Data><Data Name="Hashes">MD5=577888db151f3df6abe549c9116154f3,SHA256=c11aad50d0ac8e7d8fd483a83884a2ad95a1a3f4fea399fa061f06f0b8ce65b6</Data><Data Name="ParentProcessGuid">{00000000-0000-0000-0000-000000000000}</Data><Data Name="ParentProcessId">5547</Data><Data Name="ParentImage">-</Data><Data Name="ParentCommandLine">-</Data><Data Name="ParentUser">-</Data></EventData></Event>
Jun 03 13:35:57 bunny-VirtualBox sysmon[1792]: <Event><System><Provider Name="Linux-Sysmon" Guid="{ff032593-a8d3-4f13-b0d6-01fc615a0f97}"/><EventID>1</EventID><Version>5</Version><Level>4</Level><Task>1</Task><Opcode>0</Opcode><Keywords>0x8000000000000000</Keywords><TimeCreated SystemTime="2026-06-03T08:05:57.173537000Z"/><EventRecordID>55635</EventRecordID><Correlation/><Execution ProcessID="1792" ThreadID="1792"/><Channel>Linux-Sysmon/Operational</Channel><Computer>bunny-VirtualBox</Computer><Security UserId="0"/></System><EventData><Data Name="RuleName">-</Data><Data Name="UtcTime">2026-06-03 08:05:54.223</Data><Data Name="ProcessGuid">{491e8a99-e062-6a1f-3590-b252b25a0000}</Data><Data Name="ProcessId">5741</Data><Data Name="Image">/usr/sbin/unix_chkpwd</Data><Data Name="FileVersion">-</Data><Data Name="Description">-</Data><Data Name="Product">-</Data><Data Name="Company">-</Data><Data Name="OriginalFileName">-</Data><Data Name="CommandLine">/usr/sbin/unix_chkpwd bunny chkexpiry</Data><Data Name="CurrentDirectory">/home/bunny</Data><Data Name="User">root</Data><Data Name="LogonGuid">{491e8a99-0000-0000-0000-000001000000}</Data><Data Name="LogonId">0</Data><Data Name="TerminalSessionId">3</Data><Data Name="IntegrityLevel">no level</Data><Data Name="Hashes">MD5=e2ba985f493d0d668349fb6446b0d526,SHA256=3ff5ef7d0708742b976af05185d54871bbab12802a73ae98bab67ed6e0831d11</Data><Data Name="ParentProcessGuid">{491e8a99-e062-6a1f-5581-79db025c0000}</Data><Data Name="ParentProcessId">5737</Data><Data Name="ParentImage">/usr/lib/cargo/bin/sudo</Data><Data Name="ParentCommandLine">sudo</Data><Data Name="ParentUser">bunny</Data></EventData></Event>
Jun 03 13:35:57 bunny-VirtualBox sysmon[1792]: <Event><System><Provider Name="Linux-Sysmon" Guid="{ff032593-a8d3-4f13-b0d6-01fc615a0f97}"/><EventID>5</EventID><Version>3</Version><Level>4</Level><Task>5</Task><Opcode>0</Opcode><Keywords>0x8000000000000000</Keywords><TimeCreated SystemTime="2026-06-03T08:05:57.175933000Z"/><EventRecordID>55636</EventRecordID><Correlation/><Execution ProcessID="1792" ThreadID="1792"/><Channel>Linux-Sysmon/Operational</Channel><Computer>bunny-VirtualBox</Computer><Security UserId="0"/></System><EventData><Data Name="RuleName">ProcessTerminate</Data><Data Name="UtcTime">2026-06-03 08:05:54.226</Data><Data Name="ProcessGuid">{491e8a99-e062-6a1f-3590-b252b25a0000}</Data><Data Name="ProcessId">5741</Data><Data Name="Image">/usr/sbin/unix_chkpwd</Data><Data Name="User">root</Data></EventData></Event>
Jun 03 13:35:57 bunny-VirtualBox sysmon[1792]: <Event><System><Provider Name="Linux-Sysmon" Guid="{ff032593-a8d3-4f13-b0d6-01fc615a0f97}"/><EventID>1</EventID><Version>5</Version><Level>4</Level><Task>1</Task><Opcode>0</Opcode><Keywords>0x8000000000000000</Keywords><TimeCreated SystemTime="2026-06-03T08:05:57.192567000Z"/><EventRecordID>55637</EventRecordID><Correlation/><Execution ProcessID="1792" ThreadID="1792"/><Channel>Linux-Sysmon/Operational</Channel><Computer>bunny-VirtualBox</Computer><Security UserId="0"/></System><EventData><Data Name="RuleName">-</Data><Data Name="UtcTime">2026-06-03 08:05:54.240</Data><Data Name="ProcessGuid">{491e8a99-e062-6a1f-4163-eea0045f0000}</Data><Data Name="ProcessId">5745</Data><Data Name="Image">/usr/bin/find</Data><Data Name="FileVersion">-</Data><Data Name="Description">-</Data><Data Name="Product">-</Data><Data Name="Company">-</Data><Data Name="OriginalFileName">-</Data><Data Name="CommandLine">find . -exec /bin/bash ; -quit</Data><Data Name="CurrentDirectory">/home/bunny</Data><Data Name="User">root</Data><Data Name="LogonGuid">{491e8a99-0000-0000-0000-000002000000}</Data><Data Name="LogonId">0</Data><Data Name="TerminalSessionId">3</Data><Data Name="IntegrityLevel">no level</Data><Data Name="Hashes">MD5=bfc11b7cd939b19dfb6823a08b923ee7,SHA256=efe4843f166525b02f328f0c456a884d6a597f32d2c78cd615b6be0b64279bcf</Data><Data Name="ParentProcessGuid">{00000000-0000-0000-0000-000000000000}</Data><Data Name="ParentProcessId">5744</Data><Data Name="ParentImage">-</Data><Data Name="ParentCommandLine">-</Data><Data Name="ParentUser">-</Data></EventData></Event>
Jun 03 13:35:57 bunny-VirtualBox sysmon[1792]: <Event><System><Provider Name="Linux-Sysmon" Guid="{ff032593-a8d3-4f13-b0d6-01fc615a0f97}"/><EventID>1</EventID><Version>5</Version><Level>4</Level><Task>1</Task><Opcode>0</Opcode><Keywords>0x8000000000000000</Keywords><TimeCreated SystemTime="2026-06-03T08:05:57.209180000Z"/><EventRecordID>55638</EventRecordID><Correlation/><Execution ProcessID="1792" ThreadID="1792"/><Channel>Linux-Sysmon/Operational</Channel><Computer>bunny-VirtualBox</Computer><Security UserId="0"/></System><EventData><Data Name="RuleName">-</Data><Data Name="UtcTime">2026-06-03 08:05:54.249</Data><Data Name="ProcessGuid">{491e8a99-e062-6a1f-a1d9-d2c3ac600000}</Data><Data Name="ProcessId">5746</Data><Data Name="Image">/usr/bin/bash</Data><Data Name="FileVersion">-</Data><Data Name="Description">-</Data><Data Name="Product">-</Data><Data Name="Company">-</Data><Data Name="OriginalFileName">-</Data><Data Name="CommandLine">/bin/bash</Data><Data Name="CurrentDirectory">/home/bunny</Data><Data Name="User">root</Data><Data Name="LogonGuid">{491e8a99-0000-0000-0000-000002000000}</Data><Data Name="LogonId">0</Data><Data Name="TerminalSessionId">3</Data><Data Name="IntegrityLevel">no level</Data><Data Name="Hashes">MD5=28ca14308acd431aba3a2e17998191a6,SHA256=3efccc187bafa75ff1e37d246270ab3e7aa559f242c7a52bf3ec2a1b5450bdbd</Data><Data Name="ParentProcessGuid">{491e8a99-e062-6a1f-4163-eea0045f0000}</Data><Data Name="ParentProcessId">5745</Data><Data Name="ParentImage">/usr/bin/find</Data><Data Name="ParentCommandLine">find</Data><Data Name="ParentUser">root</Data></EventData></Event>
Jun 03 13:35:57 bunny-VirtualBox sysmon[1792]: <Event><System><Provider Name="Linux-Sysmon" Guid="{ff032593-a8d3-4f13-b0d6-01fc615a0f97}"/><EventID>1</EventID><Version>5</Version><Level>4</Level><Task>1</Task><Opcode>0</Opcode><Keywords>0x8000000000000000</Keywords><TimeCreated SystemTime="2026-06-03T08:05:57.215837000Z"/><EventRecordID>55639</EventRecordID><Correlation/><Execution ProcessID="1792" ThreadID="1792"/><Channel>Linux-Sysmon/Operational</Channel><Computer>bunny-VirtualBox</Computer><Security UserId="0"/></System><EventData><Data Name="RuleName">-</Data><Data Name="UtcTime">2026-06-03 08:05:54.264</Data><Data Name="ProcessGuid">{491e8a99-e062-6a1f-ad3e-685936640000}</Data><Data Name="ProcessId">5747</Data><Data Name="Image">/usr/bin/dash</Data><Data Name="FileVersion">-</Data><Data Name="Description">-</Data><Data Name="Product">-</Data><Data Name="Company">-</Data><Data Name="OriginalFileName">-</Data><Data Name="CommandLine">/bin/sh /usr/bin/lesspipe</Data><Data Name="CurrentDirectory">/home/bunny</Data><Data Name="User">root</Data><Data Name="LogonGuid">{491e8a99-0000-0000-0000-000002000000}</Data><Data Name="LogonId">0</Data><Data Name="TerminalSessionId">3</Data><Data Name="IntegrityLevel">no level</Data><Data Name="Hashes">MD5=c9f2b666550e3e64b27d033b4bd86751,SHA256=c626229526bb58ec2d0f585f3c3ae1412e6f973b4353385042d11c38d8426917</Data><Data Name="ParentProcessGuid">{491e8a99-e062-6a1f-a1d9-d2c3ac600000}</Data><Data Name="ParentProcessId">5746</Data><Data Name="ParentImage">/usr/bin/bash</Data><Data Name="ParentCommandLine">/bin/bash</Data><Data Name="ParentUser">root</Data></EventData></Event>
Jun 03 13:35:57 bunny-VirtualBox sysmon[1792]: <Event><System><Provider Name="Linux-Sysmon" Guid="{ff032593-a8d3-4f13-b0d6-01fc615a0f97}"/><EventID>1</EventID><Version>5</Version><Level>4</Level><Task>1</Task><Opcode>0</Opcode><Keywords>0x8000000000000000</Keywords><TimeCreated SystemTime="2026-06-03T08:05:57.254317000Z"/><EventRecordID>55640</EventRecordID><Correlation/><Execution ProcessID="1792" ThreadID="1792"/><Channel>Linux-Sysmon/Operational</Channel><Computer>bunny-VirtualBox</Computer><Security UserId="0"/></System><EventData><Data Name="RuleName">-</Data><Data Name="UtcTime">2026-06-03 08:05:54.268</Data><Data Name="ProcessGuid">{491e8a99-e062-6a1f-bdc6-0803c5640000}</Data><Data Name="ProcessId">5748</Data><Data Name="Image">/usr/lib/cargo/bin/coreutils/basename</Data><Data Name="FileVersion">-</Data><Data Name="Description">-</Data><Data Name="Product">-</Data><Data Name="Company">-</Data><Data Name="OriginalFileName">-</Data><Data Name="CommandLine">basename /usr/bin/lesspipe</Data><Data Name="CurrentDirectory">/home/bunny</Data><Data Name="User">root</Data><Data Name="LogonGuid">{491e8a99-0000-0000-0000-000002000000}</Data><Data Name="LogonId">0</Data><Data Name="TerminalSessionId">3</Data><Data Name="IntegrityLevel">no level</Data><Data Name="Hashes">MD5=2d313ecc9fc058f6e0758abe00c0f6e8,SHA256=48893b0fb21436b54619db80486e83ef39dfccaf1aefe83dfa00c02d6146e8c0</Data><Data Name="ParentProcessGuid">{491e8a99-e062-6a1f-ad3e-685936640000}</Data><Data Name="ParentProcessId">5747</Data><Data Name="ParentImage">/usr/bin/dash</Data><Data Name="ParentCommandLine">/bin/sh</Data><Data Name="ParentUser">root</Data></EventData></Event>
Jun 03 13:35:57 bunny-VirtualBox sysmon[1792]: <Event><System><Provider Name="Linux-Sysmon" Guid="{ff032593-a8d3-4f13-b0d6-01fc615a0f97}"/><EventID>5</EventID><Version>3</Version><Level>4</Level><Task>5</Task><Opcode>0</Opcode><Keywords>0x8000000000000000</Keywords><TimeCreated SystemTime="2026-06-03T08:05:57.254949000Z"/><EventRecordID>55641</EventRecordID><Correlation/><Execution ProcessID="1792" ThreadID="1792"/><Channel>Linux-Sysmon/Operational</Channel><Computer>bunny-VirtualBox</Computer><Security UserId="0"/></System><EventData><Data Name="RuleName">ProcessTerminate</Data><Data Name="UtcTime">2026-06-03 08:05:54.273</Data><Data Name="ProcessGuid">{491e8a99-e062-6a1f-bdc6-0803c5640000}</Data><Data Name="ProcessId">5748</Data><Data Name="Image">/usr/lib/cargo/bin/coreutils/basename</Data><Data Name="User">root</Data></EventData></Event>
Jun 03 13:35:57 bunny-VirtualBox sysmon[1792]: <Event><System><Provider Name="Linux-Sysmon" Guid="{ff032593-a8d3-4f13-b0d6-01fc615a0f97}"/><EventID>1</EventID><Version>5</Version><Level>4</Level><Task>1</Task><Opcode>0</Opcode><Keywords>0x8000000000000000</Keywords><TimeCreated SystemTime="2026-06-03T08:05:57.278059000Z"/><EventRecordID>55642</EventRecordID><Correlation/><Execution ProcessID="1792" ThreadID="1792"/><Channel>Linux-Sysmon/Operational</Channel><Computer>bunny-VirtualBox</Computer><Security UserId="0"/></System><EventData><Data Name="RuleName">-</Data><Data Name="UtcTime">2026-06-03 08:05:54.274</Data><Data Name="ProcessGuid">{491e8a99-e062-6a1f-bd46-37b8e95f0000}</Data><Data Name="ProcessId">5750</Data><Data Name="Image">/usr/lib/cargo/bin/coreutils/dirname</Data><Data Name="FileVersion">-</Data><Data Name="Description">-</Data><Data Name="Product">-</Data><Data Name="Company">-</Data><Data Name="OriginalFileName">-</Data><Data Name="CommandLine">dirname /usr/bin/lesspipe</Data><Data Name="CurrentDirectory">/home/bunny</Data><Data Name="User">root</Data><Data Name="LogonGuid">{491e8a99-0000-0000-0000-000002000000}</Data><Data Name="LogonId">0</Data><Data Name="TerminalSessionId">3</Data><Data Name="IntegrityLevel">no level</Data><Data Name="Hashes">MD5=2d313ecc9fc058f6e0758abe00c0f6e8,SHA256=48893b0fb21436b54619db80486e83ef39dfccaf1aefe83dfa00c02d6146e8c0</Data><Data Name="ParentProcessGuid">{00000000-0000-0000-0000-000000000000}</Data><Data Name="ParentProcessId">5749</Data><Data Name="ParentImage">-</Data><Data Name="ParentCommandLine">-</Data><Data Name="ParentUser">-</Data></EventData></Event>
Jun 03 13:35:57 bunny-VirtualBox sysmon[1792]: <Event><System><Provider Name="Linux-Sysmon" Guid="{ff032593-a8d3-4f13-b0d6-01fc615a0f97}"/><EventID>5</EventID><Version>3</Version><Level>4</Level><Task>5</Task><Opcode>0</Opcode><Keywords>0x8000000000000000</Keywords><TimeCreated SystemTime="2026-06-03T08:05:57.278208000Z"/><EventRecordID>55643</EventRecordID><Correlation/><Execution ProcessID="1792" ThreadID="1792"/><Channel>Linux-Sysmon/Operational</Channel><Computer>bunny-VirtualBox</Computer><Security UserId="0"/></System><EventData><Data Name="RuleName">ProcessTerminate</Data><Data Name="UtcTime">2026-06-03 08:05:54.278</Data><Data Name="ProcessGuid">{491e8a99-e062-6a1f-bd46-37b8e95f0000}</Data><Data Name="ProcessId">5750</Data><Data Name="Image">/usr/lib/cargo/bin/coreutils/dirname</Data><Data Name="User">root</Data></EventData></Event>
Jun 03 13:35:57 bunny-VirtualBox sysmon[1792]: <Event><System><Provider Name="Linux-Sysmon" Guid="{ff032593-a8d3-4f13-b0d6-01fc615a0f97}"/><EventID>5</EventID><Version>3</Version><Level>4</Level><Task>5</Task><Opcode>0</Opcode><Keywords>0x8000000000000000</Keywords><TimeCreated SystemTime="2026-06-03T08:05:57.278262000Z"/><EventRecordID>55644</EventRecordID><Correlation/><Execution ProcessID="1792" ThreadID="1792"/><Channel>Linux-Sysmon/Operational</Channel><Computer>bunny-VirtualBox</Computer><Security UserId="0"/></System><EventData><Data Name="RuleName">ProcessTerminate</Data><Data Name="UtcTime">2026-06-03 08:05:54.280</Data><Data Name="ProcessGuid">{491e8a99-e062-6a1f-ad3e-685936640000}</Data><Data Name="ProcessId">5747</Data><Data Name="Image">/usr/bin/dash</Data><Data Name="User">-</Data></EventData></Event>
Jun 03 13:35:57 bunny-VirtualBox sysmon[1792]: <Event><System><Provider Name="Linux-Sysmon" Guid="{ff032593-a8d3-4f13-b0d6-01fc615a0f97}"/><EventID>1</EventID><Version>5</Version><Level>4</Level><Task>1</Task><Opcode>0</Opcode><Keywords>0x8000000000000000</Keywords><TimeCreated SystemTime="2026-06-03T08:05:57.300297000Z"/><EventRecordID>55645</EventRecordID><Correlation/><Execution ProcessID="1792" ThreadID="1792"/><Channel>Linux-Sysmon/Operational</Channel><Computer>bunny-VirtualBox</Computer><Security UserId="0"/></System><EventData><Data Name="RuleName">-</Data><Data Name="UtcTime">2026-06-03 08:05:54.289</Data><Data Name="ProcessGuid">{491e8a99-e062-6a1f-bde6-82e155560000}</Data><Data Name="ProcessId">5751</Data><Data Name="Image">/usr/lib/cargo/bin/coreutils/dircolors</Data><Data Name="FileVersion">-</Data><Data Name="Description">-</Data><Data Name="Product">-</Data><Data Name="Company">-</Data><Data Name="OriginalFileName">-</Data><Data Name="CommandLine">dircolors -b</Data><Data Name="CurrentDirectory">/home/bunny</Data><Data Name="User">root</Data><Data Name="LogonGuid">{491e8a99-0000-0000-0000-000002000000}</Data><Data Name="LogonId">0</Data><Data Name="TerminalSessionId">3</Data><Data Name="IntegrityLevel">no level</Data><Data Name="Hashes">MD5=2d313ecc9fc058f6e0758abe00c0f6e8,SHA256=48893b0fb21436b54619db80486e83ef39dfccaf1aefe83dfa00c02d6146e8c0</Data><Data Name="ParentProcessGuid">{491e8a99-e062-6a1f-a1d9-d2c3ac600000}</Data><Data Name="ParentProcessId">5746</Data><Data Name="ParentImage">/usr/bin/bash</Data><Data Name="ParentCommandLine">/bin/bash</Data><Data Name="ParentUser">root</Data></EventData></Event>
Jun 03 13:35:57 bunny-VirtualBox sysmon[1792]: <Event><System><Provider Name="Linux-Sysmon" Guid="{ff032593-a8d3-4f13-b0d6-01fc615a0f97}"/><EventID>5</EventID><Version>3</Version><Level>4</Level><Task>5</Task><Opcode>0</Opcode><Keywords>0x8000000000000000</Keywords><TimeCreated SystemTime="2026-06-03T08:05:57.300517000Z"/><EventRecordID>55646</EventRecordID><Correlation/><Execution ProcessID="1792" ThreadID="1792"/><Channel>Linux-Sysmon/Operational</Channel><Computer>bunny-VirtualBox</Computer><Security UserId="0"/></System><EventData><Data Name="RuleName">ProcessTerminate</Data><Data Name="UtcTime">2026-06-03 08:05:54.293</Data><Data Name="ProcessGuid">{491e8a99-e062-6a1f-bde6-82e155560000}</Data><Data Name="ProcessId">5751</Data><Data Name="Image">/usr/lib/cargo/bin/coreutils/dircolors</Data><Data Name="User">root</Data></EventData></Event>
Jun 03 13:36:04 bunny-VirtualBox sysmon[1792]: <Event><System><Provider Name="Linux-Sysmon" Guid="{ff032593-a8d3-4f13-b0d6-01fc615a0f97}"/><EventID>1</EventID><Version>5</Version><Level>4</Level><Task>1</Task><Opcode>0</Opcode><Keywords>0x8000000000000000</Keywords><TimeCreated SystemTime="2026-06-03T08:06:04.411714000Z"/><EventRecordID>55647</EventRecordID><Correlation/><Execution ProcessID="1792" ThreadID="1792"/><Channel>Linux-Sysmon/Operational</Channel><Computer>bunny-VirtualBox</Computer><Security UserId="0"/></System><EventData><Data Name="RuleName">-</Data><Data Name="UtcTime">2026-06-03 08:06:01.426</Data><Data Name="ProcessGuid">{491e8a99-e069-6a1f-bde6-e819105c0000}</Data><Data Name="ProcessId">5752</Data><Data Name="Image">/usr/lib/cargo/bin/coreutils/whoami</Data><Data Name="FileVersion">-</Data><Data Name="Description">-</Data><Data Name="Product">-</Data><Data Name="Company">-</Data><Data Name="OriginalFileName">-</Data><Data Name="CommandLine">whoami</Data><Data Name="CurrentDirectory">/home/bunny</Data><Data Name="User">root</Data><Data Name="LogonGuid">{491e8a99-0000-0000-0000-000002000000}</Data><Data Name="LogonId">0</Data><Data Name="TerminalSessionId">3</Data><Data Name="IntegrityLevel">no level</Data><Data Name="Hashes">MD5=2d313ecc9fc058f6e0758abe00c0f6e8,SHA256=48893b0fb21436b54619db80486e83ef39dfccaf1aefe83dfa00c02d6146e8c0</Data><Data Name="ParentProcessGuid">{491e8a99-e062-6a1f-a1d9-d2c3ac600000}</Data><Data Name="ParentProcessId">5746</Data><Data Name="ParentImage">/usr/bin/bash</Data><Data Name="ParentCommandLine">/bin/bash</Data><Data Name="ParentUser">root</Data></EventData></Event>
Jun 03 13:36:04 bunny-VirtualBox sysmon[1792]: <Event><System><Provider Name="Linux-Sysmon" Guid="{ff032593-a8d3-4f13-b0d6-01fc615a0f97}"/><EventID>5</EventID><Version>3</Version><Level>4</Level><Task>5</Task><Opcode>0</Opcode><Keywords>0x8000000000000000</Keywords><TimeCreated SystemTime="2026-06-03T08:06:04.411898000Z"/><EventRecordID>55648</EventRecordID><Correlation/><Execution ProcessID="1792" ThreadID="1792"/><Channel>Linux-Sysmon/Operational</Channel><Computer>bunny-VirtualBox</Computer><Security UserId="0"/></System><EventData><Data Name="RuleName">ProcessTerminate</Data><Data Name="UtcTime">2026-06-03 08:06:01.441</Data><Data Name="ProcessGuid">{491e8a99-e069-6a1f-bde6-e819105c0000}</Data><Data Name="ProcessId">5752</Data><Data Name="Image">/usr/lib/cargo/bin/coreutils/whoami</Data><Data Name="User">root</Data></EventData></Event>
Jun 03 13:36:05 bunny-VirtualBox sysmon[1792]: <Event><System><Provider Name="Linux-Sysmon" Guid="{ff032593-a8d3-4f13-b0d6-01fc615a0f97}"/><EventID>5</EventID><Version>3</Version><Level>4</Level><Task>5</Task><Opcode>0</Opcode><Keywords>0x8000000000000000</Keywords><TimeCreated SystemTime="2026-06-03T08:06:05.259845000Z"/><EventRecordID>55649</EventRecordID><Correlation/><Execution ProcessID="1792" ThreadID="1792"/><Channel>Linux-Sysmon/Operational</Channel><Computer>bunny-VirtualBox</Computer><Security UserId="0"/></System><EventData><Data Name="RuleName">ProcessTerminate</Data><Data Name="UtcTime">2026-06-03 08:06:02.309</Data><Data Name="ProcessGuid">{491e8a99-e060-6a1f-c14d-6ae10f560000}</Data><Data Name="ProcessId">5730</Data><Data Name="Image">/usr/libexec/localsearch-extractor-3</Data><Data Name="User">bunny</Data></EventData></Event>
Jun 03 13:36:05 bunny-VirtualBox sysmon[1792]: <Event><System><Provider Name="Linux-Sysmon" Guid="{ff032593-a8d3-4f13-b0d6-01fc615a0f97}"/><EventID>5</EventID><Version>3</Version><Level>4</Level><Task>5</Task><Opcode>0</Opcode><Keywords>0x8000000000000000</Keywords><TimeCreated SystemTime="2026-06-03T08:06:05.262331000Z"/><EventRecordID>55650</EventRecordID><Correlation/><Execution ProcessID="1792" ThreadID="1792"/><Channel>Linux-Sysmon/Operational</Channel><Computer>bunny-VirtualBox</Computer><Security UserId="0"/></System><EventData><Data Name="RuleName">ProcessTerminate</Data><Data Name="UtcTime">2026-06-03 08:06:02.312</Data><Data Name="ProcessGuid">{491e8a99-e060-6a1f-c14d-6ae10f560000}</Data><Data Name="ProcessId">5730</Data><Data Name="Image">/usr/libexec/localsearch-extractor-3</Data><Data Name="User">bunny</Data></EventData></Event>
Jun 03 13:36:05 bunny-VirtualBox sysmon[1792]: <Event><System><Provider Name="Linux-Sysmon" Guid="{ff032593-a8d3-4f13-b0d6-01fc615a0f97}"/><EventID>5</EventID><Version>3</Version><Level>4</Level><Task>5</Task><Opcode>0</Opcode><Keywords>0x8000000000000000</Keywords><TimeCreated SystemTime="2026-06-03T08:06:05.262873000Z"/><EventRecordID>55651</EventRecordID><Correlation/><Execution ProcessID="1792" ThreadID="1792"/><Channel>Linux-Sysmon/Operational</Channel><Computer>bunny-VirtualBox</Computer><Security UserId="0"/></System><EventData><Data Name="RuleName">ProcessTerminate</Data><Data Name="UtcTime">2026-06-03 08:06:02.313</Data><Data Name="ProcessGuid">{491e8a99-e060-6a1f-c14d-6ae10f560000}</Data><Data Name="ProcessId">5730</Data><Data Name="Image">/usr/libexec/localsearch-extractor-3</Data><Data Name="User">bunny</Data></EventData></Event>
Jun 03 13:36:05 bunny-VirtualBox sysmon[1792]: <Event><System><Provider Name="Linux-Sysmon" Guid="{ff032593-a8d3-4f13-b0d6-01fc615a0f97}"/><EventID>5</EventID><Version>3</Version><Level>4</Level><Task>5</Task><Opcode>0</Opcode><Keywords>0x8000000000000000</Keywords><TimeCreated SystemTime="2026-06-03T08:06:05.263153000Z"/><EventRecordID>55652</EventRecordID><Correlation/><Execution ProcessID="1792" ThreadID="1792"/><Channel>Linux-Sysmon/Operational</Channel><Computer>bunny-VirtualBox</Computer><Security UserId="0"/></System><EventData><Data Name="RuleName">ProcessTerminate</Data><Data Name="UtcTime">2026-06-03 08:06:02.313</Data><Data Name="ProcessGuid">{491e8a99-e060-6a1f-c14d-6ae10f560000}</Data><Data Name="ProcessId">5730</Data><Data Name="Image">/usr/libexec/localsearch-extractor-3</Data><Data Name="User">bunny</Data></EventData></Event>
Jun 03 13:36:05 bunny-VirtualBox sysmon[1792]: <Event><System><Provider Name="Linux-Sysmon" Guid="{ff032593-a8d3-4f13-b0d6-01fc615a0f97}"/><EventID>5</EventID><Version>3</Version><Level>4</Level><Task>5</Task><Opcode>0</Opcode><Keywords>0x8000000000000000</Keywords><TimeCreated SystemTime="2026-06-03T08:06:05.263609000Z"/><EventRecordID>55653</EventRecordID><Correlation/><Execution ProcessID="1792" ThreadID="1792"/><Channel>Linux-Sysmon/Operational</Channel><Computer>bunny-VirtualBox</Computer><Security UserId="0"/></System><EventData><Data Name="RuleName">ProcessTerminate</Data><Data Name="UtcTime">2026-06-03 08:06:02.313</Data><Data Name="ProcessGuid">{491e8a99-e060-6a1f-c14d-6ae10f560000}</Data><Data Name="ProcessId">5730</Data><Data Name="Image">/usr/libexec/localsearch-extractor-3</Data><Data Name="User">bunny</Data></EventData></Event>
Jun 03 13:36:05 bunny-VirtualBox sysmon[1792]: <Event><System><Provider Name="Linux-Sysmon" Guid="{ff032593-a8d3-4f13-b0d6-01fc615a0f97}"/><EventID>5</EventID><Version>3</Version><Level>4</Level><Task>5</Task><Opcode>0</Opcode><Keywords>0x8000000000000000</Keywords><TimeCreated SystemTime="2026-06-03T08:06:05.264694000Z"/><EventRecordID>55654</EventRecordID><Correlation/><Execution ProcessID="1792" ThreadID="1792"/><Channel>Linux-Sysmon/Operational</Channel><Computer>bunny-VirtualBox</Computer><Security UserId="0"/></System><EventData><Data Name="RuleName">ProcessTerminate</Data><Data Name="UtcTime">2026-06-03 08:06:02.314</Data><Data Name="ProcessGuid">{491e8a99-e060-6a1f-c14d-6ae10f560000}</Data><Data Name="ProcessId">5730</Data><Data Name="Image">/usr/libexec/localsearch-extractor-3</Data><Data Name="User">bunny</Data></EventData></Event>
Jun 03 13:36:09 bunny-VirtualBox sysmon[1792]: <Event><System><Provider Name="Linux-Sysmon" Guid="{ff032593-a8d3-4f13-b0d6-01fc615a0f97}"/><EventID>1</EventID><Version>5</Version><Level>4</Level><Task>1</Task><Opcode>0</Opcode><Keywords>0x8000000000000000</Keywords><TimeCreated SystemTime="2026-06-03T08:06:09.578004000Z"/><EventRecordID>55655</EventRecordID><Correlation/><Execution ProcessID="1792" ThreadID="1792"/><Channel>Linux-Sysmon/Operational</Channel><Computer>bunny-VirtualBox</Computer><Security UserId="0"/></System><EventData><Data Name="RuleName">-</Data><Data Name="UtcTime">2026-06-03 08:06:06.592</Data><Data Name="ProcessGuid">{491e8a99-e06e-6a1f-bdc6-70f429630000}</Data><Data Name="ProcessId">5753</Data><Data Name="Image">/usr/lib/cargo/bin/coreutils/id</Data><Data Name="FileVersion">-</Data><Data Name="Description">-</Data><Data Name="Product">-</Data><Data Name="Company">-</Data><Data Name="OriginalFileName">-</Data><Data Name="CommandLine">id</Data><Data Name="CurrentDirectory">/home/bunny</Data><Data Name="User">root</Data><Data Name="LogonGuid">{491e8a99-0000-0000-0000-000002000000}</Data><Data Name="LogonId">0</Data><Data Name="TerminalSessionId">3</Data><Data Name="IntegrityLevel">no level</Data><Data Name="Hashes">MD5=2d313ecc9fc058f6e0758abe00c0f6e8,SHA256=48893b0fb21436b54619db80486e83ef39dfccaf1aefe83dfa00c02d6146e8c0</Data><Data Name="ParentProcessGuid">{491e8a99-e062-6a1f-a1d9-d2c3ac600000}</Data><Data Name="ParentProcessId">5746</Data><Data Name="ParentImage">/usr/bin/bash</Data><Data Name="ParentCommandLine">/bin/bash</Data><Data Name="ParentUser">root</Data></EventData></Event>
Jun 03 13:36:09 bunny-VirtualBox sysmon[1792]: <Event><System><Provider Name="Linux-Sysmon" Guid="{ff032593-a8d3-4f13-b0d6-01fc615a0f97}"/><EventID>5</EventID><Version>3</Version><Level>4</Level><Task>5</Task><Opcode>0</Opcode><Keywords>0x8000000000000000</Keywords><TimeCreated SystemTime="2026-06-03T08:06:09.578120000Z"/><EventRecordID>55656</EventRecordID><Correlation/><Execution ProcessID="1792" ThreadID="1792"/><Channel>Linux-Sysmon/Operational</Channel><Computer>bunny-VirtualBox</Computer><Security UserId="0"/></System><EventData><Data Name="RuleName">ProcessTerminate</Data><Data Name="UtcTime">2026-06-03 08:06:06.606</Data><Data Name="ProcessGuid">{491e8a99-e06e-6a1f-bdc6-70f429630000}</Data><Data Name="ProcessId">5753</Data><Data Name="Image">/usr/lib/cargo/bin/coreutils/id</Data><Data Name="User">root</Data></EventData></Event>
Jun 03 13:36:15 bunny-VirtualBox sysmon[1792]: <Event><System><Provider Name="Linux-Sysmon" Guid="{ff032593-a8d3-4f13-b0d6-01fc615a0f97}"/><EventID>1</EventID><Version>5</Version><Level>4</Level><Task>1</Task><Opcode>0</Opcode><Keywords>0x8000000000000000</Keywords><TimeCreated SystemTime="2026-06-03T08:06:15.388287000Z"/><EventRecordID>55657</EventRecordID><Correlation/><Execution ProcessID="1792" ThreadID="1792"/><Channel>Linux-Sysmon/Operational</Channel><Computer>bunny-VirtualBox</Computer><Security UserId="0"/></System><EventData><Data Name="RuleName">-</Data><Data Name="UtcTime">2026-06-03 08:06:12.435</Data><Data Name="ProcessGuid">{491e8a99-e074-6a1f-2d41-d51ce45d0000}</Data><Data Name="ProcessId">5754</Data><Data Name="Image">/usr/bin/hostname</Data><Data Name="FileVersion">-</Data><Data Name="Description">-</Data><Data Name="Product">-</Data><Data Name="Company">-</Data><Data Name="OriginalFileName">-</Data><Data Name="CommandLine">hostname</Data><Data Name="CurrentDirectory">/home/bunny</Data><Data Name="User">root</Data><Data Name="LogonGuid">{491e8a99-0000-0000-0000-000002000000}</Data><Data Name="LogonId">0</Data><Data Name="TerminalSessionId">3</Data><Data Name="IntegrityLevel">no level</Data><Data Name="Hashes">MD5=0142bf0082c648658943bf67b3cc0d0b,SHA256=4af127f59ae45b225999dfd9b319c8d90282304478df0aea631d20729b0dccea</Data><Data Name="ParentProcessGuid">{491e8a99-e062-6a1f-a1d9-d2c3ac600000}</Data><Data Name="ParentProcessId">5746</Data><Data Name="ParentImage">/usr/bin/bash</Data><Data Name="ParentCommandLine">/bin/bash</Data><Data Name="ParentUser">root</Data></EventData></Event>
Jun 03 13:36:15 bunny-VirtualBox sysmon[1792]: <Event><System><Provider Name="Linux-Sysmon" Guid="{ff032593-a8d3-4f13-b0d6-01fc615a0f97}"/><EventID>5</EventID><Version>3</Version><Level>4</Level><Task>5</Task><Opcode>0</Opcode><Keywords>0x8000000000000000</Keywords><TimeCreated SystemTime="2026-06-03T08:06:15.391926000Z"/><EventRecordID>55658</EventRecordID><Correlation/><Execution ProcessID="1792" ThreadID="1792"/><Channel>Linux-Sysmon/Operational</Channel><Computer>bunny-VirtualBox</Computer><Security UserId="0"/></System><EventData><Data Name="RuleName">ProcessTerminate</Data><Data Name="UtcTime">2026-06-03 08:06:12.441</Data><Data Name="ProcessGuid">{491e8a99-e074-6a1f-2d41-d51ce45d0000}</Data><Data Name="ProcessId">5754</Data><Data Name="Image">/usr/bin/hostname</Data><Data Name="User">root</Data></EventData></Event>
